<?xml version="1.0" encoding="UTF-8"?>
<!-- Generated by org.testng.reporters.JUnitXMLReporter -->
<testsuite ignored="62" hostname="WKWZTPqvmdckJHX" failures="40" tests="504" name="Voltarengel Automation Test" time="7078.421" errors="0" timestamp="2023-04-23T23:50:49 IST">
  <testcase classname="com.qa.voltarengel.test.VoltarengelManagingArthritisTest" name="cookieButton" time="81.392"/>
  <testcase classname="com.qa.voltarengel.test.VoltarengelManagingArthritisTest" name="verifyGetCoupon" time="1.71"/>
  <testcase classname="com.qa.voltarengel.test.VoltarengelManagingArthritisTest" name="verifyHowOTCArthritisCreamWork" time="6.082"/>
  <testcase classname="com.qa.voltarengel.test.VoltarengelManagingArthritisTest" name="verifyHowtoPreventArthritis" time="0.863"/>
  <testcase classname="com.qa.voltarengel.test.VoltarengelManagingArthritisTest" name="verifyKneeBracesforOsteoarthritis" time="5.224"/>
  <testcase classname="com.qa.voltarengel.test.VoltarengelManagingArthritisTest" name="verifyLivingIndependentlywithArthritis" time="4.359"/>
  <testcase classname="com.qa.voltarengel.test.VoltarengelManagingArthritisTest" name="verifyManagingArthritisWithYourFamily" time="0.905"/>
  <testcase classname="com.qa.voltarengel.test.VoltarengelManagingArthritisTest" name="verifyManagingArthritisatHome" time="4.722"/>
  <testcase classname="com.qa.voltarengel.test.VoltarengelManagingArthritisTest" name="verifyManagingArthritisatWork" time="4.826"/>
  <testcase classname="com.qa.voltarengel.test.VoltarengelManagingArthritisTest" name="verifyOTCArthritisMedication" time="0.922"/>
  <testcase classname="com.qa.voltarengel.test.VoltarengelManagingArthritisTest" name="verifyOvertheCounterDiclofenacGel" time="0.879"/>
  <testcase classname="com.qa.voltarengel.test.VoltarengelManagingArthritisTest" name="verifySignMeUpBtn" time="0.832"/>
  <testcase classname="com.qa.voltarengel.test.VoltarengelManagingArthritisTest" name="verifyTylenolAlternative" time="6.221"/>
  <testcase classname="com.qa.voltarengel.test.VoltarengelManagingArthritisTest" name="verifyWhatIsLidocainAndHowDoesItWork" time="0.927"/>
  <testcase classname="com.qa.voltarengel.test.VoltarengelManagingArthritisTest" name="verifyWhatsFoodtoAvoidWhenYouHaveArthritis" time="0.839"/>
  <testcase classname="com.qa.voltarengel.test.VoltarengelManagingArthritisTest" name="verifyBuyNow" time="20.155">
    <skipped/>
  </testcase> <!-- verifyBuyNow -->
  <testcase classname="com.qa.voltarengel.test.VoltarengelManagingArthritisTest" name="verifyBuyNow" time="20.276">
    <skipped/>
  </testcase> <!-- verifyBuyNow -->
  <testcase classname="com.qa.voltarengel.test.VoltarengelManagingArthritisTest" name="verifyBuyNow" time="20.268">
    <failure type="java.lang.Exception" message="Buy Now Button is not Presented in the page">
      <![CDATA[java.lang.Exception: Buy Now Button is not Presented in the page
at com.qa.voltarengel.pages.VoltarengelManagingArthritis.clickBuyNow(VoltarengelManagingArthritis.java:95)
at com.qa.voltarengel.test.VoltarengelManagingArthritisTest.verifyBuyNow(VoltarengelManagingArthritisTest.java:197)
at java.base/java.util.ArrayList.forEach(ArrayList.java:1511)
... Removed 25 stack frames]]>
    </failure>
  </testcase> <!-- verifyBuyNow -->
  <testcase classname="com.qa.voltarengel.test.VoltarengelStressTest" name="cookieButton" time="2.088"/>
  <testcase classname="com.qa.voltarengel.test.VoltarengelStressTest" name="verifyBreadcrumbOne" time="6.655"/>
  <testcase classname="com.qa.voltarengel.test.VoltarengelStressTest" name="verifyBreadcrumbTwo" time="5.813"/>
  <testcase classname="com.qa.voltarengel.test.VoltarengelStressTest" name="verifyBreadcrumbThree" time="4.421"/>
  <testcase classname="com.qa.voltarengel.test.VoltarengelStressTest" name="verifyHyperLinkArthritis" time="5.864">
    <skipped/>
  </testcase> <!-- verifyHyperLinkArthritis -->
  <testcase classname="com.qa.voltarengel.test.VoltarengelStressTest" name="verifyHyperLinkArthritis" time="5.33">
    <skipped/>
  </testcase> <!-- verifyHyperLinkArthritis -->
  <testcase classname="com.qa.voltarengel.test.VoltarengelStressTest" name="verifyHyperLinkArthritis" time="5.035">
    <failure type="java.lang.AssertionError" message="expected [what-is-arthritis/symptoms/] but found [https://www.voltarengel.com/what-is-arthritis/symptoms/]">
      <![CDATA[java.lang.AssertionError: expected [what-is-arthritis/symptoms/] but found [https://www.voltarengel.com/what-is-arthritis/symptoms/]
at com.qa.baseClass.BaseClass.compareTwoText(BaseClass.java:812)
at com.qa.voltarengel.test.VoltarengelStressTest.verifyHyperLinkArthritis(VoltarengelStressTest.java:88)
at java.base/java.util.ArrayList.forEach(ArrayList.java:1511)
... Removed 31 stack frames]]>
    </failure>
  </testcase> <!-- verifyHyperLinkArthritis -->
  <testcase classname="com.qa.voltarengel.test.VoltarengelStressTest" name="verifyHyperLinkArthritisFoundation" time="8.191"/>
  <testcase classname="com.qa.voltarengel.test.VoltarengelStressTest" name="verifyHyperLinkCertainChemical" time="6.825"/>
  <testcase classname="com.qa.voltarengel.test.VoltarengelStressTest" name="verifyHyperLinkExercising" time="4.013"/>
  <testcase classname="com.qa.voltarengel.test.VoltarengelStressTest" name="verifyHyperLinkControlYourPain" time="9.036"/>
  <testcase classname="com.qa.voltarengel.test.VoltarengelStressTest" name="verifyHyperLinkVoltaren" time="9.858"/>
  <testcase classname="com.qa.voltarengel.test.VoltarengelStressTest" name="verifyShowReference" time="0.962"/>
  <testcase classname="com.qa.voltarengel.test.VoltarengelStressTest" name="verifyRelatedArticleReadMoreOne" time="5.472"/>
  <testcase classname="com.qa.voltarengel.test.VoltarengelStressTest" name="verifyRelatedArticleReadMoreTwo" time="4.167"/>
  <testcase classname="com.qa.voltarengel.test.VoltarengelStressTest" name="verifyGetCoupons" time="4.778"/>
  <testcase classname="com.qa.voltarengel.test.VoltarengelStressTest" name="verifyBuyNow" time="2.029"/>
  <testcase classname="com.qa.voltarengel.test.VoltarengelExercisesTest" name="cookieButton" time="81.313"/>
  <testcase classname="com.qa.voltarengel.test.VoltarengelExercisesTest" name="verifyArthritisHurtsatNight" time="5.536"/>
  <testcase classname="com.qa.voltarengel.test.VoltarengelExercisesTest" name="verifyElbowExercisesforArthritis" time="5.682"/>
  <testcase classname="com.qa.voltarengel.test.VoltarengelExercisesTest" name="verifyExecisesForArthritis" time="5.746"/>
  <testcase classname="com.qa.voltarengel.test.VoltarengelExercisesTest" name="verifyGetCoupon" time="0.913"/>
  <testcase classname="com.qa.voltarengel.test.VoltarengelExercisesTest" name="verifyHandExerciseforArthritis" time="0.794"/>
  <testcase classname="com.qa.voltarengel.test.VoltarengelExercisesTest" name="verifyHowToRelieveKneePain" time="1.058"/>
  <testcase classname="com.qa.voltarengel.test.VoltarengelExercisesTest" name="verifyHowtoGetFitatHome" time="0.924"/>
  <testcase classname="com.qa.voltarengel.test.VoltarengelExercisesTest" name="verifyKneeExerciseforArthritis" time="0.854"/>
  <testcase classname="com.qa.voltarengel.test.VoltarengelExercisesTest" name="verifySignMeUp" time="0.844"/>
  <testcase classname="com.qa.voltarengel.test.VoltarengelExercisesTest" name="verifyStandingStretchesToRelieve" time="5.334"/>
  <testcase classname="com.qa.voltarengel.test.VoltarengelExercisesTest" name="verifyWristExerciseForArthritis" time="8.408"/>
  <testcase classname="com.qa.voltarengel.test.VoltarengelExercisesTest" name="verifyBuyNow" time="20.251">
    <skipped/>
  </testcase> <!-- verifyBuyNow -->
  <testcase classname="com.qa.voltarengel.test.VoltarengelExercisesTest" name="verifyBuyNow" time="20.224">
    <skipped/>
  </testcase> <!-- verifyBuyNow -->
  <testcase classname="com.qa.voltarengel.test.VoltarengelExercisesTest" name="verifyBuyNow" time="20.106">
    <failure type="java.lang.Exception" message="Buy Now Button is not Presented in the page">
      <![CDATA[java.lang.Exception: Buy Now Button is not Presented in the page
at com.qa.voltarengel.pages.VoltarengelExercises.clickBuyNow(VoltarengelExercises.java:89)
at com.qa.voltarengel.test.VoltarengelExercisesTest.verifyBuyNow(VoltarengelExercisesTest.java:165)
at java.base/java.util.ArrayList.forEach(ArrayList.java:1511)
... Removed 25 stack frames]]>
    </failure>
  </testcase> <!-- verifyBuyNow -->
  <testcase classname="com.qa.voltarengel.test.VoltarengelIsArthritisHereditaryTest" name="cookieButton" time="1.786"/>
  <testcase classname="com.qa.voltarengel.test.VoltarengelIsArthritisHereditaryTest" name="verifyBreadcrumbOne" time="5.585"/>
  <testcase classname="com.qa.voltarengel.test.VoltarengelIsArthritisHereditaryTest" name="verifyBreadcrumbTwo" time="4.664"/>
  <testcase classname="com.qa.voltarengel.test.VoltarengelIsArthritisHereditaryTest" name="verifyBreadcrumbThree" time="3.814"/>
  <testcase classname="com.qa.voltarengel.test.VoltarengelIsArthritisHereditaryTest" name="verifyHyperLinkRelieveThePainOfArthritis" time="5.939">
    <skipped/>
  </testcase> <!-- verifyHyperLinkRelieveThePainOfArthritis -->
  <testcase classname="com.qa.voltarengel.test.VoltarengelIsArthritisHereditaryTest" name="verifyHyperLinkRelieveThePainOfArthritis" time="4.663">
    <skipped/>
  </testcase> <!-- verifyHyperLinkRelieveThePainOfArthritis -->
  <testcase classname="com.qa.voltarengel.test.VoltarengelIsArthritisHereditaryTest" name="verifyHyperLinkRelieveThePainOfArthritis" time="4.134">
    <failure type="java.lang.AssertionError" message="expected [living-with-arthritis/how-to-relieve-arthritis-pain/] but found [https://www.voltarengel.com/living-with-arthritis/how-to-relieve-arthritis-pain/]">
      <![CDATA[java.lang.AssertionError: expected [living-with-arthritis/how-to-relieve-arthritis-pain/] but found [https://www.voltarengel.com/living-with-arthritis/how-to-relieve-arthritis-pain/]
at com.qa.baseClass.BaseClass.compareTwoText(BaseClass.java:812)
at com.qa.voltarengel.test.VoltarengelIsArthritisHereditaryTest.verifyHyperLinkRelieveThePainOfArthritis(VoltarengelIsArthritisHereditaryTest.java:87)
at java.base/java.util.ArrayList.forEach(ArrayList.java:1511)
... Removed 31 stack frames]]>
    </failure>
  </testcase> <!-- verifyHyperLinkRelieveThePainOfArthritis -->
  <testcase classname="com.qa.voltarengel.test.VoltarengelIsArthritisHereditaryTest" name="verifyHyperLinkVoltarenArthritisPain" time="10.282"/>
  <testcase classname="com.qa.voltarengel.test.VoltarengelIsArthritisHereditaryTest" name="verifyHyperLinkHomeRemediesForArthritis" time="4.271"/>
  <testcase classname="com.qa.voltarengel.test.VoltarengelIsArthritisHereditaryTest" name="verifyShowReference" time="1.063"/>
  <testcase classname="com.qa.voltarengel.test.VoltarengelIsArthritisHereditaryTest" name="verifyRelatedArticleReadMoreOne" time="3.974"/>
  <testcase classname="com.qa.voltarengel.test.VoltarengelIsArthritisHereditaryTest" name="verifyRelatedArticleReadMoreTwo" time="4.169"/>
  <testcase classname="com.qa.voltarengel.test.VoltarengelIsArthritisHereditaryTest" name="verifyGetCoupons" time="4.764"/>
  <testcase classname="com.qa.voltarengel.test.VoltarengelIsArthritisHereditaryTest" name="verifyBuyNow" time="2.181"/>
  <testcase classname="com.qa.voltarengel.test.VoltarengelJointPainMedicineTest" name="cookieButton" time="1.933"/>
  <testcase classname="com.qa.voltarengel.test.VoltarengelJointPainMedicineTest" name="verifyBreadcrumbOne" time="6.438"/>
  <testcase classname="com.qa.voltarengel.test.VoltarengelJointPainMedicineTest" name="verifyBreadcrumbTwo" time="6.24"/>
  <testcase classname="com.qa.voltarengel.test.VoltarengelJointPainMedicineTest" name="verifyBreadcrumbThree" time="20.109">
    <skipped/>
  </testcase> <!-- verifyBreadcrumbThree -->
  <testcase classname="com.qa.voltarengel.test.VoltarengelJointPainMedicineTest" name="verifyBreadcrumbThree" time="20.191">
    <skipped/>
  </testcase> <!-- verifyBreadcrumbThree -->
  <testcase classname="com.qa.voltarengel.test.VoltarengelJointPainMedicineTest" name="verifyBreadcrumbThree" time="20.109">
    <failure type="java.lang.Exception" message="Breadcrumb Three is not presented in the page">
      <![CDATA[java.lang.Exception: Breadcrumb Three is not presented in the page
at com.qa.voltarengel.pages.VoltarengelJointPainMedicinePage.clickBreadcrumbThree(VoltarengelJointPainMedicinePage.java:165)
at com.qa.voltarengel.test.VoltarengelJointPainMedicineTest.verifyBreadcrumbThree(VoltarengelJointPainMedicineTest.java:70)
at java.base/java.util.ArrayList.forEach(ArrayList.java:1511)
... Removed 25 stack frames]]>
    </failure>
  </testcase> <!-- verifyBreadcrumbThree -->
  <testcase classname="com.qa.voltarengel.test.VoltarengelJointPainMedicineTest" name="verifyHyperLinkVoltarenArthritisPainGel" time="7.839"/>
  <testcase classname="com.qa.voltarengel.test.VoltarengelJointPainMedicineTest" name="verifyHyperLinkAdvil" time="20.111">
    <skipped/>
  </testcase> <!-- verifyHyperLinkAdvil -->
  <testcase classname="com.qa.voltarengel.test.VoltarengelJointPainMedicineTest" name="verifyHyperLinkAdvil" time="20.087">
    <skipped/>
  </testcase> <!-- verifyHyperLinkAdvil -->
  <testcase classname="com.qa.voltarengel.test.VoltarengelJointPainMedicineTest" name="verifyHyperLinkAdvil" time="20.178">
    <failure type="java.lang.Exception" message="Hyper Link Advil is not preseneted in the page">
      <![CDATA[java.lang.Exception: Hyper Link Advil is not preseneted in the page
at com.qa.voltarengel.pages.VoltarengelJointPainMedicinePage.clickHyperLinkAdvil(VoltarengelJointPainMedicinePage.java:192)
at com.qa.voltarengel.test.VoltarengelJointPainMedicineTest.verifyHyperLinkAdvil(VoltarengelJointPainMedicineTest.java:95)
at java.base/java.util.ArrayList.forEach(ArrayList.java:1511)
... Removed 25 stack frames]]>
    </failure>
  </testcase> <!-- verifyHyperLinkAdvil -->
  <testcase classname="com.qa.voltarengel.test.VoltarengelJointPainMedicineTest" name="verifyHyperLinkAboutPain" time="3.683"/>
  <testcase classname="com.qa.voltarengel.test.VoltarengelJointPainMedicineTest" name="verifyHyperLinkManagingYourArthritisSymptoms" time="6.076"/>
  <testcase classname="com.qa.voltarengel.test.VoltarengelJointPainMedicineTest" name="verifyShowReference" time="0.828"/>
  <testcase classname="com.qa.voltarengel.test.VoltarengelJointPainMedicineTest" name="verifyRelatedArticleReadMoreOne" time="5.583">
    <skipped/>
  </testcase> <!-- verifyRelatedArticleReadMoreOne -->
  <testcase classname="com.qa.voltarengel.test.VoltarengelJointPainMedicineTest" name="verifyRelatedArticleReadMoreOne" time="5.465">
    <skipped/>
  </testcase> <!-- verifyRelatedArticleReadMoreOne -->
  <testcase classname="com.qa.voltarengel.test.VoltarengelJointPainMedicineTest" name="verifyRelatedArticleReadMoreOne" time="3.887">
    <failure type="java.lang.AssertionError" message="expected [living-with-arthritis/natural-remedies/] but found [https://www.voltarengel.com/living-with-arthritis/natural-remedies/]">
      <![CDATA[java.lang.AssertionError: expected [living-with-arthritis/natural-remedies/] but found [https://www.voltarengel.com/living-with-arthritis/natural-remedies/]
at com.qa.baseClass.BaseClass.compareTwoText(BaseClass.java:812)
at com.qa.voltarengel.test.VoltarengelJointPainMedicineTest.verifyRelatedArticleReadMoreOne(VoltarengelJointPainMedicineTest.java:146)
at java.base/java.util.ArrayList.forEach(ArrayList.java:1511)
... Removed 31 stack frames]]>
    </failure>
  </testcase> <!-- verifyRelatedArticleReadMoreOne -->
  <testcase classname="com.qa.voltarengel.test.VoltarengelJointPainMedicineTest" name="verifyRelatedArticleReadMoreTwo" time="4.249">
    <skipped/>
  </testcase> <!-- verifyRelatedArticleReadMoreTwo -->
  <testcase classname="com.qa.voltarengel.test.VoltarengelJointPainMedicineTest" name="verifyRelatedArticleReadMoreTwo" time="5.599">
    <skipped/>
  </testcase> <!-- verifyRelatedArticleReadMoreTwo -->
  <testcase classname="com.qa.voltarengel.test.VoltarengelJointPainMedicineTest" name="verifyRelatedArticleReadMoreTwo" time="6.979">
    <failure type="java.lang.AssertionError" message="expected [what-is-arthritis/symptoms/] but found [https://www.voltarengel.com/what-is-arthritis/symptoms/]">
      <![CDATA[java.lang.AssertionError: expected [what-is-arthritis/symptoms/] but found [https://www.voltarengel.com/what-is-arthritis/symptoms/]
at com.qa.baseClass.BaseClass.compareTwoText(BaseClass.java:812)
at com.qa.voltarengel.test.VoltarengelJointPainMedicineTest.verifyRelatedArticleReadMoreTwo(VoltarengelJointPainMedicineTest.java:158)
at java.base/java.util.ArrayList.forEach(ArrayList.java:1511)
... Removed 31 stack frames]]>
    </failure>
  </testcase> <!-- verifyRelatedArticleReadMoreTwo -->
  <testcase classname="com.qa.voltarengel.test.VoltarengelJointPainMedicineTest" name="verifyGetCoupons" time="4.265"/>
  <testcase classname="com.qa.voltarengel.test.VoltarengelJointPainMedicineTest" name="verifyBuyNow" time="20.112">
    <skipped/>
  </testcase> <!-- verifyBuyNow -->
  <testcase classname="com.qa.voltarengel.test.VoltarengelJointPainMedicineTest" name="verifyBuyNow" time="20.067">
    <skipped/>
  </testcase> <!-- verifyBuyNow -->
  <testcase classname="com.qa.voltarengel.test.VoltarengelJointPainMedicineTest" name="verifyBuyNow" time="20.226">
    <failure type="java.lang.Exception" message="Buy Now Button is not Presented in the page">
      <![CDATA[java.lang.Exception: Buy Now Button is not Presented in the page
at com.qa.voltarengel.pages.VoltarengelJointPainMedicinePage.clickBuyNow(VoltarengelJointPainMedicinePage.java:90)
at com.qa.voltarengel.test.VoltarengelJointPainMedicineTest.verifyBuyNow(VoltarengelJointPainMedicineTest.java:177)
at java.base/java.util.ArrayList.forEach(ArrayList.java:1511)
... Removed 25 stack frames]]>
    </failure>
  </testcase> <!-- verifyBuyNow -->
  <testcase classname="com.qa.voltarengel.test.VoltarengelHowtoGetFitAtHomeTest" name="cookieButton" time="81.147"/>
  <testcase classname="com.qa.voltarengel.test.VoltarengelHowtoGetFitAtHomeTest" name="verifyArthritisFlares" time="0.957"/>
  <testcase classname="com.qa.voltarengel.test.VoltarengelHowtoGetFitAtHomeTest" name="verifyFiveAbsWorkoutsYouCanDoFromHome" time="4.066"/>
  <testcase classname="com.qa.voltarengel.test.VoltarengelHowtoGetFitAtHomeTest" name="verifyFoodExerciseForArthritisRelief" time="0.891"/>
  <testcase classname="com.qa.voltarengel.test.VoltarengelHowtoGetFitAtHomeTest" name="verifyGetCoupon" time="0.875"/>
  <testcase classname="com.qa.voltarengel.test.VoltarengelHowtoGetFitAtHomeTest" name="verifyTheAnkles" time="4.262"/>
  <testcase classname="com.qa.voltarengel.test.VoltarengelHowtoGetFitAtHomeTest" name="verifyTheWrists" time="5.713"/>
  <testcase classname="com.qa.voltarengel.test.VoltarengelHowtoGetFitAtHomeTest" name="verifyknees" time="5.007"/>
  <testcase classname="com.qa.voltarengel.test.VoltarengelHowtoGetFitAtHomeTest" name="verifyShowReference" time="0.831"/>
  <testcase classname="com.qa.voltarengel.test.VoltarengelHowtoGetFitAtHomeTest" name="verifyBuyNow" time="1.855"/>
  <testcase classname="com.qa.voltarengel.test.VoltarengelAbWorkoutsFromHomeTest" name="cookieButton" time="81.07"/>
  <testcase classname="com.qa.voltarengel.test.VoltarengelAbWorkoutsFromHomeTest" name="verifyArthritisPain" time="6.012"/>
  <testcase classname="com.qa.voltarengel.test.VoltarengelAbWorkoutsFromHomeTest" name="verifyArthritisSymptoms" time="2.242">
    <skipped/>
  </testcase> <!-- verifyArthritisSymptoms -->
  <testcase classname="com.qa.voltarengel.test.VoltarengelAbWorkoutsFromHomeTest" name="verifyArthritisSymptoms" time="6.668">
    <skipped/>
  </testcase> <!-- verifyArthritisSymptoms -->
  <testcase classname="com.qa.voltarengel.test.VoltarengelAbWorkoutsFromHomeTest" name="verifyArthritisSymptoms" time="6.382"/>
  <testcase classname="com.qa.voltarengel.test.VoltarengelAbWorkoutsFromHomeTest" name="verifyDealingWithPain" time="3.991"/>
  <testcase classname="com.qa.voltarengel.test.VoltarengelAbWorkoutsFromHomeTest" name="verifyElbowExercisesForArthristis" time="5.957"/>
  <testcase classname="com.qa.voltarengel.test.VoltarengelAbWorkoutsFromHomeTest" name="verifyExercisesForArthritisAndJointPainRelief" time="0.826"/>
  <testcase classname="com.qa.voltarengel.test.VoltarengelAbWorkoutsFromHomeTest" name="verifyGetCoupon" time="0.797"/>
  <testcase classname="com.qa.voltarengel.test.VoltarengelAbWorkoutsFromHomeTest" name="verifyKneeExercises" time="3.575">
    <skipped/>
  </testcase> <!-- verifyKneeExercises -->
  <testcase classname="com.qa.voltarengel.test.VoltarengelAbWorkoutsFromHomeTest" name="verifyKneeExercises" time="3.316">
    <skipped/>
  </testcase> <!-- verifyKneeExercises -->
  <testcase classname="com.qa.voltarengel.test.VoltarengelAbWorkoutsFromHomeTest" name="verifyKneeExercises" time="5.565"/>
  <testcase classname="com.qa.voltarengel.test.VoltarengelAbWorkoutsFromHomeTest" name="verifyManageYourArthritisSymptoms" time="3.231">
    <skipped/>
  </testcase> <!-- verifyManageYourArthritisSymptoms -->
  <testcase classname="com.qa.voltarengel.test.VoltarengelAbWorkoutsFromHomeTest" name="verifyManageYourArthritisSymptoms" time="6.029"/>
  <testcase classname="com.qa.voltarengel.test.VoltarengelAbWorkoutsFromHomeTest" name="verifyVoltaren" time="0.83"/>
  <testcase classname="com.qa.voltarengel.test.VoltarengelAbWorkoutsFromHomeTest" name="verifyWristExercises" time="1.114"/>
  <testcase classname="com.qa.voltarengel.test.VoltarengelAbWorkoutsFromHomeTest" name="verifyWristExercisesForArthritisPain" time="0.923"/>
  <testcase classname="com.qa.voltarengel.test.VoltarengelAbWorkoutsFromHomeTest" name="verifyShowReference" time="0.634"/>
  <testcase classname="com.qa.voltarengel.test.VoltarengelAbWorkoutsFromHomeTest" name="verifyBuyNow" time="1.829"/>
  <testcase classname="com.qa.voltarengel.test.VoltarengelExercisesForArthritisTest" name="cookieButton" time="1.967"/>
  <testcase classname="com.qa.voltarengel.test.VoltarengelExercisesForArthritisTest" name="verifyBreadcrumbOne" time="6.797"/>
  <testcase classname="com.qa.voltarengel.test.VoltarengelExercisesForArthritisTest" name="verifyBreadcrumbTwo" time="6.977"/>
  <testcase classname="com.qa.voltarengel.test.VoltarengelExercisesForArthritisTest" name="verifyBreadcrumbThree" time="4.773"/>
  <testcase classname="com.qa.voltarengel.test.VoltarengelExercisesForArthritisTest" name="verifyBreadcrumbFour" time="3.822"/>
  <testcase classname="com.qa.voltarengel.test.VoltarengelExercisesForArthritisTest" name="verifyHyperLinkHand" time="4.404"/>
  <testcase classname="com.qa.voltarengel.test.VoltarengelExercisesForArthritisTest" name="verifyHyperLinkWrist" time="4.239"/>
  <testcase classname="com.qa.voltarengel.test.VoltarengelExercisesForArthritisTest" name="verifyHyperLinkElbow" time="7.311"/>
  <testcase classname="com.qa.voltarengel.test.VoltarengelExercisesForArthritisTest" name="verifyHyperLinknee" time="4.522"/>
  <testcase classname="com.qa.voltarengel.test.VoltarengelExercisesForArthritisTest" name="verifyHyperLinkFoot" time="6.356"/>
  <testcase classname="com.qa.voltarengel.test.VoltarengelExercisesForArthritisTest" name="verifyHyperLinkAnkle" time="6.038"/>
  <testcase classname="com.qa.voltarengel.test.VoltarengelExercisesForArthritisTest" name="verifyShowReference" time="1.362"/>
  <testcase classname="com.qa.voltarengel.test.VoltarengelExercisesForArthritisTest" name="verifyRelatedArticleReadMoreOne" time="7.519"/>
  <testcase classname="com.qa.voltarengel.test.VoltarengelExercisesForArthritisTest" name="verifyRelatedArticleReadMoreTwo" time="4.638"/>
  <testcase classname="com.qa.voltarengel.test.VoltarengelExercisesForArthritisTest" name="verifyGetCoupons" time="4.107"/>
  <testcase classname="com.qa.voltarengel.test.VoltarengelExercisesForArthritisTest" name="verifyBuyNow" time="2.165"/>
  <testcase classname="com.qa.voltarengel.test.VoltarengelWhatIsLidocaineTest" name="cookieButton" time="81.118"/>
  <testcase classname="com.qa.voltarengel.test.VoltarengelWhatIsLidocaineTest" name="verifyGetCoupon" time="1.415"/>
  <testcase classname="com.qa.voltarengel.test.VoltarengelWhatIsLidocaineTest" name="verifyHowOTCArthritisCreamsWork" time="0.954"/>
  <testcase classname="com.qa.voltarengel.test.VoltarengelWhatIsLidocaineTest" name="verifyManageTheirPainTopically" time="1.211"/>
  <testcase classname="com.qa.voltarengel.test.VoltarengelWhatIsLidocaineTest" name="verifyOverTheCounterDiclofenacGel" time="7.867">
    <skipped/>
  </testcase> <!-- verifyOverTheCounterDiclofenacGel -->
  <testcase classname="com.qa.voltarengel.test.VoltarengelWhatIsLidocaineTest" name="verifyOverTheCounterDiclofenacGel" time="6.919"/>
  <testcase classname="com.qa.voltarengel.test.VoltarengelWhatIsLidocaineTest" name="verifyShowReference" time="1.14"/>
  <testcase classname="com.qa.voltarengel.test.VoltarengelWhatIsLidocaineTest" name="verifyBuyNow" time="1.958"/>
  <testcase classname="com.qa.voltarengel.test.VoltarengelCaregiverVsCaretakerTest" name="cookieButton" time="81.689"/>
  <testcase classname="com.qa.voltarengel.test.VoltarengelCaregiverVsCaretakerTest" name="verifyArticle1" time="15.539"/>
  <testcase classname="com.qa.voltarengel.test.VoltarengelCaregiverVsCaretakerTest" name="verifyArticle2" time="20.505">
    <skipped/>
  </testcase> <!-- verifyArticle2 -->
  <testcase classname="com.qa.voltarengel.test.VoltarengelCaregiverVsCaretakerTest" name="verifyArticle2" time="20.55">
    <skipped/>
  </testcase> <!-- verifyArticle2 -->
  <testcase classname="com.qa.voltarengel.test.VoltarengelCaregiverVsCaretakerTest" name="verifyArticle2" time="20.469">
    <failure type="java.lang.Exception" message="Unable to mouse over the element">
      <![CDATA[java.lang.Exception: Unable to mouse over the element
at com.qa.baseClass.BaseClass.moveToElement(BaseClass.java:241)
at com.qa.voltarengel.pages.VoltarengelCaregiverVsCaretaker.clickonArticle2(VoltarengelCaregiverVsCaretaker.java:131)
at com.qa.voltarengel.test.VoltarengelCaregiverVsCaretakerTest.verifyArticle2(VoltarengelCaregiverVsCaretakerTest.java:61)
at java.base/java.util.ArrayList.forEach(ArrayList.java:1511)
... Removed 25 stack frames]]>
    </failure>
  </testcase> <!-- verifyArticle2 -->
  <testcase classname="com.qa.voltarengel.test.VoltarengelCaregiverVsCaretakerTest" name="verifyGetCoupon" time="2.904"/>
  <testcase classname="com.qa.voltarengel.test.VoltarengelCaregiverVsCaretakerTest" name="verifyShowReference" time="2.324"/>
  <testcase classname="com.qa.voltarengel.test.VoltarengelCaregiverVsCaretakerTest" name="verifyBuyNow" time="4.006"/>
  <testcase classname="com.qa.voltarengel.test.VoltarengelHandTest" name="cookieButton" time="1.926"/>
  <testcase classname="com.qa.voltarengel.test.VoltarengelHandTest" name="verifyBreadcrumbOne" time="6.185"/>
  <testcase classname="com.qa.voltarengel.test.VoltarengelHandTest" name="verifyBreadcrumbTwo" time="5.757"/>
  <testcase classname="com.qa.voltarengel.test.VoltarengelHandTest" name="verifyBreadcrumbFour" time="5.084"/>
  <testcase classname="com.qa.voltarengel.test.VoltarengelHandTest" name="verifyBreadcrumbThree" time="6.663"/>
  <testcase classname="com.qa.voltarengel.test.VoltarengelHandTest" name="verifyHyperLinkHandArthristis" time="5.892"/>
  <testcase classname="com.qa.voltarengel.test.VoltarengelHandTest" name="verifyHyperLinkVoltarenArthritisPainGel" time="8.582"/>
  <testcase classname="com.qa.voltarengel.test.VoltarengelHandTest" name="verifyHyperLinkJointPainDueToArthritis" time="4.113"/>
  <testcase classname="com.qa.voltarengel.test.VoltarengelHandTest" name="verifyHyperLinkArthritisSymptoms" time="6.012"/>
  <testcase classname="com.qa.voltarengel.test.VoltarengelHandTest" name="verifyShowReference" time="0.97"/>
  <testcase classname="com.qa.voltarengel.test.VoltarengelHandTest" name="verifyRelatedArticleReadMoreOne" time="4.413"/>
  <testcase classname="com.qa.voltarengel.test.VoltarengelHandTest" name="verifyRelatedArticleReadMoreTwo" time="6.373"/>
  <testcase classname="com.qa.voltarengel.test.VoltarengelHandTest" name="verifyGetCoupons" time="3.507"/>
  <testcase classname="com.qa.voltarengel.test.VoltarengelHandTest" name="verifyBuyNow" time="2.144"/>
  <testcase classname="com.qa.voltarengel.test.VoltarengelHomeTest" name="cookieButton" time="1.949"/>
  <testcase classname="com.qa.voltarengel.test.VoltarengelHomeTest" name="verifyBreadcrumbOne" time="8.547"/>
  <testcase classname="com.qa.voltarengel.test.VoltarengelHomeTest" name="verifyBreadcrumbTwo" time="6.555"/>
  <testcase classname="com.qa.voltarengel.test.VoltarengelHomeTest" name="verifyBreadcrumbThree" time="3.874"/>
  <testcase classname="com.qa.voltarengel.test.VoltarengelHomeTest" name="verifyBreadcrumbFour" time="4.977"/>
  <testcase classname="com.qa.voltarengel.test.VoltarengelHomeTest" name="verifyHyperLinkLiveWithArthritis" time="5.154"/>
  <testcase classname="com.qa.voltarengel.test.VoltarengelHomeTest" name="verifyHyperLinkDiscomfort" time="6.727"/>
  <testcase classname="com.qa.voltarengel.test.VoltarengelHomeTest" name="verifyHyperLinkRelief" time="4.722"/>
  <testcase classname="com.qa.voltarengel.test.VoltarengelHomeTest" name="verifyHyperLinkEasingPain" time="5.787"/>
  <testcase classname="com.qa.voltarengel.test.VoltarengelHomeTest" name="verifyHyperLinkExercise" time="6.773"/>
  <testcase classname="com.qa.voltarengel.test.VoltarengelHomeTest" name="verifyHyperLinkEatAHealthyDiet" time="4.793"/>
  <testcase classname="com.qa.voltarengel.test.VoltarengelHomeTest" name="verifyYoutubeVideo" time="11.922"/>
  <testcase classname="com.qa.voltarengel.test.VoltarengelHomeTest" name="verifyShowTranscript" time="0.769"/>
  <testcase classname="com.qa.voltarengel.test.VoltarengelHomeTest" name="verifyShowReference" time="0.564"/>
  <testcase classname="com.qa.voltarengel.test.VoltarengelHomeTest" name="verifyRelatedArticleReadMoreOne" time="20.153">
    <skipped/>
  </testcase> <!-- verifyRelatedArticleReadMoreOne -->
  <testcase classname="com.qa.voltarengel.test.VoltarengelHomeTest" name="verifyRelatedArticleReadMoreOne" time="20.139">
    <skipped/>
  </testcase> <!-- verifyRelatedArticleReadMoreOne -->
  <testcase classname="com.qa.voltarengel.test.VoltarengelHomeTest" name="verifyRelatedArticleReadMoreOne" time="20.168">
    <failure type="java.lang.Exception" message="Related Article Read More One is not preseneted in the page">
      <![CDATA[java.lang.Exception: Related Article Read More One is not preseneted in the page
at com.qa.voltarengel.pages.VoltarengelHomePage.clickRelatedArticleReadMoreOne(VoltarengelHomePage.java:365)
at com.qa.voltarengel.test.VoltarengelHomeTest.verifyRelatedArticleReadMoreOne(VoltarengelHomeTest.java:197)
at java.base/java.util.ArrayList.forEach(ArrayList.java:1511)
... Removed 25 stack frames]]>
    </failure>
  </testcase> <!-- verifyRelatedArticleReadMoreOne -->
  <testcase classname="com.qa.voltarengel.test.VoltarengelHomeTest" name="verifyRelatedArticleReadMoreTwo" time="20.27">
    <skipped/>
  </testcase> <!-- verifyRelatedArticleReadMoreTwo -->
  <testcase classname="com.qa.voltarengel.test.VoltarengelHomeTest" name="verifyRelatedArticleReadMoreTwo" time="20.092">
    <skipped/>
  </testcase> <!-- verifyRelatedArticleReadMoreTwo -->
  <testcase classname="com.qa.voltarengel.test.VoltarengelHomeTest" name="verifyRelatedArticleReadMoreTwo" time="20.223">
    <failure type="java.lang.Exception" message="Related Article Read More Two is not preseneted in the page">
      <![CDATA[java.lang.Exception: Related Article Read More Two is not preseneted in the page
at com.qa.voltarengel.pages.VoltarengelHomePage.clickRelatedArticleReadMoreTwo(VoltarengelHomePage.java:378)
at com.qa.voltarengel.test.VoltarengelHomeTest.verifyRelatedArticleReadMoreTwo(VoltarengelHomeTest.java:209)
at java.base/java.util.ArrayList.forEach(ArrayList.java:1511)
... Removed 25 stack frames]]>
    </failure>
  </testcase> <!-- verifyRelatedArticleReadMoreTwo -->
  <testcase classname="com.qa.voltarengel.test.VoltarengelHomeTest" name="verifyGetCoupons" time="7.747"/>
  <testcase classname="com.qa.voltarengel.test.VoltarengelHomeTest" name="verifyBuyNow" time="1.845"/>
  <testcase classname="com.qa.voltarengel.test.VoltarenWhatIsCaregiverRoleStrainTest" name="cookieButton" time="81.779"/>
  <testcase classname="com.qa.voltarengel.test.VoltarenWhatIsCaregiverRoleStrainTest" name="verifyArticle1" time="7.386"/>
  <testcase classname="com.qa.voltarengel.test.VoltarenWhatIsCaregiverRoleStrainTest" name="verifyArticle2" time="13.588"/>
  <testcase classname="com.qa.voltarengel.test.VoltarenWhatIsCaregiverRoleStrainTest" name="verifyGetCoupon" time="1.684"/>
  <testcase classname="com.qa.voltarengel.test.VoltarenWhatIsCaregiverRoleStrainTest" name="verifyShowReference" time="1.405"/>
  <testcase classname="com.qa.voltarengel.test.VoltarenWhatIsCaregiverRoleStrainTest" name="verifyBuyNow" time="40.654">
    <skipped/>
  </testcase> <!-- verifyBuyNow -->
  <testcase classname="com.qa.voltarengel.test.VoltarenWhatIsCaregiverRoleStrainTest" name="verifyBuyNow" time="40.263">
    <skipped/>
  </testcase> <!-- verifyBuyNow -->
  <testcase classname="com.qa.voltarengel.test.VoltarenWhatIsCaregiverRoleStrainTest" name="verifyBuyNow" time="40.225">
    <failure type="org.openqa.selenium.TimeoutException" message="Expected condition failed: waiting for visibility of Proxy element for: DefaultElementLocator &amp;apos;By.xpath: //div[contains(text(),&amp;apos;Shopping Bag&amp;apos;)]/..//img[@alt=&amp;apos;close cart icon&amp;apos;]&amp;apos; (tried for 20 second(s) with 500 milliseconds interval)">
      <![CDATA[org.openqa.selenium.TimeoutException: Expected condition failed: waiting for visibility of Proxy element for: DefaultElementLocator 'By.xpath: //div[contains(text(),'Shopping Bag')]/..//img[@alt='close cart icon']' (tried for 20 second(s) with 500 milliseconds interval)
at org.openqa.selenium.support.ui.WebDriverWait.timeoutException(WebDriverWait.java:95)
at org.openqa.selenium.support.ui.FluentWait.until(FluentWait.java:272)
at com.qa.baseClass.BaseClass.visibilityOf(BaseClass.java:795)
at com.qa.voltarengel.pages.VoltarenWhatIsCaregiverRoleStrain.clickBuyNow(VoltarenWhatIsCaregiverRoleStrain.java:60)
at com.qa.voltarengel.test.VoltarenWhatIsCaregiverRoleStrainTest.verifyBuyNow(VoltarenWhatIsCaregiverRoleStrainTest.java:85)
at java.base/java.util.ArrayList.forEach(ArrayList.java:1511)
Caused by: org.openqa.selenium.NoSuchElementException: no such element: Unable to locate element: {"method":"xpath","selector":"//div[contains(text(),'Shopping Bag')]/..//img[@alt='close cart icon']"}
  (Session info: chrome=112.0.5615.138)
For documentation on this error, please visit: https://www.seleniumhq.org/exceptions/no_such_element.html
Build info: version: '3.141.59', revision: 'e82be7d358', time: '2018-11-14T08:17:03'
System info: host: 'WKWZTPQVMDCKJHX', ip: '192.168.0.109', os.name: 'Windows 11', os.arch: 'amd64', os.version: '10.0', java.version: '18.0.1'
Driver info: org.openqa.selenium.chrome.ChromeDriver
Capabilities {acceptInsecureCerts: false, browserName: chrome, browserVersion: 112.0.5615.138, chrome: {chromedriverVersion: 111.0.5563.64 (c710e93d5b63..., userDataDir: C:\Users\sujsekar\AppData\L...}, goog:chromeOptions: {debuggerAddress: localhost:64951}, javascriptEnabled: true, networkConnectionEnabled: false, pageLoadStrategy: normal, platform: WINDOWS, platformName: WINDOWS, proxy: Proxy(), setWindowRect: true, strictFileInteractability: false, timeouts: {implicit: 0, pageLoad: 300000, script: 30000}, unhandledPromptBehavior: dismiss and notify, webauthn:extension:credBlob: true, webauthn:extension:largeBlob: true, webauthn:extension:minPinLength: true, webauthn:extension:prf: true, webauthn:virtualAuthenticators: true}
Session ID: 6ff8851a82ccd604404adc2bdac3a4af
*** Element info: {Using=xpath, value=//div[contains(text(),'Shopping Bag')]/..//img[@alt='close cart icon']}
at org.openqa.selenium.remote.http.W3CHttpResponseCodec.createException(W3CHttpResponseCodec.java:187)
at org.openqa.selenium.remote.http.W3CHttpResponseCodec.decode(W3CHttpResponseCodec.java:122)
at org.openqa.selenium.remote.http.W3CHttpResponseCodec.decode(W3CHttpResponseCodec.java:49)
at org.openqa.selenium.remote.HttpCommandExecutor.execute(HttpCommandExecutor.java:158)
at org.openqa.selenium.remote.service.DriverCommandExecutor.execute(DriverCommandExecutor.java:83)
at org.openqa.selenium.remote.RemoteWebDriver.execute(RemoteWebDriver.java:552)
at org.openqa.selenium.remote.RemoteWebDriver.findElement(RemoteWebDriver.java:323)
at org.openqa.selenium.remote.RemoteWebDriver.findElementByXPath(RemoteWebDriver.java:428)
at org.openqa.selenium.By$ByXPath.findElement(By.java:353)
at org.openqa.selenium.remote.RemoteWebDriver.findElement(RemoteWebDriver.java:315)
at org.openqa.selenium.support.pagefactory.DefaultElementLocator.findElement(DefaultElementLocator.java:69)
at org.openqa.selenium.support.pagefactory.internal.LocatingElementHandler.invoke(LocatingElementHandler.java:38)
at jdk.proxy2/jdk.proxy2.$Proxy17.isDisplayed(Unknown Source)
at org.openqa.selenium.support.ui.ExpectedConditions.elementIfVisible(ExpectedConditions.java:314)
at org.openqa.selenium.support.ui.ExpectedConditions.access$000(ExpectedConditions.java:43)
at org.openqa.selenium.support.ui.ExpectedConditions$10.apply(ExpectedConditions.java:300)
at org.openqa.selenium.support.ui.ExpectedConditions$10.apply(ExpectedConditions.java:297)
at org.openqa.selenium.support.ui.FluentWait.until(FluentWait.java:249)
... 29 more
... Removed 28 stack frames]]>
    </failure>
  </testcase> <!-- verifyBuyNow -->
  <testcase classname="com.qa.voltarengel.test.VoltarengelHowToRelieveArthritisPainTest" name="cookieButton" time="81.102"/>
  <testcase classname="com.qa.voltarengel.test.VoltarengelHowToRelieveArthritisPainTest" name="verifyArticle1" time="4.972">
    <skipped/>
  </testcase> <!-- verifyArticle1 -->
  <testcase classname="com.qa.voltarengel.test.VoltarengelHowToRelieveArthritisPainTest" name="verifyArticle1" time="4.592">
    <skipped/>
  </testcase> <!-- verifyArticle1 -->
  <testcase classname="com.qa.voltarengel.test.VoltarengelHowToRelieveArthritisPainTest" name="verifyArticle1" time="4.514">
    <failure type="java.lang.AssertionError" message="expected [living-with-arthritis/natural-remedies/] but found [https://www.voltarengel.com/living-with-arthritis/natural-remedies/?_ga=2.266025095.907381121.1682269813-83311929.1682269813]">
      <![CDATA[java.lang.AssertionError: expected [living-with-arthritis/natural-remedies/] but found [https://www.voltarengel.com/living-with-arthritis/natural-remedies/?_ga=2.266025095.907381121.1682269813-83311929.1682269813]
at com.qa.baseClass.BaseClass.compareTwoText(BaseClass.java:812)
at com.qa.voltarengel.test.VoltarengelHowToRelieveArthritisPainTest.verifyArticle1(VoltarengelHowToRelieveArthritisPainTest.java:123)
at java.base/java.util.ArrayList.forEach(ArrayList.java:1511)
... Removed 31 stack frames]]>
    </failure>
  </testcase> <!-- verifyArticle1 -->
  <testcase classname="com.qa.voltarengel.test.VoltarengelHowToRelieveArthritisPainTest" name="verifyArticle2" time="4.273">
    <skipped/>
  </testcase> <!-- verifyArticle2 -->
  <testcase classname="com.qa.voltarengel.test.VoltarengelHowToRelieveArthritisPainTest" name="verifyArticle2" time="4.677">
    <skipped/>
  </testcase> <!-- verifyArticle2 -->
  <testcase classname="com.qa.voltarengel.test.VoltarengelHowToRelieveArthritisPainTest" name="verifyArticle2" time="4.7">
    <failure type="java.lang.AssertionError" message="expected [what-is-arthritis/symptoms/] but found [https://www.voltarengel.com/what-is-arthritis/symptoms/?_ga=2.266025095.907381121.1682269813-83311929.1682269813]">
      <![CDATA[java.lang.AssertionError: expected [what-is-arthritis/symptoms/] but found [https://www.voltarengel.com/what-is-arthritis/symptoms/?_ga=2.266025095.907381121.1682269813-83311929.1682269813]
at com.qa.baseClass.BaseClass.compareTwoText(BaseClass.java:812)
at com.qa.voltarengel.test.VoltarengelHowToRelieveArthritisPainTest.verifyArticle2(VoltarengelHowToRelieveArthritisPainTest.java:134)
at java.base/java.util.ArrayList.forEach(ArrayList.java:1511)
... Removed 31 stack frames]]>
    </failure>
  </testcase> <!-- verifyArticle2 -->
  <testcase classname="com.qa.voltarengel.test.VoltarengelHowToRelieveArthritisPainTest" name="verifyEspeciallyYourJoints" time="0.969"/>
  <testcase classname="com.qa.voltarengel.test.VoltarengelHowToRelieveArthritisPainTest" name="verifyFightInflammation" time="1.005"/>
  <testcase classname="com.qa.voltarengel.test.VoltarengelHowToRelieveArthritisPainTest" name="verifyGetCoupon" time="1.133"/>
  <testcase classname="com.qa.voltarengel.test.VoltarengelHowToRelieveArthritisPainTest" name="verifyGoodOption" time="0.823"/>
  <testcase classname="com.qa.voltarengel.test.VoltarengelHowToRelieveArthritisPainTest" name="verifyLivingWithArthritis" time="5.457"/>
  <testcase classname="com.qa.voltarengel.test.VoltarengelHowToRelieveArthritisPainTest" name="verifyLowImpactExercises" time="4.381"/>
  <testcase classname="com.qa.voltarengel.test.VoltarengelHowToRelieveArthritisPainTest" name="verifyMediterraneanDiet" time="5.093"/>
  <testcase classname="com.qa.voltarengel.test.VoltarengelHowToRelieveArthritisPainTest" name="verifyShowReference" time="0.874"/>
  <testcase classname="com.qa.voltarengel.test.VoltarengelHowToRelieveArthritisPainTest" name="verifyBuyNow" time="20.281">
    <skipped/>
  </testcase> <!-- verifyBuyNow -->
  <testcase classname="com.qa.voltarengel.test.VoltarengelHowToRelieveArthritisPainTest" name="verifyBuyNow" time="20.128">
    <skipped/>
  </testcase> <!-- verifyBuyNow -->
  <testcase classname="com.qa.voltarengel.test.VoltarengelHowToRelieveArthritisPainTest" name="verifyBuyNow" time="20.094">
    <failure type="java.lang.Exception" message="Buy Now Button is not Presented in the page">
      <![CDATA[java.lang.Exception: Buy Now Button is not Presented in the page
at com.qa.voltarengel.pages.VoltarengelHowToRelieveArthritisPain.clickBuyNow(VoltarengelHowToRelieveArthritisPain.java:104)
at com.qa.voltarengel.test.VoltarengelHowToRelieveArthritisPainTest.verifyBuyNow(VoltarengelHowToRelieveArthritisPainTest.java:152)
at java.base/java.util.ArrayList.forEach(ArrayList.java:1511)
... Removed 25 stack frames]]>
    </failure>
  </testcase> <!-- verifyBuyNow -->
  <testcase classname="com.qa.voltarengel.test.VoltarengelHowToRelieveJointPainTest" name="cookieButton" time="1.716"/>
  <testcase classname="com.qa.voltarengel.test.VoltarengelHowToRelieveJointPainTest" name="verifyBreadcrumbOne" time="7.608"/>
  <testcase classname="com.qa.voltarengel.test.VoltarengelHowToRelieveJointPainTest" name="verifyBreadcrumbTwo" time="6.004"/>
  <testcase classname="com.qa.voltarengel.test.VoltarengelHowToRelieveJointPainTest" name="verifyBreadcrumbThree" time="4.19"/>
  <testcase classname="com.qa.voltarengel.test.VoltarengelHowToRelieveJointPainTest" name="verifyHyperLinkSymptoms" time="6.702"/>
  <testcase classname="com.qa.voltarengel.test.VoltarengelHowToRelieveJointPainTest" name="verifyHyperLinkExercise" time="5.78"/>
  <testcase classname="com.qa.voltarengel.test.VoltarengelHowToRelieveJointPainTest" name="verifyHyperLinkVoltarenArthritisPainGel" time="9.263"/>
  <testcase classname="com.qa.voltarengel.test.VoltarengelHowToRelieveJointPainTest" name="verifyRelatedArticleReadMoreOne" time="4.043"/>
  <testcase classname="com.qa.voltarengel.test.VoltarengelHowToRelieveJointPainTest" name="verifyRelatedArticleReadMoreTwo" time="5.265"/>
  <testcase classname="com.qa.voltarengel.test.VoltarengelHowToRelieveJointPainTest" name="verifyGetCoupons" time="3.92"/>
  <testcase classname="com.qa.voltarengel.test.VoltarengelHowToRelieveJointPainTest" name="verifyBuyNow" time="2.03"/>
  <testcase classname="com.qa.voltarengel.test.VoltarenWorkTest" name="cookieButton" time="2.167"/>
  <testcase classname="com.qa.voltarengel.test.VoltarenWorkTest" name="verifyBreadcrumbOne" time="5.862"/>
  <testcase classname="com.qa.voltarengel.test.VoltarenWorkTest" name="verifyBreadcrumbTwo" time="5.953"/>
  <testcase classname="com.qa.voltarengel.test.VoltarenWorkTest" name="verifyBreadcrumbThree" time="4.797"/>
  <testcase classname="com.qa.voltarengel.test.VoltarenWorkTest" name="verifyBreadcrumbFour" time="4.224"/>
  <testcase classname="com.qa.voltarengel.test.VoltarenWorkTest" name="verifyHyperLinkStressful" time="4.162"/>
  <testcase classname="com.qa.voltarengel.test.VoltarenWorkTest" name="verifyHyperLinkArthritis" time="4.889"/>
  <testcase classname="com.qa.voltarengel.test.VoltarenWorkTest" name="verifyYoutubeVideo" time="12.077"/>
  <testcase classname="com.qa.voltarengel.test.VoltarenWorkTest" name="verifyShowTranscript" time="0.49"/>
  <testcase classname="com.qa.voltarengel.test.VoltarenWorkTest" name="verifyHyperLinkExercise" time="3.81"/>
  <testcase classname="com.qa.voltarengel.test.VoltarenWorkTest" name="verifyHyperLinkReliefFromArthritisPain" time="5.765"/>
  <testcase classname="com.qa.voltarengel.test.VoltarenWorkTest" name="verifyHyperLinkVoltarenArthritisPainGel" time="10.784"/>
  <testcase classname="com.qa.voltarengel.test.VoltarenWorkTest" name="verifyShowReference" time="1.416"/>
  <testcase classname="com.qa.voltarengel.test.VoltarenWorkTest" name="verifyRelatedArticleReadMoreOne" time="6.185"/>
  <testcase classname="com.qa.voltarengel.test.VoltarenWorkTest" name="verifyRelatedArticleReadMoreTwo" time="3.956"/>
  <testcase classname="com.qa.voltarengel.test.VoltarenWorkTest" name="verifyGetCoupons" time="6.794"/>
  <testcase classname="com.qa.voltarengel.test.VoltarenWorkTest" name="verifyBuyNow" time="1.912"/>
  <testcase classname="com.qa.voltarengel.test.VoltarengelKneeTest" name="cookieButton" time="2.161"/>
  <testcase classname="com.qa.voltarengel.test.VoltarengelKneeTest" name="verifyBreadcrumbOne" time="6.121"/>
  <testcase classname="com.qa.voltarengel.test.VoltarengelKneeTest" name="verifyBreadcrumbTwo" time="4.644"/>
  <testcase classname="com.qa.voltarengel.test.VoltarengelKneeTest" name="verifyBreadcrumbThree" time="4.695"/>
  <testcase classname="com.qa.voltarengel.test.VoltarengelKneeTest" name="verifyBreadcrumbFour" time="4.656"/>
  <testcase classname="com.qa.voltarengel.test.VoltarengelKneeTest" name="verifyYoutubeVideo" time="12.306"/>
  <testcase classname="com.qa.voltarengel.test.VoltarengelKneeTest" name="verifyShowTranscript" time="0.686"/>
  <testcase classname="com.qa.voltarengel.test.VoltarengelKneeTest" name="verifyHyperLinkArthritis" time="4.153"/>
  <testcase classname="com.qa.voltarengel.test.VoltarengelKneeTest" name="verifyHyperLinkPain" time="3.904"/>
  <testcase classname="com.qa.voltarengel.test.VoltarengelKneeTest" name="verifyHyperLinkVoltarenArthritisPainGel" time="9.672"/>
  <testcase classname="com.qa.voltarengel.test.VoltarengelKneeTest" name="verifyHyperLinkArthritisKneePain" time="5.646"/>
  <testcase classname="com.qa.voltarengel.test.VoltarengelKneeTest" name="verifyHyperLinkKneePainRelief" time="5.199"/>
  <testcase classname="com.qa.voltarengel.test.VoltarengelKneeTest" name="verifyShowReference" time="0.992"/>
  <testcase classname="com.qa.voltarengel.test.VoltarengelKneeTest" name="verifyRelatedArticleReadMoreOne" time="4.459"/>
  <testcase classname="com.qa.voltarengel.test.VoltarengelKneeTest" name="verifyRelatedArticleReadMoreTwo" time="5.896"/>
  <testcase classname="com.qa.voltarengel.test.VoltarengelKneeTest" name="verifyGetCoupons" time="4.016"/>
  <testcase classname="com.qa.voltarengel.test.VoltarengelKneeTest" name="verifyBuyNow" time="1.778"/>
  <testcase classname="com.qa.voltarengel.test.VoltarenAloneTest" name="cookieButton" time="1.985"/>
  <testcase classname="com.qa.voltarengel.test.VoltarenAloneTest" name="verifyBreadcrumbOne" time="6.246"/>
  <testcase classname="com.qa.voltarengel.test.VoltarenAloneTest" name="verifyBreadcrumbTwo" time="7.227"/>
  <testcase classname="com.qa.voltarengel.test.VoltarenAloneTest" name="verifyBreadcrumbThree" time="4.861"/>
  <testcase classname="com.qa.voltarengel.test.VoltarenAloneTest" name="verifyBreadcrumbFour" time="4.004"/>
  <testcase classname="com.qa.voltarengel.test.VoltarenAloneTest" name="verifyHyperLinkLivingIndependentlyWithArthritisOne" time="4.827"/>
  <testcase classname="com.qa.voltarengel.test.VoltarenAloneTest" name="verifyHyperLinkStressManagement" time="4.077"/>
  <testcase classname="com.qa.voltarengel.test.VoltarenAloneTest" name="verifyHyperLinkManagingArthritisPain" time="4.461"/>
  <testcase classname="com.qa.voltarengel.test.VoltarenAloneTest" name="verifyHyperLinkHere" time="4.834"/>
  <testcase classname="com.qa.voltarengel.test.VoltarenAloneTest" name="verifyHyperLinkVoltarenArthritisPainGel" time="8.727"/>
  <testcase classname="com.qa.voltarengel.test.VoltarenAloneTest" name="verifyHyperLinkRelieveThePainOfArthritis" time="4.578"/>
  <testcase classname="com.qa.voltarengel.test.VoltarenAloneTest" name="verifyHyperLinkLivingIndependentlyWithArthritisTwo" time="6.5"/>
  <testcase classname="com.qa.voltarengel.test.VoltarenAloneTest" name="verifyShowReference" time="1.328"/>
  <testcase classname="com.qa.voltarengel.test.VoltarenAloneTest" name="verifyRelatedArticleReadMoreOne" time="20.154">
    <skipped/>
  </testcase> <!-- verifyRelatedArticleReadMoreOne -->
  <testcase classname="com.qa.voltarengel.test.VoltarenAloneTest" name="verifyRelatedArticleReadMoreOne" time="20.325">
    <skipped/>
  </testcase> <!-- verifyRelatedArticleReadMoreOne -->
  <testcase classname="com.qa.voltarengel.test.VoltarenAloneTest" name="verifyRelatedArticleReadMoreOne" time="20.175">
    <failure type="java.lang.Exception" message="Related Article Read More One is not preseneted in the page">
      <![CDATA[java.lang.Exception: Related Article Read More One is not preseneted in the page
at com.qa.voltarengel.pages.VoltarenAlonePage.clickRelatedArticleReadMoreOne(VoltarenAlonePage.java:312)
at com.qa.voltarengel.test.VoltarenAloneTest.verifyRelatedArticleReadMoreOne(VoltarenAloneTest.java:188)
at java.base/java.util.ArrayList.forEach(ArrayList.java:1511)
... Removed 25 stack frames]]>
    </failure>
  </testcase> <!-- verifyRelatedArticleReadMoreOne -->
  <testcase classname="com.qa.voltarengel.test.VoltarenAloneTest" name="verifyRelatedArticleReadMoreTwo" time="20.228">
    <skipped/>
  </testcase> <!-- verifyRelatedArticleReadMoreTwo -->
  <testcase classname="com.qa.voltarengel.test.VoltarenAloneTest" name="verifyRelatedArticleReadMoreTwo" time="20.144">
    <skipped/>
  </testcase> <!-- verifyRelatedArticleReadMoreTwo -->
  <testcase classname="com.qa.voltarengel.test.VoltarenAloneTest" name="verifyRelatedArticleReadMoreTwo" time="20.122">
    <failure type="java.lang.Exception" message="Related Article Read More Two is not preseneted in the page">
      <![CDATA[java.lang.Exception: Related Article Read More Two is not preseneted in the page
at com.qa.voltarengel.pages.VoltarenAlonePage.clickRelatedArticleReadMoreTwo(VoltarenAlonePage.java:325)
at com.qa.voltarengel.test.VoltarenAloneTest.verifyRelatedArticleReadMoreTwo(VoltarenAloneTest.java:200)
at java.base/java.util.ArrayList.forEach(ArrayList.java:1511)
... Removed 25 stack frames]]>
    </failure>
  </testcase> <!-- verifyRelatedArticleReadMoreTwo -->
  <testcase classname="com.qa.voltarengel.test.VoltarenAloneTest" name="verifyGetCoupons" time="4.14"/>
  <testcase classname="com.qa.voltarengel.test.VoltarenAloneTest" name="verifyBuyNow" time="1.84"/>
  <testcase classname="com.qa.voltarengel.test.VoltarengelUseYourHeadToNavigateWebsitesTest" name="cookieButton" time="1.789"/>
  <testcase classname="com.qa.voltarengel.test.VoltarengelUseYourHeadToNavigateWebsitesTest" name="verifyBreadcrumbOne" time="6.215"/>
  <testcase classname="com.qa.voltarengel.test.VoltarengelUseYourHeadToNavigateWebsitesTest" name="verifyBreadcrumbTwo" time="5.987"/>
  <testcase classname="com.qa.voltarengel.test.VoltarengelUseYourHeadToNavigateWebsitesTest" name="verifyBreadcrumbThree" time="5.207"/>
  <testcase classname="com.qa.voltarengel.test.VoltarengelUseYourHeadToNavigateWebsitesTest" name="verifyHyperLinkLivingWithArthritis" time="7.291"/>
  <testcase classname="com.qa.voltarengel.test.VoltarengelUseYourHeadToNavigateWebsitesTest" name="verifyHyperLinkTools" time="5.953">
    <skipped/>
  </testcase> <!-- verifyHyperLinkTools -->
  <testcase classname="com.qa.voltarengel.test.VoltarengelUseYourHeadToNavigateWebsitesTest" name="verifyHyperLinkTools" time="7.381">
    <skipped/>
  </testcase> <!-- verifyHyperLinkTools -->
  <testcase classname="com.qa.voltarengel.test.VoltarengelUseYourHeadToNavigateWebsitesTest" name="verifyHyperLinkTools" time="3.998">
    <failure type="java.lang.AssertionError" message="expected [living-with-arthritis/first-arthritis-friendly-site/] but found [https://www.voltarengel.com/living-with-arthritis/first-arthritis-friendly-site/]">
      <![CDATA[java.lang.AssertionError: expected [living-with-arthritis/first-arthritis-friendly-site/] but found [https://www.voltarengel.com/living-with-arthritis/first-arthritis-friendly-site/]
at com.qa.baseClass.BaseClass.compareTwoText(BaseClass.java:812)
at com.qa.voltarengel.test.VoltarengelUseYourHeadToNavigateWebsitesTest.verifyHyperLinkTools(VoltarengelUseYourHeadToNavigateWebsitesTest.java:99)
at java.base/java.util.ArrayList.forEach(ArrayList.java:1511)
... Removed 31 stack frames]]>
    </failure>
  </testcase> <!-- verifyHyperLinkTools -->
  <testcase classname="com.qa.voltarengel.test.VoltarengelUseYourHeadToNavigateWebsitesTest" name="verifyHyperLinkArthritisRelief" time="6.33"/>
  <testcase classname="com.qa.voltarengel.test.VoltarengelUseYourHeadToNavigateWebsitesTest" name="verifyHyperLinkWebsite" time="4.263"/>
  <testcase classname="com.qa.voltarengel.test.VoltarengelUseYourHeadToNavigateWebsitesTest" name="verifyShowReference" time="0.85"/>
  <testcase classname="com.qa.voltarengel.test.VoltarengelUseYourHeadToNavigateWebsitesTest" name="verifyRelatedArticleReadMoreOne" time="20.281">
    <skipped/>
  </testcase> <!-- verifyRelatedArticleReadMoreOne -->
  <testcase classname="com.qa.voltarengel.test.VoltarengelUseYourHeadToNavigateWebsitesTest" name="verifyRelatedArticleReadMoreOne" time="20.269">
    <skipped/>
  </testcase> <!-- verifyRelatedArticleReadMoreOne -->
  <testcase classname="com.qa.voltarengel.test.VoltarengelUseYourHeadToNavigateWebsitesTest" name="verifyRelatedArticleReadMoreOne" time="20.152">
    <failure type="java.lang.Exception" message="Related Article Read More One is not preseneted in the page">
      <![CDATA[java.lang.Exception: Related Article Read More One is not preseneted in the page
at com.qa.voltarengel.pages.VoltarengelUseYourHeadToNavigateWebsitesPage.clickRelatedArticleReadMoreOne(VoltarengelUseYourHeadToNavigateWebsitesPage.java:248)
at com.qa.voltarengel.test.VoltarengelUseYourHeadToNavigateWebsitesTest.verifyRelatedArticleReadMoreOne(VoltarengelUseYourHeadToNavigateWebsitesTest.java:140)
at java.base/java.util.ArrayList.forEach(ArrayList.java:1511)
... Removed 25 stack frames]]>
    </failure>
  </testcase> <!-- verifyRelatedArticleReadMoreOne -->
  <testcase classname="com.qa.voltarengel.test.VoltarengelUseYourHeadToNavigateWebsitesTest" name="verifyRelatedArticleReadMoreTwo" time="20.224">
    <skipped/>
  </testcase> <!-- verifyRelatedArticleReadMoreTwo -->
  <testcase classname="com.qa.voltarengel.test.VoltarengelUseYourHeadToNavigateWebsitesTest" name="verifyRelatedArticleReadMoreTwo" time="20.334">
    <skipped/>
  </testcase> <!-- verifyRelatedArticleReadMoreTwo -->
  <testcase classname="com.qa.voltarengel.test.VoltarengelUseYourHeadToNavigateWebsitesTest" name="verifyRelatedArticleReadMoreTwo" time="20.189">
    <failure type="java.lang.Exception" message="Related Article Read More Two is not preseneted in the page">
      <![CDATA[java.lang.Exception: Related Article Read More Two is not preseneted in the page
at com.qa.voltarengel.pages.VoltarengelUseYourHeadToNavigateWebsitesPage.clickRelatedArticleReadMoreTwo(VoltarengelUseYourHeadToNavigateWebsitesPage.java:261)
at com.qa.voltarengel.test.VoltarengelUseYourHeadToNavigateWebsitesTest.verifyRelatedArticleReadMoreTwo(VoltarengelUseYourHeadToNavigateWebsitesTest.java:152)
at java.base/java.util.ArrayList.forEach(ArrayList.java:1511)
... Removed 25 stack frames]]>
    </failure>
  </testcase> <!-- verifyRelatedArticleReadMoreTwo -->
  <testcase classname="com.qa.voltarengel.test.VoltarengelUseYourHeadToNavigateWebsitesTest" name="verifyGetCoupons" time="4.266"/>
  <testcase classname="com.qa.voltarengel.test.VoltarengelUseYourHeadToNavigateWebsitesTest" name="verifyBuyNow" time="20.121">
    <skipped/>
  </testcase> <!-- verifyBuyNow -->
  <testcase classname="com.qa.voltarengel.test.VoltarengelUseYourHeadToNavigateWebsitesTest" name="verifyBuyNow" time="20.298">
    <skipped/>
  </testcase> <!-- verifyBuyNow -->
  <testcase classname="com.qa.voltarengel.test.VoltarengelUseYourHeadToNavigateWebsitesTest" name="verifyBuyNow" time="20.22">
    <failure type="java.lang.Exception" message="Buy Now Button is not Presented in the page">
      <![CDATA[java.lang.Exception: Buy Now Button is not Presented in the page
at com.qa.voltarengel.pages.VoltarengelUseYourHeadToNavigateWebsitesPage.clickBuyNow(VoltarengelUseYourHeadToNavigateWebsitesPage.java:90)
at com.qa.voltarengel.test.VoltarengelUseYourHeadToNavigateWebsitesTest.verifyBuyNow(VoltarengelUseYourHeadToNavigateWebsitesTest.java:176)
at java.base/java.util.ArrayList.forEach(ArrayList.java:1511)
... Removed 25 stack frames]]>
    </failure>
  </testcase> <!-- verifyBuyNow -->
  <testcase classname="com.qa.voltarengel.test.VoltarengelMorningRoutineArthritisReliefTest" name="cookieButton" time="2.183"/>
  <testcase classname="com.qa.voltarengel.test.VoltarengelMorningRoutineArthritisReliefTest" name="verifyBreadcrumbOne" time="6.775"/>
  <testcase classname="com.qa.voltarengel.test.VoltarengelMorningRoutineArthritisReliefTest" name="verifyBreadcrumbTwo" time="7.446"/>
  <testcase classname="com.qa.voltarengel.test.VoltarengelMorningRoutineArthritisReliefTest" name="verifyBreadcrumbThree" time="4.833"/>
  <testcase classname="com.qa.voltarengel.test.VoltarengelMorningRoutineArthritisReliefTest" name="verifyHyperLinkOsteoarthritis" time="4.098">
    <skipped/>
  </testcase> <!-- verifyHyperLinkOsteoarthritis -->
  <testcase classname="com.qa.voltarengel.test.VoltarengelMorningRoutineArthritisReliefTest" name="verifyHyperLinkOsteoarthritis" time="5.804">
    <skipped/>
  </testcase> <!-- verifyHyperLinkOsteoarthritis -->
  <testcase classname="com.qa.voltarengel.test.VoltarengelMorningRoutineArthritisReliefTest" name="verifyHyperLinkOsteoarthritis" time="5.012">
    <failure type="java.lang.AssertionError" message="expected [what-is-arthritis/] but found [https://www.voltarengel.com/what-is-arthritis/]">
      <![CDATA[java.lang.AssertionError: expected [what-is-arthritis/] but found [https://www.voltarengel.com/what-is-arthritis/]
at com.qa.baseClass.BaseClass.compareTwoText(BaseClass.java:812)
at com.qa.voltarengel.test.VoltarengelMorningRoutineArthritisReliefTest.verifyHyperLinkOsteoarthritis(VoltarengelMorningRoutineArthritisReliefTest.java:87)
at java.base/java.util.ArrayList.forEach(ArrayList.java:1511)
... Removed 31 stack frames]]>
    </failure>
  </testcase> <!-- verifyHyperLinkOsteoarthritis -->
  <testcase classname="com.qa.voltarengel.test.VoltarengelMorningRoutineArthritisReliefTest" name="verifyHyperLinkExercise" time="4.852"/>
  <testcase classname="com.qa.voltarengel.test.VoltarengelMorningRoutineArthritisReliefTest" name="verifyHyperLinkTopicalCreams" time="5.037"/>
  <testcase classname="com.qa.voltarengel.test.VoltarengelMorningRoutineArthritisReliefTest" name="verifyHyperLinkVoltarenArthritisPainGel" time="9.815"/>
  <testcase classname="com.qa.voltarengel.test.VoltarengelMorningRoutineArthritisReliefTest" name="verifyHyperLinkLivingWithArthritis" time="6.147"/>
  <testcase classname="com.qa.voltarengel.test.VoltarengelMorningRoutineArthritisReliefTest" name="verifyHyperLinkVoltarenWebpage" time="7.376"/>
  <testcase classname="com.qa.voltarengel.test.VoltarengelMorningRoutineArthritisReliefTest" name="verifyShowReference" time="1.241"/>
  <testcase classname="com.qa.voltarengel.test.VoltarengelMorningRoutineArthritisReliefTest" name="verifyGetCoupons" time="5.846"/>
  <testcase classname="com.qa.voltarengel.test.VoltarengelMorningRoutineArthritisReliefTest" name="verifyBuyNow" time="2.145"/>
  <testcase classname="com.qa.voltarengel.test.VoltarengelAnkleTest" name="cookieButton" time="2.128"/>
  <testcase classname="com.qa.voltarengel.test.VoltarengelAnkleTest" name="verifyBreadcrumbOne" time="6.506"/>
  <testcase classname="com.qa.voltarengel.test.VoltarengelAnkleTest" name="verifyBreadcrumbTwo" time="6.056"/>
  <testcase classname="com.qa.voltarengel.test.VoltarengelAnkleTest" name="verifyBreadcrumbThree" time="6.696"/>
  <testcase classname="com.qa.voltarengel.test.VoltarengelAnkleTest" name="verifyBreadcrumbFour" time="3.928"/>
  <testcase classname="com.qa.voltarengel.test.VoltarengelAnkleTest" name="verifyHyperLinkVoltarenArthritisPainGel" time="9.399"/>
  <testcase classname="com.qa.voltarengel.test.VoltarengelAnkleTest" name="verifyHyperLinkPain" time="4.017"/>
  <testcase classname="com.qa.voltarengel.test.VoltarengelAnkleTest" name="verifyShowReference" time="1.45"/>
  <testcase classname="com.qa.voltarengel.test.VoltarengelAnkleTest" name="verifyRelatedArticleReadMoreOne" time="5.283"/>
  <testcase classname="com.qa.voltarengel.test.VoltarengelAnkleTest" name="verifyRelatedArticleReadMoreTwo" time="5.052"/>
  <testcase classname="com.qa.voltarengel.test.VoltarengelAnkleTest" name="verifyGetCoupons" time="4.551"/>
  <testcase classname="com.qa.voltarengel.test.VoltarengelAnkleTest" name="verifyBuyNow" time="2.114"/>
  <testcase classname="com.qa.voltarengel.test.VoltarengelElbowTest" name="cookieButton" time="1.878"/>
  <testcase classname="com.qa.voltarengel.test.VoltarengelElbowTest" name="verifyBreadcrumbOne" time="7.061"/>
  <testcase classname="com.qa.voltarengel.test.VoltarengelElbowTest" name="verifyBreadcrumbTwo" time="5.739"/>
  <testcase classname="com.qa.voltarengel.test.VoltarengelElbowTest" name="verifyBreadcrumbThree" time="4.784"/>
  <testcase classname="com.qa.voltarengel.test.VoltarengelElbowTest" name="verifyBreadcrumbFour" time="4.102"/>
  <testcase classname="com.qa.voltarengel.test.VoltarengelElbowTest" name="verifyHyperLinkDiscomfortAndPain" time="5.078"/>
  <testcase classname="com.qa.voltarengel.test.VoltarengelElbowTest" name="verifyHyperLinkArthritisPain" time="4.374"/>
  <testcase classname="com.qa.voltarengel.test.VoltarengelElbowTest" name="verifyHyperLinkVoltarenArthritisPainGel" time="9.509"/>
  <testcase classname="com.qa.voltarengel.test.VoltarengelElbowTest" name="verifyHyperLinkRelieveArthritisPain" time="5.464"/>
  <testcase classname="com.qa.voltarengel.test.VoltarengelElbowTest" name="verifyShowReference" time="0.954"/>
  <testcase classname="com.qa.voltarengel.test.VoltarengelElbowTest" name="verifyRelatedArticleReadMoreOne" time="4.663"/>
  <testcase classname="com.qa.voltarengel.test.VoltarengelElbowTest" name="verifyRelatedArticleReadMoreTwo" time="5.18"/>
  <testcase classname="com.qa.voltarengel.test.VoltarengelElbowTest" name="verifyGetCoupons" time="4.012"/>
  <testcase classname="com.qa.voltarengel.test.VoltarengelElbowTest" name="verifyBuyNow" time="21.676">
    <skipped/>
  </testcase> <!-- verifyBuyNow -->
  <testcase classname="com.qa.voltarengel.test.VoltarengelElbowTest" name="verifyBuyNow" time="21.551">
    <skipped/>
  </testcase> <!-- verifyBuyNow -->
  <testcase classname="com.qa.voltarengel.test.VoltarengelElbowTest" name="verifyBuyNow" time="21.469">
    <failure type="org.openqa.selenium.TimeoutException" message="Expected condition failed: waiting for visibility of [[ChromeDriver: chrome on WINDOWS (7393559a15870790fad6182b0aefc703)] -&amp;gt; xpath: //div[contains(text(),&amp;apos;Shopping Bag&amp;apos;)]/..//img[@alt=&amp;apos;close cart icon&amp;apos;]] (tried for 20 second(s) with 500 milliseconds interval)
Build info: version: &amp;apos;3.141.59&amp;apos;, revision: &amp;apos;e82be7d358&amp;apos;, time: &amp;apos;2018-11-14T08:17:03&amp;apos;
System info: host: &amp;apos;WKWZTPQVMDCKJHX&amp;apos;, ip: &amp;apos;192.168.0.109&amp;apos;, os.name: &amp;apos;Windows 11&amp;apos;, os.arch: &amp;apos;amd64&amp;apos;, os.version: &amp;apos;10.0&amp;apos;, java.version: &amp;apos;18.0.1&amp;apos;
Driver info: org.openqa.selenium.chrome.ChromeDriver
Capabilities {acceptInsecureCerts: false, browserName: chrome, browserVersion: 112.0.5615.138, chrome: {chromedriverVersion: 111.0.5563.64 (c710e93d5b63..., userDataDir: C:\Users\sujsekar\AppData\L...}, goog:chromeOptions: {debuggerAddress: localhost:61397}, javascriptEnabled: true, networkConnectionEnabled: false, pageLoadStrategy: normal, platform: WINDOWS, platformName: WINDOWS, proxy: Proxy(), setWindowRect: true, strictFileInteractability: false, timeouts: {implicit: 0, pageLoad: 300000, script: 30000}, unhandledPromptBehavior: dismiss and notify, webauthn:extension:credBlob: true, webauthn:extension:largeBlob: true, webauthn:extension:minPinLength: true, webauthn:extension:prf: true, webauthn:virtualAuthenticators: true}
Session ID: 7393559a15870790fad6182b0aefc703">
      <![CDATA[org.openqa.selenium.TimeoutException: Expected condition failed: waiting for visibility of [[ChromeDriver: chrome on WINDOWS (7393559a15870790fad6182b0aefc703)] -> xpath: //div[contains(text(),'Shopping Bag')]/..//img[@alt='close cart icon']] (tried for 20 second(s) with 500 milliseconds interval)
Build info: version: '3.141.59', revision: 'e82be7d358', time: '2018-11-14T08:17:03'
System info: host: 'WKWZTPQVMDCKJHX', ip: '192.168.0.109', os.name: 'Windows 11', os.arch: 'amd64', os.version: '10.0', java.version: '18.0.1'
Driver info: org.openqa.selenium.chrome.ChromeDriver
Capabilities {acceptInsecureCerts: false, browserName: chrome, browserVersion: 112.0.5615.138, chrome: {chromedriverVersion: 111.0.5563.64 (c710e93d5b63..., userDataDir: C:\Users\sujsekar\AppData\L...}, goog:chromeOptions: {debuggerAddress: localhost:61397}, javascriptEnabled: true, networkConnectionEnabled: false, pageLoadStrategy: normal, platform: WINDOWS, platformName: WINDOWS, proxy: Proxy(), setWindowRect: true, strictFileInteractability: false, timeouts: {implicit: 0, pageLoad: 300000, script: 30000}, unhandledPromptBehavior: dismiss and notify, webauthn:extension:credBlob: true, webauthn:extension:largeBlob: true, webauthn:extension:minPinLength: true, webauthn:extension:prf: true, webauthn:virtualAuthenticators: true}
Session ID: 7393559a15870790fad6182b0aefc703
at org.openqa.selenium.support.ui.WebDriverWait.timeoutException(WebDriverWait.java:95)
at org.openqa.selenium.support.ui.FluentWait.until(FluentWait.java:272)
at com.qa.baseClass.BaseClass.visibilityOf(BaseClass.java:795)
at com.qa.voltarengel.pages.VoltarengelElbowPage.clickBuyNow(VoltarengelElbowPage.java:85)
at com.qa.voltarengel.test.VoltarengelElbowTest.verifyBuyNow(VoltarengelElbowTest.java:191)
at java.base/java.util.ArrayList.forEach(ArrayList.java:1511)
... Removed 25 stack frames]]>
    </failure>
  </testcase> <!-- verifyBuyNow -->
  <testcase classname="com.qa.voltarengel.test.VoltarengelKneeBracesForOsteoarthritisTest" name="cookieButton" time="81.366"/>
  <testcase classname="com.qa.voltarengel.test.VoltarengelKneeBracesForOsteoarthritisTest" name="verifyGetCoupon" time="1.157"/>
  <testcase classname="com.qa.voltarengel.test.VoltarengelKneeBracesForOsteoarthritisTest" name="verifyKneePain" time="6.65"/>
  <testcase classname="com.qa.voltarengel.test.VoltarengelKneeBracesForOsteoarthritisTest" name="verifyManageArthritisInSocialSettings" time="1.085"/>
  <testcase classname="com.qa.voltarengel.test.VoltarengelKneeBracesForOsteoarthritisTest" name="verifyManagingArthritisWithYourFamily" time="4.742"/>
  <testcase classname="com.qa.voltarengel.test.VoltarengelKneeBracesForOsteoarthritisTest" name="verifyWhatOsteoarthritisIs" time="5.506"/>
  <testcase classname="com.qa.voltarengel.test.VoltarengelKneeBracesForOsteoarthritisTest" name="verifyShowReference" time="0.93"/>
  <testcase classname="com.qa.voltarengel.test.VoltarengelKneeBracesForOsteoarthritisTest" name="verifyBuyNow" time="1.997"/>
  <testcase classname="com.qa.voltarengel.test.VoltarengelHowToRelieveWristPainTest" name="cookieButton" time="1.992"/>
  <testcase classname="com.qa.voltarengel.test.VoltarengelHowToRelieveWristPainTest" name="verifyBreadcrumbOne" time="6.142"/>
  <testcase classname="com.qa.voltarengel.test.VoltarengelHowToRelieveWristPainTest" name="verifyBreadcrumbTwo" time="6.837"/>
  <testcase classname="com.qa.voltarengel.test.VoltarengelHowToRelieveWristPainTest" name="verifyBreadcrumbThree" time="4.99"/>
  <testcase classname="com.qa.voltarengel.test.VoltarengelHowToRelieveWristPainTest" name="verifyHyperLinkWristPain" time="4.027">
    <skipped/>
  </testcase> <!-- verifyHyperLinkWristPain -->
  <testcase classname="com.qa.voltarengel.test.VoltarengelHowToRelieveWristPainTest" name="verifyHyperLinkWristPain" time="4.989">
    <skipped/>
  </testcase> <!-- verifyHyperLinkWristPain -->
  <testcase classname="com.qa.voltarengel.test.VoltarengelHowToRelieveWristPainTest" name="verifyHyperLinkWristPain" time="4.949">
    <failure type="java.lang.AssertionError" message="expected [understanding-pain/] but found [https://www.voltarengel.com/understanding-pain/]">
      <![CDATA[java.lang.AssertionError: expected [understanding-pain/] but found [https://www.voltarengel.com/understanding-pain/]
at com.qa.baseClass.BaseClass.compareTwoText(BaseClass.java:812)
at com.qa.voltarengel.test.VoltarengelHowToRelieveWristPainTest.verifyHyperLinkWristPain(VoltarengelHowToRelieveWristPainTest.java:87)
at java.base/java.util.ArrayList.forEach(ArrayList.java:1511)
... Removed 31 stack frames]]>
    </failure>
  </testcase> <!-- verifyHyperLinkWristPain -->
  <testcase classname="com.qa.voltarengel.test.VoltarengelHowToRelieveWristPainTest" name="verifyHyperLinkFlexibilityExercises" time="4.837"/>
  <testcase classname="com.qa.voltarengel.test.VoltarengelHowToRelieveWristPainTest" name="verifyHyperLinkVoltarenArthritisPainGel" time="11.642"/>
  <testcase classname="com.qa.voltarengel.test.VoltarengelHowToRelieveWristPainTest" name="verifyHyperLinkArthritisRelief" time="5.56"/>
  <testcase classname="com.qa.voltarengel.test.VoltarengelHowToRelieveWristPainTest" name="verifyShowReference" time="1.438"/>
  <testcase classname="com.qa.voltarengel.test.VoltarengelHowToRelieveWristPainTest" name="verifyRelatedArticleReadMoreOne" time="6.361"/>
  <testcase classname="com.qa.voltarengel.test.VoltarengelHowToRelieveWristPainTest" name="verifyRelatedArticleReadMoreTwo" time="5.114"/>
  <testcase classname="com.qa.voltarengel.test.VoltarengelHowToRelieveWristPainTest" name="verifyGetCoupons" time="4.811"/>
  <testcase classname="com.qa.voltarengel.test.VoltarengelHowToRelieveWristPainTest" name="verifyBuyNow" time="1.986"/>
  <testcase classname="com.qa.voltarengel.test.VoltarengelFoodsToAvoidforArthritisTest" name="cookieButton" time="81.449"/>
  <testcase classname="com.qa.voltarengel.test.VoltarengelFoodsToAvoidforArthritisTest" name="verifyArthritisCauses" time="1.01"/>
  <testcase classname="com.qa.voltarengel.test.VoltarengelFoodsToAvoidforArthritisTest" name="verifyArthritisSymptoms" time="1.132"/>
  <testcase classname="com.qa.voltarengel.test.VoltarengelFoodsToAvoidforArthritisTest" name="verifyGetCoupon" time="1.135"/>
  <testcase classname="com.qa.voltarengel.test.VoltarengelFoodsToAvoidforArthritisTest" name="verifyManageArthritisAtHomeToday" time="5.968"/>
  <testcase classname="com.qa.voltarengel.test.VoltarengelFoodsToAvoidforArthritisTest" name="verifyNaturalRemediesForArthritisPainRelief" time="4.803">
    <skipped/>
  </testcase> <!-- verifyNaturalRemediesForArthritisPainRelief -->
  <testcase classname="com.qa.voltarengel.test.VoltarengelFoodsToAvoidforArthritisTest" name="verifyNaturalRemediesForArthritisPainRelief" time="5.208">
    <skipped/>
  </testcase> <!-- verifyNaturalRemediesForArthritisPainRelief -->
  <testcase classname="com.qa.voltarengel.test.VoltarengelFoodsToAvoidforArthritisTest" name="verifyNaturalRemediesForArthritisPainRelief" time="5.334">
    <failure type="java.lang.AssertionError" message="expected [living-with-arthritis/natural-remedies/] but found [https://www.voltarengel.com/living-with-arthritis/natural-remedies/?_ga=2.124427146.1015409772.1682271985-1516295696.1682271985]">
      <![CDATA[java.lang.AssertionError: expected [living-with-arthritis/natural-remedies/] but found [https://www.voltarengel.com/living-with-arthritis/natural-remedies/?_ga=2.124427146.1015409772.1682271985-1516295696.1682271985]
at com.qa.baseClass.BaseClass.compareTwoText(BaseClass.java:812)
at com.qa.voltarengel.test.VoltarengelFoodsToAvoidforArthritisTest.verifyNaturalRemediesForArthritisPainRelief(VoltarengelFoodsToAvoidforArthritisTest.java:89)
at java.base/java.util.ArrayList.forEach(ArrayList.java:1511)
... Removed 31 stack frames]]>
    </failure>
  </testcase> <!-- verifyNaturalRemediesForArthritisPainRelief -->
  <testcase classname="com.qa.voltarengel.test.VoltarengelFoodsToAvoidforArthritisTest" name="verifyShowReference" time="0.993"/>
  <testcase classname="com.qa.voltarengel.test.VoltarengelFoodsToAvoidforArthritisTest" name="verifyBuyNow" time="20.102">
    <skipped/>
  </testcase> <!-- verifyBuyNow -->
  <testcase classname="com.qa.voltarengel.test.VoltarengelFoodsToAvoidforArthritisTest" name="verifyBuyNow" time="20.222">
    <skipped/>
  </testcase> <!-- verifyBuyNow -->
  <testcase classname="com.qa.voltarengel.test.VoltarengelFoodsToAvoidforArthritisTest" name="verifyBuyNow" time="20.275">
    <failure type="java.lang.Exception" message="Buy Now Button is not Presented in the page">
      <![CDATA[java.lang.Exception: Buy Now Button is not Presented in the page
at com.qa.voltarengel.pages.VoltarengelFoodsToAvoidforArthritis.clickBuyNow(VoltarengelFoodsToAvoidforArthritis.java:74)
at com.qa.voltarengel.test.VoltarengelFoodsToAvoidforArthritisTest.verifyBuyNow(VoltarengelFoodsToAvoidforArthritisTest.java:107)
at java.base/java.util.ArrayList.forEach(ArrayList.java:1511)
... Removed 25 stack frames]]>
    </failure>
  </testcase> <!-- verifyBuyNow -->
  <testcase classname="com.qa.voltarengel.test.VoltarengelNaturalRemediesTest" name="cookieButton" time="81.196"/>
  <testcase classname="com.qa.voltarengel.test.VoltarengelNaturalRemediesTest" name="verifyOsteoarthritisToRheumatoidArthritis" time="5.88"/>
  <testcase classname="com.qa.voltarengel.test.VoltarengelNaturalRemediesTest" name="verifyVoltarenArthritisPainGel" time="0.792"/>
  <testcase classname="com.qa.voltarengel.test.VoltarengelNaturalRemediesTest" name="verifySymptomsOfArthritisPain" time="8.659">
    <skipped/>
  </testcase> <!-- verifySymptomsOfArthritisPain -->
  <testcase classname="com.qa.voltarengel.test.VoltarengelNaturalRemediesTest" name="verifySymptomsOfArthritisPain" time="2.173">
    <skipped/>
  </testcase> <!-- verifySymptomsOfArthritisPain -->
  <testcase classname="com.qa.voltarengel.test.VoltarengelNaturalRemediesTest" name="verifySymptomsOfArthritisPain" time="2.746">
    <failure type="java.lang.AssertionError" message="expected [what-is-arthritis/symptoms/] but found [living-with-arthritis/natural-remedies/]">
      <![CDATA[java.lang.AssertionError: expected [what-is-arthritis/symptoms/] but found [living-with-arthritis/natural-remedies/]
at com.qa.baseClass.BaseClass.compareTwoText(BaseClass.java:812)
at com.qa.voltarengel.test.VoltarengelNaturalRemediesTest.verifySymptomsOfArthritisPain(VoltarengelNaturalRemediesTest.java:69)
at java.base/java.util.ArrayList.forEach(ArrayList.java:1511)
... Removed 31 stack frames]]>
    </failure>
  </testcase> <!-- verifySymptomsOfArthritisPain -->
  <testcase classname="com.qa.voltarengel.test.VoltarengelNaturalRemediesTest" name="verifyPainManagement" time="6.083"/>
  <testcase classname="com.qa.voltarengel.test.VoltarengelNaturalRemediesTest" name="verifySymptomsOfStress" time="5.879"/>
  <testcase classname="com.qa.voltarengel.test.VoltarengelNaturalRemediesTest" name="verifyMuscleStrengtheningExercises" time="0.787"/>
  <testcase classname="com.qa.voltarengel.test.VoltarengelNaturalRemediesTest" name="verifySymptomReliefForArthritisPain" time="0.922"/>
  <testcase classname="com.qa.voltarengel.test.VoltarengelNaturalRemediesTest" name="verifyAtHome" time="1.037"/>
  <testcase classname="com.qa.voltarengel.test.VoltarengelNaturalRemediesTest" name="verifyInSocialSituations" time="0.795"/>
  <testcase classname="com.qa.voltarengel.test.VoltarengelNaturalRemediesTest" name="verifyShowReference" time="0.601"/>
  <testcase classname="com.qa.voltarengel.test.VoltarengelNaturalRemediesTest" name="verifyHowToRelieveArthritisPain" time="6.094">
    <skipped/>
  </testcase> <!-- verifyHowToRelieveArthritisPain -->
  <testcase classname="com.qa.voltarengel.test.VoltarengelNaturalRemediesTest" name="verifyHowToRelieveArthritisPain" time="4.47"/>
  <testcase classname="com.qa.voltarengel.test.VoltarengelNaturalRemediesTest" name="verifyWhataretheCausesOfArthritis" time="1.135"/>
  <testcase classname="com.qa.voltarengel.test.VoltarengelNaturalRemediesTest" name="verifyGetCoupons" time="0.811"/>
  <testcase classname="com.qa.voltarengel.test.VoltarengelNaturalRemediesTest" name="verifyBuyNow" time="20.1">
    <skipped/>
  </testcase> <!-- verifyBuyNow -->
  <testcase classname="com.qa.voltarengel.test.VoltarengelNaturalRemediesTest" name="verifyBuyNow" time="20.165">
    <skipped/>
  </testcase> <!-- verifyBuyNow -->
  <testcase classname="com.qa.voltarengel.test.VoltarengelNaturalRemediesTest" name="verifyBuyNow" time="20.133">
    <failure type="java.lang.Exception" message="Buy Now Button is not Presented in the page">
      <![CDATA[java.lang.Exception: Buy Now Button is not Presented in the page
at com.qa.voltarengel.pages.VoltarengelNaturalRemedies.clickBuyNow(VoltarengelNaturalRemedies.java:95)
at com.qa.voltarengel.test.VoltarengelNaturalRemediesTest.verifyBuyNow(VoltarengelNaturalRemediesTest.java:185)
at java.base/java.util.ArrayList.forEach(ArrayList.java:1511)
... Removed 25 stack frames]]>
    </failure>
  </testcase> <!-- verifyBuyNow -->
  <testcase classname="com.qa.voltarengel.test.VoltarengelFootTest" name="cookieButton" time="1.946"/>
  <testcase classname="com.qa.voltarengel.test.VoltarengelFootTest" name="verifyBreadcrumbOne" time="6.725"/>
  <testcase classname="com.qa.voltarengel.test.VoltarengelFootTest" name="verifyBreadcrumbTwo" time="5.911"/>
  <testcase classname="com.qa.voltarengel.test.VoltarengelFootTest" name="verifyBreadcrumbThree" time="5.873"/>
  <testcase classname="com.qa.voltarengel.test.VoltarengelFootTest" name="verifyBreadcrumbFour" time="3.688"/>
  <testcase classname="com.qa.voltarengel.test.VoltarengelFootTest" name="verifyHyperLinkArthritisPain" time="4.448"/>
  <testcase classname="com.qa.voltarengel.test.VoltarengelFootTest" name="verifyHyperLinkVoltarenArthritisPainGel" time="10.003"/>
  <testcase classname="com.qa.voltarengel.test.VoltarengelFootTest" name="verifyShowReference" time="1.221"/>
  <testcase classname="com.qa.voltarengel.test.VoltarengelFootTest" name="verifyRelatedArticleReadMoreOne" time="20.341">
    <skipped/>
  </testcase> <!-- verifyRelatedArticleReadMoreOne -->
  <testcase classname="com.qa.voltarengel.test.VoltarengelFootTest" name="verifyRelatedArticleReadMoreOne" time="20.101">
    <skipped/>
  </testcase> <!-- verifyRelatedArticleReadMoreOne -->
  <testcase classname="com.qa.voltarengel.test.VoltarengelFootTest" name="verifyRelatedArticleReadMoreOne" time="20.158">
    <failure type="java.lang.Exception" message="Related Article Read More One is not preseneted in the page">
      <![CDATA[java.lang.Exception: Related Article Read More One is not preseneted in the page
at com.qa.voltarengel.pages.VoltarengelFootPage.clickRelatedArticleReadMoreOne(VoltarengelFootPage.java:231)
at com.qa.voltarengel.test.VoltarengelFootTest.verifyRelatedArticleReadMoreOne(VoltarengelFootTest.java:128)
at java.base/java.util.ArrayList.forEach(ArrayList.java:1511)
... Removed 25 stack frames]]>
    </failure>
  </testcase> <!-- verifyRelatedArticleReadMoreOne -->
  <testcase classname="com.qa.voltarengel.test.VoltarengelFootTest" name="verifyRelatedArticleReadMoreTwo" time="20.103">
    <skipped/>
  </testcase> <!-- verifyRelatedArticleReadMoreTwo -->
  <testcase classname="com.qa.voltarengel.test.VoltarengelFootTest" name="verifyRelatedArticleReadMoreTwo" time="20.147">
    <skipped/>
  </testcase> <!-- verifyRelatedArticleReadMoreTwo -->
  <testcase classname="com.qa.voltarengel.test.VoltarengelFootTest" name="verifyRelatedArticleReadMoreTwo" time="20.139">
    <failure type="java.lang.Exception" message="Related Article Read More Two is not preseneted in the page">
      <![CDATA[java.lang.Exception: Related Article Read More Two is not preseneted in the page
at com.qa.voltarengel.pages.VoltarengelFootPage.clickRelatedArticleReadMoreTwo(VoltarengelFootPage.java:244)
at com.qa.voltarengel.test.VoltarengelFootTest.verifyRelatedArticleReadMoreTwo(VoltarengelFootTest.java:140)
at java.base/java.util.ArrayList.forEach(ArrayList.java:1511)
... Removed 25 stack frames]]>
    </failure>
  </testcase> <!-- verifyRelatedArticleReadMoreTwo -->
  <testcase classname="com.qa.voltarengel.test.VoltarengelFootTest" name="verifyGetCoupons" time="6.145"/>
  <testcase classname="com.qa.voltarengel.test.VoltarengelFootTest" name="verifyBuyNow" time="1.864"/>
  <testcase classname="com.qa.voltarengel.test.VoltarenSocialSettingsTest" name="cookieButton" time="2.319"/>
  <testcase classname="com.qa.voltarengel.test.VoltarenSocialSettingsTest" name="verifyBreadcrumbOne" time="7.472"/>
  <testcase classname="com.qa.voltarengel.test.VoltarenSocialSettingsTest" name="verifyBreadcrumbTwo" time="6.856"/>
  <testcase classname="com.qa.voltarengel.test.VoltarenSocialSettingsTest" name="verifyBreadcrumbThree" time="5.911"/>
  <testcase classname="com.qa.voltarengel.test.VoltarenSocialSettingsTest" name="verifyBreadcrumbFour" time="4.907"/>
  <testcase classname="com.qa.voltarengel.test.VoltarenSocialSettingsTest" name="verifyHyperLinkArthritis" time="5.481"/>
  <testcase classname="com.qa.voltarengel.test.VoltarenSocialSettingsTest" name="verifyHyperLinkManageYourStress" time="4.506"/>
  <testcase classname="com.qa.voltarengel.test.VoltarenSocialSettingsTest" name="verifyHyperLinkExercise" time="5.36"/>
  <testcase classname="com.qa.voltarengel.test.VoltarenSocialSettingsTest" name="verifyHyperLinkRelieveJointPainCausedByArthritis" time="6.152"/>
  <testcase classname="com.qa.voltarengel.test.VoltarenSocialSettingsTest" name="verifyShowReference" time="1.024"/>
  <testcase classname="com.qa.voltarengel.test.VoltarenSocialSettingsTest" name="verifyRelatedArticleReadMoreOne" time="4.662"/>
  <testcase classname="com.qa.voltarengel.test.VoltarenSocialSettingsTest" name="verifyRelatedArticleReadMoreTwo" time="3.944"/>
  <testcase classname="com.qa.voltarengel.test.VoltarenSocialSettingsTest" name="verifyGetCoupons" time="6.329"/>
  <testcase classname="com.qa.voltarengel.test.VoltarenSocialSettingsTest" name="verifyBuyNow" time="1.87"/>
  <testcase classname="com.qa.voltarengel.test.VoltarengelFamilyTest" name="cookieButton" time="2.334"/>
  <testcase classname="com.qa.voltarengel.test.VoltarengelFamilyTest" name="verifyBreadcrumbOne" time="6.432"/>
  <testcase classname="com.qa.voltarengel.test.VoltarengelFamilyTest" name="verifyBreadcrumbTwo" time="10.104"/>
  <testcase classname="com.qa.voltarengel.test.VoltarengelFamilyTest" name="verifyBreadcrumbThree" time="5.749"/>
  <testcase classname="com.qa.voltarengel.test.VoltarengelFamilyTest" name="verifyBreadcrumbFour" time="6.988"/>
  <testcase classname="com.qa.voltarengel.test.VoltarengelFamilyTest" name="verifyHyperLinkPain" time="6.14"/>
  <testcase classname="com.qa.voltarengel.test.VoltarengelFamilyTest" name="verifyHyperLinkArthritisMoreManageable" time="4.664"/>
  <testcase classname="com.qa.voltarengel.test.VoltarengelFamilyTest" name="verifyHyperLinkWhatYourConditionIs" time="5.426"/>
  <testcase classname="com.qa.voltarengel.test.VoltarengelFamilyTest" name="verifyHyperLinkPainCausedByArthritis" time="4.808"/>
  <testcase classname="com.qa.voltarengel.test.VoltarengelFamilyTest" name="verifyHyperLinkStressors" time="5.159"/>
  <testcase classname="com.qa.voltarengel.test.VoltarengelFamilyTest" name="verifyHyperLinkExercise" time="5.534"/>
  <testcase classname="com.qa.voltarengel.test.VoltarengelFamilyTest" name="verifyHyperLinkVoltarenArthritisPainGel" time="8.98"/>
  <testcase classname="com.qa.voltarengel.test.VoltarengelFamilyTest" name="verifyShowReference" time="0.912"/>
  <testcase classname="com.qa.voltarengel.test.VoltarengelFamilyTest" name="verifyRelatedArticleReadMoreOne" time="20.345">
    <skipped/>
  </testcase> <!-- verifyRelatedArticleReadMoreOne -->
  <testcase classname="com.qa.voltarengel.test.VoltarengelFamilyTest" name="verifyRelatedArticleReadMoreOne" time="20.182">
    <skipped/>
  </testcase> <!-- verifyRelatedArticleReadMoreOne -->
  <testcase classname="com.qa.voltarengel.test.VoltarengelFamilyTest" name="verifyRelatedArticleReadMoreOne" time="20.132">
    <failure type="java.lang.Exception" message="Related Article Read More One is not preseneted in the page">
      <![CDATA[java.lang.Exception: Related Article Read More One is not preseneted in the page
at com.qa.voltarengel.pages.VoltarengelFamilyPage.clickRelatedArticleReadMoreOne(VoltarengelFamilyPage.java:311)
at com.qa.voltarengel.test.VoltarengelFamilyTest.verifyRelatedArticleReadMoreOne(VoltarengelFamilyTest.java:190)
at java.base/java.util.ArrayList.forEach(ArrayList.java:1511)
... Removed 25 stack frames]]>
    </failure>
  </testcase> <!-- verifyRelatedArticleReadMoreOne -->
  <testcase classname="com.qa.voltarengel.test.VoltarengelFamilyTest" name="verifyRelatedArticleReadMoreTwo" time="20.21">
    <skipped/>
  </testcase> <!-- verifyRelatedArticleReadMoreTwo -->
  <testcase classname="com.qa.voltarengel.test.VoltarengelFamilyTest" name="verifyRelatedArticleReadMoreTwo" time="20.169">
    <skipped/>
  </testcase> <!-- verifyRelatedArticleReadMoreTwo -->
  <testcase classname="com.qa.voltarengel.test.VoltarengelFamilyTest" name="verifyRelatedArticleReadMoreTwo" time="20.161">
    <failure type="java.lang.Exception" message="Related Article Read More Two is not preseneted in the page">
      <![CDATA[java.lang.Exception: Related Article Read More Two is not preseneted in the page
at com.qa.voltarengel.pages.VoltarengelFamilyPage.clickRelatedArticleReadMoreTwo(VoltarengelFamilyPage.java:324)
at com.qa.voltarengel.test.VoltarengelFamilyTest.verifyRelatedArticleReadMoreTwo(VoltarengelFamilyTest.java:202)
at java.base/java.util.ArrayList.forEach(ArrayList.java:1511)
... Removed 25 stack frames]]>
    </failure>
  </testcase> <!-- verifyRelatedArticleReadMoreTwo -->
  <testcase classname="com.qa.voltarengel.test.VoltarengelFamilyTest" name="verifyGetCoupons" time="4.221"/>
  <testcase classname="com.qa.voltarengel.test.VoltarengelFamilyTest" name="verifyBuyNow" time="1.905"/>
  <testcase classname="com.qa.voltarengel.test.VoltarengelWristTest" name="cookieButton" time="1.987"/>
  <testcase classname="com.qa.voltarengel.test.VoltarengelWristTest" name="verifyBreadcrumbOne" time="7.758"/>
  <testcase classname="com.qa.voltarengel.test.VoltarengelWristTest" name="verifyBreadcrumbTwo" time="6.93"/>
  <testcase classname="com.qa.voltarengel.test.VoltarengelWristTest" name="verifyBreadcrumbThree" time="4.538"/>
  <testcase classname="com.qa.voltarengel.test.VoltarengelWristTest" name="verifyBreadcrumbFour" time="4.714"/>
  <testcase classname="com.qa.voltarengel.test.VoltarengelWristTest" name="verifyHyperLinkADayJob" time="3.99">
    <skipped/>
  </testcase> <!-- verifyHyperLinkADayJob -->
  <testcase classname="com.qa.voltarengel.test.VoltarengelWristTest" name="verifyHyperLinkADayJob" time="4.708">
    <skipped/>
  </testcase> <!-- verifyHyperLinkADayJob -->
  <testcase classname="com.qa.voltarengel.test.VoltarengelWristTest" name="verifyHyperLinkADayJob" time="4.443">
    <failure type="java.lang.AssertionError" message="expected [living-with-arthritis/managing-arthritis/work/] but found [https://www.voltarengel.com/living-with-arthritis/managing-arthritis/work/]">
      <![CDATA[java.lang.AssertionError: expected [living-with-arthritis/managing-arthritis/work/] but found [https://www.voltarengel.com/living-with-arthritis/managing-arthritis/work/]
at com.qa.baseClass.BaseClass.compareTwoText(BaseClass.java:812)
at com.qa.voltarengel.test.VoltarengelWristTest.verifyHyperLinkADayJob(VoltarengelWristTest.java:99)
at java.base/java.util.ArrayList.forEach(ArrayList.java:1511)
... Removed 31 stack frames]]>
    </failure>
  </testcase> <!-- verifyHyperLinkADayJob -->
  <testcase classname="com.qa.voltarengel.test.VoltarengelWristTest" name="verifyHyperLinkArthritisPain" time="5.935"/>
  <testcase classname="com.qa.voltarengel.test.VoltarengelWristTest" name="verifyHyperLinkVoltarenArthritisPainGel" time="11.052">
    <skipped/>
  </testcase> <!-- verifyHyperLinkVoltarenArthritisPainGel -->
  <testcase classname="com.qa.voltarengel.test.VoltarengelWristTest" name="verifyHyperLinkVoltarenArthritisPainGel" time="9.734">
    <skipped/>
  </testcase> <!-- verifyHyperLinkVoltarenArthritisPainGel -->
  <testcase classname="com.qa.voltarengel.test.VoltarengelWristTest" name="verifyHyperLinkVoltarenArthritisPainGel" time="8.25">
    <failure type="java.lang.AssertionError" message="expected [what-is-voltaren/] but found [https://www.voltarengel.com/what-is-voltaren/]">
      <![CDATA[java.lang.AssertionError: expected [what-is-voltaren/] but found [https://www.voltarengel.com/what-is-voltaren/]
at com.qa.baseClass.BaseClass.compareTwoText(BaseClass.java:812)
at com.qa.voltarengel.test.VoltarengelWristTest.verifyHyperLinkVoltarenArthritisPainGel(VoltarengelWristTest.java:123)
at java.base/java.util.ArrayList.forEach(ArrayList.java:1511)
... Removed 31 stack frames]]>
    </failure>
  </testcase> <!-- verifyHyperLinkVoltarenArthritisPainGel -->
  <testcase classname="com.qa.voltarengel.test.VoltarengelWristTest" name="verifyHyperLinkJointPain" time="4.047"/>
  <testcase classname="com.qa.voltarengel.test.VoltarengelWristTest" name="verifyHyperLinkArthritisExercise" time="4.756"/>
  <testcase classname="com.qa.voltarengel.test.VoltarengelWristTest" name="verifyHyperLinkHelpDecreaseYourArthritisPain" time="6.793"/>
  <testcase classname="com.qa.voltarengel.test.VoltarengelWristTest" name="verifyShowReference" time="0.724"/>
  <testcase classname="com.qa.voltarengel.test.VoltarengelWristTest" name="verifyRelatedArticleReadMoreOne" time="20.296">
    <skipped/>
  </testcase> <!-- verifyRelatedArticleReadMoreOne -->
  <testcase classname="com.qa.voltarengel.test.VoltarengelWristTest" name="verifyRelatedArticleReadMoreOne" time="20.374">
    <skipped/>
  </testcase> <!-- verifyRelatedArticleReadMoreOne -->
  <testcase classname="com.qa.voltarengel.test.VoltarengelWristTest" name="verifyRelatedArticleReadMoreOne" time="20.106">
    <failure type="java.lang.Exception" message="Related Article Read More One is not preseneted in the page">
      <![CDATA[java.lang.Exception: Related Article Read More One is not preseneted in the page
at com.qa.voltarengel.pages.VoltarengelWristPage.clickRelatedArticleReadMoreOne(VoltarengelWristPage.java:297)
at com.qa.voltarengel.test.VoltarengelWristTest.verifyRelatedArticleReadMoreOne(VoltarengelWristTest.java:176)
at java.base/java.util.ArrayList.forEach(ArrayList.java:1511)
... Removed 25 stack frames]]>
    </failure>
  </testcase> <!-- verifyRelatedArticleReadMoreOne -->
  <testcase classname="com.qa.voltarengel.test.VoltarengelWristTest" name="verifyRelatedArticleReadMoreTwo" time="20.103">
    <skipped/>
  </testcase> <!-- verifyRelatedArticleReadMoreTwo -->
  <testcase classname="com.qa.voltarengel.test.VoltarengelWristTest" name="verifyRelatedArticleReadMoreTwo" time="20.143">
    <skipped/>
  </testcase> <!-- verifyRelatedArticleReadMoreTwo -->
  <testcase classname="com.qa.voltarengel.test.VoltarengelWristTest" name="verifyRelatedArticleReadMoreTwo" time="20.185">
    <failure type="java.lang.Exception" message="Related Article Read More Two is not preseneted in the page">
      <![CDATA[java.lang.Exception: Related Article Read More Two is not preseneted in the page
at com.qa.voltarengel.pages.VoltarengelWristPage.clickRelatedArticleReadMoreTwo(VoltarengelWristPage.java:310)
at com.qa.voltarengel.test.VoltarengelWristTest.verifyRelatedArticleReadMoreTwo(VoltarengelWristTest.java:188)
at java.base/java.util.ArrayList.forEach(ArrayList.java:1511)
... Removed 25 stack frames]]>
    </failure>
  </testcase> <!-- verifyRelatedArticleReadMoreTwo -->
  <testcase classname="com.qa.voltarengel.test.VoltarengelWristTest" name="verifyGetCoupons" time="4.409"/>
  <testcase classname="com.qa.voltarengel.test.VoltarengelWristTest" name="verifyBuyNow" time="1.979"/>
  <testcase classname="com.qa.voltarengel.test.VoltarengelHowToPreventArthritisTest" name="cookieButton" time="2.05"/>
  <testcase classname="com.qa.voltarengel.test.VoltarengelHowToPreventArthritisTest" name="verifyBreadcrumbOne" time="6.99"/>
  <testcase classname="com.qa.voltarengel.test.VoltarengelHowToPreventArthritisTest" name="verifyBreadcrumbTwo" time="5.093"/>
  <testcase classname="com.qa.voltarengel.test.VoltarengelHowToPreventArthritisTest" name="verifyBreadcrumbThree" time="8.75"/>
  <testcase classname="com.qa.voltarengel.test.VoltarengelHowToPreventArthritisTest" name="verifyBreadcrumbFour" time="3.857"/>
  <testcase classname="com.qa.voltarengel.test.VoltarengelHowToPreventArthritisTest" name="verifyHyperLinkWrists" time="5.887"/>
  <testcase classname="com.qa.voltarengel.test.VoltarengelHowToPreventArthritisTest" name="verifyHyperLinkKnees" time="4.871"/>
  <testcase classname="com.qa.voltarengel.test.VoltarengelHowToPreventArthritisTest" name="verifyHyperLinkAnkles" time="7.383"/>
  <testcase classname="com.qa.voltarengel.test.VoltarengelHowToPreventArthritisTest" name="verifyHyperLinkFeet" time="5.355"/>
  <testcase classname="com.qa.voltarengel.test.VoltarengelHowToPreventArthritisTest" name="verifyHyperLinkPainReliefExercises" time="5.099"/>
  <testcase classname="com.qa.voltarengel.test.VoltarengelHowToPreventArthritisTest" name="verifyHyperLinkArthritisManagementTips" time="5.301"/>
  <testcase classname="com.qa.voltarengel.test.VoltarengelHowToPreventArthritisTest" name="verifyShowReference" time="1.282"/>
  <testcase classname="com.qa.voltarengel.test.VoltarengelHowToPreventArthritisTest" name="verifyRelatedArticleReadMoreOne" time="6.389"/>
  <testcase classname="com.qa.voltarengel.test.VoltarengelHowToPreventArthritisTest" name="verifyRelatedArticleReadMoreTwo" time="4.485"/>
  <testcase classname="com.qa.voltarengel.test.VoltarengelHowToPreventArthritisTest" name="verifyGetCoupons" time="4.952"/>
  <testcase classname="com.qa.voltarengel.test.VoltarengelHowToPreventArthritisTest" name="verifyBuyNow" time="2.306"/>
  <testcase classname="com.qa.voltarengel.test.VoltarengelFirstArthritisFriendlySiteTest" name="cookieButton" time="2.176"/>
  <testcase classname="com.qa.voltarengel.test.VoltarengelFirstArthritisFriendlySiteTest" name="verifyBreadcrumbOne" time="6.622"/>
  <testcase classname="com.qa.voltarengel.test.VoltarengelFirstArthritisFriendlySiteTest" name="verifyBreadcrumbTwo" time="5.844"/>
  <testcase classname="com.qa.voltarengel.test.VoltarengelFirstArthritisFriendlySiteTest" name="verifyBreadcrumbThree" time="4.202"/>
  <testcase classname="com.qa.voltarengel.test.VoltarengelFirstArthritisFriendlySiteTest" name="verifyHyperLinkArthritisPain" time="5.001"/>
  <testcase classname="com.qa.voltarengel.test.VoltarengelFirstArthritisFriendlySiteTest" name="verifyHyperLinkArthritis" time="4.211"/>
  <testcase classname="com.qa.voltarengel.test.VoltarengelFirstArthritisFriendlySiteTest" name="verifyHyperLinkHowVoltarenWorks" time="10.608">
    <skipped/>
  </testcase> <!-- verifyHyperLinkHowVoltarenWorks -->
  <testcase classname="com.qa.voltarengel.test.VoltarengelFirstArthritisFriendlySiteTest" name="verifyHyperLinkHowVoltarenWorks" time="9.155">
    <skipped/>
  </testcase> <!-- verifyHyperLinkHowVoltarenWorks -->
  <testcase classname="com.qa.voltarengel.test.VoltarengelFirstArthritisFriendlySiteTest" name="verifyHyperLinkHowVoltarenWorks" time="8.901">
    <failure type="java.lang.AssertionError" message="expected [what-is-voltaren/] but found [https://www.voltarengel.com/what-is-voltaren/]">
      <![CDATA[java.lang.AssertionError: expected [what-is-voltaren/] but found [https://www.voltarengel.com/what-is-voltaren/]
at com.qa.baseClass.BaseClass.compareTwoText(BaseClass.java:812)
at com.qa.voltarengel.test.VoltarengelFirstArthritisFriendlySiteTest.verifyHyperLinkHowVoltarenWorks(VoltarengelFirstArthritisFriendlySiteTest.java:111)
at java.base/java.util.ArrayList.forEach(ArrayList.java:1511)
... Removed 31 stack frames]]>
    </failure>
  </testcase> <!-- verifyHyperLinkHowVoltarenWorks -->
  <testcase classname="com.qa.voltarengel.test.VoltarengelFirstArthritisFriendlySiteTest" name="verifyHyperLinkTheseFeatures" time="5.01"/>
  <testcase classname="com.qa.voltarengel.test.VoltarengelFirstArthritisFriendlySiteTest" name="verifyRelatedArticleReadMoreOne" time="20.122">
    <skipped/>
  </testcase> <!-- verifyRelatedArticleReadMoreOne -->
  <testcase classname="com.qa.voltarengel.test.VoltarengelFirstArthritisFriendlySiteTest" name="verifyRelatedArticleReadMoreOne" time="20.238">
    <skipped/>
  </testcase> <!-- verifyRelatedArticleReadMoreOne -->
  <testcase classname="com.qa.voltarengel.test.VoltarengelFirstArthritisFriendlySiteTest" name="verifyRelatedArticleReadMoreOne" time="20.239">
    <failure type="java.lang.Exception" message="Related Article Read More One is not preseneted in the page">
      <![CDATA[java.lang.Exception: Related Article Read More One is not preseneted in the page
at com.qa.voltarengel.pages.VoltarengelFirstArthritisFriendlySitePage.clickRelatedArticleReadMoreOne(VoltarengelFirstArthritisFriendlySitePage.java:253)
at com.qa.voltarengel.test.VoltarengelFirstArthritisFriendlySiteTest.verifyRelatedArticleReadMoreOne(VoltarengelFirstArthritisFriendlySiteTest.java:130)
at java.base/java.util.ArrayList.forEach(ArrayList.java:1511)
... Removed 25 stack frames]]>
    </failure>
  </testcase> <!-- verifyRelatedArticleReadMoreOne -->
  <testcase classname="com.qa.voltarengel.test.VoltarengelFirstArthritisFriendlySiteTest" name="verifyRelatedArticleReadMoreTwo" time="20.188">
    <skipped/>
  </testcase> <!-- verifyRelatedArticleReadMoreTwo -->
  <testcase classname="com.qa.voltarengel.test.VoltarengelFirstArthritisFriendlySiteTest" name="verifyRelatedArticleReadMoreTwo" time="20.106">
    <skipped/>
  </testcase> <!-- verifyRelatedArticleReadMoreTwo -->
  <testcase classname="com.qa.voltarengel.test.VoltarengelFirstArthritisFriendlySiteTest" name="verifyRelatedArticleReadMoreTwo" time="20.104">
    <failure type="java.lang.Exception" message="Related Article Read More Two is not preseneted in the page">
      <![CDATA[java.lang.Exception: Related Article Read More Two is not preseneted in the page
at com.qa.voltarengel.pages.VoltarengelFirstArthritisFriendlySitePage.clickRelatedArticleReadMoreTwo(VoltarengelFirstArthritisFriendlySitePage.java:266)
at com.qa.voltarengel.test.VoltarengelFirstArthritisFriendlySiteTest.verifyRelatedArticleReadMoreTwo(VoltarengelFirstArthritisFriendlySiteTest.java:142)
at java.base/java.util.ArrayList.forEach(ArrayList.java:1511)
... Removed 25 stack frames]]>
    </failure>
  </testcase> <!-- verifyRelatedArticleReadMoreTwo -->
  <testcase classname="com.qa.voltarengel.test.VoltarengelFirstArthritisFriendlySiteTest" name="verifyGetCoupons" time="6.146"/>
  <testcase classname="com.qa.voltarengel.test.VoltarengelFirstArthritisFriendlySiteTest" name="verifyBuyNow" time="1.798"/>
  <testcase classname="com.qa.baseClass.BaseClass" name="@AfterSuite endReport" time="0.0">
    <ignored/>
  </testcase> <!-- @AfterSuite endReport -->
  <testcase classname="com.qa.baseClass.BaseClass" name="@AfterSuite endReport" time="0.0">
    <ignored/>
  </testcase> <!-- @AfterSuite endReport -->
  <testcase classname="com.qa.baseClass.BaseClass" name="@AfterSuite endReport" time="0.0">
    <ignored/>
  </testcase> <!-- @AfterSuite endReport -->
  <testcase classname="com.qa.baseClass.BaseClass" name="@AfterSuite endReport" time="0.0">
    <ignored/>
  </testcase> <!-- @AfterSuite endReport -->
  <testcase classname="com.qa.baseClass.BaseClass" name="@AfterSuite endReport" time="0.0">
    <ignored/>
  </testcase> <!-- @AfterSuite endReport -->
  <testcase classname="com.qa.baseClass.BaseClass" name="@AfterSuite endReport" time="0.0">
    <ignored/>
  </testcase> <!-- @AfterSuite endReport -->
  <testcase classname="com.qa.baseClass.BaseClass" name="@AfterSuite endReport" time="0.0">
    <ignored/>
  </testcase> <!-- @AfterSuite endReport -->
  <testcase classname="com.qa.baseClass.BaseClass" name="@AfterSuite endReport" time="0.0">
    <ignored/>
  </testcase> <!-- @AfterSuite endReport -->
  <testcase classname="com.qa.baseClass.BaseClass" name="@AfterSuite endReport" time="0.0">
    <ignored/>
  </testcase> <!-- @AfterSuite endReport -->
  <testcase classname="com.qa.baseClass.BaseClass" name="@AfterSuite endReport" time="0.0">
    <ignored/>
  </testcase> <!-- @AfterSuite endReport -->
  <testcase classname="com.qa.baseClass.BaseClass" name="@AfterSuite endReport" time="0.0">
    <ignored/>
  </testcase> <!-- @AfterSuite endReport -->
  <testcase classname="com.qa.baseClass.BaseClass" name="@AfterSuite endReport" time="0.0">
    <ignored/>
  </testcase> <!-- @AfterSuite endReport -->
  <testcase classname="com.qa.baseClass.BaseClass" name="@AfterSuite endReport" time="0.0">
    <ignored/>
  </testcase> <!-- @AfterSuite endReport -->
  <testcase classname="com.qa.baseClass.BaseClass" name="@AfterSuite endReport" time="0.0">
    <ignored/>
  </testcase> <!-- @AfterSuite endReport -->
  <testcase classname="com.qa.baseClass.BaseClass" name="@AfterSuite endReport" time="0.0">
    <ignored/>
  </testcase> <!-- @AfterSuite endReport -->
  <testcase classname="com.qa.baseClass.BaseClass" name="@AfterSuite endReport" time="0.0">
    <ignored/>
  </testcase> <!-- @AfterSuite endReport -->
  <testcase classname="com.qa.baseClass.BaseClass" name="@AfterSuite endReport" time="0.0">
    <ignored/>
  </testcase> <!-- @AfterSuite endReport -->
  <testcase classname="com.qa.baseClass.BaseClass" name="@AfterSuite endReport" time="0.0">
    <ignored/>
  </testcase> <!-- @AfterSuite endReport -->
  <testcase classname="com.qa.baseClass.BaseClass" name="@AfterSuite endReport" time="0.0">
    <ignored/>
  </testcase> <!-- @AfterSuite endReport -->
  <testcase classname="com.qa.baseClass.BaseClass" name="@AfterSuite endReport" time="0.0">
    <ignored/>
  </testcase> <!-- @AfterSuite endReport -->
  <testcase classname="com.qa.baseClass.BaseClass" name="@AfterSuite endReport" time="0.0">
    <ignored/>
  </testcase> <!-- @AfterSuite endReport -->
  <testcase classname="com.qa.baseClass.BaseClass" name="@AfterSuite endReport" time="0.0">
    <ignored/>
  </testcase> <!-- @AfterSuite endReport -->
  <testcase classname="com.qa.baseClass.BaseClass" name="@AfterSuite endReport" time="0.0">
    <ignored/>
  </testcase> <!-- @AfterSuite endReport -->
  <testcase classname="com.qa.baseClass.BaseClass" name="@AfterSuite endReport" time="0.0">
    <ignored/>
  </testcase> <!-- @AfterSuite endReport -->
  <testcase classname="com.qa.baseClass.BaseClass" name="@AfterSuite endReport" time="0.0">
    <ignored/>
  </testcase> <!-- @AfterSuite endReport -->
  <testcase classname="com.qa.baseClass.BaseClass" name="@AfterSuite endReport" time="0.0">
    <ignored/>
  </testcase> <!-- @AfterSuite endReport -->
  <testcase classname="com.qa.baseClass.BaseClass" name="@AfterSuite endReport" time="0.0">
    <ignored/>
  </testcase> <!-- @AfterSuite endReport -->
  <testcase classname="com.qa.baseClass.BaseClass" name="@AfterSuite endReport" time="0.0">
    <ignored/>
  </testcase> <!-- @AfterSuite endReport -->
  <testcase classname="com.qa.baseClass.BaseClass" name="@AfterSuite endReport" time="0.0">
    <ignored/>
  </testcase> <!-- @AfterSuite endReport -->
  <testcase classname="com.qa.baseClass.BaseClass" name="@AfterSuite endReport" time="0.0">
    <ignored/>
  </testcase> <!-- @AfterSuite endReport -->
  <testcase classname="com.qa.baseClass.BaseClass" name="@AfterSuite endReport" time="0.0">
    <ignored/>
  </testcase> <!-- @AfterSuite endReport -->
  <testcase classname="com.qa.baseClass.BaseClass" name="@BeforeSuite startReport" time="0.0">
    <ignored/>
  </testcase> <!-- @BeforeSuite startReport -->
  <testcase classname="com.qa.baseClass.BaseClass" name="@BeforeSuite startReport" time="0.0">
    <ignored/>
  </testcase> <!-- @BeforeSuite startReport -->
  <testcase classname="com.qa.baseClass.BaseClass" name="@BeforeSuite startReport" time="0.0">
    <ignored/>
  </testcase> <!-- @BeforeSuite startReport -->
  <testcase classname="com.qa.baseClass.BaseClass" name="@BeforeSuite startReport" time="0.0">
    <ignored/>
  </testcase> <!-- @BeforeSuite startReport -->
  <testcase classname="com.qa.baseClass.BaseClass" name="@BeforeSuite startReport" time="0.0">
    <ignored/>
  </testcase> <!-- @BeforeSuite startReport -->
  <testcase classname="com.qa.baseClass.BaseClass" name="@BeforeSuite startReport" time="0.0">
    <ignored/>
  </testcase> <!-- @BeforeSuite startReport -->
  <testcase classname="com.qa.baseClass.BaseClass" name="@BeforeSuite startReport" time="0.0">
    <ignored/>
  </testcase> <!-- @BeforeSuite startReport -->
  <testcase classname="com.qa.baseClass.BaseClass" name="@BeforeSuite startReport" time="0.0">
    <ignored/>
  </testcase> <!-- @BeforeSuite startReport -->
  <testcase classname="com.qa.baseClass.BaseClass" name="@BeforeSuite startReport" time="0.0">
    <ignored/>
  </testcase> <!-- @BeforeSuite startReport -->
  <testcase classname="com.qa.baseClass.BaseClass" name="@BeforeSuite startReport" time="0.0">
    <ignored/>
  </testcase> <!-- @BeforeSuite startReport -->
  <testcase classname="com.qa.baseClass.BaseClass" name="@BeforeSuite startReport" time="0.0">
    <ignored/>
  </testcase> <!-- @BeforeSuite startReport -->
  <testcase classname="com.qa.baseClass.BaseClass" name="@BeforeSuite startReport" time="0.0">
    <ignored/>
  </testcase> <!-- @BeforeSuite startReport -->
  <testcase classname="com.qa.baseClass.BaseClass" name="@BeforeSuite startReport" time="0.0">
    <ignored/>
  </testcase> <!-- @BeforeSuite startReport -->
  <testcase classname="com.qa.baseClass.BaseClass" name="@BeforeSuite startReport" time="0.0">
    <ignored/>
  </testcase> <!-- @BeforeSuite startReport -->
  <testcase classname="com.qa.baseClass.BaseClass" name="@BeforeSuite startReport" time="0.0">
    <ignored/>
  </testcase> <!-- @BeforeSuite startReport -->
  <testcase classname="com.qa.baseClass.BaseClass" name="@BeforeSuite startReport" time="0.0">
    <ignored/>
  </testcase> <!-- @BeforeSuite startReport -->
  <testcase classname="com.qa.baseClass.BaseClass" name="@BeforeSuite startReport" time="0.0">
    <ignored/>
  </testcase> <!-- @BeforeSuite startReport -->
  <testcase classname="com.qa.baseClass.BaseClass" name="@BeforeSuite startReport" time="0.0">
    <ignored/>
  </testcase> <!-- @BeforeSuite startReport -->
  <testcase classname="com.qa.baseClass.BaseClass" name="@BeforeSuite startReport" time="0.0">
    <ignored/>
  </testcase> <!-- @BeforeSuite startReport -->
  <testcase classname="com.qa.baseClass.BaseClass" name="@BeforeSuite startReport" time="0.0">
    <ignored/>
  </testcase> <!-- @BeforeSuite startReport -->
  <testcase classname="com.qa.baseClass.BaseClass" name="@BeforeSuite startReport" time="0.0">
    <ignored/>
  </testcase> <!-- @BeforeSuite startReport -->
  <testcase classname="com.qa.baseClass.BaseClass" name="@BeforeSuite startReport" time="0.0">
    <ignored/>
  </testcase> <!-- @BeforeSuite startReport -->
  <testcase classname="com.qa.baseClass.BaseClass" name="@BeforeSuite startReport" time="0.0">
    <ignored/>
  </testcase> <!-- @BeforeSuite startReport -->
  <testcase classname="com.qa.baseClass.BaseClass" name="@BeforeSuite startReport" time="0.0">
    <ignored/>
  </testcase> <!-- @BeforeSuite startReport -->
  <testcase classname="com.qa.baseClass.BaseClass" name="@BeforeSuite startReport" time="0.0">
    <ignored/>
  </testcase> <!-- @BeforeSuite startReport -->
  <testcase classname="com.qa.baseClass.BaseClass" name="@BeforeSuite startReport" time="0.0">
    <ignored/>
  </testcase> <!-- @BeforeSuite startReport -->
  <testcase classname="com.qa.baseClass.BaseClass" name="@BeforeSuite startReport" time="0.0">
    <ignored/>
  </testcase> <!-- @BeforeSuite startReport -->
  <testcase classname="com.qa.baseClass.BaseClass" name="@BeforeSuite startReport" time="0.0">
    <ignored/>
  </testcase> <!-- @BeforeSuite startReport -->
  <testcase classname="com.qa.baseClass.BaseClass" name="@BeforeSuite startReport" time="0.0">
    <ignored/>
  </testcase> <!-- @BeforeSuite startReport -->
  <testcase classname="com.qa.baseClass.BaseClass" name="@BeforeSuite startReport" time="0.0">
    <ignored/>
  </testcase> <!-- @BeforeSuite startReport -->
  <testcase classname="com.qa.baseClass.BaseClass" name="@BeforeSuite startReport" time="0.0">
    <ignored/>
  </testcase> <!-- @BeforeSuite startReport -->
</testsuite> <!-- Voltarengel Automation Test -->
