<?xml version="1.0" encoding="UTF-8"?>
<!-- Generated by org.testng.reporters.JUnitXMLReporter -->
<testsuite ignored="0" hostname="WKWZTPqvmdckJHX" failures="3" tests="15" name="NBSP Verification for Medlemon" time="59.322" errors="0" timestamp="2023-05-24T11:20:51 IST">
  <testcase classname="com.qa.bens.checklist.test.CheckListNbspTest" name="findingNbsp" time="12.139"/>
  <testcase classname="com.qa.bens.checklist.test.CheckListNbspTest" name="findingNbsp" time="3.255"/>
  <testcase classname="com.qa.bens.checklist.test.CheckListNbspTest" name="findingNbsp" time="5.406">
    <failure type="java.lang.AssertionError" message="nbsp tag is presented in the pagehttps://haleonstaging1:Health2023@sensodyne-v3-fr.preprod-cf65.ch.adobecqms.net/produits/ expected [true] but found [false]">
      <![CDATA[java.lang.AssertionError: nbsp tag is presented in the pagehttps://haleonstaging1:Health2023@sensodyne-v3-fr.preprod-cf65.ch.adobecqms.net/produits/ expected [true] but found [false]
at com.qa.bens.checklist.page.CheckListNbspPage.verifyNbsp(CheckListNbspPage.java:89)
at com.qa.bens.checklist.test.CheckListNbspTest.findingNbsp(CheckListNbspTest.java:31)
at java.base/java.util.ArrayList.forEach(ArrayList.java:1511)
... Removed 28 stack frames]]>
    </failure>
  </testcase> <!-- findingNbsp -->
  <testcase classname="com.qa.bens.checklist.test.CheckListNbspTest" name="findingNbsp" time="3.733"/>
  <testcase classname="com.qa.bens.checklist.test.CheckListNbspTest" name="findingNbsp" time="2.965"/>
  <testcase classname="com.qa.bens.checklist.test.CheckListNbspTest" name="findingNbsp" time="2.84"/>
  <testcase classname="com.qa.bens.checklist.test.CheckListNbspTest" name="findingNbsp" time="3.368"/>
  <testcase classname="com.qa.bens.checklist.test.CheckListNbspTest" name="findingNbsp" time="3.073"/>
  <testcase classname="com.qa.bens.checklist.test.CheckListNbspTest" name="findingNbsp" time="2.98"/>
  <testcase classname="com.qa.bens.checklist.test.CheckListNbspTest" name="findingNbsp" time="2.867">
    <failure type="java.lang.AssertionError" message="nbsp tag is presented in the pagehttps://haleonstaging1:Health2023@sensodyne-v3-fr.preprod-cf65.ch.adobecqms.net/produits/brosse-a-dents/rapide-action expected [true] but found [false]">
      <![CDATA[java.lang.AssertionError: nbsp tag is presented in the pagehttps://haleonstaging1:Health2023@sensodyne-v3-fr.preprod-cf65.ch.adobecqms.net/produits/brosse-a-dents/rapide-action expected [true] but found [false]
at com.qa.bens.checklist.page.CheckListNbspPage.verifyNbsp(CheckListNbspPage.java:89)
at com.qa.bens.checklist.test.CheckListNbspTest.findingNbsp(CheckListNbspTest.java:31)
at java.base/java.util.ArrayList.forEach(ArrayList.java:1511)
... Removed 28 stack frames]]>
    </failure>
  </testcase> <!-- findingNbsp -->
  <testcase classname="com.qa.bens.checklist.test.CheckListNbspTest" name="findingNbsp" time="2.906">
    <failure type="java.lang.AssertionError" message="nbsp tag is presented in the pagehttps://haleonstaging1:Health2023@sensodyne-v3-fr.preprod-cf65.ch.adobecqms.net/produits/dentifrice/rapide-action-blancheur expected [true] but found [false]">
      <![CDATA[java.lang.AssertionError: nbsp tag is presented in the pagehttps://haleonstaging1:Health2023@sensodyne-v3-fr.preprod-cf65.ch.adobecqms.net/produits/dentifrice/rapide-action-blancheur expected [true] but found [false]
at com.qa.bens.checklist.page.CheckListNbspPage.verifyNbsp(CheckListNbspPage.java:89)
at com.qa.bens.checklist.test.CheckListNbspTest.findingNbsp(CheckListNbspTest.java:31)
at java.base/java.util.ArrayList.forEach(ArrayList.java:1511)
... Removed 28 stack frames]]>
    </failure>
  </testcase> <!-- findingNbsp -->
  <testcase classname="com.qa.bens.checklist.test.CheckListNbspTest" name="findingNbsp" time="2.837"/>
  <testcase classname="com.qa.bens.checklist.test.CheckListNbspTest" name="findingNbsp" time="3.168"/>
  <testcase classname="com.qa.bens.checklist.test.CheckListNbspTest" name="findingNbsp" time="2.829"/>
  <testcase classname="com.qa.bens.checklist.test.CheckListNbspTest" name="findingNbsp" time="2.811"/>
</testsuite> <!-- NBSP Verification for Medlemon -->
