<?xml version="1.0" encoding="UTF-8"?>
<!-- Generated by org.testng.reporters.JUnitReportReporter -->
<testsuite hostname="WKWZTPqvmdckJHX" failures="2" tests="29" name="com.qa.centrum.eng.test.CentrumSampleLearnVitaminsImportantTest" time="308.405" errors="0" timestamp="2023-02-03T13:11:14 IST" skipped="0">
  <testcase classname="com.qa.centrum.eng.test.CentrumSampleLearnVitaminsImportantTest" name="cookieButton" time="5.791"/>
  <system-out/>
  <testcase classname="com.qa.centrum.eng.test.CentrumSampleLearnVitaminsImportantTest" name="verifySupportImmunity" time="10.119"/>
  <system-out/>
  <testcase classname="com.qa.centrum.eng.test.CentrumSampleLearnVitaminsImportantTest" name="verifyMaintainStrongBones" time="10.005"/>
  <system-out/>
  <testcase classname="com.qa.centrum.eng.test.CentrumSampleLearnVitaminsImportantTest" name="verifyMeetingYourNutritionalNeeds" time="8.721"/>
  <system-out/>
  <testcase classname="com.qa.centrum.eng.test.CentrumSampleLearnVitaminsImportantTest" name="verifyPaleo" time="9.370"/>
  <system-out/>
  <testcase classname="com.qa.centrum.eng.test.CentrumSampleLearnVitaminsImportantTest" name="verifyKeto" time="9.572"/>
  <system-out/>
  <testcase classname="com.qa.centrum.eng.test.CentrumSampleLearnVitaminsImportantTest" name="verifyVegetarianLinkOne" time="10.319"/>
  <system-out/>
  <testcase classname="com.qa.centrum.eng.test.CentrumSampleLearnVitaminsImportantTest" name="verifyVegetarianLinkTwo" time="7.663"/>
  <system-out/>
  <testcase classname="com.qa.centrum.eng.test.CentrumSampleLearnVitaminsImportantTest" name="verifyVegan" time="10.165"/>
  <system-out/>
  <testcase classname="com.qa.centrum.eng.test.CentrumSampleLearnVitaminsImportantTest" name="verifyOysters" time="15.232"/>
  <system-out/>
  <testcase classname="com.qa.centrum.eng.test.CentrumSampleLearnVitaminsImportantTest" name="verifyPinkSalmon" time="12.318"/>
  <system-out/>
  <testcase classname="com.qa.centrum.eng.test.CentrumSampleLearnVitaminsImportantTest" name="verifyAlmonds" time="11.819"/>
  <system-out/>
  <testcase classname="com.qa.centrum.eng.test.CentrumSampleLearnVitaminsImportantTest" name="verifySpinach" time="13.465"/>
  <system-out/>
  <testcase classname="com.qa.centrum.eng.test.CentrumSampleLearnVitaminsImportantTest" name="verifyHalibut" time="10.178"/>
  <system-out/>
  <testcase classname="com.qa.centrum.eng.test.CentrumSampleLearnVitaminsImportantTest" name="verifyAvocados" time="13.588"/>
  <system-out/>
  <testcase classname="com.qa.centrum.eng.test.CentrumSampleLearnVitaminsImportantTest" name="verifyChickPeas" time="10.163"/>
  <system-out/>
  <testcase classname="com.qa.centrum.eng.test.CentrumSampleLearnVitaminsImportantTest" name="verifyGreekYogurt" time="12.652"/>
  <system-out/>
  <testcase classname="com.qa.centrum.eng.test.CentrumSampleLearnVitaminsImportantTest" name="verifyShowReference" time="5.091"/>
  <system-out/>
  <testcase classname="com.qa.centrum.eng.test.CentrumSampleLearnVitaminsImportantTest" name="verifyMultivitamins" time="13.280"/>
  <system-out/>
  <testcase classname="com.qa.centrum.eng.test.CentrumSampleLearnVitaminsImportantTest" name="verifyBenefitBlends" time="9.819">
    <failure message="expected [products/targeted-supplements/] but found [https://centrum-wellness-com.preprod-cf65.ch.adobecqms.net/products/]" type="java.lang.AssertionError">
      <![CDATA[java.lang.AssertionError: expected [products/targeted-supplements/] but found [https://centrum-wellness-com.preprod-cf65.ch.adobecqms.net/products/]
at org.testng.Assert.fail(Assert.java:99)
at org.testng.Assert.failNotEquals(Assert.java:1037)
at org.testng.Assert.assertEqualsImpl(Assert.java:140)
at org.testng.Assert.assertEquals(Assert.java:122)
at org.testng.Assert.assertEquals(Assert.java:629)
at org.testng.Assert.assertEquals(Assert.java:639)
at com.qa.baseClass.BaseClass.compareTwoText(BaseClass.java:752)
at com.qa.centrum.eng.test.CentrumSampleLearnVitaminsImportantTest.verifyBenefitBlends(CentrumSampleLearnVitaminsImportantTest.java:271)
at java.base/jdk.internal.reflect.DirectMethodHandleAccessor.invoke(DirectMethodHandleAccessor.java:104)
at java.base/java.lang.reflect.Method.invoke(Method.java:577)
at org.testng.internal.MethodInvocationHelper.invokeMethod(MethodInvocationHelper.java:133)
at org.testng.internal.TestInvoker.invokeMethod(TestInvoker.java:598)
at org.testng.internal.TestInvoker.invokeTestMethod(TestInvoker.java:173)
at org.testng.internal.MethodRunner.runInSequence(MethodRunner.java:46)
at org.testng.internal.TestInvoker$MethodInvocationAgent.invoke(TestInvoker.java:824)
at org.testng.internal.TestInvoker.invokeTestMethods(TestInvoker.java:146)
at org.testng.internal.TestMethodWorker.invokeTestMethods(TestMethodWorker.java:146)
at org.testng.internal.TestMethodWorker.run(TestMethodWorker.java:128)
at java.base/java.util.ArrayList.forEach(ArrayList.java:1511)
at org.testng.TestRunner.privateRun(TestRunner.java:794)
at org.testng.TestRunner.run(TestRunner.java:596)
at org.testng.SuiteRunner.runTest(SuiteRunner.java:377)
at org.testng.SuiteRunner.runSequentially(SuiteRunner.java:371)
at org.testng.SuiteRunner.privateRun(SuiteRunner.java:332)
at org.testng.SuiteRunner.run(SuiteRunner.java:276)
at org.testng.SuiteRunnerWorker.runSuite(SuiteRunnerWorker.java:53)
at org.testng.SuiteRunnerWorker.run(SuiteRunnerWorker.java:96)
at org.testng.TestNG.runSuitesSequentially(TestNG.java:1212)
at org.testng.TestNG.runSuitesLocally(TestNG.java:1134)
at org.testng.TestNG.runSuites(TestNG.java:1063)
at org.testng.TestNG.run(TestNG.java:1031)
at org.testng.remote.AbstractRemoteTestNG.run(AbstractRemoteTestNG.java:115)
at org.testng.remote.RemoteTestNG.initAndRun(RemoteTestNG.java:251)
at org.testng.remote.RemoteTestNG.main(RemoteTestNG.java:77)
]]>
    </failure>
  </testcase> <!-- verifyBenefitBlends -->
  <system-out/>
  <testcase classname="com.qa.centrum.eng.test.CentrumSampleLearnVitaminsImportantTest" name="verifyWholeFoodBlends" time="10.505">
    <failure message="expected [products/vitamin-packs/] but found [https://centrum-wellness-com.preprod-cf65.ch.adobecqms.net/products/]" type="java.lang.AssertionError">
      <![CDATA[java.lang.AssertionError: expected [products/vitamin-packs/] but found [https://centrum-wellness-com.preprod-cf65.ch.adobecqms.net/products/]
at org.testng.Assert.fail(Assert.java:99)
at org.testng.Assert.failNotEquals(Assert.java:1037)
at org.testng.Assert.assertEqualsImpl(Assert.java:140)
at org.testng.Assert.assertEquals(Assert.java:122)
at org.testng.Assert.assertEquals(Assert.java:629)
at org.testng.Assert.assertEquals(Assert.java:639)
at com.qa.baseClass.BaseClass.compareTwoText(BaseClass.java:752)
at com.qa.centrum.eng.test.CentrumSampleLearnVitaminsImportantTest.verifyWholeFoodBlends(CentrumSampleLearnVitaminsImportantTest.java:284)
at java.base/jdk.internal.reflect.DirectMethodHandleAccessor.invoke(DirectMethodHandleAccessor.java:104)
at java.base/java.lang.reflect.Method.invoke(Method.java:577)
at org.testng.internal.MethodInvocationHelper.invokeMethod(MethodInvocationHelper.java:133)
at org.testng.internal.TestInvoker.invokeMethod(TestInvoker.java:598)
at org.testng.internal.TestInvoker.invokeTestMethod(TestInvoker.java:173)
at org.testng.internal.MethodRunner.runInSequence(MethodRunner.java:46)
at org.testng.internal.TestInvoker$MethodInvocationAgent.invoke(TestInvoker.java:824)
at org.testng.internal.TestInvoker.invokeTestMethods(TestInvoker.java:146)
at org.testng.internal.TestMethodWorker.invokeTestMethods(TestMethodWorker.java:146)
at org.testng.internal.TestMethodWorker.run(TestMethodWorker.java:128)
at java.base/java.util.ArrayList.forEach(ArrayList.java:1511)
at org.testng.TestRunner.privateRun(TestRunner.java:794)
at org.testng.TestRunner.run(TestRunner.java:596)
at org.testng.SuiteRunner.runTest(SuiteRunner.java:377)
at org.testng.SuiteRunner.runSequentially(SuiteRunner.java:371)
at org.testng.SuiteRunner.privateRun(SuiteRunner.java:332)
at org.testng.SuiteRunner.run(SuiteRunner.java:276)
at org.testng.SuiteRunnerWorker.runSuite(SuiteRunnerWorker.java:53)
at org.testng.SuiteRunnerWorker.run(SuiteRunnerWorker.java:96)
at org.testng.TestNG.runSuitesSequentially(TestNG.java:1212)
at org.testng.TestNG.runSuitesLocally(TestNG.java:1134)
at org.testng.TestNG.runSuites(TestNG.java:1063)
at org.testng.TestNG.run(TestNG.java:1031)
at org.testng.remote.AbstractRemoteTestNG.run(AbstractRemoteTestNG.java:115)
at org.testng.remote.RemoteTestNG.initAndRun(RemoteTestNG.java:251)
at org.testng.remote.RemoteTestNG.main(RemoteTestNG.java:77)
]]>
    </failure>
  </testcase> <!-- verifyWholeFoodBlends -->
  <system-out/>
  <testcase classname="com.qa.centrum.eng.test.CentrumSampleLearnVitaminsImportantTest" name="verifySeeAllProducts" time="10.668"/>
  <system-out/>
  <testcase classname="com.qa.centrum.eng.test.CentrumSampleLearnVitaminsImportantTest" name="verifyArticleOne" time="10.452"/>
  <system-out/>
  <testcase classname="com.qa.centrum.eng.test.CentrumSampleLearnVitaminsImportantTest" name="verifyArticleTwo" time="17.468"/>
  <system-out/>
  <testcase classname="com.qa.centrum.eng.test.CentrumSampleLearnVitaminsImportantTest" name="verifyArticleThree" time="10.626"/>
  <system-out/>
  <testcase classname="com.qa.centrum.eng.test.CentrumSampleLearnVitaminsImportantTest" name="verifyArticleFour" time="11.342"/>
  <system-out/>
  <testcase classname="com.qa.centrum.eng.test.CentrumSampleLearnVitaminsImportantTest" name="verifyBreadcrumbOne" time="11.527"/>
  <system-out/>
  <testcase classname="com.qa.centrum.eng.test.CentrumSampleLearnVitaminsImportantTest" name="verifyBreadcrumbTwo" time="8.610"/>
  <system-out/>
  <testcase classname="com.qa.centrum.eng.test.CentrumSampleLearnVitaminsImportantTest" name="verifyBreadcrumbThree" time="7.877"/>
  <system-out/>
</testsuite> <!-- com.qa.centrum.eng.test.CentrumSampleLearnVitaminsImportantTest -->
