<?xml version="1.0" encoding="UTF-8"?>
<!-- Generated by org.testng.reporters.JUnitReportReporter -->
<testsuite hostname="WKWZTPqvmdckJHX" failures="0" tests="16" name="com.qa.voltarengel.test.VoltarengelElbowTest" time="205.501" errors="1" timestamp="2023-04-23T23:50:50 IST" skipped="2">
  <testcase classname="com.qa.voltarengel.test.VoltarengelElbowTest" name="cookieButton" time="6.754"/>
  <system-out/>
  <testcase classname="com.qa.voltarengel.test.VoltarengelElbowTest" name="verifyBreadcrumbOne" time="12.848"/>
  <system-out/>
  <testcase classname="com.qa.voltarengel.test.VoltarengelElbowTest" name="verifyBreadcrumbTwo" time="15.406"/>
  <system-out/>
  <testcase classname="com.qa.voltarengel.test.VoltarengelElbowTest" name="verifyBreadcrumbThree" time="8.617"/>
  <system-out/>
  <testcase classname="com.qa.voltarengel.test.VoltarengelElbowTest" name="verifyBreadcrumbFour" time="7.731"/>
  <system-out/>
  <testcase classname="com.qa.voltarengel.test.VoltarengelElbowTest" name="verifyHyperLinkDiscomfortAndPain" time="8.780"/>
  <system-out/>
  <testcase classname="com.qa.voltarengel.test.VoltarengelElbowTest" name="verifyHyperLinkArthritisPain" time="8.631"/>
  <system-out/>
  <testcase classname="com.qa.voltarengel.test.VoltarengelElbowTest" name="verifyHyperLinkVoltarenArthritisPainGel" time="14.218"/>
  <system-out/>
  <testcase classname="com.qa.voltarengel.test.VoltarengelElbowTest" name="verifyHyperLinkRelieveArthritisPain" time="9.776"/>
  <system-out/>
  <testcase classname="com.qa.voltarengel.test.VoltarengelElbowTest" name="verifyShowReference" time="5.356"/>
  <system-out/>
  <testcase classname="com.qa.voltarengel.test.VoltarengelElbowTest" name="verifyRelatedArticleReadMoreOne" time="10.314"/>
  <system-out/>
  <testcase classname="com.qa.voltarengel.test.VoltarengelElbowTest" name="verifyRelatedArticleReadMoreTwo" time="10.471"/>
  <system-out/>
  <testcase classname="com.qa.voltarengel.test.VoltarengelElbowTest" name="verifyGetCoupons" time="8.342"/>
  <system-out/>
  <testcase classname="com.qa.voltarengel.test.VoltarengelElbowTest" name="verifyBuyNow" time="26.474">
    <skipped/>
  </testcase> <!-- verifyBuyNow -->
  <system-out/>
  <testcase classname="com.qa.voltarengel.test.VoltarengelElbowTest" name="verifyBuyNow" time="25.621">
    <skipped/>
  </testcase> <!-- verifyBuyNow -->
  <system-out/>
  <testcase classname="com.qa.voltarengel.test.VoltarengelElbowTest" name="verifyBuyNow" time="26.162">
    <error message="Expected condition failed: waiting for visibility of [[ChromeDriver: chrome on WINDOWS (7393559a15870790fad6182b0aefc703)] -&gt; xpath: //div[contains(text(),&#039;Shopping Bag&#039;)]/..//img[@alt=&#039;close cart icon&#039;]] (tried for 20 second(s) with 500 milliseconds interval)
Build info: version: &#039;3.141.59&#039;, revision: &#039;e82be7d358&#039;, time: &#039;2018-11-14T08:17:03&#039;
System info: host: &#039;WKWZTPQVMDCKJHX&#039;, ip: &#039;192.168.0.109&#039;, os.name: &#039;Windows 11&#039;, os.arch: &#039;amd64&#039;, os.version: &#039;10.0&#039;, java.version: &#039;18.0.1&#039;
Driver info: org.openqa.selenium.chrome.ChromeDriver
Capabilities {acceptInsecureCerts: false, browserName: chrome, browserVersion: 112.0.5615.138, chrome: {chromedriverVersion: 111.0.5563.64 (c710e93d5b63..., userDataDir: C:\Users\sujsekar\AppData\L...}, goog:chromeOptions: {debuggerAddress: localhost:61397}, javascriptEnabled: true, networkConnectionEnabled: false, pageLoadStrategy: normal, platform: WINDOWS, platformName: WINDOWS, proxy: Proxy(), setWindowRect: true, strictFileInteractability: false, timeouts: {implicit: 0, pageLoad: 300000, script: 30000}, unhandledPromptBehavior: dismiss and notify, webauthn:extension:credBlob: true, webauthn:extension:largeBlob: true, webauthn:extension:minPinLength: true, webauthn:extension:prf: true, webauthn:virtualAuthenticators: true}
Session ID: 7393559a15870790fad6182b0aefc703" type="org.openqa.selenium.TimeoutException">
      <![CDATA[org.openqa.selenium.TimeoutException: Expected condition failed: waiting for visibility of [[ChromeDriver: chrome on WINDOWS (7393559a15870790fad6182b0aefc703)] -> xpath: //div[contains(text(),'Shopping Bag')]/..//img[@alt='close cart icon']] (tried for 20 second(s) with 500 milliseconds interval)
Build info: version: '3.141.59', revision: 'e82be7d358', time: '2018-11-14T08:17:03'
System info: host: 'WKWZTPQVMDCKJHX', ip: '192.168.0.109', os.name: 'Windows 11', os.arch: 'amd64', os.version: '10.0', java.version: '18.0.1'
Driver info: org.openqa.selenium.chrome.ChromeDriver
Capabilities {acceptInsecureCerts: false, browserName: chrome, browserVersion: 112.0.5615.138, chrome: {chromedriverVersion: 111.0.5563.64 (c710e93d5b63..., userDataDir: C:\Users\sujsekar\AppData\L...}, goog:chromeOptions: {debuggerAddress: localhost:61397}, javascriptEnabled: true, networkConnectionEnabled: false, pageLoadStrategy: normal, platform: WINDOWS, platformName: WINDOWS, proxy: Proxy(), setWindowRect: true, strictFileInteractability: false, timeouts: {implicit: 0, pageLoad: 300000, script: 30000}, unhandledPromptBehavior: dismiss and notify, webauthn:extension:credBlob: true, webauthn:extension:largeBlob: true, webauthn:extension:minPinLength: true, webauthn:extension:prf: true, webauthn:virtualAuthenticators: true}
Session ID: 7393559a15870790fad6182b0aefc703
at org.openqa.selenium.support.ui.WebDriverWait.timeoutException(WebDriverWait.java:95)
at org.openqa.selenium.support.ui.FluentWait.until(FluentWait.java:272)
at com.qa.baseClass.BaseClass.visibilityOf(BaseClass.java:795)
at com.qa.voltarengel.pages.VoltarengelElbowPage.clickBuyNow(VoltarengelElbowPage.java:85)
at com.qa.voltarengel.test.VoltarengelElbowTest.verifyBuyNow(VoltarengelElbowTest.java:191)
at java.base/jdk.internal.reflect.DirectMethodHandleAccessor.invoke(DirectMethodHandleAccessor.java:104)
at java.base/java.lang.reflect.Method.invoke(Method.java:577)
at org.testng.internal.MethodInvocationHelper.invokeMethod(MethodInvocationHelper.java:133)
at org.testng.internal.TestInvoker.invokeMethod(TestInvoker.java:598)
at org.testng.internal.TestInvoker.retryFailed(TestInvoker.java:213)
at org.testng.internal.MethodRunner.runInSequence(MethodRunner.java:58)
at org.testng.internal.TestInvoker$MethodInvocationAgent.invoke(TestInvoker.java:824)
at org.testng.internal.TestInvoker.invokeTestMethods(TestInvoker.java:146)
at org.testng.internal.TestMethodWorker.invokeTestMethods(TestMethodWorker.java:146)
at org.testng.internal.TestMethodWorker.run(TestMethodWorker.java:128)
at java.base/java.util.ArrayList.forEach(ArrayList.java:1511)
at org.testng.TestRunner.privateRun(TestRunner.java:794)
at org.testng.TestRunner.run(TestRunner.java:596)
at org.testng.SuiteRunner.runTest(SuiteRunner.java:377)
at org.testng.SuiteRunner.runSequentially(SuiteRunner.java:371)
at org.testng.SuiteRunner.privateRun(SuiteRunner.java:332)
at org.testng.SuiteRunner.run(SuiteRunner.java:276)
at org.testng.SuiteRunnerWorker.runSuite(SuiteRunnerWorker.java:53)
at org.testng.SuiteRunnerWorker.run(SuiteRunnerWorker.java:96)
at org.testng.TestNG.runSuitesSequentially(TestNG.java:1212)
at org.testng.TestNG.runSuitesLocally(TestNG.java:1134)
at org.testng.TestNG.runSuites(TestNG.java:1063)
at org.testng.TestNG.run(TestNG.java:1031)
at org.testng.remote.AbstractRemoteTestNG.run(AbstractRemoteTestNG.java:115)
at org.testng.remote.RemoteTestNG.initAndRun(RemoteTestNG.java:251)
at org.testng.remote.RemoteTestNG.main(RemoteTestNG.java:77)
]]>
    </error>
  </testcase> <!-- verifyBuyNow -->
  <system-out/>
</testsuite> <!-- com.qa.voltarengel.test.VoltarengelElbowTest -->
