<?xml version="1.0" encoding="UTF-8"?>
<!-- Generated by org.testng.reporters.JUnitReportReporter -->
<testsuite hostname="WKWZTPqvmdckJHX" failures="1" tests="12" name="com.qa.voltarengel.test.VoltarengelFoodsToAvoidforArthritisTest" time="229.250" errors="1" timestamp="2023-04-23T23:50:50 IST" skipped="4">
  <testcase classname="com.qa.voltarengel.test.VoltarengelFoodsToAvoidforArthritisTest" name="cookieButton" time="86.856"/>
  <system-out/>
  <testcase classname="com.qa.voltarengel.test.VoltarengelFoodsToAvoidforArthritisTest" name="verifyArthritisCauses" time="5.670"/>
  <system-out/>
  <testcase classname="com.qa.voltarengel.test.VoltarengelFoodsToAvoidforArthritisTest" name="verifyNaturalRemediesForArthritisPainRelief" time="8.586">
    <skipped/>
  </testcase> <!-- verifyNaturalRemediesForArthritisPainRelief -->
  <system-out/>
  <testcase classname="com.qa.voltarengel.test.VoltarengelFoodsToAvoidforArthritisTest" name="verifyArthritisSymptoms" time="5.845"/>
  <system-out/>
  <testcase classname="com.qa.voltarengel.test.VoltarengelFoodsToAvoidforArthritisTest" name="verifyNaturalRemediesForArthritisPainRelief" time="10.908">
    <skipped/>
  </testcase> <!-- verifyNaturalRemediesForArthritisPainRelief -->
  <system-out/>
  <testcase classname="com.qa.voltarengel.test.VoltarengelFoodsToAvoidforArthritisTest" name="verifyGetCoupon" time="7.223"/>
  <system-out/>
  <testcase classname="com.qa.voltarengel.test.VoltarengelFoodsToAvoidforArthritisTest" name="verifyNaturalRemediesForArthritisPainRelief" time="10.750">
    <failure message="expected [living-with-arthritis/natural-remedies/] but found [https://www.voltarengel.com/living-with-arthritis/natural-remedies/?_ga=2.124427146.1015409772.1682271985-1516295696.1682271985]" type="java.lang.AssertionError">
      <![CDATA[java.lang.AssertionError: expected [living-with-arthritis/natural-remedies/] but found [https://www.voltarengel.com/living-with-arthritis/natural-remedies/?_ga=2.124427146.1015409772.1682271985-1516295696.1682271985]
at org.testng.Assert.fail(Assert.java:99)
at org.testng.Assert.failNotEquals(Assert.java:1037)
at org.testng.Assert.assertEqualsImpl(Assert.java:140)
at org.testng.Assert.assertEquals(Assert.java:122)
at org.testng.Assert.assertEquals(Assert.java:629)
at org.testng.Assert.assertEquals(Assert.java:639)
at com.qa.baseClass.BaseClass.compareTwoText(BaseClass.java:812)
at com.qa.voltarengel.test.VoltarengelFoodsToAvoidforArthritisTest.verifyNaturalRemediesForArthritisPainRelief(VoltarengelFoodsToAvoidforArthritisTest.java:89)
at java.base/jdk.internal.reflect.DirectMethodHandleAccessor.invoke(DirectMethodHandleAccessor.java:104)
at java.base/java.lang.reflect.Method.invoke(Method.java:577)
at org.testng.internal.MethodInvocationHelper.invokeMethod(MethodInvocationHelper.java:133)
at org.testng.internal.TestInvoker.invokeMethod(TestInvoker.java:598)
at org.testng.internal.TestInvoker.retryFailed(TestInvoker.java:213)
at org.testng.internal.MethodRunner.runInSequence(MethodRunner.java:58)
at org.testng.internal.TestInvoker$MethodInvocationAgent.invoke(TestInvoker.java:824)
at org.testng.internal.TestInvoker.invokeTestMethods(TestInvoker.java:146)
at org.testng.internal.TestMethodWorker.invokeTestMethods(TestMethodWorker.java:146)
at org.testng.internal.TestMethodWorker.run(TestMethodWorker.java:128)
at java.base/java.util.ArrayList.forEach(ArrayList.java:1511)
at org.testng.TestRunner.privateRun(TestRunner.java:794)
at org.testng.TestRunner.run(TestRunner.java:596)
at org.testng.SuiteRunner.runTest(SuiteRunner.java:377)
at org.testng.SuiteRunner.runSequentially(SuiteRunner.java:371)
at org.testng.SuiteRunner.privateRun(SuiteRunner.java:332)
at org.testng.SuiteRunner.run(SuiteRunner.java:276)
at org.testng.SuiteRunnerWorker.runSuite(SuiteRunnerWorker.java:53)
at org.testng.SuiteRunnerWorker.run(SuiteRunnerWorker.java:96)
at org.testng.TestNG.runSuitesSequentially(TestNG.java:1212)
at org.testng.TestNG.runSuitesLocally(TestNG.java:1134)
at org.testng.TestNG.runSuites(TestNG.java:1063)
at org.testng.TestNG.run(TestNG.java:1031)
at org.testng.remote.AbstractRemoteTestNG.run(AbstractRemoteTestNG.java:115)
at org.testng.remote.RemoteTestNG.initAndRun(RemoteTestNG.java:251)
at org.testng.remote.RemoteTestNG.main(RemoteTestNG.java:77)
]]>
    </failure>
  </testcase> <!-- verifyNaturalRemediesForArthritisPainRelief -->
  <system-out/>
  <testcase classname="com.qa.voltarengel.test.VoltarengelFoodsToAvoidforArthritisTest" name="verifyManageArthritisAtHomeToday" time="15.239"/>
  <system-out/>
  <testcase classname="com.qa.voltarengel.test.VoltarengelFoodsToAvoidforArthritisTest" name="verifyShowReference" time="5.013"/>
  <system-out/>
  <testcase classname="com.qa.voltarengel.test.VoltarengelFoodsToAvoidforArthritisTest" name="verifyBuyNow" time="24.373">
    <error message="Buy Now Button is not Presented in the page" type="java.lang.Exception">
      <![CDATA[java.lang.Exception: Buy Now Button is not Presented in the page
at com.qa.voltarengel.pages.VoltarengelFoodsToAvoidforArthritis.clickBuyNow(VoltarengelFoodsToAvoidforArthritis.java:74)
at com.qa.voltarengel.test.VoltarengelFoodsToAvoidforArthritisTest.verifyBuyNow(VoltarengelFoodsToAvoidforArthritisTest.java:107)
at java.base/jdk.internal.reflect.DirectMethodHandleAccessor.invoke(DirectMethodHandleAccessor.java:104)
at java.base/java.lang.reflect.Method.invoke(Method.java:577)
at org.testng.internal.MethodInvocationHelper.invokeMethod(MethodInvocationHelper.java:133)
at org.testng.internal.TestInvoker.invokeMethod(TestInvoker.java:598)
at org.testng.internal.TestInvoker.retryFailed(TestInvoker.java:213)
at org.testng.internal.MethodRunner.runInSequence(MethodRunner.java:58)
at org.testng.internal.TestInvoker$MethodInvocationAgent.invoke(TestInvoker.java:824)
at org.testng.internal.TestInvoker.invokeTestMethods(TestInvoker.java:146)
at org.testng.internal.TestMethodWorker.invokeTestMethods(TestMethodWorker.java:146)
at org.testng.internal.TestMethodWorker.run(TestMethodWorker.java:128)
at java.base/java.util.ArrayList.forEach(ArrayList.java:1511)
at org.testng.TestRunner.privateRun(TestRunner.java:794)
at org.testng.TestRunner.run(TestRunner.java:596)
at org.testng.SuiteRunner.runTest(SuiteRunner.java:377)
at org.testng.SuiteRunner.runSequentially(SuiteRunner.java:371)
at org.testng.SuiteRunner.privateRun(SuiteRunner.java:332)
at org.testng.SuiteRunner.run(SuiteRunner.java:276)
at org.testng.SuiteRunnerWorker.runSuite(SuiteRunnerWorker.java:53)
at org.testng.SuiteRunnerWorker.run(SuiteRunnerWorker.java:96)
at org.testng.TestNG.runSuitesSequentially(TestNG.java:1212)
at org.testng.TestNG.runSuitesLocally(TestNG.java:1134)
at org.testng.TestNG.runSuites(TestNG.java:1063)
at org.testng.TestNG.run(TestNG.java:1031)
at org.testng.remote.AbstractRemoteTestNG.run(AbstractRemoteTestNG.java:115)
at org.testng.remote.RemoteTestNG.initAndRun(RemoteTestNG.java:251)
at org.testng.remote.RemoteTestNG.main(RemoteTestNG.java:77)
]]>
    </error>
  </testcase> <!-- verifyBuyNow -->
  <system-out/>
  <testcase classname="com.qa.voltarengel.test.VoltarengelFoodsToAvoidforArthritisTest" name="verifyBuyNow" time="25.048">
    <skipped/>
  </testcase> <!-- verifyBuyNow -->
  <system-out/>
  <testcase classname="com.qa.voltarengel.test.VoltarengelFoodsToAvoidforArthritisTest" name="verifyBuyNow" time="23.739">
    <skipped/>
  </testcase> <!-- verifyBuyNow -->
  <system-out/>
</testsuite> <!-- com.qa.voltarengel.test.VoltarengelFoodsToAvoidforArthritisTest -->
