<?xml version="1.0" encoding="UTF-8"?>
<!-- Generated by org.testng.reporters.JUnitReportReporter -->
<testsuite hostname="WKWZTPqvmdckJHX" failures="1" tests="17" name="com.qa.voltarengel.test.VoltarengelStressTest" time="174.869" errors="0" timestamp="2023-04-23T23:50:50 IST" skipped="2">
  <testcase classname="com.qa.voltarengel.test.VoltarengelStressTest" name="cookieButton" time="6.854"/>
  <system-out/>
  <testcase classname="com.qa.voltarengel.test.VoltarengelStressTest" name="verifyBreadcrumbOne" time="10.322"/>
  <system-out/>
  <testcase classname="com.qa.voltarengel.test.VoltarengelStressTest" name="verifyBreadcrumbTwo" time="11.021"/>
  <system-out/>
  <testcase classname="com.qa.voltarengel.test.VoltarengelStressTest" name="verifyBreadcrumbThree" time="9.660"/>
  <system-out/>
  <testcase classname="com.qa.voltarengel.test.VoltarengelStressTest" name="verifyHyperLinkArthritis" time="9.757">
    <skipped/>
  </testcase> <!-- verifyHyperLinkArthritis -->
  <system-out/>
  <testcase classname="com.qa.voltarengel.test.VoltarengelStressTest" name="verifyHyperLinkArthritis" time="9.331">
    <failure message="expected [what-is-arthritis/symptoms/] but found [https://www.voltarengel.com/what-is-arthritis/symptoms/]" type="java.lang.AssertionError">
      <![CDATA[java.lang.AssertionError: expected [what-is-arthritis/symptoms/] but found [https://www.voltarengel.com/what-is-arthritis/symptoms/]
at org.testng.Assert.fail(Assert.java:99)
at org.testng.Assert.failNotEquals(Assert.java:1037)
at org.testng.Assert.assertEqualsImpl(Assert.java:140)
at org.testng.Assert.assertEquals(Assert.java:122)
at org.testng.Assert.assertEquals(Assert.java:629)
at org.testng.Assert.assertEquals(Assert.java:639)
at com.qa.baseClass.BaseClass.compareTwoText(BaseClass.java:812)
at com.qa.voltarengel.test.VoltarengelStressTest.verifyHyperLinkArthritis(VoltarengelStressTest.java:88)
at java.base/jdk.internal.reflect.DirectMethodHandleAccessor.invoke(DirectMethodHandleAccessor.java:104)
at java.base/java.lang.reflect.Method.invoke(Method.java:577)
at org.testng.internal.MethodInvocationHelper.invokeMethod(MethodInvocationHelper.java:133)
at org.testng.internal.TestInvoker.invokeMethod(TestInvoker.java:598)
at org.testng.internal.TestInvoker.retryFailed(TestInvoker.java:213)
at org.testng.internal.MethodRunner.runInSequence(MethodRunner.java:58)
at org.testng.internal.TestInvoker$MethodInvocationAgent.invoke(TestInvoker.java:824)
at org.testng.internal.TestInvoker.invokeTestMethods(TestInvoker.java:146)
at org.testng.internal.TestMethodWorker.invokeTestMethods(TestMethodWorker.java:146)
at org.testng.internal.TestMethodWorker.run(TestMethodWorker.java:128)
at java.base/java.util.ArrayList.forEach(ArrayList.java:1511)
at org.testng.TestRunner.privateRun(TestRunner.java:794)
at org.testng.TestRunner.run(TestRunner.java:596)
at org.testng.SuiteRunner.runTest(SuiteRunner.java:377)
at org.testng.SuiteRunner.runSequentially(SuiteRunner.java:371)
at org.testng.SuiteRunner.privateRun(SuiteRunner.java:332)
at org.testng.SuiteRunner.run(SuiteRunner.java:276)
at org.testng.SuiteRunnerWorker.runSuite(SuiteRunnerWorker.java:53)
at org.testng.SuiteRunnerWorker.run(SuiteRunnerWorker.java:96)
at org.testng.TestNG.runSuitesSequentially(TestNG.java:1212)
at org.testng.TestNG.runSuitesLocally(TestNG.java:1134)
at org.testng.TestNG.runSuites(TestNG.java:1063)
at org.testng.TestNG.run(TestNG.java:1031)
at org.testng.remote.AbstractRemoteTestNG.run(AbstractRemoteTestNG.java:115)
at org.testng.remote.RemoteTestNG.initAndRun(RemoteTestNG.java:251)
at org.testng.remote.RemoteTestNG.main(RemoteTestNG.java:77)
]]>
    </failure>
  </testcase> <!-- verifyHyperLinkArthritis -->
  <system-out/>
  <testcase classname="com.qa.voltarengel.test.VoltarengelStressTest" name="verifyHyperLinkArthritis" time="8.851">
    <skipped/>
  </testcase> <!-- verifyHyperLinkArthritis -->
  <system-out/>
  <testcase classname="com.qa.voltarengel.test.VoltarengelStressTest" name="verifyHyperLinkArthritisFoundation" time="12.249"/>
  <system-out/>
  <testcase classname="com.qa.voltarengel.test.VoltarengelStressTest" name="verifyHyperLinkCertainChemical" time="10.943"/>
  <system-out/>
  <testcase classname="com.qa.voltarengel.test.VoltarengelStressTest" name="verifyHyperLinkExercising" time="7.440"/>
  <system-out/>
  <testcase classname="com.qa.voltarengel.test.VoltarengelStressTest" name="verifyHyperLinkControlYourPain" time="13.328"/>
  <system-out/>
  <testcase classname="com.qa.voltarengel.test.VoltarengelStressTest" name="verifyHyperLinkVoltaren" time="16.048"/>
  <system-out/>
  <testcase classname="com.qa.voltarengel.test.VoltarengelStressTest" name="verifyShowReference" time="4.821"/>
  <system-out/>
  <testcase classname="com.qa.voltarengel.test.VoltarengelStressTest" name="verifyRelatedArticleReadMoreOne" time="9.925"/>
  <system-out/>
  <testcase classname="com.qa.voltarengel.test.VoltarengelStressTest" name="verifyRelatedArticleReadMoreTwo" time="13.082"/>
  <system-out/>
  <testcase classname="com.qa.voltarengel.test.VoltarengelStressTest" name="verifyGetCoupons" time="14.877"/>
  <system-out/>
  <testcase classname="com.qa.voltarengel.test.VoltarengelStressTest" name="verifyBuyNow" time="6.360"/>
  <system-out/>
</testsuite> <!-- com.qa.voltarengel.test.VoltarengelStressTest -->
