<?xml version="1.0" encoding="UTF-8"?>
<!-- Generated by org.testng.reporters.JUnitReportReporter -->
<testsuite hostname="WKWZTPqvmdckJHX" failures="0" tests="15" name="com.qa.sensodyne.en.gb.test.SensodyneEnGbCompleteProtectionExtraFreshToothpasteTest" time="162.618" errors="1" timestamp="2023-07-11T12:07:57 IST" skipped="0">
  <testcase classname="com.qa.sensodyne.en.gb.test.SensodyneEnGbCompleteProtectionExtraFreshToothpasteTest" name="cookieButton" time="5.680"/>
  <system-out/>
  <testcase classname="com.qa.sensodyne.en.gb.test.SensodyneEnGbCompleteProtectionExtraFreshToothpasteTest" name="verifyBreadcrumbOne" time="10.085"/>
  <system-out/>
  <testcase classname="com.qa.sensodyne.en.gb.test.SensodyneEnGbCompleteProtectionExtraFreshToothpasteTest" name="verifyBreadcrumbTwo" time="13.057"/>
  <system-out/>
  <testcase classname="com.qa.sensodyne.en.gb.test.SensodyneEnGbCompleteProtectionExtraFreshToothpasteTest" name="verifyBreadcrumbThree" time="7.911"/>
  <system-out/>
  <testcase classname="com.qa.sensodyne.en.gb.test.SensodyneEnGbCompleteProtectionExtraFreshToothpasteTest" name="verifyBuyNow" time="26.645">
    <error message="Expected condition failed: waiting for visibility of [[ChromeDriver: chrome on WINDOWS (1d95ddb30b4b6e7bf53a3d7a53ebd832)] -&gt; xpath: (//div[@style=&#039;display: none; z-index: -10000; opacity: 0;&#039;])[2]] (tried for 20 second(s) with 500 milliseconds interval)
Build info: version: &#039;3.141.59&#039;, revision: &#039;e82be7d358&#039;, time: &#039;2018-11-14T08:17:03&#039;
System info: host: &#039;WKWZTPQVMDCKJHX&#039;, ip: &#039;192.168.60.49&#039;, os.name: &#039;Windows 11&#039;, os.arch: &#039;amd64&#039;, os.version: &#039;10.0&#039;, java.version: &#039;18.0.1&#039;
Driver info: org.openqa.selenium.chrome.ChromeDriver
Capabilities {acceptInsecureCerts: false, browserName: chrome, browserVersion: 114.0.5735.199, chrome: {chromedriverVersion: 113.0.5672.63 (0e1a4471d5ae..., userDataDir: C:\Users\sujsekar\AppData\L...}, goog:chromeOptions: {debuggerAddress: localhost:58180}, javascriptEnabled: true, networkConnectionEnabled: false, pageLoadStrategy: normal, platform: WINDOWS, platformName: WINDOWS, proxy: Proxy(), setWindowRect: true, strictFileInteractability: false, timeouts: {implicit: 0, pageLoad: 300000, script: 30000}, unhandledPromptBehavior: dismiss and notify, webauthn:extension:credBlob: true, webauthn:extension:largeBlob: true, webauthn:extension:minPinLength: true, webauthn:extension:prf: true, webauthn:virtualAuthenticators: true}
Session ID: 1d95ddb30b4b6e7bf53a3d7a53ebd832" type="org.openqa.selenium.TimeoutException">
      <![CDATA[org.openqa.selenium.TimeoutException: Expected condition failed: waiting for visibility of [[ChromeDriver: chrome on WINDOWS (1d95ddb30b4b6e7bf53a3d7a53ebd832)] -> xpath: (//div[@style='display: none; z-index: -10000; opacity: 0;'])[2]] (tried for 20 second(s) with 500 milliseconds interval)
Build info: version: '3.141.59', revision: 'e82be7d358', time: '2018-11-14T08:17:03'
System info: host: 'WKWZTPQVMDCKJHX', ip: '192.168.60.49', os.name: 'Windows 11', os.arch: 'amd64', os.version: '10.0', java.version: '18.0.1'
Driver info: org.openqa.selenium.chrome.ChromeDriver
Capabilities {acceptInsecureCerts: false, browserName: chrome, browserVersion: 114.0.5735.199, chrome: {chromedriverVersion: 113.0.5672.63 (0e1a4471d5ae..., userDataDir: C:\Users\sujsekar\AppData\L...}, goog:chromeOptions: {debuggerAddress: localhost:58180}, javascriptEnabled: true, networkConnectionEnabled: false, pageLoadStrategy: normal, platform: WINDOWS, platformName: WINDOWS, proxy: Proxy(), setWindowRect: true, strictFileInteractability: false, timeouts: {implicit: 0, pageLoad: 300000, script: 30000}, unhandledPromptBehavior: dismiss and notify, webauthn:extension:credBlob: true, webauthn:extension:largeBlob: true, webauthn:extension:minPinLength: true, webauthn:extension:prf: true, webauthn:virtualAuthenticators: true}
Session ID: 1d95ddb30b4b6e7bf53a3d7a53ebd832
at org.openqa.selenium.support.ui.WebDriverWait.timeoutException(WebDriverWait.java:95)
at org.openqa.selenium.support.ui.FluentWait.until(FluentWait.java:272)
at com.qa.baseClass.BaseClass.visibilityOf(BaseClass.java:805)
at com.qa.sensodyne.en.gb.pages.SensodyneEnGbCompleteProtectionExtraFreshToothpastePage.clickBuyNow(SensodyneEnGbCompleteProtectionExtraFreshToothpastePage.java:161)
at com.qa.sensodyne.en.gb.test.SensodyneEnGbCompleteProtectionExtraFreshToothpasteTest.verifyBuyNow(SensodyneEnGbCompleteProtectionExtraFreshToothpasteTest.java:81)
at java.base/jdk.internal.reflect.DirectMethodHandleAccessor.invoke(DirectMethodHandleAccessor.java:104)
at java.base/java.lang.reflect.Method.invoke(Method.java:577)
at org.testng.internal.MethodInvocationHelper.invokeMethod(MethodInvocationHelper.java:133)
at org.testng.internal.TestInvoker.invokeMethod(TestInvoker.java:598)
at org.testng.internal.TestInvoker.invokeTestMethod(TestInvoker.java:173)
at org.testng.internal.MethodRunner.runInSequence(MethodRunner.java:46)
at org.testng.internal.TestInvoker$MethodInvocationAgent.invoke(TestInvoker.java:824)
at org.testng.internal.TestInvoker.invokeTestMethods(TestInvoker.java:146)
at org.testng.internal.TestMethodWorker.invokeTestMethods(TestMethodWorker.java:146)
at org.testng.internal.TestMethodWorker.run(TestMethodWorker.java:128)
at java.base/java.util.ArrayList.forEach(ArrayList.java:1511)
at org.testng.TestRunner.privateRun(TestRunner.java:794)
at org.testng.TestRunner.run(TestRunner.java:596)
at org.testng.SuiteRunner.runTest(SuiteRunner.java:377)
at org.testng.SuiteRunner.runSequentially(SuiteRunner.java:371)
at org.testng.SuiteRunner.privateRun(SuiteRunner.java:332)
at org.testng.SuiteRunner.run(SuiteRunner.java:276)
at org.testng.SuiteRunnerWorker.runSuite(SuiteRunnerWorker.java:53)
at org.testng.SuiteRunnerWorker.run(SuiteRunnerWorker.java:96)
at org.testng.TestNG.runSuitesSequentially(TestNG.java:1212)
at org.testng.TestNG.runSuitesLocally(TestNG.java:1134)
at org.testng.TestNG.runSuites(TestNG.java:1063)
at org.testng.TestNG.run(TestNG.java:1031)
at org.testng.remote.AbstractRemoteTestNG.run(AbstractRemoteTestNG.java:115)
at org.testng.remote.RemoteTestNG.initAndRun(RemoteTestNG.java:251)
at org.testng.remote.RemoteTestNG.main(RemoteTestNG.java:77)
]]>
    </error>
  </testcase> <!-- verifyBuyNow -->
  <system-out/>
  <testcase classname="com.qa.sensodyne.en.gb.test.SensodyneEnGbCompleteProtectionExtraFreshToothpasteTest" name="verifyAvailableProductImgOne" time="13.292"/>
  <system-out/>
  <testcase classname="com.qa.sensodyne.en.gb.test.SensodyneEnGbCompleteProtectionExtraFreshToothpasteTest" name="verifyAvailableProductLinkOne" time="9.552"/>
  <system-out/>
  <testcase classname="com.qa.sensodyne.en.gb.test.SensodyneEnGbCompleteProtectionExtraFreshToothpasteTest" name="verifyAvailableProductImgTwo" time="8.325"/>
  <system-out/>
  <testcase classname="com.qa.sensodyne.en.gb.test.SensodyneEnGbCompleteProtectionExtraFreshToothpasteTest" name="verifyAvailableProductLinkTwo" time="6.621"/>
  <system-out/>
  <testcase classname="com.qa.sensodyne.en.gb.test.SensodyneEnGbCompleteProtectionExtraFreshToothpasteTest" name="verifyTabSection" time="3.645"/>
  <system-out/>
  <testcase classname="com.qa.sensodyne.en.gb.test.SensodyneEnGbCompleteProtectionExtraFreshToothpasteTest" name="verifyMostPopularProductOne" time="9.236"/>
  <system-out/>
  <testcase classname="com.qa.sensodyne.en.gb.test.SensodyneEnGbCompleteProtectionExtraFreshToothpasteTest" name="verifyMostPopularProductTwo" time="7.177"/>
  <system-out/>
  <testcase classname="com.qa.sensodyne.en.gb.test.SensodyneEnGbCompleteProtectionExtraFreshToothpasteTest" name="verifyMostPopularProductThree" time="6.376"/>
  <system-out/>
  <testcase classname="com.qa.sensodyne.en.gb.test.SensodyneEnGbCompleteProtectionExtraFreshToothpasteTest" name="verifyMostPopularProductFour" time="7.061"/>
  <system-out/>
  <testcase classname="com.qa.sensodyne.en.gb.test.SensodyneEnGbCompleteProtectionExtraFreshToothpasteTest" name="verifyFindYourStore" time="27.955"/>
  <system-out/>
</testsuite> <!-- com.qa.sensodyne.en.gb.test.SensodyneEnGbCompleteProtectionExtraFreshToothpasteTest -->
