<?xml version="1.0" encoding="UTF-8"?>
<!-- Generated by org.testng.reporters.JUnitReportReporter -->
<testsuite hostname="WKWZTPqvmdckJHX" failures="0" tests="15" name="com.qa.sensodyne.en.gb.test.SensodyneEnGbRapidReliefExtraFreshToothpasteTest" time="219.938" errors="4" timestamp="2023-07-04T14:42:41 IST" skipped="0">
  <testcase classname="com.qa.sensodyne.en.gb.test.SensodyneEnGbRapidReliefExtraFreshToothpasteTest" name="cookieButton" time="6.333"/>
  <system-out/>
  <testcase classname="com.qa.sensodyne.en.gb.test.SensodyneEnGbRapidReliefExtraFreshToothpasteTest" name="verifyBreadcrumbOne" time="9.590"/>
  <system-out/>
  <testcase classname="com.qa.sensodyne.en.gb.test.SensodyneEnGbRapidReliefExtraFreshToothpasteTest" name="verifyBreadcrumbTwo" time="17.472"/>
  <system-out/>
  <testcase classname="com.qa.sensodyne.en.gb.test.SensodyneEnGbRapidReliefExtraFreshToothpasteTest" name="verifyBreadcrumbThree" time="7.275"/>
  <system-out/>
  <testcase classname="com.qa.sensodyne.en.gb.test.SensodyneEnGbRapidReliefExtraFreshToothpasteTest" name="verifyBuyNow" time="45.646">
    <error message="Expected condition failed: waiting for visibility of Proxy element for: DefaultElementLocator &#039;By.xpath: //div[@aria-label=&#039;Shop Sensodyne Sensitivity and Gum Whitening Toothpaste from other retailers dialog box/popup.&#039; and @style=&#039;display: none; z-index: -10000; opacity: 0;&#039;]&#039; (tried for 20 second(s) with 500 milliseconds interval)" type="org.openqa.selenium.TimeoutException">
      <![CDATA[org.openqa.selenium.TimeoutException: Expected condition failed: waiting for visibility of Proxy element for: DefaultElementLocator 'By.xpath: //div[@aria-label='Shop Sensodyne Sensitivity and Gum Whitening Toothpaste from other retailers dialog box/popup.' and @style='display: none; z-index: -10000; opacity: 0;']' (tried for 20 second(s) with 500 milliseconds interval)
at org.openqa.selenium.support.ui.WebDriverWait.timeoutException(WebDriverWait.java:95)
at org.openqa.selenium.support.ui.FluentWait.until(FluentWait.java:272)
at com.qa.baseClass.BaseClass.visibilityOf(BaseClass.java:805)
at com.qa.sensodyne.en.gb.pages.SensodyneEnGbRapidReliefExtraFreshToothpastePage.clickBuyNow(SensodyneEnGbRapidReliefExtraFreshToothpastePage.java:159)
at com.qa.sensodyne.en.gb.test.SensodyneEnGbRapidReliefExtraFreshToothpasteTest.verifyBuyNow(SensodyneEnGbRapidReliefExtraFreshToothpasteTest.java:82)
at java.base/jdk.internal.reflect.DirectMethodHandleAccessor.invoke(DirectMethodHandleAccessor.java:104)
at java.base/java.lang.reflect.Method.invoke(Method.java:577)
at org.testng.internal.MethodInvocationHelper.invokeMethod(MethodInvocationHelper.java:133)
at org.testng.internal.TestInvoker.invokeMethod(TestInvoker.java:598)
at org.testng.internal.TestInvoker.invokeTestMethod(TestInvoker.java:173)
at org.testng.internal.MethodRunner.runInSequence(MethodRunner.java:46)
at org.testng.internal.TestInvoker$MethodInvocationAgent.invoke(TestInvoker.java:824)
at org.testng.internal.TestInvoker.invokeTestMethods(TestInvoker.java:146)
at org.testng.internal.TestMethodWorker.invokeTestMethods(TestMethodWorker.java:146)
at org.testng.internal.TestMethodWorker.run(TestMethodWorker.java:128)
at java.base/java.util.ArrayList.forEach(ArrayList.java:1511)
at org.testng.TestRunner.privateRun(TestRunner.java:794)
at org.testng.TestRunner.run(TestRunner.java:596)
at org.testng.SuiteRunner.runTest(SuiteRunner.java:377)
at org.testng.SuiteRunner.runSequentially(SuiteRunner.java:371)
at org.testng.SuiteRunner.privateRun(SuiteRunner.java:332)
at org.testng.SuiteRunner.run(SuiteRunner.java:276)
at org.testng.SuiteRunnerWorker.runSuite(SuiteRunnerWorker.java:53)
at org.testng.SuiteRunnerWorker.run(SuiteRunnerWorker.java:96)
at org.testng.TestNG.runSuitesSequentially(TestNG.java:1212)
at org.testng.TestNG.runSuitesLocally(TestNG.java:1134)
at org.testng.TestNG.runSuites(TestNG.java:1063)
at org.testng.TestNG.run(TestNG.java:1031)
at org.testng.remote.AbstractRemoteTestNG.run(AbstractRemoteTestNG.java:115)
at org.testng.remote.RemoteTestNG.initAndRun(RemoteTestNG.java:251)
at org.testng.remote.RemoteTestNG.main(RemoteTestNG.java:77)
Caused by: org.openqa.selenium.NoSuchElementException: no such element: Unable to locate element: {"method":"xpath","selector":"//div[@aria-label='Shop Sensodyne Sensitivity and Gum Whitening Toothpaste from other retailers dialog box/popup.' and @style='display: none; z-index: -10000; opacity: 0;']"}
  (Session info: chrome=114.0.5735.199)
For documentation on this error, please visit: https://www.seleniumhq.org/exceptions/no_such_element.html
Build info: version: '3.141.59', revision: 'e82be7d358', time: '2018-11-14T08:17:03'
System info: host: 'WKWZTPQVMDCKJHX', ip: '192.168.60.49', os.name: 'Windows 11', os.arch: 'amd64', os.version: '10.0', java.version: '18.0.1'
Driver info: org.openqa.selenium.chrome.ChromeDriver
Capabilities {acceptInsecureCerts: false, browserName: chrome, browserVersion: 114.0.5735.199, chrome: {chromedriverVersion: 113.0.5672.63 (0e1a4471d5ae..., userDataDir: C:\Users\sujsekar\AppData\L...}, goog:chromeOptions: {debuggerAddress: localhost:52507}, javascriptEnabled: true, networkConnectionEnabled: false, pageLoadStrategy: normal, platform: WINDOWS, platformName: WINDOWS, proxy: Proxy(), setWindowRect: true, strictFileInteractability: false, timeouts: {implicit: 0, pageLoad: 300000, script: 30000}, unhandledPromptBehavior: dismiss and notify, webauthn:extension:credBlob: true, webauthn:extension:largeBlob: true, webauthn:extension:minPinLength: true, webauthn:extension:prf: true, webauthn:virtualAuthenticators: true}
Session ID: aa53361cc2909977c4b52591bf7ad780
*** Element info: {Using=xpath, value=//div[@aria-label='Shop Sensodyne Sensitivity and Gum Whitening Toothpaste from other retailers dialog box/popup.' and @style='display: none; z-index: -10000; opacity: 0;']}
at java.base/jdk.internal.reflect.DirectConstructorHandleAccessor.newInstance(DirectConstructorHandleAccessor.java:67)
at java.base/java.lang.reflect.Constructor.newInstanceWithCaller(Constructor.java:499)
at java.base/java.lang.reflect.Constructor.newInstance(Constructor.java:483)
at org.openqa.selenium.remote.http.W3CHttpResponseCodec.createException(W3CHttpResponseCodec.java:187)
at org.openqa.selenium.remote.http.W3CHttpResponseCodec.decode(W3CHttpResponseCodec.java:122)
at org.openqa.selenium.remote.http.W3CHttpResponseCodec.decode(W3CHttpResponseCodec.java:49)
at org.openqa.selenium.remote.HttpCommandExecutor.execute(HttpCommandExecutor.java:158)
at org.openqa.selenium.remote.service.DriverCommandExecutor.execute(DriverCommandExecutor.java:83)
at org.openqa.selenium.remote.RemoteWebDriver.execute(RemoteWebDriver.java:552)
at org.openqa.selenium.remote.RemoteWebDriver.findElement(RemoteWebDriver.java:323)
at org.openqa.selenium.remote.RemoteWebDriver.findElementByXPath(RemoteWebDriver.java:428)
at org.openqa.selenium.By$ByXPath.findElement(By.java:353)
at org.openqa.selenium.remote.RemoteWebDriver.findElement(RemoteWebDriver.java:315)
at org.openqa.selenium.support.pagefactory.DefaultElementLocator.findElement(DefaultElementLocator.java:69)
at org.openqa.selenium.support.pagefactory.internal.LocatingElementHandler.invoke(LocatingElementHandler.java:38)
at jdk.proxy2/jdk.proxy2.$Proxy17.isDisplayed(Unknown Source)
at org.openqa.selenium.support.ui.ExpectedConditions.elementIfVisible(ExpectedConditions.java:314)
at org.openqa.selenium.support.ui.ExpectedConditions.access$000(ExpectedConditions.java:43)
at org.openqa.selenium.support.ui.ExpectedConditions$10.apply(ExpectedConditions.java:300)
at org.openqa.selenium.support.ui.ExpectedConditions$10.apply(ExpectedConditions.java:297)
at org.openqa.selenium.support.ui.FluentWait.until(FluentWait.java:249)
... 29 more
]]>
    </error>
  </testcase> <!-- verifyBuyNow -->
  <system-out/>
  <testcase classname="com.qa.sensodyne.en.gb.test.SensodyneEnGbRapidReliefExtraFreshToothpasteTest" name="verifyAvailableProductImgOne" time="10.346"/>
  <system-out/>
  <testcase classname="com.qa.sensodyne.en.gb.test.SensodyneEnGbRapidReliefExtraFreshToothpasteTest" name="verifyAvailableProductLinkOne" time="23.788">
    <error message="Available Product Link One is not presented in the page" type="java.lang.Exception">
      <![CDATA[java.lang.Exception: Available Product Link One is not presented in the page
at com.qa.sensodyne.en.gb.pages.SensodyneEnGbRapidReliefExtraFreshToothpastePage.clickAvailableProductLinkOne(SensodyneEnGbRapidReliefExtraFreshToothpastePage.java:188)
at com.qa.sensodyne.en.gb.test.SensodyneEnGbRapidReliefExtraFreshToothpasteTest.verifyAvailableProductLinkOne(SensodyneEnGbRapidReliefExtraFreshToothpasteTest.java:105)
at java.base/jdk.internal.reflect.DirectMethodHandleAccessor.invoke(DirectMethodHandleAccessor.java:104)
at java.base/java.lang.reflect.Method.invoke(Method.java:577)
at org.testng.internal.MethodInvocationHelper.invokeMethod(MethodInvocationHelper.java:133)
at org.testng.internal.TestInvoker.invokeMethod(TestInvoker.java:598)
at org.testng.internal.TestInvoker.invokeTestMethod(TestInvoker.java:173)
at org.testng.internal.MethodRunner.runInSequence(MethodRunner.java:46)
at org.testng.internal.TestInvoker$MethodInvocationAgent.invoke(TestInvoker.java:824)
at org.testng.internal.TestInvoker.invokeTestMethods(TestInvoker.java:146)
at org.testng.internal.TestMethodWorker.invokeTestMethods(TestMethodWorker.java:146)
at org.testng.internal.TestMethodWorker.run(TestMethodWorker.java:128)
at java.base/java.util.ArrayList.forEach(ArrayList.java:1511)
at org.testng.TestRunner.privateRun(TestRunner.java:794)
at org.testng.TestRunner.run(TestRunner.java:596)
at org.testng.SuiteRunner.runTest(SuiteRunner.java:377)
at org.testng.SuiteRunner.runSequentially(SuiteRunner.java:371)
at org.testng.SuiteRunner.privateRun(SuiteRunner.java:332)
at org.testng.SuiteRunner.run(SuiteRunner.java:276)
at org.testng.SuiteRunnerWorker.runSuite(SuiteRunnerWorker.java:53)
at org.testng.SuiteRunnerWorker.run(SuiteRunnerWorker.java:96)
at org.testng.TestNG.runSuitesSequentially(TestNG.java:1212)
at org.testng.TestNG.runSuitesLocally(TestNG.java:1134)
at org.testng.TestNG.runSuites(TestNG.java:1063)
at org.testng.TestNG.run(TestNG.java:1031)
at org.testng.remote.AbstractRemoteTestNG.run(AbstractRemoteTestNG.java:115)
at org.testng.remote.RemoteTestNG.initAndRun(RemoteTestNG.java:251)
at org.testng.remote.RemoteTestNG.main(RemoteTestNG.java:77)
]]>
    </error>
  </testcase> <!-- verifyAvailableProductLinkOne -->
  <system-out/>
  <testcase classname="com.qa.sensodyne.en.gb.test.SensodyneEnGbRapidReliefExtraFreshToothpasteTest" name="verifyAvailableProductImgTwo" time="9.876"/>
  <system-out/>
  <testcase classname="com.qa.sensodyne.en.gb.test.SensodyneEnGbRapidReliefExtraFreshToothpasteTest" name="verifyAvailableProductLinkTwo" time="23.319">
    <error message="Available Product Link One is not presented in the page" type="java.lang.Exception">
      <![CDATA[java.lang.Exception: Available Product Link One is not presented in the page
at com.qa.sensodyne.en.gb.pages.SensodyneEnGbRapidReliefExtraFreshToothpastePage.clickAvailableProductLinkTwo(SensodyneEnGbRapidReliefExtraFreshToothpastePage.java:212)
at com.qa.sensodyne.en.gb.test.SensodyneEnGbRapidReliefExtraFreshToothpasteTest.verifyAvailableProductLinkTwo(SensodyneEnGbRapidReliefExtraFreshToothpasteTest.java:129)
at java.base/jdk.internal.reflect.DirectMethodHandleAccessor.invoke(DirectMethodHandleAccessor.java:104)
at java.base/java.lang.reflect.Method.invoke(Method.java:577)
at org.testng.internal.MethodInvocationHelper.invokeMethod(MethodInvocationHelper.java:133)
at org.testng.internal.TestInvoker.invokeMethod(TestInvoker.java:598)
at org.testng.internal.TestInvoker.invokeTestMethod(TestInvoker.java:173)
at org.testng.internal.MethodRunner.runInSequence(MethodRunner.java:46)
at org.testng.internal.TestInvoker$MethodInvocationAgent.invoke(TestInvoker.java:824)
at org.testng.internal.TestInvoker.invokeTestMethods(TestInvoker.java:146)
at org.testng.internal.TestMethodWorker.invokeTestMethods(TestMethodWorker.java:146)
at org.testng.internal.TestMethodWorker.run(TestMethodWorker.java:128)
at java.base/java.util.ArrayList.forEach(ArrayList.java:1511)
at org.testng.TestRunner.privateRun(TestRunner.java:794)
at org.testng.TestRunner.run(TestRunner.java:596)
at org.testng.SuiteRunner.runTest(SuiteRunner.java:377)
at org.testng.SuiteRunner.runSequentially(SuiteRunner.java:371)
at org.testng.SuiteRunner.privateRun(SuiteRunner.java:332)
at org.testng.SuiteRunner.run(SuiteRunner.java:276)
at org.testng.SuiteRunnerWorker.runSuite(SuiteRunnerWorker.java:53)
at org.testng.SuiteRunnerWorker.run(SuiteRunnerWorker.java:96)
at org.testng.TestNG.runSuitesSequentially(TestNG.java:1212)
at org.testng.TestNG.runSuitesLocally(TestNG.java:1134)
at org.testng.TestNG.runSuites(TestNG.java:1063)
at org.testng.TestNG.run(TestNG.java:1031)
at org.testng.remote.AbstractRemoteTestNG.run(AbstractRemoteTestNG.java:115)
at org.testng.remote.RemoteTestNG.initAndRun(RemoteTestNG.java:251)
at org.testng.remote.RemoteTestNG.main(RemoteTestNG.java:77)
]]>
    </error>
  </testcase> <!-- verifyAvailableProductLinkTwo -->
  <system-out/>
  <testcase classname="com.qa.sensodyne.en.gb.test.SensodyneEnGbRapidReliefExtraFreshToothpasteTest" name="verifyTabSection" time="4.064"/>
  <system-out/>
  <testcase classname="com.qa.sensodyne.en.gb.test.SensodyneEnGbRapidReliefExtraFreshToothpasteTest" name="verifyMostPopularProductOne" time="12.784"/>
  <system-out/>
  <testcase classname="com.qa.sensodyne.en.gb.test.SensodyneEnGbRapidReliefExtraFreshToothpasteTest" name="verifyMostPopularProductTwo" time="7.893"/>
  <system-out/>
  <testcase classname="com.qa.sensodyne.en.gb.test.SensodyneEnGbRapidReliefExtraFreshToothpasteTest" name="verifyMostPopularProductThree" time="7.544"/>
  <system-out/>
  <testcase classname="com.qa.sensodyne.en.gb.test.SensodyneEnGbRapidReliefExtraFreshToothpasteTest" name="verifyMostPopularProductFour" time="23.405">
    <error message="Most Popular Products Four is not presented in the page" type="java.lang.Exception">
      <![CDATA[java.lang.Exception: Most Popular Products Four is not presented in the page
at com.qa.sensodyne.en.gb.pages.SensodyneEnGbRapidReliefExtraFreshToothpastePage.clickMostPopularProductFour(SensodyneEnGbRapidReliefExtraFreshToothpastePage.java:282)
at com.qa.sensodyne.en.gb.test.SensodyneEnGbRapidReliefExtraFreshToothpasteTest.verifyMostPopularProductFour(SensodyneEnGbRapidReliefExtraFreshToothpasteTest.java:187)
at java.base/jdk.internal.reflect.DirectMethodHandleAccessor.invoke(DirectMethodHandleAccessor.java:104)
at java.base/java.lang.reflect.Method.invoke(Method.java:577)
at org.testng.internal.MethodInvocationHelper.invokeMethod(MethodInvocationHelper.java:133)
at org.testng.internal.TestInvoker.invokeMethod(TestInvoker.java:598)
at org.testng.internal.TestInvoker.invokeTestMethod(TestInvoker.java:173)
at org.testng.internal.MethodRunner.runInSequence(MethodRunner.java:46)
at org.testng.internal.TestInvoker$MethodInvocationAgent.invoke(TestInvoker.java:824)
at org.testng.internal.TestInvoker.invokeTestMethods(TestInvoker.java:146)
at org.testng.internal.TestMethodWorker.invokeTestMethods(TestMethodWorker.java:146)
at org.testng.internal.TestMethodWorker.run(TestMethodWorker.java:128)
at java.base/java.util.ArrayList.forEach(ArrayList.java:1511)
at org.testng.TestRunner.privateRun(TestRunner.java:794)
at org.testng.TestRunner.run(TestRunner.java:596)
at org.testng.SuiteRunner.runTest(SuiteRunner.java:377)
at org.testng.SuiteRunner.runSequentially(SuiteRunner.java:371)
at org.testng.SuiteRunner.privateRun(SuiteRunner.java:332)
at org.testng.SuiteRunner.run(SuiteRunner.java:276)
at org.testng.SuiteRunnerWorker.runSuite(SuiteRunnerWorker.java:53)
at org.testng.SuiteRunnerWorker.run(SuiteRunnerWorker.java:96)
at org.testng.TestNG.runSuitesSequentially(TestNG.java:1212)
at org.testng.TestNG.runSuitesLocally(TestNG.java:1134)
at org.testng.TestNG.runSuites(TestNG.java:1063)
at org.testng.TestNG.run(TestNG.java:1031)
at org.testng.remote.AbstractRemoteTestNG.run(AbstractRemoteTestNG.java:115)
at org.testng.remote.RemoteTestNG.initAndRun(RemoteTestNG.java:251)
at org.testng.remote.RemoteTestNG.main(RemoteTestNG.java:77)
]]>
    </error>
  </testcase> <!-- verifyMostPopularProductFour -->
  <system-out/>
  <testcase classname="com.qa.sensodyne.en.gb.test.SensodyneEnGbRapidReliefExtraFreshToothpasteTest" name="verifyFindYourStore" time="10.603"/>
  <system-out/>
</testsuite> <!-- com.qa.sensodyne.en.gb.test.SensodyneEnGbRapidReliefExtraFreshToothpasteTest -->
