<?xml version="1.0" encoding="UTF-8"?>
<!-- Generated by org.testng.reporters.JUnitReportReporter -->
<testsuite hostname="WKWZTPqvmdckJHX" failures="0" tests="19" name="com.qa.biotene.test.biotenemoisturizinggelTest" time="563.510" errors="1" timestamp="2023-04-03T07:36:54 IST" skipped="3">
  <testcase classname="com.qa.biotene.test.biotenemoisturizinggelTest" name="verifyBiotenecookiePopupLink" time="128.241"/>
  <system-out/>
  <testcase classname="com.qa.biotene.test.biotenemoisturizinggelTest" name="verifyHomeBreadcrumbsLink" time="11.284"/>
  <system-out/>
  <testcase classname="com.qa.biotene.test.biotenemoisturizinggelTest" name="verifyBioteneproductsBreadcrumbsLink" time="10.366"/>
  <system-out/>
  <testcase classname="com.qa.biotene.test.biotenemoisturizinggelTest" name="verifyBiotenemoisturizinggelBreadcrumbsLink" time="13.787"/>
  <system-out/>
  <testcase classname="com.qa.biotene.test.biotenemoisturizinggelTest" name="verifyBiotenebuynowLink" time="25.334">
    <skipped/>
  </testcase> <!-- verifyBiotenebuynowLink -->
  <system-out/>
  <testcase classname="com.qa.biotene.test.biotenemoisturizinggelTest" name="verifyBiotenebuynowLink" time="14.539"/>
  <system-out/>
  <testcase classname="com.qa.biotene.test.biotenemoisturizinggelTest" name="verifyLearnMoreOneLink" time="12.669"/>
  <system-out/>
  <testcase classname="com.qa.biotene.test.biotenemoisturizinggelTest" name="verifyLearnMoreTwoLink" time="16.499"/>
  <system-out/>
  <testcase classname="com.qa.biotene.test.biotenemoisturizinggelTest" name="verifyLearnMoreThreeLink" time="22.696"/>
  <system-out/>
  <testcase classname="com.qa.biotene.test.biotenemoisturizinggelTest" name="verifyLearnMoreFourLink" time="26.334"/>
  <system-out/>
  <testcase classname="com.qa.biotene.test.biotenemoisturizinggelTest" name="verifyLearnMoreFiveLink" time="35.738"/>
  <system-out/>
  <testcase classname="com.qa.biotene.test.biotenemoisturizinggelTest" name="verifyLearnMoreSixLink" time="14.492"/>
  <system-out/>
  <testcase classname="com.qa.biotene.test.biotenemoisturizinggelTest" name="verifyLearnMoreSevenLink" time="41.086">
    <skipped/>
  </testcase> <!-- verifyLearnMoreSevenLink -->
  <system-out/>
  <testcase classname="com.qa.biotene.test.biotenemoisturizinggelTest" name="verifyLearnMoreSevenLink" time="47.379">
    <error message="Carousel Two is not active" type="java.lang.Exception">
      <![CDATA[java.lang.Exception: Carousel Two is not active
at com.qa.biotene.pages.biotenemoisturizinggelPage.clickLearnMoreSeven(biotenemoisturizinggelPage.java:340)
at com.qa.biotene.test.biotenemoisturizinggelTest.verifyLearnMoreSevenLink(biotenemoisturizinggelTest.java:169)
at java.base/jdk.internal.reflect.DirectMethodHandleAccessor.invoke(DirectMethodHandleAccessor.java:104)
at java.base/java.lang.reflect.Method.invoke(Method.java:577)
at org.testng.internal.MethodInvocationHelper.invokeMethod(MethodInvocationHelper.java:133)
at org.testng.internal.TestInvoker.invokeMethod(TestInvoker.java:598)
at org.testng.internal.TestInvoker.retryFailed(TestInvoker.java:213)
at org.testng.internal.MethodRunner.runInSequence(MethodRunner.java:58)
at org.testng.internal.TestInvoker$MethodInvocationAgent.invoke(TestInvoker.java:824)
at org.testng.internal.TestInvoker.invokeTestMethods(TestInvoker.java:146)
at org.testng.internal.TestMethodWorker.invokeTestMethods(TestMethodWorker.java:146)
at org.testng.internal.TestMethodWorker.run(TestMethodWorker.java:128)
at java.base/java.util.ArrayList.forEach(ArrayList.java:1511)
at org.testng.TestRunner.privateRun(TestRunner.java:794)
at org.testng.TestRunner.run(TestRunner.java:596)
at org.testng.SuiteRunner.runTest(SuiteRunner.java:377)
at org.testng.SuiteRunner.runSequentially(SuiteRunner.java:371)
at org.testng.SuiteRunner.privateRun(SuiteRunner.java:332)
at org.testng.SuiteRunner.run(SuiteRunner.java:276)
at org.testng.SuiteRunnerWorker.runSuite(SuiteRunnerWorker.java:53)
at org.testng.SuiteRunnerWorker.run(SuiteRunnerWorker.java:96)
at org.testng.TestNG.runSuitesSequentially(TestNG.java:1212)
at org.testng.TestNG.runSuitesLocally(TestNG.java:1134)
at org.testng.TestNG.runSuites(TestNG.java:1063)
at org.testng.TestNG.run(TestNG.java:1031)
at org.testng.remote.AbstractRemoteTestNG.run(AbstractRemoteTestNG.java:115)
at org.testng.remote.RemoteTestNG.initAndRun(RemoteTestNG.java:251)
at org.testng.remote.RemoteTestNG.main(RemoteTestNG.java:77)
]]>
    </error>
  </testcase> <!-- verifyLearnMoreSevenLink -->
  <system-out/>
  <testcase classname="com.qa.biotene.test.biotenemoisturizinggelTest" name="verifyLearnMoreSevenLink" time="47.773">
    <skipped/>
  </testcase> <!-- verifyLearnMoreSevenLink -->
  <system-out/>
  <testcase classname="com.qa.biotene.test.biotenemoisturizinggelTest" name="verifyPreviousAndNextArrowLink" time="25.935"/>
  <system-out/>
  <testcase classname="com.qa.biotene.test.biotenemoisturizinggelTest" name="verifygetcouponLink" time="32.801"/>
  <system-out/>
  <testcase classname="com.qa.biotene.test.biotenemoisturizinggelTest" name="verifyTakeQuizLink" time="15.475"/>
  <system-out/>
  <testcase classname="com.qa.biotene.test.biotenemoisturizinggelTest" name="verifyShopnowLink" time="21.082"/>
  <system-out/>
</testsuite> <!-- com.qa.biotene.test.biotenemoisturizinggelTest -->
