<?xml version="1.0" encoding="UTF-8"?>
<!-- Generated by org.testng.reporters.JUnitReportReporter -->
<testsuite hostname="WKWZTPqvmdckJHX" failures="0" tests="11" name="com.qa.centrum.eng.test.CentrumSampleFoodMoodConnectionTest" time="136.181" errors="1" timestamp="2023-02-03T11:45:31 IST" skipped="0">
  <testcase classname="com.qa.centrum.eng.test.CentrumSampleFoodMoodConnectionTest" name="cookieButton" time="6.006"/>
  <system-out/>
  <testcase classname="com.qa.centrum.eng.test.CentrumSampleFoodMoodConnectionTest" name="verifyShowReference" time="4.802"/>
  <system-out/>
  <testcase classname="com.qa.centrum.eng.test.CentrumSampleFoodMoodConnectionTest" name="verifyArticleOne" time="9.315"/>
  <system-out/>
  <testcase classname="com.qa.centrum.eng.test.CentrumSampleFoodMoodConnectionTest" name="verifyArticleTwo" time="10.379"/>
  <system-out/>
  <testcase classname="com.qa.centrum.eng.test.CentrumSampleFoodMoodConnectionTest" name="verifyArticleThree" time="10.469"/>
  <system-out/>
  <testcase classname="com.qa.centrum.eng.test.CentrumSampleFoodMoodConnectionTest" name="verifyArticleFour" time="10.446"/>
  <system-out/>
  <testcase classname="com.qa.centrum.eng.test.CentrumSampleFoodMoodConnectionTest" name="verifyBreadcrumbOne" time="11.770"/>
  <system-out/>
  <testcase classname="com.qa.centrum.eng.test.CentrumSampleFoodMoodConnectionTest" name="verifyBreadcrumbThree" time="8.773"/>
  <system-out/>
  <testcase classname="com.qa.centrum.eng.test.CentrumSampleFoodMoodConnectionTest" name="verifyBreadcrumbFour" time="7.537"/>
  <system-out/>
  <testcase classname="com.qa.centrum.eng.test.CentrumSampleFoodMoodConnectionTest" name="verifyBreadcrumbFive" time="48.007">
    <error message="Expected condition failed: waiting for visibility of Proxy element for: DefaultElementLocator &#039;By.xpath: //li[@class=&#039;breadcrumb-list-item odd last is-current &#039;]//ancestor::a[text()=&#039;Vitamins for Longevity and Healthy Aging&#039;]&#039; (tried for 20 second(s) with 500 milliseconds interval)" type="org.openqa.selenium.TimeoutException">
      <![CDATA[org.openqa.selenium.TimeoutException: Expected condition failed: waiting for visibility of Proxy element for: DefaultElementLocator 'By.xpath: //li[@class='breadcrumb-list-item odd last is-current ']//ancestor::a[text()='Vitamins for Longevity and Healthy Aging']' (tried for 20 second(s) with 500 milliseconds interval)
at org.openqa.selenium.support.ui.WebDriverWait.timeoutException(WebDriverWait.java:95)
at org.openqa.selenium.support.ui.FluentWait.until(FluentWait.java:272)
at com.qa.baseClass.BaseClass.visibilityOf(BaseClass.java:735)
at com.qa.centrum.eng.pages.CentrumFoodMoodConnectionPage.clickBreadcrumbFive(CentrumFoodMoodConnectionPage.java:169)
at com.qa.centrum.eng.test.CentrumSampleFoodMoodConnectionTest.verifyBreadcrumbFive(CentrumSampleFoodMoodConnectionTest.java:151)
at java.base/jdk.internal.reflect.DirectMethodHandleAccessor.invoke(DirectMethodHandleAccessor.java:104)
at java.base/java.lang.reflect.Method.invoke(Method.java:577)
at org.testng.internal.MethodInvocationHelper.invokeMethod(MethodInvocationHelper.java:133)
at org.testng.internal.TestInvoker.invokeMethod(TestInvoker.java:598)
at org.testng.internal.TestInvoker.invokeTestMethod(TestInvoker.java:173)
at org.testng.internal.MethodRunner.runInSequence(MethodRunner.java:46)
at org.testng.internal.TestInvoker$MethodInvocationAgent.invoke(TestInvoker.java:824)
at org.testng.internal.TestInvoker.invokeTestMethods(TestInvoker.java:146)
at org.testng.internal.TestMethodWorker.invokeTestMethods(TestMethodWorker.java:146)
at org.testng.internal.TestMethodWorker.run(TestMethodWorker.java:128)
at java.base/java.util.ArrayList.forEach(ArrayList.java:1511)
at org.testng.TestRunner.privateRun(TestRunner.java:794)
at org.testng.TestRunner.run(TestRunner.java:596)
at org.testng.SuiteRunner.runTest(SuiteRunner.java:377)
at org.testng.SuiteRunner.runSequentially(SuiteRunner.java:371)
at org.testng.SuiteRunner.privateRun(SuiteRunner.java:332)
at org.testng.SuiteRunner.run(SuiteRunner.java:276)
at org.testng.SuiteRunnerWorker.runSuite(SuiteRunnerWorker.java:53)
at org.testng.SuiteRunnerWorker.run(SuiteRunnerWorker.java:96)
at org.testng.TestNG.runSuitesSequentially(TestNG.java:1212)
at org.testng.TestNG.runSuitesLocally(TestNG.java:1134)
at org.testng.TestNG.runSuites(TestNG.java:1063)
at org.testng.TestNG.run(TestNG.java:1031)
at org.testng.remote.AbstractRemoteTestNG.run(AbstractRemoteTestNG.java:115)
at org.testng.remote.RemoteTestNG.initAndRun(RemoteTestNG.java:251)
at org.testng.remote.RemoteTestNG.main(RemoteTestNG.java:77)
Caused by: org.openqa.selenium.NoSuchElementException: no such element: Unable to locate element: {"method":"xpath","selector":"//li[@class='breadcrumb-list-item odd last is-current ']//ancestor::a[text()='Vitamins for Longevity and Healthy Aging']"}
  (Session info: chrome=109.0.5414.120)
For documentation on this error, please visit: https://www.seleniumhq.org/exceptions/no_such_element.html
Build info: version: '3.141.59', revision: 'e82be7d358', time: '2018-11-14T08:17:03'
System info: host: 'WKWZTPQVMDCKJHX', ip: '10.132.117.1', os.name: 'Windows 11', os.arch: 'amd64', os.version: '10.0', java.version: '18.0.1'
Driver info: org.openqa.selenium.chrome.ChromeDriver
Capabilities {acceptInsecureCerts: false, browserName: chrome, browserVersion: 109.0.5414.120, chrome: {chromedriverVersion: 109.0.5414.74 (e7c5703604da..., userDataDir: C:\Users\sujsekar\AppData\L...}, goog:chromeOptions: {debuggerAddress: localhost:61640}, javascriptEnabled: true, networkConnectionEnabled: false, pageLoadStrategy: normal, platform: WINDOWS, platformName: WINDOWS, proxy: Proxy(), setWindowRect: true, strictFileInteractability: false, timeouts: {implicit: 0, pageLoad: 300000, script: 30000}, unhandledPromptBehavior: dismiss and notify, webauthn:extension:credBlob: true, webauthn:extension:largeBlob: true, webauthn:virtualAuthenticators: true}
Session ID: 60183ce3bbdbd1a231146604a6d73198
*** Element info: {Using=xpath, value=//li[@class='breadcrumb-list-item odd last is-current ']//ancestor::a[text()='Vitamins for Longevity and Healthy Aging']}
at java.base/jdk.internal.reflect.DirectConstructorHandleAccessor.newInstance(DirectConstructorHandleAccessor.java:67)
at java.base/java.lang.reflect.Constructor.newInstanceWithCaller(Constructor.java:499)
at java.base/java.lang.reflect.Constructor.newInstance(Constructor.java:483)
at org.openqa.selenium.remote.http.W3CHttpResponseCodec.createException(W3CHttpResponseCodec.java:187)
at org.openqa.selenium.remote.http.W3CHttpResponseCodec.decode(W3CHttpResponseCodec.java:122)
at org.openqa.selenium.remote.http.W3CHttpResponseCodec.decode(W3CHttpResponseCodec.java:49)
at org.openqa.selenium.remote.HttpCommandExecutor.execute(HttpCommandExecutor.java:158)
at org.openqa.selenium.remote.service.DriverCommandExecutor.execute(DriverCommandExecutor.java:83)
at org.openqa.selenium.remote.RemoteWebDriver.execute(RemoteWebDriver.java:552)
at org.openqa.selenium.remote.RemoteWebDriver.findElement(RemoteWebDriver.java:323)
at org.openqa.selenium.remote.RemoteWebDriver.findElementByXPath(RemoteWebDriver.java:428)
at org.openqa.selenium.By$ByXPath.findElement(By.java:353)
at org.openqa.selenium.remote.RemoteWebDriver.findElement(RemoteWebDriver.java:315)
at org.openqa.selenium.support.pagefactory.DefaultElementLocator.findElement(DefaultElementLocator.java:69)
at org.openqa.selenium.support.pagefactory.internal.LocatingElementHandler.invoke(LocatingElementHandler.java:38)
at jdk.proxy2/jdk.proxy2.$Proxy14.isDisplayed(Unknown Source)
at org.openqa.selenium.support.ui.ExpectedConditions.elementIfVisible(ExpectedConditions.java:314)
at org.openqa.selenium.support.ui.ExpectedConditions.access$000(ExpectedConditions.java:43)
at org.openqa.selenium.support.ui.ExpectedConditions$10.apply(ExpectedConditions.java:300)
at org.openqa.selenium.support.ui.ExpectedConditions$10.apply(ExpectedConditions.java:297)
at org.openqa.selenium.support.ui.FluentWait.until(FluentWait.java:249)
... 29 more
]]>
    </error>
  </testcase> <!-- verifyBreadcrumbFive -->
  <system-out/>
  <testcase classname="com.qa.centrum.eng.test.CentrumSampleFoodMoodConnectionTest" name="verifyBreadcrumbTwo" time="8.677"/>
  <system-out/>
</testsuite> <!-- com.qa.centrum.eng.test.CentrumSampleFoodMoodConnectionTest -->
