<?xml version="1.0" encoding="UTF-8"?>
<!-- Generated by org.testng.reporters.JUnitReportReporter -->
<testsuite hostname="WKWZTPqvmdckJHX" failures="0" tests="9" name="com.qa.sensodyne.in.test.SensodyneInFreshBreathProductsTest" time="77.677" errors="1" timestamp="2023-07-21T10:51:28 IST" skipped="0">
  <testcase classname="com.qa.sensodyne.in.test.SensodyneInFreshBreathProductsTest" name="verifyPrdtCardTextOne" time="8.805"/>
  <system-out/>
  <testcase classname="com.qa.sensodyne.in.test.SensodyneInFreshBreathProductsTest" name="verifyPrdtCardImgOne" time="9.143"/>
  <system-out/>
  <testcase classname="com.qa.sensodyne.in.test.SensodyneInFreshBreathProductsTest" name="verifyPrdtCardBuyNowOne" time="4.173">
    <error message="prdtCardBuyNowOne is not presented in the page" type="java.lang.Exception">
      <![CDATA[java.lang.Exception: prdtCardBuyNowOne is not presented in the page
at com.qa.sensodyne.in.pages.SensodyneInFreshBreathProductsPage.clickPrdtCardBuyNowOne(SensodyneInFreshBreathProductsPage.java:87)
at com.qa.sensodyne.in.test.SensodyneInFreshBreathProductsTest.verifyPrdtCardBuyNowOne(SensodyneInFreshBreathProductsTest.java:60)
at java.base/jdk.internal.reflect.DirectMethodHandleAccessor.invoke(DirectMethodHandleAccessor.java:104)
at java.base/java.lang.reflect.Method.invoke(Method.java:577)
at org.testng.internal.MethodInvocationHelper.invokeMethod(MethodInvocationHelper.java:133)
at org.testng.internal.TestInvoker.invokeMethod(TestInvoker.java:598)
at org.testng.internal.TestInvoker.invokeTestMethod(TestInvoker.java:173)
at org.testng.internal.MethodRunner.runInSequence(MethodRunner.java:46)
at org.testng.internal.TestInvoker$MethodInvocationAgent.invoke(TestInvoker.java:824)
at org.testng.internal.TestInvoker.invokeTestMethods(TestInvoker.java:146)
at org.testng.internal.TestMethodWorker.invokeTestMethods(TestMethodWorker.java:146)
at org.testng.internal.TestMethodWorker.run(TestMethodWorker.java:128)
at java.base/java.util.ArrayList.forEach(ArrayList.java:1511)
at org.testng.TestRunner.privateRun(TestRunner.java:794)
at org.testng.TestRunner.run(TestRunner.java:596)
at org.testng.SuiteRunner.runTest(SuiteRunner.java:377)
at org.testng.SuiteRunner.runSequentially(SuiteRunner.java:371)
at org.testng.SuiteRunner.privateRun(SuiteRunner.java:332)
at org.testng.SuiteRunner.run(SuiteRunner.java:276)
at org.testng.SuiteRunnerWorker.runSuite(SuiteRunnerWorker.java:53)
at org.testng.SuiteRunnerWorker.run(SuiteRunnerWorker.java:96)
at org.testng.TestNG.runSuitesSequentially(TestNG.java:1212)
at org.testng.TestNG.runSuitesLocally(TestNG.java:1134)
at org.testng.TestNG.runSuites(TestNG.java:1063)
at org.testng.TestNG.run(TestNG.java:1031)
at org.testng.remote.AbstractRemoteTestNG.run(AbstractRemoteTestNG.java:115)
at org.testng.remote.RemoteTestNG.initAndRun(RemoteTestNG.java:251)
at org.testng.remote.RemoteTestNG.main(RemoteTestNG.java:77)
]]>
    </error>
  </testcase> <!-- verifyPrdtCardBuyNowOne -->
  <system-out/>
  <testcase classname="com.qa.sensodyne.in.test.SensodyneInFreshBreathProductsTest" name="verifyPrdtCardTextTwo" time="13.009"/>
  <system-out/>
  <testcase classname="com.qa.sensodyne.in.test.SensodyneInFreshBreathProductsTest" name="verifyPrdtCardImgTwo" time="7.928"/>
  <system-out/>
  <testcase classname="com.qa.sensodyne.in.test.SensodyneInFreshBreathProductsTest" name="verifyPrdtCardBuyNowTwo" time="5.455"/>
  <system-out/>
  <testcase classname="com.qa.sensodyne.in.test.SensodyneInFreshBreathProductsTest" name="verifyPrdtCardTextThree" time="8.876"/>
  <system-out/>
  <testcase classname="com.qa.sensodyne.in.test.SensodyneInFreshBreathProductsTest" name="verifyPrdtCardImgThree" time="9.643"/>
  <system-out/>
  <testcase classname="com.qa.sensodyne.in.test.SensodyneInFreshBreathProductsTest" name="verifyPrdtCardBuyNowThree" time="10.645"/>
  <system-out/>
</testsuite> <!-- com.qa.sensodyne.in.test.SensodyneInFreshBreathProductsTest -->
