<?xml version="1.0" encoding="UTF-8"?>
<!-- Generated by org.testng.reporters.JUnitReportReporter -->
<testsuite hostname="WKWZTPqvmdckJHX" failures="1" tests="30" name="com.qa.centrum.eng.test.CentrumSampleMultiOmega3Men50Test" time="454.238" errors="2" timestamp="2023-01-27T18:54:13 IST" skipped="0">
  <testcase classname="com.qa.centrum.eng.test.CentrumSampleMultiOmega3Men50Test" name="cookieButton" time="8.026"/>
  <system-out/>
  <testcase classname="com.qa.centrum.eng.test.CentrumSampleMultiOmega3Men50Test" name="verifyWriteAReviewBtn" time="9.443"/>
  <system-out/>
  <testcase classname="com.qa.centrum.eng.test.CentrumSampleMultiOmega3Men50Test" name="verifyBuyNowBtn" time="27.109">
    <error message="unable to click on Buy now button" type="java.lang.Exception">
      <![CDATA[java.lang.Exception: unable to click on Buy now button
at com.qa.centrum.eng.pages.CentrumMultiOmega3Men50Page.clickBuyNowBtn(CentrumMultiOmega3Men50Page.java:226)
at com.qa.centrum.eng.test.CentrumSampleMultiOmega3Men50Test.verifyBuyNowBtn(CentrumSampleMultiOmega3Men50Test.java:58)
at java.base/jdk.internal.reflect.DirectMethodHandleAccessor.invoke(DirectMethodHandleAccessor.java:104)
at java.base/java.lang.reflect.Method.invoke(Method.java:577)
at org.testng.internal.MethodInvocationHelper.invokeMethod(MethodInvocationHelper.java:133)
at org.testng.internal.TestInvoker.invokeMethod(TestInvoker.java:598)
at org.testng.internal.TestInvoker.invokeTestMethod(TestInvoker.java:173)
at org.testng.internal.MethodRunner.runInSequence(MethodRunner.java:46)
at org.testng.internal.TestInvoker$MethodInvocationAgent.invoke(TestInvoker.java:824)
at org.testng.internal.TestInvoker.invokeTestMethods(TestInvoker.java:146)
at org.testng.internal.TestMethodWorker.invokeTestMethods(TestMethodWorker.java:146)
at org.testng.internal.TestMethodWorker.run(TestMethodWorker.java:128)
at java.base/java.util.ArrayList.forEach(ArrayList.java:1511)
at org.testng.TestRunner.privateRun(TestRunner.java:794)
at org.testng.TestRunner.run(TestRunner.java:596)
at org.testng.SuiteRunner.runTest(SuiteRunner.java:377)
at org.testng.SuiteRunner.runSequentially(SuiteRunner.java:371)
at org.testng.SuiteRunner.privateRun(SuiteRunner.java:332)
at org.testng.SuiteRunner.run(SuiteRunner.java:276)
at org.testng.SuiteRunnerWorker.runSuite(SuiteRunnerWorker.java:53)
at org.testng.SuiteRunnerWorker.run(SuiteRunnerWorker.java:96)
at org.testng.TestNG.runSuitesSequentially(TestNG.java:1212)
at org.testng.TestNG.runSuitesLocally(TestNG.java:1134)
at org.testng.TestNG.runSuites(TestNG.java:1063)
at org.testng.TestNG.run(TestNG.java:1031)
at org.testng.remote.AbstractRemoteTestNG.run(AbstractRemoteTestNG.java:115)
at org.testng.remote.RemoteTestNG.initAndRun(RemoteTestNG.java:251)
at org.testng.remote.RemoteTestNG.main(RemoteTestNG.java:77)
]]>
    </error>
  </testcase> <!-- verifyBuyNowBtn -->
  <system-out/>
  <testcase classname="com.qa.centrum.eng.test.CentrumSampleMultiOmega3Men50Test" name="verifyGetCoupons" time="24.774">
    <failure message="expected [coupons/] but found [coupons_old/]" type="java.lang.AssertionError">
      <![CDATA[java.lang.AssertionError: expected [coupons/] but found [coupons_old/]
at org.testng.Assert.fail(Assert.java:99)
at org.testng.Assert.failNotEquals(Assert.java:1037)
at org.testng.Assert.assertEqualsImpl(Assert.java:140)
at org.testng.Assert.assertEquals(Assert.java:122)
at org.testng.Assert.assertEquals(Assert.java:629)
at org.testng.Assert.assertEquals(Assert.java:639)
at com.qa.baseClass.BaseClass.compareTwoText(BaseClass.java:752)
at com.qa.centrum.eng.test.CentrumSampleMultiOmega3Men50Test.verifyGetCoupons(CentrumSampleMultiOmega3Men50Test.java:73)
at java.base/jdk.internal.reflect.DirectMethodHandleAccessor.invoke(DirectMethodHandleAccessor.java:104)
at java.base/java.lang.reflect.Method.invoke(Method.java:577)
at org.testng.internal.MethodInvocationHelper.invokeMethod(MethodInvocationHelper.java:133)
at org.testng.internal.TestInvoker.invokeMethod(TestInvoker.java:598)
at org.testng.internal.TestInvoker.invokeTestMethod(TestInvoker.java:173)
at org.testng.internal.MethodRunner.runInSequence(MethodRunner.java:46)
at org.testng.internal.TestInvoker$MethodInvocationAgent.invoke(TestInvoker.java:824)
at org.testng.internal.TestInvoker.invokeTestMethods(TestInvoker.java:146)
at org.testng.internal.TestMethodWorker.invokeTestMethods(TestMethodWorker.java:146)
at org.testng.internal.TestMethodWorker.run(TestMethodWorker.java:128)
at java.base/java.util.ArrayList.forEach(ArrayList.java:1511)
at org.testng.TestRunner.privateRun(TestRunner.java:794)
at org.testng.TestRunner.run(TestRunner.java:596)
at org.testng.SuiteRunner.runTest(SuiteRunner.java:377)
at org.testng.SuiteRunner.runSequentially(SuiteRunner.java:371)
at org.testng.SuiteRunner.privateRun(SuiteRunner.java:332)
at org.testng.SuiteRunner.run(SuiteRunner.java:276)
at org.testng.SuiteRunnerWorker.runSuite(SuiteRunnerWorker.java:53)
at org.testng.SuiteRunnerWorker.run(SuiteRunnerWorker.java:96)
at org.testng.TestNG.runSuitesSequentially(TestNG.java:1212)
at org.testng.TestNG.runSuitesLocally(TestNG.java:1134)
at org.testng.TestNG.runSuites(TestNG.java:1063)
at org.testng.TestNG.run(TestNG.java:1031)
at org.testng.remote.AbstractRemoteTestNG.run(AbstractRemoteTestNG.java:115)
at org.testng.remote.RemoteTestNG.initAndRun(RemoteTestNG.java:251)
at org.testng.remote.RemoteTestNG.main(RemoteTestNG.java:77)
]]>
    </failure>
  </testcase> <!-- verifyGetCoupons -->
  <system-out/>
  <testcase classname="com.qa.centrum.eng.test.CentrumSampleMultiOmega3Men50Test" name="verifyVitaminAndMinerals" time="10.261"/>
  <system-out/>
  <testcase classname="com.qa.centrum.eng.test.CentrumSampleMultiOmega3Men50Test" name="verifyUsage" time="8.942"/>
  <system-out/>
  <testcase classname="com.qa.centrum.eng.test.CentrumSampleMultiOmega3Men50Test" name="verifyFAQ" time="6.485"/>
  <system-out/>
  <testcase classname="com.qa.centrum.eng.test.CentrumSampleMultiOmega3Men50Test" name="verifyProductBenefits" time="7.049"/>
  <system-out/>
  <testcase classname="com.qa.centrum.eng.test.CentrumSampleMultiOmega3Men50Test" name="verifyCompareTab" time="12.675"/>
  <system-out/>
  <testcase classname="com.qa.centrum.eng.test.CentrumSampleMultiOmega3Men50Test" name="verifyCompareButton" time="11.131"/>
  <system-out/>
  <testcase classname="com.qa.centrum.eng.test.CentrumSampleMultiOmega3Men50Test" name="verifyRelatedProductOne" time="24.313"/>
  <system-out/>
  <testcase classname="com.qa.centrum.eng.test.CentrumSampleMultiOmega3Men50Test" name="verifyRelatedProductTwo" time="20.212"/>
  <system-out/>
  <testcase classname="com.qa.centrum.eng.test.CentrumSampleMultiOmega3Men50Test" name="verifyRelatedProductThree" time="22.950"/>
  <system-out/>
  <testcase classname="com.qa.centrum.eng.test.CentrumSampleMultiOmega3Men50Test" name="verifyRelatedProductFour" time="17.323"/>
  <system-out/>
  <testcase classname="com.qa.centrum.eng.test.CentrumSampleMultiOmega3Men50Test" name="verifyBuyNowOne" time="11.000"/>
  <system-out/>
  <testcase classname="com.qa.centrum.eng.test.CentrumSampleMultiOmega3Men50Test" name="verifyBuyNowTwo" time="10.646"/>
  <system-out/>
  <testcase classname="com.qa.centrum.eng.test.CentrumSampleMultiOmega3Men50Test" name="verifyBuyNowThree" time="10.507"/>
  <system-out/>
  <testcase classname="com.qa.centrum.eng.test.CentrumSampleMultiOmega3Men50Test" name="verifyBuyNowFour" time="10.882"/>
  <system-out/>
  <testcase classname="com.qa.centrum.eng.test.CentrumSampleMultiOmega3Men50Test" name="verifyCompareOne" time="19.103"/>
  <system-out/>
  <testcase classname="com.qa.centrum.eng.test.CentrumSampleMultiOmega3Men50Test" name="verifyCompareTwo" time="11.330"/>
  <system-out/>
  <testcase classname="com.qa.centrum.eng.test.CentrumSampleMultiOmega3Men50Test" name="verifyCompareThree" time="11.635"/>
  <system-out/>
  <testcase classname="com.qa.centrum.eng.test.CentrumSampleMultiOmega3Men50Test" name="verifyCompareFour" time="10.632"/>
  <system-out/>
  <testcase classname="com.qa.centrum.eng.test.CentrumSampleMultiOmega3Men50Test" name="verifyBrowseOne" time="22.321"/>
  <system-out/>
  <testcase classname="com.qa.centrum.eng.test.CentrumSampleMultiOmega3Men50Test" name="verifyBrowseTwo" time="14.200"/>
  <system-out/>
  <testcase classname="com.qa.centrum.eng.test.CentrumSampleMultiOmega3Men50Test" name="verifyBrowseThree" time="17.557"/>
  <system-out/>
  <testcase classname="com.qa.centrum.eng.test.CentrumSampleMultiOmega3Men50Test" name="verifyBrowseFour" time="19.574"/>
  <system-out/>
  <testcase classname="com.qa.centrum.eng.test.CentrumSampleMultiOmega3Men50Test" name="verifyBreadcrumbOne" time="33.133">
    <error message="Preprod breadcrumb home is redirecting to live url" type="java.lang.Exception">
      <![CDATA[java.lang.Exception: Preprod breadcrumb home is redirecting to live url
at com.qa.centrum.eng.test.CentrumSampleMultiOmega3Men50Test.verifyBreadcrumbOne(CentrumSampleMultiOmega3Men50Test.java:343)
at java.base/jdk.internal.reflect.DirectMethodHandleAccessor.invoke(DirectMethodHandleAccessor.java:104)
at java.base/java.lang.reflect.Method.invoke(Method.java:577)
at org.testng.internal.MethodInvocationHelper.invokeMethod(MethodInvocationHelper.java:133)
at org.testng.internal.TestInvoker.invokeMethod(TestInvoker.java:598)
at org.testng.internal.TestInvoker.invokeTestMethod(TestInvoker.java:173)
at org.testng.internal.MethodRunner.runInSequence(MethodRunner.java:46)
at org.testng.internal.TestInvoker$MethodInvocationAgent.invoke(TestInvoker.java:824)
at org.testng.internal.TestInvoker.invokeTestMethods(TestInvoker.java:146)
at org.testng.internal.TestMethodWorker.invokeTestMethods(TestMethodWorker.java:146)
at org.testng.internal.TestMethodWorker.run(TestMethodWorker.java:128)
at java.base/java.util.ArrayList.forEach(ArrayList.java:1511)
at org.testng.TestRunner.privateRun(TestRunner.java:794)
at org.testng.TestRunner.run(TestRunner.java:596)
at org.testng.SuiteRunner.runTest(SuiteRunner.java:377)
at org.testng.SuiteRunner.runSequentially(SuiteRunner.java:371)
at org.testng.SuiteRunner.privateRun(SuiteRunner.java:332)
at org.testng.SuiteRunner.run(SuiteRunner.java:276)
at org.testng.SuiteRunnerWorker.runSuite(SuiteRunnerWorker.java:53)
at org.testng.SuiteRunnerWorker.run(SuiteRunnerWorker.java:96)
at org.testng.TestNG.runSuitesSequentially(TestNG.java:1212)
at org.testng.TestNG.runSuitesLocally(TestNG.java:1134)
at org.testng.TestNG.runSuites(TestNG.java:1063)
at org.testng.TestNG.run(TestNG.java:1031)
at org.testng.remote.AbstractRemoteTestNG.run(AbstractRemoteTestNG.java:115)
at org.testng.remote.RemoteTestNG.initAndRun(RemoteTestNG.java:251)
at org.testng.remote.RemoteTestNG.main(RemoteTestNG.java:77)
]]>
    </error>
  </testcase> <!-- verifyBreadcrumbOne -->
  <system-out/>
  <testcase classname="com.qa.centrum.eng.test.CentrumSampleMultiOmega3Men50Test" name="verifyBreadcrumbTwo" time="12.029"/>
  <system-out/>
  <testcase classname="com.qa.centrum.eng.test.CentrumSampleMultiOmega3Men50Test" name="verifyBreadcrumbThree" time="13.051"/>
  <system-out/>
  <testcase classname="com.qa.centrum.eng.test.CentrumSampleMultiOmega3Men50Test" name="verifyBreadcrumbFour" time="15.945"/>
  <system-out/>
</testsuite> <!-- com.qa.centrum.eng.test.CentrumSampleMultiOmega3Men50Test -->
