<?xml version="1.0" encoding="UTF-8"?>
<!-- Generated by org.testng.reporters.JUnitReportReporter -->
<testsuite hostname="WKWZTPqvmdckJHX" failures="1" tests="28" name="com.qa.centrum.eng.test.CentrumSampleSeleniumTest" time="457.342" errors="1" timestamp="2023-01-30T18:28:43 IST" skipped="0">
  <testcase classname="com.qa.centrum.eng.test.CentrumSampleSeleniumTest" name="cookieButton" time="9.099"/>
  <system-out/>
  <testcase classname="com.qa.centrum.eng.test.CentrumSampleSeleniumTest" name="verifyEnergy" time="14.927"/>
  <system-out/>
  <testcase classname="com.qa.centrum.eng.test.CentrumSampleSeleniumTest" name="verifyImmuneHealth" time="14.842"/>
  <system-out/>
  <testcase classname="com.qa.centrum.eng.test.CentrumSampleSeleniumTest" name="verifyArticleOne" time="12.681"/>
  <system-out/>
  <testcase classname="com.qa.centrum.eng.test.CentrumSampleSeleniumTest" name="verifyArticleTwo" time="13.989"/>
  <system-out/>
  <testcase classname="com.qa.centrum.eng.test.CentrumSampleSeleniumTest" name="verifyArticleThree" time="14.082"/>
  <system-out/>
  <testcase classname="com.qa.centrum.eng.test.CentrumSampleSeleniumTest" name="verifyArticleFour" time="15.014"/>
  <system-out/>
  <testcase classname="com.qa.centrum.eng.test.CentrumSampleSeleniumTest" name="verifyLearnMoreOne" time="15.189"/>
  <system-out/>
  <testcase classname="com.qa.centrum.eng.test.CentrumSampleSeleniumTest" name="verifyLearnMoreTwo" time="32.513"/>
  <system-out/>
  <testcase classname="com.qa.centrum.eng.test.CentrumSampleSeleniumTest" name="verifyLearnMoreThree" time="14.214"/>
  <system-out/>
  <testcase classname="com.qa.centrum.eng.test.CentrumSampleSeleniumTest" name="verifyLearnMoreFour" time="15.957"/>
  <system-out/>
  <testcase classname="com.qa.centrum.eng.test.CentrumSampleSeleniumTest" name="verifyFeaturedProduct" time="8.604"/>
  <system-out/>
  <testcase classname="com.qa.centrum.eng.test.CentrumSampleSeleniumTest" name="verifyProductMen" time="16.382"/>
  <system-out/>
  <testcase classname="com.qa.centrum.eng.test.CentrumSampleSeleniumTest" name="verifyProductMultiGummiesMen" time="16.282"/>
  <system-out/>
  <testcase classname="com.qa.centrum.eng.test.CentrumSampleSeleniumTest" name="verifyProductSilverWomen" time="17.668"/>
  <system-out/>
  <testcase classname="com.qa.centrum.eng.test.CentrumSampleSeleniumTest" name="verifyProductWomensMultivitamin" time="16.158">
    <failure message="expected [products/vitamin-packs/womens-whole-food-blend-multivitamin/] but found [products/multivitamins/centrum-women/]" type="java.lang.AssertionError">
      <![CDATA[java.lang.AssertionError: expected [products/vitamin-packs/womens-whole-food-blend-multivitamin/] but found [products/multivitamins/centrum-women/]
at org.testng.Assert.fail(Assert.java:99)
at org.testng.Assert.failNotEquals(Assert.java:1037)
at org.testng.Assert.assertEqualsImpl(Assert.java:140)
at org.testng.Assert.assertEquals(Assert.java:122)
at org.testng.Assert.assertEquals(Assert.java:629)
at org.testng.Assert.assertEquals(Assert.java:639)
at com.qa.baseClass.BaseClass.compareTwoText(BaseClass.java:752)
at com.qa.centrum.eng.test.CentrumSampleSeleniumTest.verifyProductWomensMultivitamin(CentrumSampleSeleniumTest.java:220)
at java.base/jdk.internal.reflect.DirectMethodHandleAccessor.invoke(DirectMethodHandleAccessor.java:104)
at java.base/java.lang.reflect.Method.invoke(Method.java:577)
at org.testng.internal.MethodInvocationHelper.invokeMethod(MethodInvocationHelper.java:133)
at org.testng.internal.TestInvoker.invokeMethod(TestInvoker.java:598)
at org.testng.internal.TestInvoker.invokeTestMethod(TestInvoker.java:173)
at org.testng.internal.MethodRunner.runInSequence(MethodRunner.java:46)
at org.testng.internal.TestInvoker$MethodInvocationAgent.invoke(TestInvoker.java:824)
at org.testng.internal.TestInvoker.invokeTestMethods(TestInvoker.java:146)
at org.testng.internal.TestMethodWorker.invokeTestMethods(TestMethodWorker.java:146)
at org.testng.internal.TestMethodWorker.run(TestMethodWorker.java:128)
at java.base/java.util.ArrayList.forEach(ArrayList.java:1511)
at org.testng.TestRunner.privateRun(TestRunner.java:794)
at org.testng.TestRunner.run(TestRunner.java:596)
at org.testng.SuiteRunner.runTest(SuiteRunner.java:377)
at org.testng.SuiteRunner.runSequentially(SuiteRunner.java:371)
at org.testng.SuiteRunner.privateRun(SuiteRunner.java:332)
at org.testng.SuiteRunner.run(SuiteRunner.java:276)
at org.testng.SuiteRunnerWorker.runSuite(SuiteRunnerWorker.java:53)
at org.testng.SuiteRunnerWorker.run(SuiteRunnerWorker.java:96)
at org.testng.TestNG.runSuitesSequentially(TestNG.java:1212)
at org.testng.TestNG.runSuitesLocally(TestNG.java:1134)
at org.testng.TestNG.runSuites(TestNG.java:1063)
at org.testng.TestNG.run(TestNG.java:1031)
at org.testng.remote.AbstractRemoteTestNG.run(AbstractRemoteTestNG.java:115)
at org.testng.remote.RemoteTestNG.initAndRun(RemoteTestNG.java:251)
at org.testng.remote.RemoteTestNG.main(RemoteTestNG.java:77)
]]>
    </failure>
  </testcase> <!-- verifyProductWomensMultivitamin -->
  <system-out/>
  <testcase classname="com.qa.centrum.eng.test.CentrumSampleSeleniumTest" name="verifyBuyNowOne" time="14.161"/>
  <system-out/>
  <testcase classname="com.qa.centrum.eng.test.CentrumSampleSeleniumTest" name="verifyBuyNowTwo" time="11.491"/>
  <system-out/>
  <testcase classname="com.qa.centrum.eng.test.CentrumSampleSeleniumTest" name="verifyBuyNowThree" time="10.303"/>
  <system-out/>
  <testcase classname="com.qa.centrum.eng.test.CentrumSampleSeleniumTest" name="verifyBuyNowFour" time="49.061">
    <error message="Expected condition failed: waiting for visibility of Proxy element for: DefaultElementLocator &#039;By.xpath: //h2[text()=&#039;Centrum  WOMEN 40CT&#039;]&#039; (tried for 20 second(s) with 500 milliseconds interval)" type="org.openqa.selenium.TimeoutException">
      <![CDATA[org.openqa.selenium.TimeoutException: Expected condition failed: waiting for visibility of Proxy element for: DefaultElementLocator 'By.xpath: //h2[text()='Centrum  WOMEN 40CT']' (tried for 20 second(s) with 500 milliseconds interval)
at org.openqa.selenium.support.ui.WebDriverWait.timeoutException(WebDriverWait.java:95)
at org.openqa.selenium.support.ui.FluentWait.until(FluentWait.java:272)
at com.qa.baseClass.BaseClass.visibilityOf(BaseClass.java:735)
at com.qa.centrum.eng.pages.CentrumSeleniumPage.clickBuyNowFour(CentrumSeleniumPage.java:351)
at com.qa.centrum.eng.test.CentrumSampleSeleniumTest.verifyBuyNowFour(CentrumSampleSeleniumTest.java:260)
at java.base/jdk.internal.reflect.DirectMethodHandleAccessor.invoke(DirectMethodHandleAccessor.java:104)
at java.base/java.lang.reflect.Method.invoke(Method.java:577)
at org.testng.internal.MethodInvocationHelper.invokeMethod(MethodInvocationHelper.java:133)
at org.testng.internal.TestInvoker.invokeMethod(TestInvoker.java:598)
at org.testng.internal.TestInvoker.invokeTestMethod(TestInvoker.java:173)
at org.testng.internal.MethodRunner.runInSequence(MethodRunner.java:46)
at org.testng.internal.TestInvoker$MethodInvocationAgent.invoke(TestInvoker.java:824)
at org.testng.internal.TestInvoker.invokeTestMethods(TestInvoker.java:146)
at org.testng.internal.TestMethodWorker.invokeTestMethods(TestMethodWorker.java:146)
at org.testng.internal.TestMethodWorker.run(TestMethodWorker.java:128)
at java.base/java.util.ArrayList.forEach(ArrayList.java:1511)
at org.testng.TestRunner.privateRun(TestRunner.java:794)
at org.testng.TestRunner.run(TestRunner.java:596)
at org.testng.SuiteRunner.runTest(SuiteRunner.java:377)
at org.testng.SuiteRunner.runSequentially(SuiteRunner.java:371)
at org.testng.SuiteRunner.privateRun(SuiteRunner.java:332)
at org.testng.SuiteRunner.run(SuiteRunner.java:276)
at org.testng.SuiteRunnerWorker.runSuite(SuiteRunnerWorker.java:53)
at org.testng.SuiteRunnerWorker.run(SuiteRunnerWorker.java:96)
at org.testng.TestNG.runSuitesSequentially(TestNG.java:1212)
at org.testng.TestNG.runSuitesLocally(TestNG.java:1134)
at org.testng.TestNG.runSuites(TestNG.java:1063)
at org.testng.TestNG.run(TestNG.java:1031)
at org.testng.remote.AbstractRemoteTestNG.run(AbstractRemoteTestNG.java:115)
at org.testng.remote.RemoteTestNG.initAndRun(RemoteTestNG.java:251)
at org.testng.remote.RemoteTestNG.main(RemoteTestNG.java:77)
Caused by: org.openqa.selenium.NoSuchElementException: no such element: Unable to locate element: {"method":"xpath","selector":"//h2[text()='Centrum  WOMEN 40CT']"}
  (Session info: chrome=109.0.5414.120)
For documentation on this error, please visit: https://www.seleniumhq.org/exceptions/no_such_element.html
Build info: version: '3.141.59', revision: 'e82be7d358', time: '2018-11-14T08:17:03'
System info: host: 'WKWZTPQVMDCKJHX', ip: '192.168.85.49', os.name: 'Windows 11', os.arch: 'amd64', os.version: '10.0', java.version: '18.0.1'
Driver info: org.openqa.selenium.chrome.ChromeDriver
Capabilities {acceptInsecureCerts: false, browserName: chrome, browserVersion: 109.0.5414.120, chrome: {chromedriverVersion: 109.0.5414.74 (e7c5703604da..., userDataDir: C:\Users\sujsekar\AppData\L...}, goog:chromeOptions: {debuggerAddress: localhost:52706}, javascriptEnabled: true, networkConnectionEnabled: false, pageLoadStrategy: normal, platform: WINDOWS, platformName: WINDOWS, proxy: Proxy(), setWindowRect: true, strictFileInteractability: false, timeouts: {implicit: 0, pageLoad: 300000, script: 30000}, unhandledPromptBehavior: dismiss and notify, webauthn:extension:credBlob: true, webauthn:extension:largeBlob: true, webauthn:virtualAuthenticators: true}
Session ID: 4b0b6e5ffaaa7cd4901cfdc46bbfbb1c
*** Element info: {Using=xpath, value=//h2[text()='Centrum  WOMEN 40CT']}
at java.base/jdk.internal.reflect.DirectConstructorHandleAccessor.newInstance(DirectConstructorHandleAccessor.java:67)
at java.base/java.lang.reflect.Constructor.newInstanceWithCaller(Constructor.java:499)
at java.base/java.lang.reflect.Constructor.newInstance(Constructor.java:483)
at org.openqa.selenium.remote.http.W3CHttpResponseCodec.createException(W3CHttpResponseCodec.java:187)
at org.openqa.selenium.remote.http.W3CHttpResponseCodec.decode(W3CHttpResponseCodec.java:122)
at org.openqa.selenium.remote.http.W3CHttpResponseCodec.decode(W3CHttpResponseCodec.java:49)
at org.openqa.selenium.remote.HttpCommandExecutor.execute(HttpCommandExecutor.java:158)
at org.openqa.selenium.remote.service.DriverCommandExecutor.execute(DriverCommandExecutor.java:83)
at org.openqa.selenium.remote.RemoteWebDriver.execute(RemoteWebDriver.java:552)
at org.openqa.selenium.remote.RemoteWebDriver.findElement(RemoteWebDriver.java:323)
at org.openqa.selenium.remote.RemoteWebDriver.findElementByXPath(RemoteWebDriver.java:428)
at org.openqa.selenium.By$ByXPath.findElement(By.java:353)
at org.openqa.selenium.remote.RemoteWebDriver.findElement(RemoteWebDriver.java:315)
at org.openqa.selenium.support.pagefactory.DefaultElementLocator.findElement(DefaultElementLocator.java:69)
at org.openqa.selenium.support.pagefactory.internal.LocatingElementHandler.invoke(LocatingElementHandler.java:38)
at jdk.proxy2/jdk.proxy2.$Proxy14.isDisplayed(Unknown Source)
at org.openqa.selenium.support.ui.ExpectedConditions.elementIfVisible(ExpectedConditions.java:314)
at org.openqa.selenium.support.ui.ExpectedConditions.access$000(ExpectedConditions.java:43)
at org.openqa.selenium.support.ui.ExpectedConditions$10.apply(ExpectedConditions.java:300)
at org.openqa.selenium.support.ui.ExpectedConditions$10.apply(ExpectedConditions.java:297)
at org.openqa.selenium.support.ui.FluentWait.until(FluentWait.java:249)
... 29 more
]]>
    </error>
  </testcase> <!-- verifyBuyNowFour -->
  <system-out/>
  <testcase classname="com.qa.centrum.eng.test.CentrumSampleSeleniumTest" name="verifyCompareOne" time="12.385"/>
  <system-out/>
  <testcase classname="com.qa.centrum.eng.test.CentrumSampleSeleniumTest" name="verifyCompareTwo" time="13.735"/>
  <system-out/>
  <testcase classname="com.qa.centrum.eng.test.CentrumSampleSeleniumTest" name="verifyCompareThree" time="12.854"/>
  <system-out/>
  <testcase classname="com.qa.centrum.eng.test.CentrumSampleSeleniumTest" name="verifyCompareFour" time="14.597"/>
  <system-out/>
  <testcase classname="com.qa.centrum.eng.test.CentrumSampleSeleniumTest" name="verifyBreadcrumbOne" time="14.535"/>
  <system-out/>
  <testcase classname="com.qa.centrum.eng.test.CentrumSampleSeleniumTest" name="verifyBreadcrumbTwo" time="21.654"/>
  <system-out/>
  <testcase classname="com.qa.centrum.eng.test.CentrumSampleSeleniumTest" name="verifyBreadcrumbThree" time="20.329"/>
  <system-out/>
  <testcase classname="com.qa.centrum.eng.test.CentrumSampleSeleniumTest" name="verifyBreadcrumbFour" time="14.636"/>
  <system-out/>
</testsuite> <!-- com.qa.centrum.eng.test.CentrumSampleSeleniumTest -->
