<?xml version="1.0" encoding="UTF-8"?>
<!-- Generated by org.testng.reporters.JUnitReportReporter -->
<testsuite hostname="WKWZTPqvmdckJHX" failures="2" tests="22" name="com.qa.theraflu.test.TherafluChestCongestionTest" time="303.887" errors="1" timestamp="2023-08-24T14:48:43 IST" skipped="0">
  <testcase classname="com.qa.theraflu.test.TherafluChestCongestionTest" name="cookieButton" time="9.395"/>
  <system-out/>
  <testcase classname="com.qa.theraflu.test.TherafluChestCongestionTest" name="verifyBreadcrumbOne" time="9.629"/>
  <system-out/>
  <testcase classname="com.qa.theraflu.test.TherafluChestCongestionTest" name="verifyBreadcrumbTwo" time="11.008"/>
  <system-out/>
  <testcase classname="com.qa.theraflu.test.TherafluChestCongestionTest" name="verifyBreadcrumbThree" time="9.484"/>
  <system-out/>
  <testcase classname="com.qa.theraflu.test.TherafluChestCongestionTest" name="verifyBreadcrumbFour" time="12.136"/>
  <system-out/>
  <testcase classname="com.qa.theraflu.test.TherafluChestCongestionTest" name="verifyHyperLinkOne" time="7.279"/>
  <system-out/>
  <testcase classname="com.qa.theraflu.test.TherafluChestCongestionTest" name="verifyHyperLinkTwo" time="9.012"/>
  <system-out/>
  <testcase classname="com.qa.theraflu.test.TherafluChestCongestionTest" name="verifyHyperLinkThree" time="15.936"/>
  <system-out/>
  <testcase classname="com.qa.theraflu.test.TherafluChestCongestionTest" name="verifyHyperLinkFour" time="8.218"/>
  <system-out/>
  <testcase classname="com.qa.theraflu.test.TherafluChestCongestionTest" name="verifyHyperLinkFive" time="10.851"/>
  <system-out/>
  <testcase classname="com.qa.theraflu.test.TherafluChestCongestionTest" name="verifyHyperLinkSix" time="13.004"/>
  <system-out/>
  <testcase classname="com.qa.theraflu.test.TherafluChestCongestionTest" name="verifyHyperLinkSeven" time="9.333"/>
  <system-out/>
  <testcase classname="com.qa.theraflu.test.TherafluChestCongestionTest" name="verifyHyperLinkEight" time="8.038"/>
  <system-out/>
  <testcase classname="com.qa.theraflu.test.TherafluChestCongestionTest" name="verifyHyperLinkNine" time="7.298"/>
  <system-out/>
  <testcase classname="com.qa.theraflu.test.TherafluChestCongestionTest" name="verifyHyperLinkTen" time="11.715">
    <failure message="expected [products/all/] but found [https://theraflu-com.preprod-cf65.ch.adobecqms.net/products/all/]" type="java.lang.AssertionError">
      <![CDATA[java.lang.AssertionError: expected [products/all/] but found [https://theraflu-com.preprod-cf65.ch.adobecqms.net/products/all/]
at org.testng.Assert.fail(Assert.java:99)
at org.testng.Assert.failNotEquals(Assert.java:1037)
at org.testng.Assert.assertEqualsImpl(Assert.java:140)
at org.testng.Assert.assertEquals(Assert.java:122)
at org.testng.Assert.assertEquals(Assert.java:629)
at org.testng.Assert.assertEquals(Assert.java:639)
at com.qa.baseClass.BaseClass.compareTwoText(BaseClass.java:831)
at com.qa.theraflu.test.TherafluChestCongestionTest.verifyHyperLinkTen(TherafluChestCongestionTest.java:205)
at java.base/jdk.internal.reflect.DirectMethodHandleAccessor.invoke(DirectMethodHandleAccessor.java:104)
at java.base/java.lang.reflect.Method.invoke(Method.java:577)
at org.testng.internal.MethodInvocationHelper.invokeMethod(MethodInvocationHelper.java:133)
at org.testng.internal.TestInvoker.invokeMethod(TestInvoker.java:598)
at org.testng.internal.TestInvoker.invokeTestMethod(TestInvoker.java:173)
at org.testng.internal.MethodRunner.runInSequence(MethodRunner.java:46)
at org.testng.internal.TestInvoker$MethodInvocationAgent.invoke(TestInvoker.java:824)
at org.testng.internal.TestInvoker.invokeTestMethods(TestInvoker.java:146)
at org.testng.internal.TestMethodWorker.invokeTestMethods(TestMethodWorker.java:146)
at org.testng.internal.TestMethodWorker.run(TestMethodWorker.java:128)
at java.base/java.util.ArrayList.forEach(ArrayList.java:1511)
at org.testng.TestRunner.privateRun(TestRunner.java:794)
at org.testng.TestRunner.run(TestRunner.java:596)
at org.testng.SuiteRunner.runTest(SuiteRunner.java:377)
at org.testng.SuiteRunner.runSequentially(SuiteRunner.java:371)
at org.testng.SuiteRunner.privateRun(SuiteRunner.java:332)
at org.testng.SuiteRunner.run(SuiteRunner.java:276)
at org.testng.SuiteRunnerWorker.runSuite(SuiteRunnerWorker.java:53)
at org.testng.SuiteRunnerWorker.run(SuiteRunnerWorker.java:96)
at org.testng.TestNG.runSuitesSequentially(TestNG.java:1212)
at org.testng.TestNG.runSuitesLocally(TestNG.java:1134)
at org.testng.TestNG.runSuites(TestNG.java:1063)
at org.testng.TestNG.run(TestNG.java:1031)
at org.testng.remote.AbstractRemoteTestNG.run(AbstractRemoteTestNG.java:115)
at org.testng.remote.RemoteTestNG.initAndRun(RemoteTestNG.java:251)
at org.testng.remote.RemoteTestNG.main(RemoteTestNG.java:77)
]]>
    </failure>
  </testcase> <!-- verifyHyperLinkTen -->
  <system-out/>
  <testcase classname="com.qa.theraflu.test.TherafluChestCongestionTest" name="verifyHyperLinkEleven" time="28.890">
    <error message="hyperLinkEleven is not presented in the page" type="java.lang.Exception">
      <![CDATA[java.lang.Exception: hyperLinkEleven is not presented in the page
at com.qa.theraflu.pages.TherafluChestCongestionPage.clickHyperLinkEleven(TherafluChestCongestionPage.java:315)
at com.qa.theraflu.test.TherafluChestCongestionTest.verifyHyperLinkEleven(TherafluChestCongestionTest.java:215)
at java.base/jdk.internal.reflect.DirectMethodHandleAccessor.invoke(DirectMethodHandleAccessor.java:104)
at java.base/java.lang.reflect.Method.invoke(Method.java:577)
at org.testng.internal.MethodInvocationHelper.invokeMethod(MethodInvocationHelper.java:133)
at org.testng.internal.TestInvoker.invokeMethod(TestInvoker.java:598)
at org.testng.internal.TestInvoker.invokeTestMethod(TestInvoker.java:173)
at org.testng.internal.MethodRunner.runInSequence(MethodRunner.java:46)
at org.testng.internal.TestInvoker$MethodInvocationAgent.invoke(TestInvoker.java:824)
at org.testng.internal.TestInvoker.invokeTestMethods(TestInvoker.java:146)
at org.testng.internal.TestMethodWorker.invokeTestMethods(TestMethodWorker.java:146)
at org.testng.internal.TestMethodWorker.run(TestMethodWorker.java:128)
at java.base/java.util.ArrayList.forEach(ArrayList.java:1511)
at org.testng.TestRunner.privateRun(TestRunner.java:794)
at org.testng.TestRunner.run(TestRunner.java:596)
at org.testng.SuiteRunner.runTest(SuiteRunner.java:377)
at org.testng.SuiteRunner.runSequentially(SuiteRunner.java:371)
at org.testng.SuiteRunner.privateRun(SuiteRunner.java:332)
at org.testng.SuiteRunner.run(SuiteRunner.java:276)
at org.testng.SuiteRunnerWorker.runSuite(SuiteRunnerWorker.java:53)
at org.testng.SuiteRunnerWorker.run(SuiteRunnerWorker.java:96)
at org.testng.TestNG.runSuitesSequentially(TestNG.java:1212)
at org.testng.TestNG.runSuitesLocally(TestNG.java:1134)
at org.testng.TestNG.runSuites(TestNG.java:1063)
at org.testng.TestNG.run(TestNG.java:1031)
at org.testng.remote.AbstractRemoteTestNG.run(AbstractRemoteTestNG.java:115)
at org.testng.remote.RemoteTestNG.initAndRun(RemoteTestNG.java:251)
at org.testng.remote.RemoteTestNG.main(RemoteTestNG.java:77)
]]>
    </error>
  </testcase> <!-- verifyHyperLinkEleven -->
  <system-out/>
  <testcase classname="com.qa.theraflu.test.TherafluChestCongestionTest" name="verifyHyperLinkTweleve" time="9.635"/>
  <system-out/>
  <testcase classname="com.qa.theraflu.test.TherafluChestCongestionTest" name="verifyReferences" time="37.192"/>
  <system-out/>
  <testcase classname="com.qa.theraflu.test.TherafluChestCongestionTest" name="verifyRecommendedArticlesOne" time="12.706">
    <failure message="expected [prevention/what-is-social-distancing] but found [https://www.theraflu.com/prevention/what-is-social-distancing]" type="java.lang.AssertionError">
      <![CDATA[java.lang.AssertionError: expected [prevention/what-is-social-distancing] but found [https://www.theraflu.com/prevention/what-is-social-distancing]
at org.testng.Assert.fail(Assert.java:99)
at org.testng.Assert.failNotEquals(Assert.java:1037)
at org.testng.Assert.assertEqualsImpl(Assert.java:140)
at org.testng.Assert.assertEquals(Assert.java:122)
at org.testng.Assert.assertEquals(Assert.java:629)
at org.testng.Assert.assertEquals(Assert.java:639)
at com.qa.baseClass.BaseClass.compareTwoText(BaseClass.java:831)
at com.qa.theraflu.test.TherafluChestCongestionTest.verifyRecommendedArticlesOne(TherafluChestCongestionTest.java:251)
at java.base/jdk.internal.reflect.DirectMethodHandleAccessor.invoke(DirectMethodHandleAccessor.java:104)
at java.base/java.lang.reflect.Method.invoke(Method.java:577)
at org.testng.internal.MethodInvocationHelper.invokeMethod(MethodInvocationHelper.java:133)
at org.testng.internal.TestInvoker.invokeMethod(TestInvoker.java:598)
at org.testng.internal.TestInvoker.invokeTestMethod(TestInvoker.java:173)
at org.testng.internal.MethodRunner.runInSequence(MethodRunner.java:46)
at org.testng.internal.TestInvoker$MethodInvocationAgent.invoke(TestInvoker.java:824)
at org.testng.internal.TestInvoker.invokeTestMethods(TestInvoker.java:146)
at org.testng.internal.TestMethodWorker.invokeTestMethods(TestMethodWorker.java:146)
at org.testng.internal.TestMethodWorker.run(TestMethodWorker.java:128)
at java.base/java.util.ArrayList.forEach(ArrayList.java:1511)
at org.testng.TestRunner.privateRun(TestRunner.java:794)
at org.testng.TestRunner.run(TestRunner.java:596)
at org.testng.SuiteRunner.runTest(SuiteRunner.java:377)
at org.testng.SuiteRunner.runSequentially(SuiteRunner.java:371)
at org.testng.SuiteRunner.privateRun(SuiteRunner.java:332)
at org.testng.SuiteRunner.run(SuiteRunner.java:276)
at org.testng.SuiteRunnerWorker.runSuite(SuiteRunnerWorker.java:53)
at org.testng.SuiteRunnerWorker.run(SuiteRunnerWorker.java:96)
at org.testng.TestNG.runSuitesSequentially(TestNG.java:1212)
at org.testng.TestNG.runSuitesLocally(TestNG.java:1134)
at org.testng.TestNG.runSuites(TestNG.java:1063)
at org.testng.TestNG.run(TestNG.java:1031)
at org.testng.remote.AbstractRemoteTestNG.run(AbstractRemoteTestNG.java:115)
at org.testng.remote.RemoteTestNG.initAndRun(RemoteTestNG.java:251)
at org.testng.remote.RemoteTestNG.main(RemoteTestNG.java:77)
]]>
    </failure>
  </testcase> <!-- verifyRecommendedArticlesOne -->
  <system-out/>
  <testcase classname="com.qa.theraflu.test.TherafluChestCongestionTest" name="verifyRecommendedArticlesTwo" time="33.998"/>
  <system-out/>
  <testcase classname="com.qa.theraflu.test.TherafluChestCongestionTest" name="verifyRecommendedArticlesThree" time="15.425"/>
  <system-out/>
  <testcase classname="com.qa.theraflu.test.TherafluChestCongestionTest" name="verifyRecommendedArticlesFour" time="13.705"/>
  <system-out/>
</testsuite> <!-- com.qa.theraflu.test.TherafluChestCongestionTest -->
