<?xml version="1.0" encoding="UTF-8"?>
<!-- Generated by org.testng.reporters.JUnitReportReporter -->
<testsuite hostname="WKWZTPqvmdckJHX" failures="0" tests="13" name="com.qa.theraflu.test.TherafluHowToRelieveSinusPressureTest" time="214.686" errors="1" timestamp="2023-08-25T12:44:45 IST" skipped="0">
  <testcase classname="com.qa.theraflu.test.TherafluHowToRelieveSinusPressureTest" name="cookieButton" time="7.157"/>
  <system-out/>
  <testcase classname="com.qa.theraflu.test.TherafluHowToRelieveSinusPressureTest" name="verifyBreadcrumbOne" time="17.194"/>
  <system-out/>
  <testcase classname="com.qa.theraflu.test.TherafluHowToRelieveSinusPressureTest" name="verifyBreadcrumbTwo" time="23.565"/>
  <system-out/>
  <testcase classname="com.qa.theraflu.test.TherafluHowToRelieveSinusPressureTest" name="verifyBreadcrumbThree" time="8.601"/>
  <system-out/>
  <testcase classname="com.qa.theraflu.test.TherafluHowToRelieveSinusPressureTest" name="verifyBreadcrumbFour" time="7.348"/>
  <system-out/>
  <testcase classname="com.qa.theraflu.test.TherafluHowToRelieveSinusPressureTest" name="verifyHyperLinkOne" time="36.907"/>
  <system-out/>
  <testcase classname="com.qa.theraflu.test.TherafluHowToRelieveSinusPressureTest" name="verifyHyperLinkTwo" time="10.905"/>
  <system-out/>
  <testcase classname="com.qa.theraflu.test.TherafluHowToRelieveSinusPressureTest" name="verifyHyperLinkThree" time="33.140">
    <error message="hyperLinkThree is not presented in the page" type="java.lang.Exception">
      <![CDATA[java.lang.Exception: hyperLinkThree is not presented in the page
at com.qa.theraflu.pages.TherafluHowToRelieveSinusPressurePage.clickHyperLinkThree(TherafluHowToRelieveSinusPressurePage.java:175)
at com.qa.theraflu.test.TherafluHowToRelieveSinusPressureTest.verifyHyperLinkThree(TherafluHowToRelieveSinusPressureTest.java:119)
at java.base/jdk.internal.reflect.DirectMethodHandleAccessor.invoke(DirectMethodHandleAccessor.java:104)
at java.base/java.lang.reflect.Method.invoke(Method.java:577)
at org.testng.internal.MethodInvocationHelper.invokeMethod(MethodInvocationHelper.java:133)
at org.testng.internal.TestInvoker.invokeMethod(TestInvoker.java:598)
at org.testng.internal.TestInvoker.invokeTestMethod(TestInvoker.java:173)
at org.testng.internal.MethodRunner.runInSequence(MethodRunner.java:46)
at org.testng.internal.TestInvoker$MethodInvocationAgent.invoke(TestInvoker.java:824)
at org.testng.internal.TestInvoker.invokeTestMethods(TestInvoker.java:146)
at org.testng.internal.TestMethodWorker.invokeTestMethods(TestMethodWorker.java:146)
at org.testng.internal.TestMethodWorker.run(TestMethodWorker.java:128)
at java.base/java.util.ArrayList.forEach(ArrayList.java:1511)
at org.testng.TestRunner.privateRun(TestRunner.java:794)
at org.testng.TestRunner.run(TestRunner.java:596)
at org.testng.SuiteRunner.runTest(SuiteRunner.java:377)
at org.testng.SuiteRunner.runSequentially(SuiteRunner.java:371)
at org.testng.SuiteRunner.privateRun(SuiteRunner.java:332)
at org.testng.SuiteRunner.run(SuiteRunner.java:276)
at org.testng.SuiteRunnerWorker.runSuite(SuiteRunnerWorker.java:53)
at org.testng.SuiteRunnerWorker.run(SuiteRunnerWorker.java:96)
at org.testng.TestNG.runSuitesSequentially(TestNG.java:1212)
at org.testng.TestNG.runSuitesLocally(TestNG.java:1134)
at org.testng.TestNG.runSuites(TestNG.java:1063)
at org.testng.TestNG.run(TestNG.java:1031)
at org.testng.remote.AbstractRemoteTestNG.run(AbstractRemoteTestNG.java:115)
at org.testng.remote.RemoteTestNG.initAndRun(RemoteTestNG.java:251)
at org.testng.remote.RemoteTestNG.main(RemoteTestNG.java:77)
]]>
    </error>
  </testcase> <!-- verifyHyperLinkThree -->
  <system-out/>
  <testcase classname="com.qa.theraflu.test.TherafluHowToRelieveSinusPressureTest" name="verifyReferences" time="9.231"/>
  <system-out/>
  <testcase classname="com.qa.theraflu.test.TherafluHowToRelieveSinusPressureTest" name="verifyRecommendedArticlesOne" time="13.117"/>
  <system-out/>
  <testcase classname="com.qa.theraflu.test.TherafluHowToRelieveSinusPressureTest" name="verifyRecommendedArticlesTwo" time="10.068"/>
  <system-out/>
  <testcase classname="com.qa.theraflu.test.TherafluHowToRelieveSinusPressureTest" name="verifyRecommendedArticlesThree" time="11.455"/>
  <system-out/>
  <testcase classname="com.qa.theraflu.test.TherafluHowToRelieveSinusPressureTest" name="verifyRecommendedArticlesFour" time="25.998"/>
  <system-out/>
</testsuite> <!-- com.qa.theraflu.test.TherafluHowToRelieveSinusPressureTest -->
