<?xml version="1.0" encoding="UTF-8"?>
<!-- Generated by org.testng.reporters.JUnitReportReporter -->
<testsuite hostname="WKWZTPqvmdckJHX" failures="0" tests="30" name="com.qa.centrum.eng.test.CentrumSampleMultigummiesMen50PlusTest" time="456.868" errors="3" timestamp="2023-01-27T13:19:55 IST" skipped="0">
  <testcase classname="com.qa.centrum.eng.test.CentrumSampleMultigummiesMen50PlusTest" name="cookieButton" time="11.497"/>
  <system-out/>
  <testcase classname="com.qa.centrum.eng.test.CentrumSampleMultigummiesMen50PlusTest" name="verifyWriteAReviewBtn" time="12.003"/>
  <system-out/>
  <testcase classname="com.qa.centrum.eng.test.CentrumSampleMultigummiesMen50PlusTest" name="verifyBuyNowBtn" time="26.094">
    <error message="unable to click on Buy now button" type="java.lang.Exception">
      <![CDATA[java.lang.Exception: unable to click on Buy now button
at com.qa.centrum.eng.pages.CentrumMultigummiesMen50PlusPage.clickBuyNowBtn(CentrumMultigummiesMen50PlusPage.java:228)
at com.qa.centrum.eng.test.CentrumSampleMultigummiesMen50PlusTest.verifyBuyNowBtn(CentrumSampleMultigummiesMen50PlusTest.java:56)
at java.base/jdk.internal.reflect.DirectMethodHandleAccessor.invoke(DirectMethodHandleAccessor.java:104)
at java.base/java.lang.reflect.Method.invoke(Method.java:577)
at org.testng.internal.MethodInvocationHelper.invokeMethod(MethodInvocationHelper.java:133)
at org.testng.internal.TestInvoker.invokeMethod(TestInvoker.java:598)
at org.testng.internal.TestInvoker.invokeTestMethod(TestInvoker.java:173)
at org.testng.internal.MethodRunner.runInSequence(MethodRunner.java:46)
at org.testng.internal.TestInvoker$MethodInvocationAgent.invoke(TestInvoker.java:824)
at org.testng.internal.TestInvoker.invokeTestMethods(TestInvoker.java:146)
at org.testng.internal.TestMethodWorker.invokeTestMethods(TestMethodWorker.java:146)
at org.testng.internal.TestMethodWorker.run(TestMethodWorker.java:128)
at java.base/java.util.ArrayList.forEach(ArrayList.java:1511)
at org.testng.TestRunner.privateRun(TestRunner.java:794)
at org.testng.TestRunner.run(TestRunner.java:596)
at org.testng.SuiteRunner.runTest(SuiteRunner.java:377)
at org.testng.SuiteRunner.runSequentially(SuiteRunner.java:371)
at org.testng.SuiteRunner.privateRun(SuiteRunner.java:332)
at org.testng.SuiteRunner.run(SuiteRunner.java:276)
at org.testng.SuiteRunnerWorker.runSuite(SuiteRunnerWorker.java:53)
at org.testng.SuiteRunnerWorker.run(SuiteRunnerWorker.java:96)
at org.testng.TestNG.runSuitesSequentially(TestNG.java:1212)
at org.testng.TestNG.runSuitesLocally(TestNG.java:1134)
at org.testng.TestNG.runSuites(TestNG.java:1063)
at org.testng.TestNG.run(TestNG.java:1031)
at org.testng.remote.AbstractRemoteTestNG.run(AbstractRemoteTestNG.java:115)
at org.testng.remote.RemoteTestNG.initAndRun(RemoteTestNG.java:251)
at org.testng.remote.RemoteTestNG.main(RemoteTestNG.java:77)
]]>
    </error>
  </testcase> <!-- verifyBuyNowBtn -->
  <system-out/>
  <testcase classname="com.qa.centrum.eng.test.CentrumSampleMultigummiesMen50PlusTest" name="verifyGetCoupons" time="12.166">
    <error message="element click intercepted: Element &lt;a href=&quot;/coupons_old/&quot; class=&quot;btn btn-secondary&quot; data-uw-rm-brl=&quot;false&quot; data-di-id=&quot;di-id-48ddd973-a1c84060&quot; tabindex=&quot;0&quot; data-uw-rm-color-contrast=&quot;prs&quot;&gt;...&lt;/a&gt; is not clickable at point (282, 42). Other element would receive the click: &lt;ul class=&quot;navigation-root navigation-branch navigation-level1&quot;&gt;...&lt;/ul&gt;
  (Session info: chrome=109.0.5414.76)
Build info: version: &#039;3.141.59&#039;, revision: &#039;e82be7d358&#039;, time: &#039;2018-11-14T08:17:03&#039;
System info: host: &#039;WKWZTPQVMDCKJHX&#039;, ip: &#039;10.132.117.1&#039;, os.name: &#039;Windows 11&#039;, os.arch: &#039;amd64&#039;, os.version: &#039;10.0&#039;, java.version: &#039;18.0.1&#039;
Driver info: org.openqa.selenium.chrome.ChromeDriver
Capabilities {acceptInsecureCerts: false, browserName: chrome, browserVersion: 109.0.5414.76, chrome: {chromedriverVersion: 109.0.5414.74 (e7c5703604da..., userDataDir: C:\Users\sujsekar\AppData\L...}, goog:chromeOptions: {debuggerAddress: localhost:52572}, javascriptEnabled: true, networkConnectionEnabled: false, pageLoadStrategy: normal, platform: WINDOWS, platformName: WINDOWS, proxy: Proxy(), setWindowRect: true, strictFileInteractability: false, timeouts: {implicit: 0, pageLoad: 300000, script: 30000}, unhandledPromptBehavior: dismiss and notify, webauthn:extension:credBlob: true, webauthn:extension:largeBlob: true, webauthn:virtualAuthenticators: true}
Session ID: 7ef3e9cec3b1f0c7a047151d8514f397" type="org.openqa.selenium.ElementClickInterceptedException">
      <![CDATA[org.openqa.selenium.ElementClickInterceptedException: element click intercepted: Element <a href="/coupons_old/" class="btn btn-secondary" data-uw-rm-brl="false" data-di-id="di-id-48ddd973-a1c84060" tabindex="0" data-uw-rm-color-contrast="prs">...</a> is not clickable at point (282, 42). Other element would receive the click: <ul class="navigation-root navigation-branch navigation-level1">...</ul>
  (Session info: chrome=109.0.5414.76)
Build info: version: '3.141.59', revision: 'e82be7d358', time: '2018-11-14T08:17:03'
System info: host: 'WKWZTPQVMDCKJHX', ip: '10.132.117.1', os.name: 'Windows 11', os.arch: 'amd64', os.version: '10.0', java.version: '18.0.1'
Driver info: org.openqa.selenium.chrome.ChromeDriver
Capabilities {acceptInsecureCerts: false, browserName: chrome, browserVersion: 109.0.5414.76, chrome: {chromedriverVersion: 109.0.5414.74 (e7c5703604da..., userDataDir: C:\Users\sujsekar\AppData\L...}, goog:chromeOptions: {debuggerAddress: localhost:52572}, javascriptEnabled: true, networkConnectionEnabled: false, pageLoadStrategy: normal, platform: WINDOWS, platformName: WINDOWS, proxy: Proxy(), setWindowRect: true, strictFileInteractability: false, timeouts: {implicit: 0, pageLoad: 300000, script: 30000}, unhandledPromptBehavior: dismiss and notify, webauthn:extension:credBlob: true, webauthn:extension:largeBlob: true, webauthn:virtualAuthenticators: true}
Session ID: 7ef3e9cec3b1f0c7a047151d8514f397
at java.base/jdk.internal.reflect.DirectConstructorHandleAccessor.newInstance(DirectConstructorHandleAccessor.java:67)
at java.base/java.lang.reflect.Constructor.newInstanceWithCaller(Constructor.java:499)
at java.base/java.lang.reflect.Constructor.newInstance(Constructor.java:483)
at org.openqa.selenium.remote.http.W3CHttpResponseCodec.createException(W3CHttpResponseCodec.java:187)
at org.openqa.selenium.remote.http.W3CHttpResponseCodec.decode(W3CHttpResponseCodec.java:122)
at org.openqa.selenium.remote.http.W3CHttpResponseCodec.decode(W3CHttpResponseCodec.java:49)
at org.openqa.selenium.remote.HttpCommandExecutor.execute(HttpCommandExecutor.java:158)
at org.openqa.selenium.remote.service.DriverCommandExecutor.execute(DriverCommandExecutor.java:83)
at org.openqa.selenium.remote.RemoteWebDriver.execute(RemoteWebDriver.java:552)
at org.openqa.selenium.remote.RemoteWebElement.execute(RemoteWebElement.java:285)
at org.openqa.selenium.remote.RemoteWebElement.click(RemoteWebElement.java:84)
at java.base/jdk.internal.reflect.DirectMethodHandleAccessor.invoke(DirectMethodHandleAccessor.java:104)
at java.base/java.lang.reflect.Method.invoke(Method.java:577)
at org.openqa.selenium.support.pagefactory.internal.LocatingElementHandler.invoke(LocatingElementHandler.java:51)
at jdk.proxy2/jdk.proxy2.$Proxy14.click(Unknown Source)
at com.qa.baseClass.BaseClass.elementClick(BaseClass.java:176)
at com.qa.centrum.eng.pages.CentrumMultigummiesMen50PlusPage.clickGetCoupons(CentrumMultigummiesMen50PlusPage.java:234)
at com.qa.centrum.eng.test.CentrumSampleMultigummiesMen50PlusTest.verifyGetCoupons(CentrumSampleMultigummiesMen50PlusTest.java:69)
at java.base/jdk.internal.reflect.DirectMethodHandleAccessor.invoke(DirectMethodHandleAccessor.java:104)
at java.base/java.lang.reflect.Method.invoke(Method.java:577)
at org.testng.internal.MethodInvocationHelper.invokeMethod(MethodInvocationHelper.java:133)
at org.testng.internal.TestInvoker.invokeMethod(TestInvoker.java:598)
at org.testng.internal.TestInvoker.invokeTestMethod(TestInvoker.java:173)
at org.testng.internal.MethodRunner.runInSequence(MethodRunner.java:46)
at org.testng.internal.TestInvoker$MethodInvocationAgent.invoke(TestInvoker.java:824)
at org.testng.internal.TestInvoker.invokeTestMethods(TestInvoker.java:146)
at org.testng.internal.TestMethodWorker.invokeTestMethods(TestMethodWorker.java:146)
at org.testng.internal.TestMethodWorker.run(TestMethodWorker.java:128)
at java.base/java.util.ArrayList.forEach(ArrayList.java:1511)
at org.testng.TestRunner.privateRun(TestRunner.java:794)
at org.testng.TestRunner.run(TestRunner.java:596)
at org.testng.SuiteRunner.runTest(SuiteRunner.java:377)
at org.testng.SuiteRunner.runSequentially(SuiteRunner.java:371)
at org.testng.SuiteRunner.privateRun(SuiteRunner.java:332)
at org.testng.SuiteRunner.run(SuiteRunner.java:276)
at org.testng.SuiteRunnerWorker.runSuite(SuiteRunnerWorker.java:53)
at org.testng.SuiteRunnerWorker.run(SuiteRunnerWorker.java:96)
at org.testng.TestNG.runSuitesSequentially(TestNG.java:1212)
at org.testng.TestNG.runSuitesLocally(TestNG.java:1134)
at org.testng.TestNG.runSuites(TestNG.java:1063)
at org.testng.TestNG.run(TestNG.java:1031)
at org.testng.remote.AbstractRemoteTestNG.run(AbstractRemoteTestNG.java:115)
at org.testng.remote.RemoteTestNG.initAndRun(RemoteTestNG.java:251)
at org.testng.remote.RemoteTestNG.main(RemoteTestNG.java:77)
]]>
    </error>
  </testcase> <!-- verifyGetCoupons -->
  <system-out/>
  <testcase classname="com.qa.centrum.eng.test.CentrumSampleMultigummiesMen50PlusTest" name="verifyVitaminAndMinerals" time="13.386"/>
  <system-out/>
  <testcase classname="com.qa.centrum.eng.test.CentrumSampleMultigummiesMen50PlusTest" name="verifyUsage" time="13.746"/>
  <system-out/>
  <testcase classname="com.qa.centrum.eng.test.CentrumSampleMultigummiesMen50PlusTest" name="verifyFAQ" time="8.853"/>
  <system-out/>
  <testcase classname="com.qa.centrum.eng.test.CentrumSampleMultigummiesMen50PlusTest" name="verifyProductBenefits" time="11.097"/>
  <system-out/>
  <testcase classname="com.qa.centrum.eng.test.CentrumSampleMultigummiesMen50PlusTest" name="verifyCompareTab" time="12.784"/>
  <system-out/>
  <testcase classname="com.qa.centrum.eng.test.CentrumSampleMultigummiesMen50PlusTest" name="verifyCompareButton" time="13.804"/>
  <system-out/>
  <testcase classname="com.qa.centrum.eng.test.CentrumSampleMultigummiesMen50PlusTest" name="verifyRelatedProductOne" time="21.681"/>
  <system-out/>
  <testcase classname="com.qa.centrum.eng.test.CentrumSampleMultigummiesMen50PlusTest" name="verifyRelatedProductTwo" time="22.659"/>
  <system-out/>
  <testcase classname="com.qa.centrum.eng.test.CentrumSampleMultigummiesMen50PlusTest" name="verifyRelatedProductThree" time="18.474"/>
  <system-out/>
  <testcase classname="com.qa.centrum.eng.test.CentrumSampleMultigummiesMen50PlusTest" name="verifyRelatedProductFour" time="19.563"/>
  <system-out/>
  <testcase classname="com.qa.centrum.eng.test.CentrumSampleMultigummiesMen50PlusTest" name="verifyBuyNowOne" time="13.411"/>
  <system-out/>
  <testcase classname="com.qa.centrum.eng.test.CentrumSampleMultigummiesMen50PlusTest" name="verifyBuyNowTwo" time="11.384"/>
  <system-out/>
  <testcase classname="com.qa.centrum.eng.test.CentrumSampleMultigummiesMen50PlusTest" name="verifyBuyNowThree" time="13.492"/>
  <system-out/>
  <testcase classname="com.qa.centrum.eng.test.CentrumSampleMultigummiesMen50PlusTest" name="verifyBuyNowFour" time="10.594"/>
  <system-out/>
  <testcase classname="com.qa.centrum.eng.test.CentrumSampleMultigummiesMen50PlusTest" name="verifyCompareOne" time="20.611"/>
  <system-out/>
  <testcase classname="com.qa.centrum.eng.test.CentrumSampleMultigummiesMen50PlusTest" name="verifyCompareTwo" time="11.775"/>
  <system-out/>
  <testcase classname="com.qa.centrum.eng.test.CentrumSampleMultigummiesMen50PlusTest" name="verifyCompareThree" time="10.942"/>
  <system-out/>
  <testcase classname="com.qa.centrum.eng.test.CentrumSampleMultigummiesMen50PlusTest" name="verifyCompareFour" time="10.815"/>
  <system-out/>
  <testcase classname="com.qa.centrum.eng.test.CentrumSampleMultigummiesMen50PlusTest" name="verifyBrowseOne" time="24.984"/>
  <system-out/>
  <testcase classname="com.qa.centrum.eng.test.CentrumSampleMultigummiesMen50PlusTest" name="verifyBrowseTwo" time="16.886"/>
  <system-out/>
  <testcase classname="com.qa.centrum.eng.test.CentrumSampleMultigummiesMen50PlusTest" name="verifyBrowseThree" time="13.253"/>
  <system-out/>
  <testcase classname="com.qa.centrum.eng.test.CentrumSampleMultigummiesMen50PlusTest" name="verifyBrowseFour" time="20.951"/>
  <system-out/>
  <testcase classname="com.qa.centrum.eng.test.CentrumSampleMultigummiesMen50PlusTest" name="verifyBreadcrumbOne" time="13.247">
    <error message="Preprod breadcrumb home is redirecting to live url" type="java.lang.Exception">
      <![CDATA[java.lang.Exception: Preprod breadcrumb home is redirecting to live url
at com.qa.centrum.eng.test.CentrumSampleMultigummiesMen50PlusTest.verifyBreadcrumbOne(CentrumSampleMultigummiesMen50PlusTest.java:341)
at java.base/jdk.internal.reflect.DirectMethodHandleAccessor.invoke(DirectMethodHandleAccessor.java:104)
at java.base/java.lang.reflect.Method.invoke(Method.java:577)
at org.testng.internal.MethodInvocationHelper.invokeMethod(MethodInvocationHelper.java:133)
at org.testng.internal.TestInvoker.invokeMethod(TestInvoker.java:598)
at org.testng.internal.TestInvoker.invokeTestMethod(TestInvoker.java:173)
at org.testng.internal.MethodRunner.runInSequence(MethodRunner.java:46)
at org.testng.internal.TestInvoker$MethodInvocationAgent.invoke(TestInvoker.java:824)
at org.testng.internal.TestInvoker.invokeTestMethods(TestInvoker.java:146)
at org.testng.internal.TestMethodWorker.invokeTestMethods(TestMethodWorker.java:146)
at org.testng.internal.TestMethodWorker.run(TestMethodWorker.java:128)
at java.base/java.util.ArrayList.forEach(ArrayList.java:1511)
at org.testng.TestRunner.privateRun(TestRunner.java:794)
at org.testng.TestRunner.run(TestRunner.java:596)
at org.testng.SuiteRunner.runTest(SuiteRunner.java:377)
at org.testng.SuiteRunner.runSequentially(SuiteRunner.java:371)
at org.testng.SuiteRunner.privateRun(SuiteRunner.java:332)
at org.testng.SuiteRunner.run(SuiteRunner.java:276)
at org.testng.SuiteRunnerWorker.runSuite(SuiteRunnerWorker.java:53)
at org.testng.SuiteRunnerWorker.run(SuiteRunnerWorker.java:96)
at org.testng.TestNG.runSuitesSequentially(TestNG.java:1212)
at org.testng.TestNG.runSuitesLocally(TestNG.java:1134)
at org.testng.TestNG.runSuites(TestNG.java:1063)
at org.testng.TestNG.run(TestNG.java:1031)
at org.testng.remote.AbstractRemoteTestNG.run(AbstractRemoteTestNG.java:115)
at org.testng.remote.RemoteTestNG.initAndRun(RemoteTestNG.java:251)
at org.testng.remote.RemoteTestNG.main(RemoteTestNG.java:77)
]]>
    </error>
  </testcase> <!-- verifyBreadcrumbOne -->
  <system-out/>
  <testcase classname="com.qa.centrum.eng.test.CentrumSampleMultigummiesMen50PlusTest" name="verifyBreadcrumbTwo" time="14.152"/>
  <system-out/>
  <testcase classname="com.qa.centrum.eng.test.CentrumSampleMultigummiesMen50PlusTest" name="verifyBreadcrumbThree" time="13.315"/>
  <system-out/>
  <testcase classname="com.qa.centrum.eng.test.CentrumSampleMultigummiesMen50PlusTest" name="verifyBreadcrumbFour" time="19.249"/>
  <system-out/>
</testsuite> <!-- com.qa.centrum.eng.test.CentrumSampleMultigummiesMen50PlusTest -->
