<?xml version="1.0" encoding="UTF-8"?>
<!-- Generated by org.testng.reporters.JUnitReportReporter -->
<testsuite hostname="WKWZTPqvmdckJHX" failures="1" tests="19" name="com.qa.theraflu.test.TherafluFactsAboutFluVaccineTest" time="181.493" errors="0" timestamp="2023-09-07T14:24:09 IST" skipped="0">
  <testcase classname="com.qa.theraflu.test.TherafluFactsAboutFluVaccineTest" name="cookieButton" time="4.766"/>
  <system-out/>
  <testcase classname="com.qa.theraflu.test.TherafluFactsAboutFluVaccineTest" name="verifyBreadcrumbOne" time="9.835"/>
  <system-out/>
  <testcase classname="com.qa.theraflu.test.TherafluFactsAboutFluVaccineTest" name="verifyBreadcrumbTwo" time="9.135"/>
  <system-out/>
  <testcase classname="com.qa.theraflu.test.TherafluFactsAboutFluVaccineTest" name="verifyBreadcrumbThree" time="6.388"/>
  <system-out/>
  <testcase classname="com.qa.theraflu.test.TherafluFactsAboutFluVaccineTest" name="verifyHyperLinkOne" time="7.185"/>
  <system-out/>
  <testcase classname="com.qa.theraflu.test.TherafluFactsAboutFluVaccineTest" name="verifyHyperLinkFive" time="11.424"/>
  <system-out/>
  <testcase classname="com.qa.theraflu.test.TherafluFactsAboutFluVaccineTest" name="verifyHyperLinkEight" time="6.387"/>
  <system-out/>
  <testcase classname="com.qa.theraflu.test.TherafluFactsAboutFluVaccineTest" name="verifyBannerImgLinkOne" time="8.170"/>
  <system-out/>
  <testcase classname="com.qa.theraflu.test.TherafluFactsAboutFluVaccineTest" name="verifyHyperLinkNine" time="24.119"/>
  <system-out/>
  <testcase classname="com.qa.theraflu.test.TherafluFactsAboutFluVaccineTest" name="verifyHyperLinkSeven" time="8.841"/>
  <system-out/>
  <testcase classname="com.qa.theraflu.test.TherafluFactsAboutFluVaccineTest" name="verifyHyperLinkSix" time="13.644">
    <failure message="expected [products/all/] but found [https://theraflu-com.preprod-cf65.ch.adobecqms.net/products/all/]" type="java.lang.AssertionError">
      <![CDATA[java.lang.AssertionError: expected [products/all/] but found [https://theraflu-com.preprod-cf65.ch.adobecqms.net/products/all/]
at org.testng.Assert.fail(Assert.java:99)
at org.testng.Assert.failNotEquals(Assert.java:1037)
at org.testng.Assert.assertEqualsImpl(Assert.java:140)
at org.testng.Assert.assertEquals(Assert.java:122)
at org.testng.Assert.assertEquals(Assert.java:629)
at org.testng.Assert.assertEquals(Assert.java:639)
at com.qa.baseClass.BaseClass.compareTwoText(BaseClass.java:831)
at com.qa.theraflu.test.TherafluFactsAboutFluVaccineTest.verifyHyperLinkSix(TherafluFactsAboutFluVaccineTest.java:157)
at java.base/jdk.internal.reflect.DirectMethodHandleAccessor.invoke(DirectMethodHandleAccessor.java:104)
at java.base/java.lang.reflect.Method.invoke(Method.java:577)
at org.testng.internal.MethodInvocationHelper.invokeMethod(MethodInvocationHelper.java:133)
at org.testng.internal.TestInvoker.invokeMethod(TestInvoker.java:598)
at org.testng.internal.TestInvoker.invokeTestMethod(TestInvoker.java:173)
at org.testng.internal.MethodRunner.runInSequence(MethodRunner.java:46)
at org.testng.internal.TestInvoker$MethodInvocationAgent.invoke(TestInvoker.java:824)
at org.testng.internal.TestInvoker.invokeTestMethods(TestInvoker.java:146)
at org.testng.internal.TestMethodWorker.invokeTestMethods(TestMethodWorker.java:146)
at org.testng.internal.TestMethodWorker.run(TestMethodWorker.java:128)
at java.base/java.util.ArrayList.forEach(ArrayList.java:1511)
at org.testng.TestRunner.privateRun(TestRunner.java:794)
at org.testng.TestRunner.run(TestRunner.java:596)
at org.testng.SuiteRunner.runTest(SuiteRunner.java:377)
at org.testng.SuiteRunner.runSequentially(SuiteRunner.java:371)
at org.testng.SuiteRunner.privateRun(SuiteRunner.java:332)
at org.testng.SuiteRunner.run(SuiteRunner.java:276)
at org.testng.SuiteRunnerWorker.runSuite(SuiteRunnerWorker.java:53)
at org.testng.SuiteRunnerWorker.run(SuiteRunnerWorker.java:96)
at org.testng.TestNG.runSuitesSequentially(TestNG.java:1212)
at org.testng.TestNG.runSuitesLocally(TestNG.java:1134)
at org.testng.TestNG.runSuites(TestNG.java:1063)
at org.testng.TestNG.run(TestNG.java:1031)
at org.testng.remote.AbstractRemoteTestNG.run(AbstractRemoteTestNG.java:115)
at org.testng.remote.RemoteTestNG.initAndRun(RemoteTestNG.java:251)
at org.testng.remote.RemoteTestNG.main(RemoteTestNG.java:77)
]]>
    </failure>
  </testcase> <!-- verifyHyperLinkSix -->
  <system-out/>
  <testcase classname="com.qa.theraflu.test.TherafluFactsAboutFluVaccineTest" name="verifyHyperLinkFour" time="7.711"/>
  <system-out/>
  <testcase classname="com.qa.theraflu.test.TherafluFactsAboutFluVaccineTest" name="verifyHyperLinkTwo" time="7.747"/>
  <system-out/>
  <testcase classname="com.qa.theraflu.test.TherafluFactsAboutFluVaccineTest" name="verifyHyperLinkThree" time="7.156"/>
  <system-out/>
  <testcase classname="com.qa.theraflu.test.TherafluFactsAboutFluVaccineTest" name="verifyReferences" time="7.558"/>
  <system-out/>
  <testcase classname="com.qa.theraflu.test.TherafluFactsAboutFluVaccineTest" name="verifyRecommendedArticlesOne" time="10.080"/>
  <system-out/>
  <testcase classname="com.qa.theraflu.test.TherafluFactsAboutFluVaccineTest" name="verifyRecommendedArticlesTwo" time="9.281"/>
  <system-out/>
  <testcase classname="com.qa.theraflu.test.TherafluFactsAboutFluVaccineTest" name="verifyRecommendedArticlesThree" time="10.508"/>
  <system-out/>
  <testcase classname="com.qa.theraflu.test.TherafluFactsAboutFluVaccineTest" name="verifyRecommendedArticlesFour" time="11.558"/>
  <system-out/>
</testsuite> <!-- com.qa.theraflu.test.TherafluFactsAboutFluVaccineTest -->
