<?xml version="1.0" encoding="UTF-8"?>
<!-- Generated by org.testng.reporters.JUnitReportReporter -->
<testsuite hostname="WKWZTPqvmdckJHX" failures="1" tests="30" name="com.qa.centrum.eng.test.CentrumSampleMultiOmega3Women50Test" time="504.362" errors="4" timestamp="2023-01-27T19:13:21 IST" skipped="0">
  <testcase classname="com.qa.centrum.eng.test.CentrumSampleMultiOmega3Women50Test" name="cookieButton" time="10.429"/>
  <system-out/>
  <testcase classname="com.qa.centrum.eng.test.CentrumSampleMultiOmega3Women50Test" name="verifyWriteAReviewBtn" time="13.846"/>
  <system-out/>
  <testcase classname="com.qa.centrum.eng.test.CentrumSampleMultiOmega3Women50Test" name="verifyBuyNowBtn" time="26.494">
    <error message="unable to click on Buy now button" type="java.lang.Exception">
      <![CDATA[java.lang.Exception: unable to click on Buy now button
at com.qa.centrum.eng.pages.CentrumMultiOmega3Women50Page.clickBuyNowBtn(CentrumMultiOmega3Women50Page.java:226)
at com.qa.centrum.eng.test.CentrumSampleMultiOmega3Women50Test.verifyBuyNowBtn(CentrumSampleMultiOmega3Women50Test.java:58)
at java.base/jdk.internal.reflect.DirectMethodHandleAccessor.invoke(DirectMethodHandleAccessor.java:104)
at java.base/java.lang.reflect.Method.invoke(Method.java:577)
at org.testng.internal.MethodInvocationHelper.invokeMethod(MethodInvocationHelper.java:133)
at org.testng.internal.TestInvoker.invokeMethod(TestInvoker.java:598)
at org.testng.internal.TestInvoker.invokeTestMethod(TestInvoker.java:173)
at org.testng.internal.MethodRunner.runInSequence(MethodRunner.java:46)
at org.testng.internal.TestInvoker$MethodInvocationAgent.invoke(TestInvoker.java:824)
at org.testng.internal.TestInvoker.invokeTestMethods(TestInvoker.java:146)
at org.testng.internal.TestMethodWorker.invokeTestMethods(TestMethodWorker.java:146)
at org.testng.internal.TestMethodWorker.run(TestMethodWorker.java:128)
at java.base/java.util.ArrayList.forEach(ArrayList.java:1511)
at org.testng.TestRunner.privateRun(TestRunner.java:794)
at org.testng.TestRunner.run(TestRunner.java:596)
at org.testng.SuiteRunner.runTest(SuiteRunner.java:377)
at org.testng.SuiteRunner.runSequentially(SuiteRunner.java:371)
at org.testng.SuiteRunner.privateRun(SuiteRunner.java:332)
at org.testng.SuiteRunner.run(SuiteRunner.java:276)
at org.testng.SuiteRunnerWorker.runSuite(SuiteRunnerWorker.java:53)
at org.testng.SuiteRunnerWorker.run(SuiteRunnerWorker.java:96)
at org.testng.TestNG.runSuitesSequentially(TestNG.java:1212)
at org.testng.TestNG.runSuitesLocally(TestNG.java:1134)
at org.testng.TestNG.runSuites(TestNG.java:1063)
at org.testng.TestNG.run(TestNG.java:1031)
at org.testng.remote.AbstractRemoteTestNG.run(AbstractRemoteTestNG.java:115)
at org.testng.remote.RemoteTestNG.initAndRun(RemoteTestNG.java:251)
at org.testng.remote.RemoteTestNG.main(RemoteTestNG.java:77)
]]>
    </error>
  </testcase> <!-- verifyBuyNowBtn -->
  <system-out/>
  <testcase classname="com.qa.centrum.eng.test.CentrumSampleMultiOmega3Women50Test" name="verifyGetCoupons" time="13.826">
    <failure message="expected [coupons/] but found [coupons_old/]" type="java.lang.AssertionError">
      <![CDATA[java.lang.AssertionError: expected [coupons/] but found [coupons_old/]
at org.testng.Assert.fail(Assert.java:99)
at org.testng.Assert.failNotEquals(Assert.java:1037)
at org.testng.Assert.assertEqualsImpl(Assert.java:140)
at org.testng.Assert.assertEquals(Assert.java:122)
at org.testng.Assert.assertEquals(Assert.java:629)
at org.testng.Assert.assertEquals(Assert.java:639)
at com.qa.baseClass.BaseClass.compareTwoText(BaseClass.java:752)
at com.qa.centrum.eng.test.CentrumSampleMultiOmega3Women50Test.verifyGetCoupons(CentrumSampleMultiOmega3Women50Test.java:73)
at java.base/jdk.internal.reflect.DirectMethodHandleAccessor.invoke(DirectMethodHandleAccessor.java:104)
at java.base/java.lang.reflect.Method.invoke(Method.java:577)
at org.testng.internal.MethodInvocationHelper.invokeMethod(MethodInvocationHelper.java:133)
at org.testng.internal.TestInvoker.invokeMethod(TestInvoker.java:598)
at org.testng.internal.TestInvoker.invokeTestMethod(TestInvoker.java:173)
at org.testng.internal.MethodRunner.runInSequence(MethodRunner.java:46)
at org.testng.internal.TestInvoker$MethodInvocationAgent.invoke(TestInvoker.java:824)
at org.testng.internal.TestInvoker.invokeTestMethods(TestInvoker.java:146)
at org.testng.internal.TestMethodWorker.invokeTestMethods(TestMethodWorker.java:146)
at org.testng.internal.TestMethodWorker.run(TestMethodWorker.java:128)
at java.base/java.util.ArrayList.forEach(ArrayList.java:1511)
at org.testng.TestRunner.privateRun(TestRunner.java:794)
at org.testng.TestRunner.run(TestRunner.java:596)
at org.testng.SuiteRunner.runTest(SuiteRunner.java:377)
at org.testng.SuiteRunner.runSequentially(SuiteRunner.java:371)
at org.testng.SuiteRunner.privateRun(SuiteRunner.java:332)
at org.testng.SuiteRunner.run(SuiteRunner.java:276)
at org.testng.SuiteRunnerWorker.runSuite(SuiteRunnerWorker.java:53)
at org.testng.SuiteRunnerWorker.run(SuiteRunnerWorker.java:96)
at org.testng.TestNG.runSuitesSequentially(TestNG.java:1212)
at org.testng.TestNG.runSuitesLocally(TestNG.java:1134)
at org.testng.TestNG.runSuites(TestNG.java:1063)
at org.testng.TestNG.run(TestNG.java:1031)
at org.testng.remote.AbstractRemoteTestNG.run(AbstractRemoteTestNG.java:115)
at org.testng.remote.RemoteTestNG.initAndRun(RemoteTestNG.java:251)
at org.testng.remote.RemoteTestNG.main(RemoteTestNG.java:77)
]]>
    </failure>
  </testcase> <!-- verifyGetCoupons -->
  <system-out/>
  <testcase classname="com.qa.centrum.eng.test.CentrumSampleMultiOmega3Women50Test" name="verifyVitaminAndMinerals" time="8.611"/>
  <system-out/>
  <testcase classname="com.qa.centrum.eng.test.CentrumSampleMultiOmega3Women50Test" name="verifyUsage" time="10.053"/>
  <system-out/>
  <testcase classname="com.qa.centrum.eng.test.CentrumSampleMultiOmega3Women50Test" name="verifyFAQ" time="26.621">
    <error message="Unable to scroll down the page" type="java.lang.Exception">
      <![CDATA[java.lang.Exception: Unable to scroll down the page
at com.qa.baseClass.BaseClass.scrollDownUsingElement(BaseClass.java:299)
at com.qa.centrum.eng.pages.CentrumMultiOmega3Women50Page.clickFAQ(CentrumMultiOmega3Women50Page.java:271)
at com.qa.centrum.eng.test.CentrumSampleMultiOmega3Women50Test.verifyFAQ(CentrumSampleMultiOmega3Women50Test.java:104)
at java.base/jdk.internal.reflect.DirectMethodHandleAccessor.invoke(DirectMethodHandleAccessor.java:104)
at java.base/java.lang.reflect.Method.invoke(Method.java:577)
at org.testng.internal.MethodInvocationHelper.invokeMethod(MethodInvocationHelper.java:133)
at org.testng.internal.TestInvoker.invokeMethod(TestInvoker.java:598)
at org.testng.internal.TestInvoker.invokeTestMethod(TestInvoker.java:173)
at org.testng.internal.MethodRunner.runInSequence(MethodRunner.java:46)
at org.testng.internal.TestInvoker$MethodInvocationAgent.invoke(TestInvoker.java:824)
at org.testng.internal.TestInvoker.invokeTestMethods(TestInvoker.java:146)
at org.testng.internal.TestMethodWorker.invokeTestMethods(TestMethodWorker.java:146)
at org.testng.internal.TestMethodWorker.run(TestMethodWorker.java:128)
at java.base/java.util.ArrayList.forEach(ArrayList.java:1511)
at org.testng.TestRunner.privateRun(TestRunner.java:794)
at org.testng.TestRunner.run(TestRunner.java:596)
at org.testng.SuiteRunner.runTest(SuiteRunner.java:377)
at org.testng.SuiteRunner.runSequentially(SuiteRunner.java:371)
at org.testng.SuiteRunner.privateRun(SuiteRunner.java:332)
at org.testng.SuiteRunner.run(SuiteRunner.java:276)
at org.testng.SuiteRunnerWorker.runSuite(SuiteRunnerWorker.java:53)
at org.testng.SuiteRunnerWorker.run(SuiteRunnerWorker.java:96)
at org.testng.TestNG.runSuitesSequentially(TestNG.java:1212)
at org.testng.TestNG.runSuitesLocally(TestNG.java:1134)
at org.testng.TestNG.runSuites(TestNG.java:1063)
at org.testng.TestNG.run(TestNG.java:1031)
at org.testng.remote.AbstractRemoteTestNG.run(AbstractRemoteTestNG.java:115)
at org.testng.remote.RemoteTestNG.initAndRun(RemoteTestNG.java:251)
at org.testng.remote.RemoteTestNG.main(RemoteTestNG.java:77)
]]>
    </error>
  </testcase> <!-- verifyFAQ -->
  <system-out/>
  <testcase classname="com.qa.centrum.eng.test.CentrumSampleMultiOmega3Women50Test" name="verifyProductBenefits" time="28.311">
    <error message="Unable to scroll down the page" type="java.lang.Exception">
      <![CDATA[java.lang.Exception: Unable to scroll down the page
at com.qa.baseClass.BaseClass.scrollDownUsingElement(BaseClass.java:299)
at com.qa.centrum.eng.pages.CentrumMultiOmega3Women50Page.clickProductBenefits(CentrumMultiOmega3Women50Page.java:286)
at com.qa.centrum.eng.test.CentrumSampleMultiOmega3Women50Test.verifyProductBenefits(CentrumSampleMultiOmega3Women50Test.java:114)
at java.base/jdk.internal.reflect.DirectMethodHandleAccessor.invoke(DirectMethodHandleAccessor.java:104)
at java.base/java.lang.reflect.Method.invoke(Method.java:577)
at org.testng.internal.MethodInvocationHelper.invokeMethod(MethodInvocationHelper.java:133)
at org.testng.internal.TestInvoker.invokeMethod(TestInvoker.java:598)
at org.testng.internal.TestInvoker.invokeTestMethod(TestInvoker.java:173)
at org.testng.internal.MethodRunner.runInSequence(MethodRunner.java:46)
at org.testng.internal.TestInvoker$MethodInvocationAgent.invoke(TestInvoker.java:824)
at org.testng.internal.TestInvoker.invokeTestMethods(TestInvoker.java:146)
at org.testng.internal.TestMethodWorker.invokeTestMethods(TestMethodWorker.java:146)
at org.testng.internal.TestMethodWorker.run(TestMethodWorker.java:128)
at java.base/java.util.ArrayList.forEach(ArrayList.java:1511)
at org.testng.TestRunner.privateRun(TestRunner.java:794)
at org.testng.TestRunner.run(TestRunner.java:596)
at org.testng.SuiteRunner.runTest(SuiteRunner.java:377)
at org.testng.SuiteRunner.runSequentially(SuiteRunner.java:371)
at org.testng.SuiteRunner.privateRun(SuiteRunner.java:332)
at org.testng.SuiteRunner.run(SuiteRunner.java:276)
at org.testng.SuiteRunnerWorker.runSuite(SuiteRunnerWorker.java:53)
at org.testng.SuiteRunnerWorker.run(SuiteRunnerWorker.java:96)
at org.testng.TestNG.runSuitesSequentially(TestNG.java:1212)
at org.testng.TestNG.runSuitesLocally(TestNG.java:1134)
at org.testng.TestNG.runSuites(TestNG.java:1063)
at org.testng.TestNG.run(TestNG.java:1031)
at org.testng.remote.AbstractRemoteTestNG.run(AbstractRemoteTestNG.java:115)
at org.testng.remote.RemoteTestNG.initAndRun(RemoteTestNG.java:251)
at org.testng.remote.RemoteTestNG.main(RemoteTestNG.java:77)
]]>
    </error>
  </testcase> <!-- verifyProductBenefits -->
  <system-out/>
  <testcase classname="com.qa.centrum.eng.test.CentrumSampleMultiOmega3Women50Test" name="verifyCompareTab" time="14.908"/>
  <system-out/>
  <testcase classname="com.qa.centrum.eng.test.CentrumSampleMultiOmega3Women50Test" name="verifyCompareButton" time="13.309"/>
  <system-out/>
  <testcase classname="com.qa.centrum.eng.test.CentrumSampleMultiOmega3Women50Test" name="verifyRelatedProductOne" time="18.801"/>
  <system-out/>
  <testcase classname="com.qa.centrum.eng.test.CentrumSampleMultiOmega3Women50Test" name="verifyRelatedProductTwo" time="21.507"/>
  <system-out/>
  <testcase classname="com.qa.centrum.eng.test.CentrumSampleMultiOmega3Women50Test" name="verifyRelatedProductThree" time="18.648"/>
  <system-out/>
  <testcase classname="com.qa.centrum.eng.test.CentrumSampleMultiOmega3Women50Test" name="verifyRelatedProductFour" time="17.447"/>
  <system-out/>
  <testcase classname="com.qa.centrum.eng.test.CentrumSampleMultiOmega3Women50Test" name="verifyBuyNowOne" time="9.389"/>
  <system-out/>
  <testcase classname="com.qa.centrum.eng.test.CentrumSampleMultiOmega3Women50Test" name="verifyBuyNowTwo" time="11.756"/>
  <system-out/>
  <testcase classname="com.qa.centrum.eng.test.CentrumSampleMultiOmega3Women50Test" name="verifyBuyNowThree" time="13.337"/>
  <system-out/>
  <testcase classname="com.qa.centrum.eng.test.CentrumSampleMultiOmega3Women50Test" name="verifyBuyNowFour" time="13.506"/>
  <system-out/>
  <testcase classname="com.qa.centrum.eng.test.CentrumSampleMultiOmega3Women50Test" name="verifyCompareOne" time="17.977"/>
  <system-out/>
  <testcase classname="com.qa.centrum.eng.test.CentrumSampleMultiOmega3Women50Test" name="verifyCompareTwo" time="12.534"/>
  <system-out/>
  <testcase classname="com.qa.centrum.eng.test.CentrumSampleMultiOmega3Women50Test" name="verifyCompareThree" time="18.551"/>
  <system-out/>
  <testcase classname="com.qa.centrum.eng.test.CentrumSampleMultiOmega3Women50Test" name="verifyCompareFour" time="13.867"/>
  <system-out/>
  <testcase classname="com.qa.centrum.eng.test.CentrumSampleMultiOmega3Women50Test" name="verifyBrowseOne" time="23.230"/>
  <system-out/>
  <testcase classname="com.qa.centrum.eng.test.CentrumSampleMultiOmega3Women50Test" name="verifyBrowseTwo" time="16.286"/>
  <system-out/>
  <testcase classname="com.qa.centrum.eng.test.CentrumSampleMultiOmega3Women50Test" name="verifyBrowseThree" time="14.079"/>
  <system-out/>
  <testcase classname="com.qa.centrum.eng.test.CentrumSampleMultiOmega3Women50Test" name="verifyBrowseFour" time="24.542"/>
  <system-out/>
  <testcase classname="com.qa.centrum.eng.test.CentrumSampleMultiOmega3Women50Test" name="verifyBreadcrumbOne" time="19.400">
    <error message="Preprod breadcrumb home is redirecting to live url" type="java.lang.Exception">
      <![CDATA[java.lang.Exception: Preprod breadcrumb home is redirecting to live url
at com.qa.centrum.eng.test.CentrumSampleMultiOmega3Women50Test.verifyBreadcrumbOne(CentrumSampleMultiOmega3Women50Test.java:338)
at java.base/jdk.internal.reflect.DirectMethodHandleAccessor.invoke(DirectMethodHandleAccessor.java:104)
at java.base/java.lang.reflect.Method.invoke(Method.java:577)
at org.testng.internal.MethodInvocationHelper.invokeMethod(MethodInvocationHelper.java:133)
at org.testng.internal.TestInvoker.invokeMethod(TestInvoker.java:598)
at org.testng.internal.TestInvoker.invokeTestMethod(TestInvoker.java:173)
at org.testng.internal.MethodRunner.runInSequence(MethodRunner.java:46)
at org.testng.internal.TestInvoker$MethodInvocationAgent.invoke(TestInvoker.java:824)
at org.testng.internal.TestInvoker.invokeTestMethods(TestInvoker.java:146)
at org.testng.internal.TestMethodWorker.invokeTestMethods(TestMethodWorker.java:146)
at org.testng.internal.TestMethodWorker.run(TestMethodWorker.java:128)
at java.base/java.util.ArrayList.forEach(ArrayList.java:1511)
at org.testng.TestRunner.privateRun(TestRunner.java:794)
at org.testng.TestRunner.run(TestRunner.java:596)
at org.testng.SuiteRunner.runTest(SuiteRunner.java:377)
at org.testng.SuiteRunner.runSequentially(SuiteRunner.java:371)
at org.testng.SuiteRunner.privateRun(SuiteRunner.java:332)
at org.testng.SuiteRunner.run(SuiteRunner.java:276)
at org.testng.SuiteRunnerWorker.runSuite(SuiteRunnerWorker.java:53)
at org.testng.SuiteRunnerWorker.run(SuiteRunnerWorker.java:96)
at org.testng.TestNG.runSuitesSequentially(TestNG.java:1212)
at org.testng.TestNG.runSuitesLocally(TestNG.java:1134)
at org.testng.TestNG.runSuites(TestNG.java:1063)
at org.testng.TestNG.run(TestNG.java:1031)
at org.testng.remote.AbstractRemoteTestNG.run(AbstractRemoteTestNG.java:115)
at org.testng.remote.RemoteTestNG.initAndRun(RemoteTestNG.java:251)
at org.testng.remote.RemoteTestNG.main(RemoteTestNG.java:77)
]]>
    </error>
  </testcase> <!-- verifyBreadcrumbOne -->
  <system-out/>
  <testcase classname="com.qa.centrum.eng.test.CentrumSampleMultiOmega3Women50Test" name="verifyBreadcrumbTwo" time="14.382"/>
  <system-out/>
  <testcase classname="com.qa.centrum.eng.test.CentrumSampleMultiOmega3Women50Test" name="verifyBreadcrumbThree" time="22.303"/>
  <system-out/>
  <testcase classname="com.qa.centrum.eng.test.CentrumSampleMultiOmega3Women50Test" name="verifyBreadcrumbFour" time="16.412"/>
  <system-out/>
</testsuite> <!-- com.qa.centrum.eng.test.CentrumSampleMultiOmega3Women50Test -->
