<?xml version="1.0" encoding="UTF-8"?>
<!-- Generated by org.testng.reporters.JUnitReportReporter -->
<testsuite hostname="WKWZTPqvmdckJHX" failures="1" tests="17" name="com.qa.quit.test.QuitOvercomeSmokingTriggersTest" time="252.549" errors="0" timestamp="2023-08-22T18:23:03 IST" skipped="0">
  <testcase classname="com.qa.quit.test.QuitOvercomeSmokingTriggersTest" name="cookieButton" time="19.171"/>
  <system-out/>
  <testcase classname="com.qa.quit.test.QuitOvercomeSmokingTriggersTest" name="verifyBreadcrumbOne" time="11.564"/>
  <system-out/>
  <testcase classname="com.qa.quit.test.QuitOvercomeSmokingTriggersTest" name="verifyBreadcrumbTwo" time="12.238"/>
  <system-out/>
  <testcase classname="com.qa.quit.test.QuitOvercomeSmokingTriggersTest" name="verifyBreadcrumbThree" time="7.922"/>
  <system-out/>
  <testcase classname="com.qa.quit.test.QuitOvercomeSmokingTriggersTest" name="verifyLinkBack" time="7.981"/>
  <system-out/>
  <testcase classname="com.qa.quit.test.QuitOvercomeSmokingTriggersTest" name="verifyHyperLinkOne" time="8.086"/>
  <system-out/>
  <testcase classname="com.qa.quit.test.QuitOvercomeSmokingTriggersTest" name="verifyHyperLinkTwo" time="24.920"/>
  <system-out/>
  <testcase classname="com.qa.quit.test.QuitOvercomeSmokingTriggersTest" name="verifyHyperLinkThree" time="18.009">
    <failure message="expected [triggertracker.pdf] but found [https://www.quit.com/triggertracker.pdf]" type="java.lang.AssertionError">
      <![CDATA[java.lang.AssertionError: expected [triggertracker.pdf] but found [https://www.quit.com/triggertracker.pdf]
at org.testng.Assert.fail(Assert.java:99)
at org.testng.Assert.failNotEquals(Assert.java:1037)
at org.testng.Assert.assertEqualsImpl(Assert.java:140)
at org.testng.Assert.assertEquals(Assert.java:122)
at org.testng.Assert.assertEquals(Assert.java:629)
at org.testng.Assert.assertEquals(Assert.java:639)
at com.qa.baseClass.BaseClass.compareTwoText(BaseClass.java:831)
at com.qa.quit.test.QuitOvercomeSmokingTriggersTest.verifyHyperLinkThree(QuitOvercomeSmokingTriggersTest.java:120)
at java.base/jdk.internal.reflect.DirectMethodHandleAccessor.invoke(DirectMethodHandleAccessor.java:104)
at java.base/java.lang.reflect.Method.invoke(Method.java:577)
at org.testng.internal.MethodInvocationHelper.invokeMethod(MethodInvocationHelper.java:133)
at org.testng.internal.TestInvoker.invokeMethod(TestInvoker.java:598)
at org.testng.internal.TestInvoker.invokeTestMethod(TestInvoker.java:173)
at org.testng.internal.MethodRunner.runInSequence(MethodRunner.java:46)
at org.testng.internal.TestInvoker$MethodInvocationAgent.invoke(TestInvoker.java:824)
at org.testng.internal.TestInvoker.invokeTestMethods(TestInvoker.java:146)
at org.testng.internal.TestMethodWorker.invokeTestMethods(TestMethodWorker.java:146)
at org.testng.internal.TestMethodWorker.run(TestMethodWorker.java:128)
at java.base/java.util.ArrayList.forEach(ArrayList.java:1511)
at org.testng.TestRunner.privateRun(TestRunner.java:794)
at org.testng.TestRunner.run(TestRunner.java:596)
at org.testng.SuiteRunner.runTest(SuiteRunner.java:377)
at org.testng.SuiteRunner.runSequentially(SuiteRunner.java:371)
at org.testng.SuiteRunner.privateRun(SuiteRunner.java:332)
at org.testng.SuiteRunner.run(SuiteRunner.java:276)
at org.testng.SuiteRunnerWorker.runSuite(SuiteRunnerWorker.java:53)
at org.testng.SuiteRunnerWorker.run(SuiteRunnerWorker.java:96)
at org.testng.TestNG.runSuitesSequentially(TestNG.java:1212)
at org.testng.TestNG.runSuitesLocally(TestNG.java:1134)
at org.testng.TestNG.runSuites(TestNG.java:1063)
at org.testng.TestNG.run(TestNG.java:1031)
at org.testng.remote.AbstractRemoteTestNG.run(AbstractRemoteTestNG.java:115)
at org.testng.remote.RemoteTestNG.initAndRun(RemoteTestNG.java:251)
at org.testng.remote.RemoteTestNG.main(RemoteTestNG.java:77)
]]>
    </failure>
  </testcase> <!-- verifyHyperLinkThree -->
  <system-out/>
  <testcase classname="com.qa.quit.test.QuitOvercomeSmokingTriggersTest" name="verifyHyperLinkFour" time="22.255"/>
  <system-out/>
  <testcase classname="com.qa.quit.test.QuitOvercomeSmokingTriggersTest" name="verifyTabOne" time="8.716"/>
  <system-out/>
  <testcase classname="com.qa.quit.test.QuitOvercomeSmokingTriggersTest" name="verifyHyperLinkFive" time="11.023"/>
  <system-out/>
  <testcase classname="com.qa.quit.test.QuitOvercomeSmokingTriggersTest" name="verifyTabTwo" time="20.135"/>
  <system-out/>
  <testcase classname="com.qa.quit.test.QuitOvercomeSmokingTriggersTest" name="verifyHyperLinkSix" time="8.301"/>
  <system-out/>
  <testcase classname="com.qa.quit.test.QuitOvercomeSmokingTriggersTest" name="verifyTabThree" time="20.794"/>
  <system-out/>
  <testcase classname="com.qa.quit.test.QuitOvercomeSmokingTriggersTest" name="verifyRelatedArticleTwo" time="12.517"/>
  <system-out/>
  <testcase classname="com.qa.quit.test.QuitOvercomeSmokingTriggersTest" name="verifyHyperLinkSeven" time="14.397"/>
  <system-out/>
  <testcase classname="com.qa.quit.test.QuitOvercomeSmokingTriggersTest" name="verifyRelatedArticleOne" time="24.520"/>
  <system-out/>
</testsuite> <!-- com.qa.quit.test.QuitOvercomeSmokingTriggersTest -->
