<?xml version="1.0" encoding="UTF-8"?>
<!-- Generated by org.testng.reporters.JUnitReportReporter -->
<testsuite hostname="WKWZTPqvmdckJHX" failures="1" tests="15" name="com.qa.theraflu.test.TherafluAboutTherafluTest" time="155.766" errors="1" timestamp="2023-09-11T15:08:37 IST" skipped="0">
  <testcase classname="com.qa.theraflu.test.TherafluAboutTherafluTest" name="cookieButton" time="4.331"/>
  <system-out/>
  <testcase classname="com.qa.theraflu.test.TherafluAboutTherafluTest" name="verifyBreadcrumbOne" time="6.795"/>
  <system-out/>
  <testcase classname="com.qa.theraflu.test.TherafluAboutTherafluTest" name="verifyBreadcrumbTwo" time="22.821">
    <error message="breadcrumbTwo is not presented in the page" type="java.lang.Exception">
      <![CDATA[java.lang.Exception: breadcrumbTwo is not presented in the page
at com.qa.theraflu.pages.TherafluAboutTherafluPage.clickBreadcrumbTwo(TherafluAboutTherafluPage.java:126)
at com.qa.theraflu.test.TherafluAboutTherafluTest.verifyBreadcrumbTwo(TherafluAboutTherafluTest.java:58)
at java.base/jdk.internal.reflect.DirectMethodHandleAccessor.invoke(DirectMethodHandleAccessor.java:104)
at java.base/java.lang.reflect.Method.invoke(Method.java:577)
at org.testng.internal.MethodInvocationHelper.invokeMethod(MethodInvocationHelper.java:133)
at org.testng.internal.TestInvoker.invokeMethod(TestInvoker.java:598)
at org.testng.internal.TestInvoker.invokeTestMethod(TestInvoker.java:173)
at org.testng.internal.MethodRunner.runInSequence(MethodRunner.java:46)
at org.testng.internal.TestInvoker$MethodInvocationAgent.invoke(TestInvoker.java:824)
at org.testng.internal.TestInvoker.invokeTestMethods(TestInvoker.java:146)
at org.testng.internal.TestMethodWorker.invokeTestMethods(TestMethodWorker.java:146)
at org.testng.internal.TestMethodWorker.run(TestMethodWorker.java:128)
at java.base/java.util.ArrayList.forEach(ArrayList.java:1511)
at org.testng.TestRunner.privateRun(TestRunner.java:794)
at org.testng.TestRunner.run(TestRunner.java:596)
at org.testng.SuiteRunner.runTest(SuiteRunner.java:377)
at org.testng.SuiteRunner.runSequentially(SuiteRunner.java:371)
at org.testng.SuiteRunner.privateRun(SuiteRunner.java:332)
at org.testng.SuiteRunner.run(SuiteRunner.java:276)
at org.testng.SuiteRunnerWorker.runSuite(SuiteRunnerWorker.java:53)
at org.testng.SuiteRunnerWorker.run(SuiteRunnerWorker.java:96)
at org.testng.TestNG.runSuitesSequentially(TestNG.java:1212)
at org.testng.TestNG.runSuitesLocally(TestNG.java:1134)
at org.testng.TestNG.runSuites(TestNG.java:1063)
at org.testng.TestNG.run(TestNG.java:1031)
at org.testng.remote.AbstractRemoteTestNG.run(AbstractRemoteTestNG.java:115)
at org.testng.remote.RemoteTestNG.initAndRun(RemoteTestNG.java:251)
at org.testng.remote.RemoteTestNG.main(RemoteTestNG.java:77)
]]>
    </error>
  </testcase> <!-- verifyBreadcrumbTwo -->
  <system-out/>
  <testcase classname="com.qa.theraflu.test.TherafluAboutTherafluTest" name="verifyReadMoreOne" time="8.977"/>
  <system-out/>
  <testcase classname="com.qa.theraflu.test.TherafluAboutTherafluTest" name="verifyReadMoreTwo" time="9.399"/>
  <system-out/>
  <testcase classname="com.qa.theraflu.test.TherafluAboutTherafluTest" name="verifyReadMoreThree" time="10.797"/>
  <system-out/>
  <testcase classname="com.qa.theraflu.test.TherafluAboutTherafluTest" name="verifyHyperLinkOne" time="9.137"/>
  <system-out/>
  <testcase classname="com.qa.theraflu.test.TherafluAboutTherafluTest" name="verifyHyperLinkTwo" time="8.943"/>
  <system-out/>
  <testcase classname="com.qa.theraflu.test.TherafluAboutTherafluTest" name="verifyHyperLinkThree" time="9.040"/>
  <system-out/>
  <testcase classname="com.qa.theraflu.test.TherafluAboutTherafluTest" name="verifyHyperLinkFour" time="9.190"/>
  <system-out/>
  <testcase classname="com.qa.theraflu.test.TherafluAboutTherafluTest" name="verifyHyperLinkFive" time="9.175"/>
  <system-out/>
  <testcase classname="com.qa.theraflu.test.TherafluAboutTherafluTest" name="verifyBtnExploreTherafluProducts" time="9.914">
    <failure message="expected [products/all/] but found [https://theraflu-com.preprod-cf65.ch.adobecqms.net/products/all/]" type="java.lang.AssertionError">
      <![CDATA[java.lang.AssertionError: expected [products/all/] but found [https://theraflu-com.preprod-cf65.ch.adobecqms.net/products/all/]
at org.testng.Assert.fail(Assert.java:99)
at org.testng.Assert.failNotEquals(Assert.java:1037)
at org.testng.Assert.assertEqualsImpl(Assert.java:140)
at org.testng.Assert.assertEquals(Assert.java:122)
at org.testng.Assert.assertEquals(Assert.java:629)
at org.testng.Assert.assertEquals(Assert.java:639)
at com.qa.baseClass.BaseClass.compareTwoText(BaseClass.java:831)
at com.qa.theraflu.test.TherafluAboutTherafluTest.verifyBtnExploreTherafluProducts(TherafluAboutTherafluTest.java:173)
at java.base/jdk.internal.reflect.DirectMethodHandleAccessor.invoke(DirectMethodHandleAccessor.java:104)
at java.base/java.lang.reflect.Method.invoke(Method.java:577)
at org.testng.internal.MethodInvocationHelper.invokeMethod(MethodInvocationHelper.java:133)
at org.testng.internal.TestInvoker.invokeMethod(TestInvoker.java:598)
at org.testng.internal.TestInvoker.invokeTestMethod(TestInvoker.java:173)
at org.testng.internal.MethodRunner.runInSequence(MethodRunner.java:46)
at org.testng.internal.TestInvoker$MethodInvocationAgent.invoke(TestInvoker.java:824)
at org.testng.internal.TestInvoker.invokeTestMethods(TestInvoker.java:146)
at org.testng.internal.TestMethodWorker.invokeTestMethods(TestMethodWorker.java:146)
at org.testng.internal.TestMethodWorker.run(TestMethodWorker.java:128)
at java.base/java.util.ArrayList.forEach(ArrayList.java:1511)
at org.testng.TestRunner.privateRun(TestRunner.java:794)
at org.testng.TestRunner.run(TestRunner.java:596)
at org.testng.SuiteRunner.runTest(SuiteRunner.java:377)
at org.testng.SuiteRunner.runSequentially(SuiteRunner.java:371)
at org.testng.SuiteRunner.privateRun(SuiteRunner.java:332)
at org.testng.SuiteRunner.run(SuiteRunner.java:276)
at org.testng.SuiteRunnerWorker.runSuite(SuiteRunnerWorker.java:53)
at org.testng.SuiteRunnerWorker.run(SuiteRunnerWorker.java:96)
at org.testng.TestNG.runSuitesSequentially(TestNG.java:1212)
at org.testng.TestNG.runSuitesLocally(TestNG.java:1134)
at org.testng.TestNG.runSuites(TestNG.java:1063)
at org.testng.TestNG.run(TestNG.java:1031)
at org.testng.remote.AbstractRemoteTestNG.run(AbstractRemoteTestNG.java:115)
at org.testng.remote.RemoteTestNG.initAndRun(RemoteTestNG.java:251)
at org.testng.remote.RemoteTestNG.main(RemoteTestNG.java:77)
]]>
    </failure>
  </testcase> <!-- verifyBtnExploreTherafluProducts -->
  <system-out/>
  <testcase classname="com.qa.theraflu.test.TherafluAboutTherafluTest" name="verifyRecommendedArticlesOne" time="8.951"/>
  <system-out/>
  <testcase classname="com.qa.theraflu.test.TherafluAboutTherafluTest" name="verifyRecommendedArticlesTwo" time="11.781"/>
  <system-out/>
  <testcase classname="com.qa.theraflu.test.TherafluAboutTherafluTest" name="verifyRecommendedArticlesThree" time="16.515"/>
  <system-out/>
</testsuite> <!-- com.qa.theraflu.test.TherafluAboutTherafluTest -->
