<?xml version="1.0" encoding="UTF-8"?>
<!-- Generated by org.testng.reporters.JUnitReportReporter -->
<testsuite hostname="WKWZTPqvmdckJHX" failures="0" tests="12" name="com.qa.rinazina.it.test.RinazinaProdottiTest" time="101.791" errors="1" timestamp="2023-02-14T14:46:12 IST" skipped="0">
  <testcase classname="com.qa.rinazina.it.test.RinazinaProdottiTest" name="cookieButton" time="2.976"/>
  <system-out/>
  <testcase classname="com.qa.rinazina.it.test.RinazinaProdottiTest" name="verifyBreadcrumbOne" time="6.690"/>
  <system-out/>
  <testcase classname="com.qa.rinazina.it.test.RinazinaProdottiTest" name="verifyBreadcrumbTwo" time="1.872"/>
  <system-out/>
  <testcase classname="com.qa.rinazina.it.test.RinazinaProdottiTest" name="verifyMedicinaliProductOne" time="13.601"/>
  <system-out/>
  <testcase classname="com.qa.rinazina.it.test.RinazinaProdottiTest" name="verifyMedicinaliProductTwo" time="7.652"/>
  <system-out/>
  <testcase classname="com.qa.rinazina.it.test.RinazinaProdottiTest" name="verifyMedicinaliProductThree" time="9.346"/>
  <system-out/>
  <testcase classname="com.qa.rinazina.it.test.RinazinaProdottiTest" name="verifyMedicinaliProductFour" time="8.413"/>
  <system-out/>
  <testcase classname="com.qa.rinazina.it.test.RinazinaProdottiTest" name="verifyFindOutMoreOne" time="6.869"/>
  <system-out/>
  <testcase classname="com.qa.rinazina.it.test.RinazinaProdottiTest" name="verifyProdottiSenzaProductOne" time="8.054"/>
  <system-out/>
  <testcase classname="com.qa.rinazina.it.test.RinazinaProdottiTest" name="verifyProdottiSenzaProductTwo" time="7.964"/>
  <system-out/>
  <testcase classname="com.qa.rinazina.it.test.RinazinaProdottiTest" name="verifyProdottiSenzaProductThree" time="22.238">
    <error message="Unable to scroll down the page" type="java.lang.Exception">
      <![CDATA[java.lang.Exception: Unable to scroll down the page
at com.qa.baseClass.BaseClass.scrollDownUsingElement(BaseClass.java:299)
at com.qa.rinazina.it.pages.RinazinaProdottiPage.clickProdottiSenzaProductThree(RinazinaProdottiPage.java:142)
at com.qa.rinazina.it.test.RinazinaProdottiTest.verifyProdottiSenzaProductThree(RinazinaProdottiTest.java:150)
at java.base/jdk.internal.reflect.DirectMethodHandleAccessor.invoke(DirectMethodHandleAccessor.java:104)
at java.base/java.lang.reflect.Method.invoke(Method.java:577)
at org.testng.internal.MethodInvocationHelper.invokeMethod(MethodInvocationHelper.java:133)
at org.testng.internal.TestInvoker.invokeMethod(TestInvoker.java:598)
at org.testng.internal.TestInvoker.invokeTestMethod(TestInvoker.java:173)
at org.testng.internal.MethodRunner.runInSequence(MethodRunner.java:46)
at org.testng.internal.TestInvoker$MethodInvocationAgent.invoke(TestInvoker.java:824)
at org.testng.internal.TestInvoker.invokeTestMethods(TestInvoker.java:146)
at org.testng.internal.TestMethodWorker.invokeTestMethods(TestMethodWorker.java:146)
at org.testng.internal.TestMethodWorker.run(TestMethodWorker.java:128)
at java.base/java.util.ArrayList.forEach(ArrayList.java:1511)
at org.testng.TestRunner.privateRun(TestRunner.java:794)
at org.testng.TestRunner.run(TestRunner.java:596)
at org.testng.SuiteRunner.runTest(SuiteRunner.java:377)
at org.testng.SuiteRunner.runSequentially(SuiteRunner.java:371)
at org.testng.SuiteRunner.privateRun(SuiteRunner.java:332)
at org.testng.SuiteRunner.run(SuiteRunner.java:276)
at org.testng.SuiteRunnerWorker.runSuite(SuiteRunnerWorker.java:53)
at org.testng.SuiteRunnerWorker.run(SuiteRunnerWorker.java:96)
at org.testng.TestNG.runSuitesSequentially(TestNG.java:1212)
at org.testng.TestNG.runSuitesLocally(TestNG.java:1134)
at org.testng.TestNG.runSuites(TestNG.java:1063)
at org.testng.TestNG.run(TestNG.java:1031)
at org.testng.remote.AbstractRemoteTestNG.run(AbstractRemoteTestNG.java:115)
at org.testng.remote.RemoteTestNG.initAndRun(RemoteTestNG.java:251)
at org.testng.remote.RemoteTestNG.main(RemoteTestNG.java:77)
]]>
    </error>
  </testcase> <!-- verifyProdottiSenzaProductThree -->
  <system-out/>
  <testcase classname="com.qa.rinazina.it.test.RinazinaProdottiTest" name="verifyFindOutMoreTwo" time="6.116"/>
  <system-out/>
</testsuite> <!-- com.qa.rinazina.it.test.RinazinaProdottiTest -->
