<?xml version="1.0" encoding="UTF-8"?>
<!-- Generated by org.testng.reporters.JUnitReportReporter -->
<testsuite hostname="WKWZTPqvmdckJHX" failures="0" tests="16" name="com.qa.abreva.test.AbrevaTriggerFreeSummerVacatioPlanningTest" time="324.529" errors="3" timestamp="2023-05-16T23:32:44 IST" skipped="6">
  <testcase classname="com.qa.abreva.test.AbrevaTriggerFreeSummerVacatioPlanningTest" name="cookieButton" time="8.103"/>
  <system-out/>
  <testcase classname="com.qa.abreva.test.AbrevaTriggerFreeSummerVacatioPlanningTest" name="verifyBreadcrumbOne" time="12.127"/>
  <system-out/>
  <testcase classname="com.qa.abreva.test.AbrevaTriggerFreeSummerVacatioPlanningTest" name="verifyHyperLinkSunExposure" time="14.001"/>
  <system-out/>
  <testcase classname="com.qa.abreva.test.AbrevaTriggerFreeSummerVacatioPlanningTest" name="verifyHyperLinkStressWearsDown" time="23.451">
    <error message="HyperLink Stress Wears Down is not presented in the page" type="java.lang.Exception">
      <![CDATA[java.lang.Exception: HyperLink Stress Wears Down is not presented in the page
at com.qa.abreva.pages.AbrevaTriggerFreeSummerVacatioPlanningPage.clickHyperLinkStressWearsDown(AbrevaTriggerFreeSummerVacatioPlanningPage.java:117)
at com.qa.abreva.test.AbrevaTriggerFreeSummerVacatioPlanningTest.verifyHyperLinkStressWearsDown(AbrevaTriggerFreeSummerVacatioPlanningTest.java:69)
at java.base/jdk.internal.reflect.DirectMethodHandleAccessor.invoke(DirectMethodHandleAccessor.java:104)
at java.base/java.lang.reflect.Method.invoke(Method.java:577)
at org.testng.internal.MethodInvocationHelper.invokeMethod(MethodInvocationHelper.java:133)
at org.testng.internal.TestInvoker.invokeMethod(TestInvoker.java:598)
at org.testng.internal.TestInvoker.retryFailed(TestInvoker.java:213)
at org.testng.internal.MethodRunner.runInSequence(MethodRunner.java:58)
at org.testng.internal.TestInvoker$MethodInvocationAgent.invoke(TestInvoker.java:824)
at org.testng.internal.TestInvoker.invokeTestMethods(TestInvoker.java:146)
at org.testng.internal.TestMethodWorker.invokeTestMethods(TestMethodWorker.java:146)
at org.testng.internal.TestMethodWorker.run(TestMethodWorker.java:128)
at java.base/java.util.ArrayList.forEach(ArrayList.java:1511)
at org.testng.TestRunner.privateRun(TestRunner.java:794)
at org.testng.TestRunner.run(TestRunner.java:596)
at org.testng.SuiteRunner.runTest(SuiteRunner.java:377)
at org.testng.SuiteRunner.runSequentially(SuiteRunner.java:371)
at org.testng.SuiteRunner.privateRun(SuiteRunner.java:332)
at org.testng.SuiteRunner.run(SuiteRunner.java:276)
at org.testng.SuiteRunnerWorker.runSuite(SuiteRunnerWorker.java:53)
at org.testng.SuiteRunnerWorker.run(SuiteRunnerWorker.java:96)
at org.testng.TestNG.runSuitesSequentially(TestNG.java:1212)
at org.testng.TestNG.runSuitesLocally(TestNG.java:1134)
at org.testng.TestNG.runSuites(TestNG.java:1063)
at org.testng.TestNG.run(TestNG.java:1031)
at org.testng.remote.AbstractRemoteTestNG.run(AbstractRemoteTestNG.java:115)
at org.testng.remote.RemoteTestNG.initAndRun(RemoteTestNG.java:251)
at org.testng.remote.RemoteTestNG.main(RemoteTestNG.java:77)
]]>
    </error>
  </testcase> <!-- verifyHyperLinkStressWearsDown -->
  <system-out/>
  <testcase classname="com.qa.abreva.test.AbrevaTriggerFreeSummerVacatioPlanningTest" name="verifyHyperLinkStressWearsDown" time="26.587">
    <skipped/>
  </testcase> <!-- verifyHyperLinkStressWearsDown -->
  <system-out/>
  <testcase classname="com.qa.abreva.test.AbrevaTriggerFreeSummerVacatioPlanningTest" name="verifyHyperLinkStressWearsDown" time="25.356">
    <skipped/>
  </testcase> <!-- verifyHyperLinkStressWearsDown -->
  <system-out/>
  <testcase classname="com.qa.abreva.test.AbrevaTriggerFreeSummerVacatioPlanningTest" name="verifyHyperLinkActOnIt" time="13.707"/>
  <system-out/>
  <testcase classname="com.qa.abreva.test.AbrevaTriggerFreeSummerVacatioPlanningTest" name="verifyWholeCardSecOne" time="11.310"/>
  <system-out/>
  <testcase classname="com.qa.abreva.test.AbrevaTriggerFreeSummerVacatioPlanningTest" name="verifyWholeCardSecTwo" time="11.337"/>
  <system-out/>
  <testcase classname="com.qa.abreva.test.AbrevaTriggerFreeSummerVacatioPlanningTest" name="verifyWholeCardSecThree" time="27.393">
    <skipped/>
  </testcase> <!-- verifyWholeCardSecThree -->
  <system-out/>
  <testcase classname="com.qa.abreva.test.AbrevaTriggerFreeSummerVacatioPlanningTest" name="verifyWholeCardSecThree" time="27.141">
    <skipped/>
  </testcase> <!-- verifyWholeCardSecThree -->
  <system-out/>
  <testcase classname="com.qa.abreva.test.AbrevaTriggerFreeSummerVacatioPlanningTest" name="verifyWholeCardSecThree" time="39.316">
    <error message="HyperLink Whole Card Sec Three is not presented in the page" type="java.lang.Exception">
      <![CDATA[java.lang.Exception: HyperLink Whole Card Sec Three is not presented in the page
at com.qa.abreva.pages.AbrevaTriggerFreeSummerVacatioPlanningPage.clickWholeCardSecThree(AbrevaTriggerFreeSummerVacatioPlanningPage.java:169)
at com.qa.abreva.test.AbrevaTriggerFreeSummerVacatioPlanningTest.verifyWholeCardSecThree(AbrevaTriggerFreeSummerVacatioPlanningTest.java:117)
at java.base/jdk.internal.reflect.DirectMethodHandleAccessor.invoke(DirectMethodHandleAccessor.java:104)
at java.base/java.lang.reflect.Method.invoke(Method.java:577)
at org.testng.internal.MethodInvocationHelper.invokeMethod(MethodInvocationHelper.java:133)
at org.testng.internal.TestInvoker.invokeMethod(TestInvoker.java:598)
at org.testng.internal.TestInvoker.retryFailed(TestInvoker.java:213)
at org.testng.internal.MethodRunner.runInSequence(MethodRunner.java:58)
at org.testng.internal.TestInvoker$MethodInvocationAgent.invoke(TestInvoker.java:824)
at org.testng.internal.TestInvoker.invokeTestMethods(TestInvoker.java:146)
at org.testng.internal.TestMethodWorker.invokeTestMethods(TestMethodWorker.java:146)
at org.testng.internal.TestMethodWorker.run(TestMethodWorker.java:128)
at java.base/java.util.ArrayList.forEach(ArrayList.java:1511)
at org.testng.TestRunner.privateRun(TestRunner.java:794)
at org.testng.TestRunner.run(TestRunner.java:596)
at org.testng.SuiteRunner.runTest(SuiteRunner.java:377)
at org.testng.SuiteRunner.runSequentially(SuiteRunner.java:371)
at org.testng.SuiteRunner.privateRun(SuiteRunner.java:332)
at org.testng.SuiteRunner.run(SuiteRunner.java:276)
at org.testng.SuiteRunnerWorker.runSuite(SuiteRunnerWorker.java:53)
at org.testng.SuiteRunnerWorker.run(SuiteRunnerWorker.java:96)
at org.testng.TestNG.runSuitesSequentially(TestNG.java:1212)
at org.testng.TestNG.runSuitesLocally(TestNG.java:1134)
at org.testng.TestNG.runSuites(TestNG.java:1063)
at org.testng.TestNG.run(TestNG.java:1031)
at org.testng.remote.AbstractRemoteTestNG.run(AbstractRemoteTestNG.java:115)
at org.testng.remote.RemoteTestNG.initAndRun(RemoteTestNG.java:251)
at org.testng.remote.RemoteTestNG.main(RemoteTestNG.java:77)
]]>
    </error>
  </testcase> <!-- verifyWholeCardSecThree -->
  <system-out/>
  <testcase classname="com.qa.abreva.test.AbrevaTriggerFreeSummerVacatioPlanningTest" name="verifyGetcoupon" time="23.474">
    <error message="HyperLink Get coupon is not presented in the page" type="java.lang.Exception">
      <![CDATA[java.lang.Exception: HyperLink Get coupon is not presented in the page
at com.qa.abreva.pages.AbrevaTriggerFreeSummerVacatioPlanningPage.clickGetcoupon(AbrevaTriggerFreeSummerVacatioPlanningPage.java:182)
at com.qa.abreva.test.AbrevaTriggerFreeSummerVacatioPlanningTest.verifyGetcoupon(AbrevaTriggerFreeSummerVacatioPlanningTest.java:129)
at java.base/jdk.internal.reflect.DirectMethodHandleAccessor.invoke(DirectMethodHandleAccessor.java:104)
at java.base/java.lang.reflect.Method.invoke(Method.java:577)
at org.testng.internal.MethodInvocationHelper.invokeMethod(MethodInvocationHelper.java:133)
at org.testng.internal.TestInvoker.invokeMethod(TestInvoker.java:598)
at org.testng.internal.TestInvoker.retryFailed(TestInvoker.java:213)
at org.testng.internal.MethodRunner.runInSequence(MethodRunner.java:58)
at org.testng.internal.TestInvoker$MethodInvocationAgent.invoke(TestInvoker.java:824)
at org.testng.internal.TestInvoker.invokeTestMethods(TestInvoker.java:146)
at org.testng.internal.TestMethodWorker.invokeTestMethods(TestMethodWorker.java:146)
at org.testng.internal.TestMethodWorker.run(TestMethodWorker.java:128)
at java.base/java.util.ArrayList.forEach(ArrayList.java:1511)
at org.testng.TestRunner.privateRun(TestRunner.java:794)
at org.testng.TestRunner.run(TestRunner.java:596)
at org.testng.SuiteRunner.runTest(SuiteRunner.java:377)
at org.testng.SuiteRunner.runSequentially(SuiteRunner.java:371)
at org.testng.SuiteRunner.privateRun(SuiteRunner.java:332)
at org.testng.SuiteRunner.run(SuiteRunner.java:276)
at org.testng.SuiteRunnerWorker.runSuite(SuiteRunnerWorker.java:53)
at org.testng.SuiteRunnerWorker.run(SuiteRunnerWorker.java:96)
at org.testng.TestNG.runSuitesSequentially(TestNG.java:1212)
at org.testng.TestNG.runSuitesLocally(TestNG.java:1134)
at org.testng.TestNG.runSuites(TestNG.java:1063)
at org.testng.TestNG.run(TestNG.java:1031)
at org.testng.remote.AbstractRemoteTestNG.run(AbstractRemoteTestNG.java:115)
at org.testng.remote.RemoteTestNG.initAndRun(RemoteTestNG.java:251)
at org.testng.remote.RemoteTestNG.main(RemoteTestNG.java:77)
]]>
    </error>
  </testcase> <!-- verifyGetcoupon -->
  <system-out/>
  <testcase classname="com.qa.abreva.test.AbrevaTriggerFreeSummerVacatioPlanningTest" name="verifyGetcoupon" time="24.330">
    <skipped/>
  </testcase> <!-- verifyGetcoupon -->
  <system-out/>
  <testcase classname="com.qa.abreva.test.AbrevaTriggerFreeSummerVacatioPlanningTest" name="verifyGetcoupon" time="27.190">
    <skipped/>
  </testcase> <!-- verifyGetcoupon -->
  <system-out/>
  <testcase classname="com.qa.abreva.test.AbrevaTriggerFreeSummerVacatioPlanningTest" name="verifyBuyNow" time="9.706"/>
  <system-out/>
</testsuite> <!-- com.qa.abreva.test.AbrevaTriggerFreeSummerVacatioPlanningTest -->
