<?xml version="1.0" encoding="UTF-8"?>
<!-- Generated by org.testng.reporters.JUnitReportReporter -->
<testsuite hostname="WKWZTPqvmdckJHX" failures="0" tests="18" name="com.qa.voltarengel.test.VoltarengelManagingArthritisTest" time="262.866" errors="1" timestamp="2023-04-23T23:50:50 IST" skipped="2">
  <testcase classname="com.qa.voltarengel.test.VoltarengelManagingArthritisTest" name="cookieButton" time="84.980"/>
  <system-out/>
  <testcase classname="com.qa.voltarengel.test.VoltarengelManagingArthritisTest" name="verifyManagingArthritisatHome" time="8.851"/>
  <system-out/>
  <testcase classname="com.qa.voltarengel.test.VoltarengelManagingArthritisTest" name="verifyManagingArthritisatWork" time="9.355"/>
  <system-out/>
  <testcase classname="com.qa.voltarengel.test.VoltarengelManagingArthritisTest" name="verifyTylenolAlternative" time="10.507"/>
  <system-out/>
  <testcase classname="com.qa.voltarengel.test.VoltarengelManagingArthritisTest" name="verifyOTCArthritisMedication" time="4.692"/>
  <system-out/>
  <testcase classname="com.qa.voltarengel.test.VoltarengelManagingArthritisTest" name="verifyKneeBracesforOsteoarthritis" time="9.220"/>
  <system-out/>
  <testcase classname="com.qa.voltarengel.test.VoltarengelManagingArthritisTest" name="verifySignMeUpBtn" time="4.460"/>
  <system-out/>
  <testcase classname="com.qa.voltarengel.test.VoltarengelManagingArthritisTest" name="verifyHowtoPreventArthritis" time="5.680"/>
  <system-out/>
  <testcase classname="com.qa.voltarengel.test.VoltarengelManagingArthritisTest" name="verifyWhatsFoodtoAvoidWhenYouHaveArthritis" time="4.844"/>
  <system-out/>
  <testcase classname="com.qa.voltarengel.test.VoltarengelManagingArthritisTest" name="verifyGetCoupon" time="6.054"/>
  <system-out/>
  <testcase classname="com.qa.voltarengel.test.VoltarengelManagingArthritisTest" name="verifyManagingArthritisWithYourFamily" time="4.609"/>
  <system-out/>
  <testcase classname="com.qa.voltarengel.test.VoltarengelManagingArthritisTest" name="verifyWhatIsLidocainAndHowDoesItWork" time="10.933"/>
  <system-out/>
  <testcase classname="com.qa.voltarengel.test.VoltarengelManagingArthritisTest" name="verifyHowOTCArthritisCreamWork" time="10.132"/>
  <system-out/>
  <testcase classname="com.qa.voltarengel.test.VoltarengelManagingArthritisTest" name="verifyLivingIndependentlywithArthritis" time="8.892"/>
  <system-out/>
  <testcase classname="com.qa.voltarengel.test.VoltarengelManagingArthritisTest" name="verifyOvertheCounterDiclofenacGel" time="5.167"/>
  <system-out/>
  <testcase classname="com.qa.voltarengel.test.VoltarengelManagingArthritisTest" name="verifyBuyNow" time="24.636">
    <skipped/>
  </testcase> <!-- verifyBuyNow -->
  <system-out/>
  <testcase classname="com.qa.voltarengel.test.VoltarengelManagingArthritisTest" name="verifyBuyNow" time="25.180">
    <error message="Buy Now Button is not Presented in the page" type="java.lang.Exception">
      <![CDATA[java.lang.Exception: Buy Now Button is not Presented in the page
at com.qa.voltarengel.pages.VoltarengelManagingArthritis.clickBuyNow(VoltarengelManagingArthritis.java:95)
at com.qa.voltarengel.test.VoltarengelManagingArthritisTest.verifyBuyNow(VoltarengelManagingArthritisTest.java:197)
at java.base/jdk.internal.reflect.DirectMethodHandleAccessor.invoke(DirectMethodHandleAccessor.java:104)
at java.base/java.lang.reflect.Method.invoke(Method.java:577)
at org.testng.internal.MethodInvocationHelper.invokeMethod(MethodInvocationHelper.java:133)
at org.testng.internal.TestInvoker.invokeMethod(TestInvoker.java:598)
at org.testng.internal.TestInvoker.retryFailed(TestInvoker.java:213)
at org.testng.internal.MethodRunner.runInSequence(MethodRunner.java:58)
at org.testng.internal.TestInvoker$MethodInvocationAgent.invoke(TestInvoker.java:824)
at org.testng.internal.TestInvoker.invokeTestMethods(TestInvoker.java:146)
at org.testng.internal.TestMethodWorker.invokeTestMethods(TestMethodWorker.java:146)
at org.testng.internal.TestMethodWorker.run(TestMethodWorker.java:128)
at java.base/java.util.ArrayList.forEach(ArrayList.java:1511)
at org.testng.TestRunner.privateRun(TestRunner.java:794)
at org.testng.TestRunner.run(TestRunner.java:596)
at org.testng.SuiteRunner.runTest(SuiteRunner.java:377)
at org.testng.SuiteRunner.runSequentially(SuiteRunner.java:371)
at org.testng.SuiteRunner.privateRun(SuiteRunner.java:332)
at org.testng.SuiteRunner.run(SuiteRunner.java:276)
at org.testng.SuiteRunnerWorker.runSuite(SuiteRunnerWorker.java:53)
at org.testng.SuiteRunnerWorker.run(SuiteRunnerWorker.java:96)
at org.testng.TestNG.runSuitesSequentially(TestNG.java:1212)
at org.testng.TestNG.runSuitesLocally(TestNG.java:1134)
at org.testng.TestNG.runSuites(TestNG.java:1063)
at org.testng.TestNG.run(TestNG.java:1031)
at org.testng.remote.AbstractRemoteTestNG.run(AbstractRemoteTestNG.java:115)
at org.testng.remote.RemoteTestNG.initAndRun(RemoteTestNG.java:251)
at org.testng.remote.RemoteTestNG.main(RemoteTestNG.java:77)
]]>
    </error>
  </testcase> <!-- verifyBuyNow -->
  <system-out/>
  <testcase classname="com.qa.voltarengel.test.VoltarengelManagingArthritisTest" name="verifyBuyNow" time="24.674">
    <skipped/>
  </testcase> <!-- verifyBuyNow -->
  <system-out/>
</testsuite> <!-- com.qa.voltarengel.test.VoltarengelManagingArthritisTest -->
