<?xml version="1.0" encoding="UTF-8"?>
<!-- Generated by org.testng.reporters.JUnitReportReporter -->
<testsuite hostname="WKWZTPqvmdckJHX" failures="0" tests="23" name="com.qa.abreva.test.AbrevaFeverBlisterVsColdSoreTest" time="299.734" errors="1" timestamp="2023-05-16T23:32:43 IST" skipped="2">
  <testcase classname="com.qa.abreva.test.AbrevaFeverBlisterVsColdSoreTest" name="cookieButton" time="5.942"/>
  <system-out/>
  <testcase classname="com.qa.abreva.test.AbrevaFeverBlisterVsColdSoreTest" name="verifyBreadcrumbOne" time="13.075"/>
  <system-out/>
  <testcase classname="com.qa.abreva.test.AbrevaFeverBlisterVsColdSoreTest" name="verifyHyperLinkColdSore" time="12.432"/>
  <system-out/>
  <testcase classname="com.qa.abreva.test.AbrevaFeverBlisterVsColdSoreTest" name="verifyHyperLinkLipCareTips" time="13.835"/>
  <system-out/>
  <testcase classname="com.qa.abreva.test.AbrevaFeverBlisterVsColdSoreTest" name="verifyHyperLinkFeverBlistersAreHighlyContagious" time="24.798"/>
  <system-out/>
  <testcase classname="com.qa.abreva.test.AbrevaFeverBlisterVsColdSoreTest" name="verifyHyperLinkFirstExperiencingTheTingling" time="13.450"/>
  <system-out/>
  <testcase classname="com.qa.abreva.test.AbrevaFeverBlisterVsColdSoreTest" name="verifyHyperLinkAbrevaCreamOne" time="14.323"/>
  <system-out/>
  <testcase classname="com.qa.abreva.test.AbrevaFeverBlisterVsColdSoreTest" name="verifyHyperLinkAbrevaCreamTwo" time="13.218"/>
  <system-out/>
  <testcase classname="com.qa.abreva.test.AbrevaFeverBlisterVsColdSoreTest" name="verifyHyperLinkTriggerSuchAsAColdOrFlu" time="8.012"/>
  <system-out/>
  <testcase classname="com.qa.abreva.test.AbrevaFeverBlisterVsColdSoreTest" name="verifyHyperLinkExcessiveSunshine" time="7.616"/>
  <system-out/>
  <testcase classname="com.qa.abreva.test.AbrevaFeverBlisterVsColdSoreTest" name="verifyHyperLinkColdWeather" time="7.886"/>
  <system-out/>
  <testcase classname="com.qa.abreva.test.AbrevaFeverBlisterVsColdSoreTest" name="verifyHyperLinkStress" time="9.984"/>
  <system-out/>
  <testcase classname="com.qa.abreva.test.AbrevaFeverBlisterVsColdSoreTest" name="verifyHyperLinkGettingPlentyOfRest" time="9.625"/>
  <system-out/>
  <testcase classname="com.qa.abreva.test.AbrevaFeverBlisterVsColdSoreTest" name="verifyHyperLinkManagingColdSoreTriggers" time="8.404"/>
  <system-out/>
  <testcase classname="com.qa.abreva.test.AbrevaFeverBlisterVsColdSoreTest" name="verifyHyperLinkTreatTheBlister" time="11.689"/>
  <system-out/>
  <testcase classname="com.qa.abreva.test.AbrevaFeverBlisterVsColdSoreTest" name="verifyHyperLinkAbrevaCreamThree" time="9.365"/>
  <system-out/>
  <testcase classname="com.qa.abreva.test.AbrevaFeverBlisterVsColdSoreTest" name="verifyWholeCardSecOne" time="13.425"/>
  <system-out/>
  <testcase classname="com.qa.abreva.test.AbrevaFeverBlisterVsColdSoreTest" name="verifyWholeCardSecTwo" time="12.507"/>
  <system-out/>
  <testcase classname="com.qa.abreva.test.AbrevaFeverBlisterVsColdSoreTest" name="verifyWholeCardSecThree" time="9.477"/>
  <system-out/>
  <testcase classname="com.qa.abreva.test.AbrevaFeverBlisterVsColdSoreTest" name="verifyGetcoupon" time="28.177">
    <skipped/>
  </testcase> <!-- verifyGetcoupon -->
  <system-out/>
  <testcase classname="com.qa.abreva.test.AbrevaFeverBlisterVsColdSoreTest" name="verifyGetcoupon" time="22.903">
    <skipped/>
  </testcase> <!-- verifyGetcoupon -->
  <system-out/>
  <testcase classname="com.qa.abreva.test.AbrevaFeverBlisterVsColdSoreTest" name="verifyGetcoupon" time="23.110">
    <error message="HyperLink Get coupon is not presented in the page" type="java.lang.Exception">
      <![CDATA[java.lang.Exception: HyperLink Get coupon is not presented in the page
at com.qa.abreva.pages.AbrevaFeverBlisterVsColdSorePage.clickGetcoupon(AbrevaFeverBlisterVsColdSorePage.java:373)
at com.qa.abreva.test.AbrevaFeverBlisterVsColdSoreTest.verifyGetcoupon(AbrevaFeverBlisterVsColdSoreTest.java:262)
at java.base/jdk.internal.reflect.DirectMethodHandleAccessor.invoke(DirectMethodHandleAccessor.java:104)
at java.base/java.lang.reflect.Method.invoke(Method.java:577)
at org.testng.internal.MethodInvocationHelper.invokeMethod(MethodInvocationHelper.java:133)
at org.testng.internal.TestInvoker.invokeMethod(TestInvoker.java:598)
at org.testng.internal.TestInvoker.retryFailed(TestInvoker.java:213)
at org.testng.internal.MethodRunner.runInSequence(MethodRunner.java:58)
at org.testng.internal.TestInvoker$MethodInvocationAgent.invoke(TestInvoker.java:824)
at org.testng.internal.TestInvoker.invokeTestMethods(TestInvoker.java:146)
at org.testng.internal.TestMethodWorker.invokeTestMethods(TestMethodWorker.java:146)
at org.testng.internal.TestMethodWorker.run(TestMethodWorker.java:128)
at java.base/java.util.ArrayList.forEach(ArrayList.java:1511)
at org.testng.TestRunner.privateRun(TestRunner.java:794)
at org.testng.TestRunner.run(TestRunner.java:596)
at org.testng.SuiteRunner.runTest(SuiteRunner.java:377)
at org.testng.SuiteRunner.runSequentially(SuiteRunner.java:371)
at org.testng.SuiteRunner.privateRun(SuiteRunner.java:332)
at org.testng.SuiteRunner.run(SuiteRunner.java:276)
at org.testng.SuiteRunnerWorker.runSuite(SuiteRunnerWorker.java:53)
at org.testng.SuiteRunnerWorker.run(SuiteRunnerWorker.java:96)
at org.testng.TestNG.runSuitesSequentially(TestNG.java:1212)
at org.testng.TestNG.runSuitesLocally(TestNG.java:1134)
at org.testng.TestNG.runSuites(TestNG.java:1063)
at org.testng.TestNG.run(TestNG.java:1031)
at org.testng.remote.AbstractRemoteTestNG.run(AbstractRemoteTestNG.java:115)
at org.testng.remote.RemoteTestNG.initAndRun(RemoteTestNG.java:251)
at org.testng.remote.RemoteTestNG.main(RemoteTestNG.java:77)
]]>
    </error>
  </testcase> <!-- verifyGetcoupon -->
  <system-out/>
  <testcase classname="com.qa.abreva.test.AbrevaFeverBlisterVsColdSoreTest" name="verifyBuyNow" time="6.481"/>
  <system-out/>
</testsuite> <!-- com.qa.abreva.test.AbrevaFeverBlisterVsColdSoreTest -->
