<?xml version="1.0" encoding="UTF-8"?>
<!-- Generated by org.testng.reporters.JUnitReportReporter -->
<testsuite hostname="WKWZTPqvmdckJHX" failures="0" tests="16" name="com.qa.abreva.test.AbrevaAbrevaBasicsTest" time="372.341" errors="1" timestamp="2023-05-16T23:32:44 IST" skipped="2">
  <testcase classname="com.qa.abreva.test.AbrevaAbrevaBasicsTest" name="cookieButton" time="11.466"/>
  <system-out/>
  <testcase classname="com.qa.abreva.test.AbrevaAbrevaBasicsTest" name="verifyAccordionOne" time="24.673"/>
  <system-out/>
  <testcase classname="com.qa.abreva.test.AbrevaAbrevaBasicsTest" name="verifyAccordionTwo" time="25.017"/>
  <system-out/>
  <testcase classname="com.qa.abreva.test.AbrevaAbrevaBasicsTest" name="verifyAccordionThree" time="24.344"/>
  <system-out/>
  <testcase classname="com.qa.abreva.test.AbrevaAbrevaBasicsTest" name="verifyAccordionFour" time="25.093"/>
  <system-out/>
  <testcase classname="com.qa.abreva.test.AbrevaAbrevaBasicsTest" name="verifyAccordionFive" time="22.287"/>
  <system-out/>
  <testcase classname="com.qa.abreva.test.AbrevaAbrevaBasicsTest" name="verifyAccordionSix" time="24.189"/>
  <system-out/>
  <testcase classname="com.qa.abreva.test.AbrevaAbrevaBasicsTest" name="verifyAccordionSeven" time="25.179"/>
  <system-out/>
  <testcase classname="com.qa.abreva.test.AbrevaAbrevaBasicsTest" name="verifyAccordionEight" time="12.886"/>
  <system-out/>
  <testcase classname="com.qa.abreva.test.AbrevaAbrevaBasicsTest" name="verifyAccordionNine" time="14.088"/>
  <system-out/>
  <testcase classname="com.qa.abreva.test.AbrevaAbrevaBasicsTest" name="verifyAccordionEightHyperLink" time="14.958"/>
  <system-out/>
  <testcase classname="com.qa.abreva.test.AbrevaAbrevaBasicsTest" name="verifyAccordionNineHyperLink" time="15.190"/>
  <system-out/>
  <testcase classname="com.qa.abreva.test.AbrevaAbrevaBasicsTest" name="verifyGetcoupon" time="29.244">
    <error message="HyperLink Get coupon is not presented in the page" type="java.lang.Exception">
      <![CDATA[java.lang.Exception: HyperLink Get coupon is not presented in the page
at com.qa.abreva.pages.AbrevaAbrevaBasicsPage.clickGetcoupon(AbrevaAbrevaBasicsPage.java:506)
at com.qa.abreva.test.AbrevaAbrevaBasicsTest.verifyGetcoupon(AbrevaAbrevaBasicsTest.java:160)
at java.base/jdk.internal.reflect.DirectMethodHandleAccessor.invoke(DirectMethodHandleAccessor.java:104)
at java.base/java.lang.reflect.Method.invoke(Method.java:577)
at org.testng.internal.MethodInvocationHelper.invokeMethod(MethodInvocationHelper.java:133)
at org.testng.internal.TestInvoker.invokeMethod(TestInvoker.java:598)
at org.testng.internal.TestInvoker.retryFailed(TestInvoker.java:213)
at org.testng.internal.MethodRunner.runInSequence(MethodRunner.java:58)
at org.testng.internal.TestInvoker$MethodInvocationAgent.invoke(TestInvoker.java:824)
at org.testng.internal.TestInvoker.invokeTestMethods(TestInvoker.java:146)
at org.testng.internal.TestMethodWorker.invokeTestMethods(TestMethodWorker.java:146)
at org.testng.internal.TestMethodWorker.run(TestMethodWorker.java:128)
at java.base/java.util.ArrayList.forEach(ArrayList.java:1511)
at org.testng.TestRunner.privateRun(TestRunner.java:794)
at org.testng.TestRunner.run(TestRunner.java:596)
at org.testng.SuiteRunner.runTest(SuiteRunner.java:377)
at org.testng.SuiteRunner.runSequentially(SuiteRunner.java:371)
at org.testng.SuiteRunner.privateRun(SuiteRunner.java:332)
at org.testng.SuiteRunner.run(SuiteRunner.java:276)
at org.testng.SuiteRunnerWorker.runSuite(SuiteRunnerWorker.java:53)
at org.testng.SuiteRunnerWorker.run(SuiteRunnerWorker.java:96)
at org.testng.TestNG.runSuitesSequentially(TestNG.java:1212)
at org.testng.TestNG.runSuitesLocally(TestNG.java:1134)
at org.testng.TestNG.runSuites(TestNG.java:1063)
at org.testng.TestNG.run(TestNG.java:1031)
at org.testng.remote.AbstractRemoteTestNG.run(AbstractRemoteTestNG.java:115)
at org.testng.remote.RemoteTestNG.initAndRun(RemoteTestNG.java:251)
at org.testng.remote.RemoteTestNG.main(RemoteTestNG.java:77)
]]>
    </error>
  </testcase> <!-- verifyGetcoupon -->
  <system-out/>
  <testcase classname="com.qa.abreva.test.AbrevaAbrevaBasicsTest" name="verifyGetcoupon" time="28.780">
    <skipped/>
  </testcase> <!-- verifyGetcoupon -->
  <system-out/>
  <testcase classname="com.qa.abreva.test.AbrevaAbrevaBasicsTest" name="verifyGetcoupon" time="60.399">
    <skipped/>
  </testcase> <!-- verifyGetcoupon -->
  <system-out/>
  <testcase classname="com.qa.abreva.test.AbrevaAbrevaBasicsTest" name="verifyBuyNow" time="14.548"/>
  <system-out/>
</testsuite> <!-- com.qa.abreva.test.AbrevaAbrevaBasicsTest -->
