<?xml version="1.0" encoding="UTF-8"?>
<!-- Generated by org.testng.reporters.JUnitReportReporter -->
<testsuite hostname="WKWZTPqvmdckJHX" failures="0" tests="8" name="com.qa.drbest.ge.test.drbestVibrationPolimedTest" time="200.757" errors="2" timestamp="2023-04-10T02:26:06 IST" skipped="4">
  <testcase classname="com.qa.drbest.ge.test.drbestVibrationPolimedTest" name="verifydrbestcookiePopupLink" time="43.370"/>
  <system-out/>
  <testcase classname="com.qa.drbest.ge.test.drbestVibrationPolimedTest" name="verifyBuyNow1Link" time="24.159">
    <skipped/>
  </testcase> <!-- verifyBuyNow1Link -->
  <system-out/>
  <testcase classname="com.qa.drbest.ge.test.drbestVibrationPolimedTest" name="verifyBuyNow1Link" time="23.279">
    <error message="Unable to click the element using JavaScript" type="java.lang.Exception">
      <![CDATA[java.lang.Exception: Unable to click the element using JavaScript
at com.qa.baseClass.BaseClass.clickElementUsingJavaScript(BaseClass.java:435)
at com.qa.drbest.ge.pages.drbestVibrationPolimedPage.clickonBuyNow1(drbestVibrationPolimedPage.java:72)
at com.qa.drbest.ge.test.drbestVibrationPolimedTest.verifyBuyNow1Link(drbestVibrationPolimedTest.java:43)
at java.base/jdk.internal.reflect.DirectMethodHandleAccessor.invoke(DirectMethodHandleAccessor.java:104)
at java.base/java.lang.reflect.Method.invoke(Method.java:577)
at org.testng.internal.MethodInvocationHelper.invokeMethod(MethodInvocationHelper.java:133)
at org.testng.internal.TestInvoker.invokeMethod(TestInvoker.java:598)
at org.testng.internal.TestInvoker.retryFailed(TestInvoker.java:213)
at org.testng.internal.MethodRunner.runInSequence(MethodRunner.java:58)
at org.testng.internal.TestInvoker$MethodInvocationAgent.invoke(TestInvoker.java:824)
at org.testng.internal.TestInvoker.invokeTestMethods(TestInvoker.java:146)
at org.testng.internal.TestMethodWorker.invokeTestMethods(TestMethodWorker.java:146)
at org.testng.internal.TestMethodWorker.run(TestMethodWorker.java:128)
at java.base/java.util.ArrayList.forEach(ArrayList.java:1511)
at org.testng.TestRunner.privateRun(TestRunner.java:794)
at org.testng.TestRunner.run(TestRunner.java:596)
at org.testng.SuiteRunner.runTest(SuiteRunner.java:377)
at org.testng.SuiteRunner.runSequentially(SuiteRunner.java:371)
at org.testng.SuiteRunner.privateRun(SuiteRunner.java:332)
at org.testng.SuiteRunner.run(SuiteRunner.java:276)
at org.testng.SuiteRunnerWorker.runSuite(SuiteRunnerWorker.java:53)
at org.testng.SuiteRunnerWorker.run(SuiteRunnerWorker.java:96)
at org.testng.TestNG.runSuitesSequentially(TestNG.java:1212)
at org.testng.TestNG.runSuitesLocally(TestNG.java:1134)
at org.testng.TestNG.runSuites(TestNG.java:1063)
at org.testng.TestNG.run(TestNG.java:1031)
at org.testng.remote.AbstractRemoteTestNG.run(AbstractRemoteTestNG.java:115)
at org.testng.remote.RemoteTestNG.initAndRun(RemoteTestNG.java:251)
at org.testng.remote.RemoteTestNG.main(RemoteTestNG.java:77)
]]>
    </error>
  </testcase> <!-- verifyBuyNow1Link -->
  <system-out/>
  <testcase classname="com.qa.drbest.ge.test.drbestVibrationPolimedTest" name="verifyBuyNow1Link" time="23.392">
    <skipped/>
  </testcase> <!-- verifyBuyNow1Link -->
  <system-out/>
  <testcase classname="com.qa.drbest.ge.test.drbestVibrationPolimedTest" name="verifyReviewLink" time="11.347"/>
  <system-out/>
  <testcase classname="com.qa.drbest.ge.test.drbestVibrationPolimedTest" name="verifyReview1Link" time="24.238">
    <skipped/>
  </testcase> <!-- verifyReview1Link -->
  <system-out/>
  <testcase classname="com.qa.drbest.ge.test.drbestVibrationPolimedTest" name="verifyReview1Link" time="23.354">
    <error message="Unable to scroll down the page" type="java.lang.Exception">
      <![CDATA[java.lang.Exception: Unable to scroll down the page
at com.qa.baseClass.BaseClass.scrollDownUsingElement(BaseClass.java:344)
at com.qa.drbest.ge.pages.drbestVibrationPolimedPage.clickonReview1(drbestVibrationPolimedPage.java:88)
at com.qa.drbest.ge.test.drbestVibrationPolimedTest.verifyReview1Link(drbestVibrationPolimedTest.java:63)
at java.base/jdk.internal.reflect.DirectMethodHandleAccessor.invoke(DirectMethodHandleAccessor.java:104)
at java.base/java.lang.reflect.Method.invoke(Method.java:577)
at org.testng.internal.MethodInvocationHelper.invokeMethod(MethodInvocationHelper.java:133)
at org.testng.internal.TestInvoker.invokeMethod(TestInvoker.java:598)
at org.testng.internal.TestInvoker.retryFailed(TestInvoker.java:213)
at org.testng.internal.MethodRunner.runInSequence(MethodRunner.java:58)
at org.testng.internal.TestInvoker$MethodInvocationAgent.invoke(TestInvoker.java:824)
at org.testng.internal.TestInvoker.invokeTestMethods(TestInvoker.java:146)
at org.testng.internal.TestMethodWorker.invokeTestMethods(TestMethodWorker.java:146)
at org.testng.internal.TestMethodWorker.run(TestMethodWorker.java:128)
at java.base/java.util.ArrayList.forEach(ArrayList.java:1511)
at org.testng.TestRunner.privateRun(TestRunner.java:794)
at org.testng.TestRunner.run(TestRunner.java:596)
at org.testng.SuiteRunner.runTest(SuiteRunner.java:377)
at org.testng.SuiteRunner.runSequentially(SuiteRunner.java:371)
at org.testng.SuiteRunner.privateRun(SuiteRunner.java:332)
at org.testng.SuiteRunner.run(SuiteRunner.java:276)
at org.testng.SuiteRunnerWorker.runSuite(SuiteRunnerWorker.java:53)
at org.testng.SuiteRunnerWorker.run(SuiteRunnerWorker.java:96)
at org.testng.TestNG.runSuitesSequentially(TestNG.java:1212)
at org.testng.TestNG.runSuitesLocally(TestNG.java:1134)
at org.testng.TestNG.runSuites(TestNG.java:1063)
at org.testng.TestNG.run(TestNG.java:1031)
at org.testng.remote.AbstractRemoteTestNG.run(AbstractRemoteTestNG.java:115)
at org.testng.remote.RemoteTestNG.initAndRun(RemoteTestNG.java:251)
at org.testng.remote.RemoteTestNG.main(RemoteTestNG.java:77)
]]>
    </error>
  </testcase> <!-- verifyReview1Link -->
  <system-out/>
  <testcase classname="com.qa.drbest.ge.test.drbestVibrationPolimedTest" name="verifyReview1Link" time="27.618">
    <skipped/>
  </testcase> <!-- verifyReview1Link -->
  <system-out/>
</testsuite> <!-- com.qa.drbest.ge.test.drbestVibrationPolimedTest -->
