<?xml version="1.0" encoding="UTF-8"?>
<!-- Generated by org.testng.reporters.JUnitReportReporter -->
<testsuite hostname="WKWZTPqvmdckJHX" failures="1" tests="18" name="com.qa.theraflu.test.TherafluHeadacheTest" time="184.127" errors="0" timestamp="2023-08-24T15:19:59 IST" skipped="0">
  <testcase classname="com.qa.theraflu.test.TherafluHeadacheTest" name="cookieButton" time="5.210"/>
  <system-out/>
  <testcase classname="com.qa.theraflu.test.TherafluHeadacheTest" name="verifyBreadcrumbOne" time="9.498"/>
  <system-out/>
  <testcase classname="com.qa.theraflu.test.TherafluHeadacheTest" name="verifyBreadcrumbTwo" time="10.143"/>
  <system-out/>
  <testcase classname="com.qa.theraflu.test.TherafluHeadacheTest" name="verifyBreadcrumbThree" time="7.938"/>
  <system-out/>
  <testcase classname="com.qa.theraflu.test.TherafluHeadacheTest" name="verifyBreadcrumbFour" time="6.487"/>
  <system-out/>
  <testcase classname="com.qa.theraflu.test.TherafluHeadacheTest" name="verifyHyperLinkOne" time="8.467"/>
  <system-out/>
  <testcase classname="com.qa.theraflu.test.TherafluHeadacheTest" name="verifyHyperLinkTwo" time="8.885"/>
  <system-out/>
  <testcase classname="com.qa.theraflu.test.TherafluHeadacheTest" name="verifyHyperLinkThree" time="21.180"/>
  <system-out/>
  <testcase classname="com.qa.theraflu.test.TherafluHeadacheTest" name="verifyHyperLinkFour" time="10.237"/>
  <system-out/>
  <testcase classname="com.qa.theraflu.test.TherafluHeadacheTest" name="verifyHyperLinkFive" time="9.528"/>
  <system-out/>
  <testcase classname="com.qa.theraflu.test.TherafluHeadacheTest" name="verifyHyperLinkSix" time="8.447">
    <failure message="expected [treating-cold-flu/symptoms/] but found [https://theraflu-com.preprod-cf65.ch.adobecqms.net/treating-cold-flu/symptoms/]" type="java.lang.AssertionError">
      <![CDATA[java.lang.AssertionError: expected [treating-cold-flu/symptoms/] but found [https://theraflu-com.preprod-cf65.ch.adobecqms.net/treating-cold-flu/symptoms/]
at org.testng.Assert.fail(Assert.java:99)
at org.testng.Assert.failNotEquals(Assert.java:1037)
at org.testng.Assert.assertEqualsImpl(Assert.java:140)
at org.testng.Assert.assertEquals(Assert.java:122)
at org.testng.Assert.assertEquals(Assert.java:629)
at org.testng.Assert.assertEquals(Assert.java:639)
at com.qa.baseClass.BaseClass.compareTwoText(BaseClass.java:831)
at com.qa.theraflu.test.TherafluHeadacheTest.verifyHyperLinkSix(TherafluHeadacheTest.java:157)
at java.base/jdk.internal.reflect.DirectMethodHandleAccessor.invoke(DirectMethodHandleAccessor.java:104)
at java.base/java.lang.reflect.Method.invoke(Method.java:577)
at org.testng.internal.MethodInvocationHelper.invokeMethod(MethodInvocationHelper.java:133)
at org.testng.internal.TestInvoker.invokeMethod(TestInvoker.java:598)
at org.testng.internal.TestInvoker.invokeTestMethod(TestInvoker.java:173)
at org.testng.internal.MethodRunner.runInSequence(MethodRunner.java:46)
at org.testng.internal.TestInvoker$MethodInvocationAgent.invoke(TestInvoker.java:824)
at org.testng.internal.TestInvoker.invokeTestMethods(TestInvoker.java:146)
at org.testng.internal.TestMethodWorker.invokeTestMethods(TestMethodWorker.java:146)
at org.testng.internal.TestMethodWorker.run(TestMethodWorker.java:128)
at java.base/java.util.ArrayList.forEach(ArrayList.java:1511)
at org.testng.TestRunner.privateRun(TestRunner.java:794)
at org.testng.TestRunner.run(TestRunner.java:596)
at org.testng.SuiteRunner.runTest(SuiteRunner.java:377)
at org.testng.SuiteRunner.runSequentially(SuiteRunner.java:371)
at org.testng.SuiteRunner.privateRun(SuiteRunner.java:332)
at org.testng.SuiteRunner.run(SuiteRunner.java:276)
at org.testng.SuiteRunnerWorker.runSuite(SuiteRunnerWorker.java:53)
at org.testng.SuiteRunnerWorker.run(SuiteRunnerWorker.java:96)
at org.testng.TestNG.runSuitesSequentially(TestNG.java:1212)
at org.testng.TestNG.runSuitesLocally(TestNG.java:1134)
at org.testng.TestNG.runSuites(TestNG.java:1063)
at org.testng.TestNG.run(TestNG.java:1031)
at org.testng.remote.AbstractRemoteTestNG.run(AbstractRemoteTestNG.java:115)
at org.testng.remote.RemoteTestNG.initAndRun(RemoteTestNG.java:251)
at org.testng.remote.RemoteTestNG.main(RemoteTestNG.java:77)
]]>
    </failure>
  </testcase> <!-- verifyHyperLinkSix -->
  <system-out/>
  <testcase classname="com.qa.theraflu.test.TherafluHeadacheTest" name="verifyHyperLinkSeven" time="9.092"/>
  <system-out/>
  <testcase classname="com.qa.theraflu.test.TherafluHeadacheTest" name="verifyHyperLinkEight" time="8.594"/>
  <system-out/>
  <testcase classname="com.qa.theraflu.test.TherafluHeadacheTest" name="verifyReferences" time="7.105"/>
  <system-out/>
  <testcase classname="com.qa.theraflu.test.TherafluHeadacheTest" name="verifyRecommendedArticlesOne" time="12.650"/>
  <system-out/>
  <testcase classname="com.qa.theraflu.test.TherafluHeadacheTest" name="verifyRecommendedArticlesTwo" time="10.840"/>
  <system-out/>
  <testcase classname="com.qa.theraflu.test.TherafluHeadacheTest" name="verifyRecommendedArticlesThree" time="11.664"/>
  <system-out/>
  <testcase classname="com.qa.theraflu.test.TherafluHeadacheTest" name="verifyRecommendedArticlesFour" time="18.162"/>
  <system-out/>
</testsuite> <!-- com.qa.theraflu.test.TherafluHeadacheTest -->
