<?xml version="1.0" encoding="UTF-8"?>
<!-- Generated by org.testng.reporters.JUnitReportReporter -->
<testsuite hostname="WKWZTPqvmdckJHX" failures="0" tests="20" name="com.qa.biotene.test.biotenemoisturisingmouthsprayTest" time="612.402" errors="2" timestamp="2023-04-03T07:36:54 IST" skipped="4">
  <testcase classname="com.qa.biotene.test.biotenemoisturisingmouthsprayTest" name="verifyBiotenecookiePopupLink" time="133.545"/>
  <system-out/>
  <testcase classname="com.qa.biotene.test.biotenemoisturisingmouthsprayTest" name="verifyHomeBreadcrumbsLink" time="12.458"/>
  <system-out/>
  <testcase classname="com.qa.biotene.test.biotenemoisturisingmouthsprayTest" name="verifyBioteneproductsBreadcrumbsLink" time="9.207"/>
  <system-out/>
  <testcase classname="com.qa.biotene.test.biotenemoisturisingmouthsprayTest" name="verifyBioteneMoisturizingproductsBreadcrumbsLink" time="13.745"/>
  <system-out/>
  <testcase classname="com.qa.biotene.test.biotenemoisturisingmouthsprayTest" name="verifyReviewLink" time="28.014">
    <skipped/>
  </testcase> <!-- verifyReviewLink -->
  <system-out/>
  <testcase classname="com.qa.biotene.test.biotenemoisturisingmouthsprayTest" name="verifyReviewLink" time="33.456">
    <skipped/>
  </testcase> <!-- verifyReviewLink -->
  <system-out/>
  <testcase classname="com.qa.biotene.test.biotenemoisturisingmouthsprayTest" name="verifyReviewLink" time="29.560">
    <error message="Review is not displayed  on page" type="java.lang.Exception">
      <![CDATA[java.lang.Exception: Review is not displayed  on page
at com.qa.biotene.pages.biotenemoisturisingmouthsprayPage.clickonReview(biotenemoisturisingmouthsprayPage.java:174)
at com.qa.biotene.test.biotenemoisturisingmouthsprayTest.verifyReviewLink(biotenemoisturisingmouthsprayTest.java:81)
at java.base/jdk.internal.reflect.DirectMethodHandleAccessor.invoke(DirectMethodHandleAccessor.java:104)
at java.base/java.lang.reflect.Method.invoke(Method.java:577)
at org.testng.internal.MethodInvocationHelper.invokeMethod(MethodInvocationHelper.java:133)
at org.testng.internal.TestInvoker.invokeMethod(TestInvoker.java:598)
at org.testng.internal.TestInvoker.retryFailed(TestInvoker.java:213)
at org.testng.internal.MethodRunner.runInSequence(MethodRunner.java:58)
at org.testng.internal.TestInvoker$MethodInvocationAgent.invoke(TestInvoker.java:824)
at org.testng.internal.TestInvoker.invokeTestMethods(TestInvoker.java:146)
at org.testng.internal.TestMethodWorker.invokeTestMethods(TestMethodWorker.java:146)
at org.testng.internal.TestMethodWorker.run(TestMethodWorker.java:128)
at java.base/java.util.ArrayList.forEach(ArrayList.java:1511)
at org.testng.TestRunner.privateRun(TestRunner.java:794)
at org.testng.TestRunner.run(TestRunner.java:596)
at org.testng.SuiteRunner.runTest(SuiteRunner.java:377)
at org.testng.SuiteRunner.runSequentially(SuiteRunner.java:371)
at org.testng.SuiteRunner.privateRun(SuiteRunner.java:332)
at org.testng.SuiteRunner.run(SuiteRunner.java:276)
at org.testng.SuiteRunnerWorker.runSuite(SuiteRunnerWorker.java:53)
at org.testng.SuiteRunnerWorker.run(SuiteRunnerWorker.java:96)
at org.testng.TestNG.runSuitesSequentially(TestNG.java:1212)
at org.testng.TestNG.runSuitesLocally(TestNG.java:1134)
at org.testng.TestNG.runSuites(TestNG.java:1063)
at org.testng.TestNG.run(TestNG.java:1031)
at org.testng.remote.AbstractRemoteTestNG.run(AbstractRemoteTestNG.java:115)
at org.testng.remote.RemoteTestNG.initAndRun(RemoteTestNG.java:251)
at org.testng.remote.RemoteTestNG.main(RemoteTestNG.java:77)
]]>
    </error>
  </testcase> <!-- verifyReviewLink -->
  <system-out/>
  <testcase classname="com.qa.biotene.test.biotenemoisturisingmouthsprayTest" name="verifyLearnMoreOneLink" time="27.418"/>
  <system-out/>
  <testcase classname="com.qa.biotene.test.biotenemoisturisingmouthsprayTest" name="verifyLearnMoreTwoLink" time="19.252"/>
  <system-out/>
  <testcase classname="com.qa.biotene.test.biotenemoisturisingmouthsprayTest" name="verifyLearnMoreThreeLink" time="13.627"/>
  <system-out/>
  <testcase classname="com.qa.biotene.test.biotenemoisturisingmouthsprayTest" name="verifyLearnMoreFourLink" time="32.319"/>
  <system-out/>
  <testcase classname="com.qa.biotene.test.biotenemoisturisingmouthsprayTest" name="verifyLearnMoreFiveLink" time="14.936"/>
  <system-out/>
  <testcase classname="com.qa.biotene.test.biotenemoisturisingmouthsprayTest" name="verifyLearnMoreSixLink" time="19.699"/>
  <system-out/>
  <testcase classname="com.qa.biotene.test.biotenemoisturisingmouthsprayTest" name="verifyLearnMoreSevenLink" time="41.417">
    <error message="Carousel Two is not active" type="java.lang.Exception">
      <![CDATA[java.lang.Exception: Carousel Two is not active
at com.qa.biotene.pages.biotenemoisturisingmouthsprayPage.clickLearnMoreSeven(biotenemoisturisingmouthsprayPage.java:325)
at com.qa.biotene.test.biotenemoisturisingmouthsprayTest.verifyLearnMoreSevenLink(biotenemoisturisingmouthsprayTest.java:163)
at java.base/jdk.internal.reflect.DirectMethodHandleAccessor.invoke(DirectMethodHandleAccessor.java:104)
at java.base/java.lang.reflect.Method.invoke(Method.java:577)
at org.testng.internal.MethodInvocationHelper.invokeMethod(MethodInvocationHelper.java:133)
at org.testng.internal.TestInvoker.invokeMethod(TestInvoker.java:598)
at org.testng.internal.TestInvoker.retryFailed(TestInvoker.java:213)
at org.testng.internal.MethodRunner.runInSequence(MethodRunner.java:58)
at org.testng.internal.TestInvoker$MethodInvocationAgent.invoke(TestInvoker.java:824)
at org.testng.internal.TestInvoker.invokeTestMethods(TestInvoker.java:146)
at org.testng.internal.TestMethodWorker.invokeTestMethods(TestMethodWorker.java:146)
at org.testng.internal.TestMethodWorker.run(TestMethodWorker.java:128)
at java.base/java.util.ArrayList.forEach(ArrayList.java:1511)
at org.testng.TestRunner.privateRun(TestRunner.java:794)
at org.testng.TestRunner.run(TestRunner.java:596)
at org.testng.SuiteRunner.runTest(SuiteRunner.java:377)
at org.testng.SuiteRunner.runSequentially(SuiteRunner.java:371)
at org.testng.SuiteRunner.privateRun(SuiteRunner.java:332)
at org.testng.SuiteRunner.run(SuiteRunner.java:276)
at org.testng.SuiteRunnerWorker.runSuite(SuiteRunnerWorker.java:53)
at org.testng.SuiteRunnerWorker.run(SuiteRunnerWorker.java:96)
at org.testng.TestNG.runSuitesSequentially(TestNG.java:1212)
at org.testng.TestNG.runSuitesLocally(TestNG.java:1134)
at org.testng.TestNG.runSuites(TestNG.java:1063)
at org.testng.TestNG.run(TestNG.java:1031)
at org.testng.remote.AbstractRemoteTestNG.run(AbstractRemoteTestNG.java:115)
at org.testng.remote.RemoteTestNG.initAndRun(RemoteTestNG.java:251)
at org.testng.remote.RemoteTestNG.main(RemoteTestNG.java:77)
]]>
    </error>
  </testcase> <!-- verifyLearnMoreSevenLink -->
  <system-out/>
  <testcase classname="com.qa.biotene.test.biotenemoisturisingmouthsprayTest" name="verifyLearnMoreSevenLink" time="46.004">
    <skipped/>
  </testcase> <!-- verifyLearnMoreSevenLink -->
  <system-out/>
  <testcase classname="com.qa.biotene.test.biotenemoisturisingmouthsprayTest" name="verifyLearnMoreSevenLink" time="48.936">
    <skipped/>
  </testcase> <!-- verifyLearnMoreSevenLink -->
  <system-out/>
  <testcase classname="com.qa.biotene.test.biotenemoisturisingmouthsprayTest" name="verifyPreviousAndNextArrowLink" time="22.438"/>
  <system-out/>
  <testcase classname="com.qa.biotene.test.biotenemoisturisingmouthsprayTest" name="verifyGetcouponsLink" time="41.425"/>
  <system-out/>
  <testcase classname="com.qa.biotene.test.biotenemoisturisingmouthsprayTest" name="verifytakequizLink" time="11.945"/>
  <system-out/>
  <testcase classname="com.qa.biotene.test.biotenemoisturisingmouthsprayTest" name="verifyShopnowLink" time="13.001"/>
  <system-out/>
</testsuite> <!-- com.qa.biotene.test.biotenemoisturisingmouthsprayTest -->
