<?xml version="1.0" encoding="UTF-8"?>
<!-- Generated by org.testng.reporters.JUnitReportReporter -->
<testsuite hostname="WKWZTPqvmdckJHX" failures="0" tests="15" name="com.qa.voltarengel.test.VoltarengelExercisesTest" time="240.938" errors="1" timestamp="2023-04-23T23:50:50 IST" skipped="2">
  <testcase classname="com.qa.voltarengel.test.VoltarengelExercisesTest" name="cookieButton" time="85.410"/>
  <system-out/>
  <testcase classname="com.qa.voltarengel.test.VoltarengelExercisesTest" name="verifyHowtoGetFitatHome" time="4.289"/>
  <system-out/>
  <testcase classname="com.qa.voltarengel.test.VoltarengelExercisesTest" name="verifySignMeUp" time="4.670"/>
  <system-out/>
  <testcase classname="com.qa.voltarengel.test.VoltarengelExercisesTest" name="verifyHowToRelieveKneePain" time="5.023"/>
  <system-out/>
  <testcase classname="com.qa.voltarengel.test.VoltarengelExercisesTest" name="verifyElbowExercisesforArthritis" time="9.729"/>
  <system-out/>
  <testcase classname="com.qa.voltarengel.test.VoltarengelExercisesTest" name="verifyHandExerciseforArthritis" time="4.355"/>
  <system-out/>
  <testcase classname="com.qa.voltarengel.test.VoltarengelExercisesTest" name="verifyKneeExerciseforArthritis" time="5.826"/>
  <system-out/>
  <testcase classname="com.qa.voltarengel.test.VoltarengelExercisesTest" name="verifyWristExerciseForArthritis" time="12.204"/>
  <system-out/>
  <testcase classname="com.qa.voltarengel.test.VoltarengelExercisesTest" name="verifyArthritisHurtsatNight" time="9.264"/>
  <system-out/>
  <testcase classname="com.qa.voltarengel.test.VoltarengelExercisesTest" name="verifyExecisesForArthritis" time="9.641"/>
  <system-out/>
  <testcase classname="com.qa.voltarengel.test.VoltarengelExercisesTest" name="verifyGetCoupon" time="9.699"/>
  <system-out/>
  <testcase classname="com.qa.voltarengel.test.VoltarengelExercisesTest" name="verifyStandingStretchesToRelieve" time="8.147"/>
  <system-out/>
  <testcase classname="com.qa.voltarengel.test.VoltarengelExercisesTest" name="verifyBuyNow" time="23.829">
    <error message="Buy Now Button is not Presented in the page" type="java.lang.Exception">
      <![CDATA[java.lang.Exception: Buy Now Button is not Presented in the page
at com.qa.voltarengel.pages.VoltarengelExercises.clickBuyNow(VoltarengelExercises.java:89)
at com.qa.voltarengel.test.VoltarengelExercisesTest.verifyBuyNow(VoltarengelExercisesTest.java:165)
at java.base/jdk.internal.reflect.DirectMethodHandleAccessor.invoke(DirectMethodHandleAccessor.java:104)
at java.base/java.lang.reflect.Method.invoke(Method.java:577)
at org.testng.internal.MethodInvocationHelper.invokeMethod(MethodInvocationHelper.java:133)
at org.testng.internal.TestInvoker.invokeMethod(TestInvoker.java:598)
at org.testng.internal.TestInvoker.retryFailed(TestInvoker.java:213)
at org.testng.internal.MethodRunner.runInSequence(MethodRunner.java:58)
at org.testng.internal.TestInvoker$MethodInvocationAgent.invoke(TestInvoker.java:824)
at org.testng.internal.TestInvoker.invokeTestMethods(TestInvoker.java:146)
at org.testng.internal.TestMethodWorker.invokeTestMethods(TestMethodWorker.java:146)
at org.testng.internal.TestMethodWorker.run(TestMethodWorker.java:128)
at java.base/java.util.ArrayList.forEach(ArrayList.java:1511)
at org.testng.TestRunner.privateRun(TestRunner.java:794)
at org.testng.TestRunner.run(TestRunner.java:596)
at org.testng.SuiteRunner.runTest(SuiteRunner.java:377)
at org.testng.SuiteRunner.runSequentially(SuiteRunner.java:371)
at org.testng.SuiteRunner.privateRun(SuiteRunner.java:332)
at org.testng.SuiteRunner.run(SuiteRunner.java:276)
at org.testng.SuiteRunnerWorker.runSuite(SuiteRunnerWorker.java:53)
at org.testng.SuiteRunnerWorker.run(SuiteRunnerWorker.java:96)
at org.testng.TestNG.runSuitesSequentially(TestNG.java:1212)
at org.testng.TestNG.runSuitesLocally(TestNG.java:1134)
at org.testng.TestNG.runSuites(TestNG.java:1063)
at org.testng.TestNG.run(TestNG.java:1031)
at org.testng.remote.AbstractRemoteTestNG.run(AbstractRemoteTestNG.java:115)
at org.testng.remote.RemoteTestNG.initAndRun(RemoteTestNG.java:251)
at org.testng.remote.RemoteTestNG.main(RemoteTestNG.java:77)
]]>
    </error>
  </testcase> <!-- verifyBuyNow -->
  <system-out/>
  <testcase classname="com.qa.voltarengel.test.VoltarengelExercisesTest" name="verifyBuyNow" time="24.546">
    <skipped/>
  </testcase> <!-- verifyBuyNow -->
  <system-out/>
  <testcase classname="com.qa.voltarengel.test.VoltarengelExercisesTest" name="verifyBuyNow" time="24.306">
    <skipped/>
  </testcase> <!-- verifyBuyNow -->
  <system-out/>
</testsuite> <!-- com.qa.voltarengel.test.VoltarengelExercisesTest -->
