<?xml version="1.0" encoding="UTF-8"?>
<!-- Generated by org.testng.reporters.JUnitReportReporter -->
<testsuite hostname="WKWZTPqvmdckJHX" failures="0" tests="17" name="com.qa.abreva.test.AbrevaHowToUseAbrevaTest" time="652.929" errors="1" timestamp="2023-05-16T23:32:44 IST" skipped="5">
  <testcase classname="com.qa.abreva.test.AbrevaHowToUseAbrevaTest" name="cookieButton" time="16.929"/>
  <system-out/>
  <testcase classname="com.qa.abreva.test.AbrevaHowToUseAbrevaTest" name="launchingTheUrl" time="324.126">
    <error message="Entered URL is incorrect" type="java.lang.Exception">
      <![CDATA[java.lang.Exception: Entered URL is incorrect
at com.qa.baseClass.BaseClass.launchURL(BaseClass.java:165)
at com.qa.abreva.test.AbrevaHowToUseAbrevaTest.launchingTheUrl(AbrevaHowToUseAbrevaTest.java:28)
at java.base/jdk.internal.reflect.DirectMethodHandleAccessor.invoke(DirectMethodHandleAccessor.java:104)
at java.base/java.lang.reflect.Method.invoke(Method.java:577)
at org.testng.internal.MethodInvocationHelper.invokeMethod(MethodInvocationHelper.java:133)
at org.testng.internal.MethodInvocationHelper.invokeMethodConsideringTimeout(MethodInvocationHelper.java:62)
at org.testng.internal.ConfigInvoker.invokeConfigurationMethod(ConfigInvoker.java:385)
at org.testng.internal.ConfigInvoker.invokeConfigurations(ConfigInvoker.java:321)
at org.testng.internal.TestInvoker.runConfigMethods(TestInvoker.java:700)
at org.testng.internal.TestInvoker.invokeMethod(TestInvoker.java:527)
at org.testng.internal.TestInvoker.invokeTestMethod(TestInvoker.java:173)
at org.testng.internal.MethodRunner.runInSequence(MethodRunner.java:46)
at org.testng.internal.TestInvoker$MethodInvocationAgent.invoke(TestInvoker.java:824)
at org.testng.internal.TestInvoker.invokeTestMethods(TestInvoker.java:146)
at org.testng.internal.TestMethodWorker.invokeTestMethods(TestMethodWorker.java:146)
at org.testng.internal.TestMethodWorker.run(TestMethodWorker.java:128)
at java.base/java.util.ArrayList.forEach(ArrayList.java:1511)
at org.testng.TestRunner.privateRun(TestRunner.java:794)
at org.testng.TestRunner.run(TestRunner.java:596)
at org.testng.SuiteRunner.runTest(SuiteRunner.java:377)
at org.testng.SuiteRunner.runSequentially(SuiteRunner.java:371)
at org.testng.SuiteRunner.privateRun(SuiteRunner.java:332)
at org.testng.SuiteRunner.run(SuiteRunner.java:276)
at org.testng.SuiteRunnerWorker.runSuite(SuiteRunnerWorker.java:53)
at org.testng.SuiteRunnerWorker.run(SuiteRunnerWorker.java:96)
at org.testng.TestNG.runSuitesSequentially(TestNG.java:1212)
at org.testng.TestNG.runSuitesLocally(TestNG.java:1134)
at org.testng.TestNG.runSuites(TestNG.java:1063)
at org.testng.TestNG.run(TestNG.java:1031)
at org.testng.remote.AbstractRemoteTestNG.run(AbstractRemoteTestNG.java:115)
at org.testng.remote.RemoteTestNG.initAndRun(RemoteTestNG.java:251)
at org.testng.remote.RemoteTestNG.main(RemoteTestNG.java:77)
]]>
    </error>
  </testcase> <!-- launchingTheUrl -->
  <system-out/>
  <testcase classname="com.qa.abreva.test.AbrevaHowToUseAbrevaTest" name="verifyAccordionOne" time="30.637"/>
  <system-out/>
  <testcase classname="com.qa.abreva.test.AbrevaHowToUseAbrevaTest" name="verifyAccordionTwo" time="30.863"/>
  <system-out/>
  <testcase classname="com.qa.abreva.test.AbrevaHowToUseAbrevaTest" name="verifyAccordionThree" time="30.657"/>
  <system-out/>
  <testcase classname="com.qa.abreva.test.AbrevaHowToUseAbrevaTest" name="verifyAccordionFour" time="29.773"/>
  <system-out/>
  <testcase classname="com.qa.abreva.test.AbrevaHowToUseAbrevaTest" name="verifyAccordionFive" time="30.442"/>
  <system-out/>
  <testcase classname="com.qa.abreva.test.AbrevaHowToUseAbrevaTest" name="verifyAccordionSix" time="52.077"/>
  <system-out/>
  <testcase classname="com.qa.abreva.test.AbrevaHowToUseAbrevaTest" name="verifyAccordionSeven" time="32.576"/>
  <system-out/>
  <testcase classname="com.qa.abreva.test.AbrevaHowToUseAbrevaTest" name="verifyAccordionEight" time="31.769"/>
  <system-out/>
  <testcase classname="com.qa.abreva.test.AbrevaHowToUseAbrevaTest" name="verifyAccordionNine" time="28.600"/>
  <system-out/>
  <testcase classname="com.qa.abreva.test.AbrevaHowToUseAbrevaTest" name="verifyAccordionTen" time="14.480"/>
  <system-out/>
  <testcase classname="com.qa.abreva.test.AbrevaHowToUseAbrevaTest" name="verifyAccordionEleven" time="0.000">
    <skipped/>
  </testcase> <!-- verifyAccordionEleven -->
  <system-out/>
  <testcase classname="com.qa.abreva.test.AbrevaHowToUseAbrevaTest" name="verifyAccordionTweleve" time="0.000">
    <skipped/>
  </testcase> <!-- verifyAccordionTweleve -->
  <system-out/>
  <testcase classname="com.qa.abreva.test.AbrevaHowToUseAbrevaTest" name="verifyAccordionThirteen" time="0.000">
    <skipped/>
  </testcase> <!-- verifyAccordionThirteen -->
  <system-out/>
  <testcase classname="com.qa.abreva.test.AbrevaHowToUseAbrevaTest" name="verifyGetcoupon" time="0.000">
    <skipped/>
  </testcase> <!-- verifyGetcoupon -->
  <system-out/>
  <testcase classname="com.qa.abreva.test.AbrevaHowToUseAbrevaTest" name="verifyBuyNow" time="0.000">
    <skipped/>
  </testcase> <!-- verifyBuyNow -->
  <system-out/>
</testsuite> <!-- com.qa.abreva.test.AbrevaHowToUseAbrevaTest -->
