<?xml version="1.0" encoding="UTF-8"?>
<!-- Generated by org.testng.reporters.JUnitReportReporter -->
<testsuite hostname="WKWZTPqvmdckJHX" failures="2" tests="10" name="com.qa.bens.checklist.test.Sample" time="121.617" errors="0" timestamp="2023-04-06T15:22:55 IST" skipped="0">
  <testcase classname="com.qa.bens.checklist.test.Sample" name="verifyRecommendedURL" time="7.877"/>
  <system-out/>
  <testcase classname="com.qa.bens.checklist.test.Sample" name="verifyRecommendedURL" time="8.315"/>
  <system-out/>
  <testcase classname="com.qa.bens.checklist.test.Sample" name="verifyRecommendedURL" time="22.870">
    <failure message="xpath is not presented in the page expected [true] but found [false]" type="java.lang.AssertionError">
      <![CDATA[java.lang.AssertionError: xpath is not presented in the page expected [true] but found [false]
at org.testng.Assert.fail(Assert.java:99)
at org.testng.Assert.failNotEquals(Assert.java:1037)
at org.testng.Assert.assertTrue(Assert.java:45)
at com.qa.bens.checklist.page.SampleBau.clickValueInXpath(SampleBau.java:91)
at com.qa.bens.checklist.test.Sample.verifyRecommendedURL(Sample.java:25)
at java.base/jdk.internal.reflect.DirectMethodHandleAccessor.invoke(DirectMethodHandleAccessor.java:104)
at java.base/java.lang.reflect.Method.invoke(Method.java:577)
at org.testng.internal.MethodInvocationHelper.invokeMethod(MethodInvocationHelper.java:133)
at org.testng.internal.TestInvoker.invokeMethod(TestInvoker.java:598)
at org.testng.internal.TestInvoker.invokeTestMethod(TestInvoker.java:173)
at org.testng.internal.MethodRunner.runInSequence(MethodRunner.java:46)
at org.testng.internal.TestInvoker$MethodInvocationAgent.invoke(TestInvoker.java:824)
at org.testng.internal.TestInvoker.invokeTestMethods(TestInvoker.java:146)
at org.testng.internal.TestMethodWorker.invokeTestMethods(TestMethodWorker.java:146)
at org.testng.internal.TestMethodWorker.run(TestMethodWorker.java:128)
at java.base/java.util.ArrayList.forEach(ArrayList.java:1511)
at org.testng.TestRunner.privateRun(TestRunner.java:794)
at org.testng.TestRunner.run(TestRunner.java:596)
at org.testng.SuiteRunner.runTest(SuiteRunner.java:377)
at org.testng.SuiteRunner.runSequentially(SuiteRunner.java:371)
at org.testng.SuiteRunner.privateRun(SuiteRunner.java:332)
at org.testng.SuiteRunner.run(SuiteRunner.java:276)
at org.testng.SuiteRunnerWorker.runSuite(SuiteRunnerWorker.java:53)
at org.testng.SuiteRunnerWorker.run(SuiteRunnerWorker.java:96)
at org.testng.TestNG.runSuitesSequentially(TestNG.java:1212)
at org.testng.TestNG.runSuitesLocally(TestNG.java:1134)
at org.testng.TestNG.runSuites(TestNG.java:1063)
at org.testng.TestNG.run(TestNG.java:1031)
at org.testng.remote.AbstractRemoteTestNG.run(AbstractRemoteTestNG.java:115)
at org.testng.remote.RemoteTestNG.initAndRun(RemoteTestNG.java:251)
at org.testng.remote.RemoteTestNG.main(RemoteTestNG.java:77)
]]>
    </failure>
  </testcase> <!-- verifyRecommendedURL -->
  <system-out/>
  <testcase classname="com.qa.bens.checklist.test.Sample" name="verifyRecommendedURL" time="13.444"/>
  <system-out/>
  <testcase classname="com.qa.bens.checklist.test.Sample" name="verifyRecommendedURL" time="6.388"/>
  <system-out/>
  <testcase classname="com.qa.bens.checklist.test.Sample" name="verifyRecommendedURL" time="21.658">
    <failure message="xpath is not presented in the page expected [true] but found [false]" type="java.lang.AssertionError">
      <![CDATA[java.lang.AssertionError: xpath is not presented in the page expected [true] but found [false]
at org.testng.Assert.fail(Assert.java:99)
at org.testng.Assert.failNotEquals(Assert.java:1037)
at org.testng.Assert.assertTrue(Assert.java:45)
at com.qa.bens.checklist.page.SampleBau.clickValueInXpath(SampleBau.java:91)
at com.qa.bens.checklist.test.Sample.verifyRecommendedURL(Sample.java:25)
at java.base/jdk.internal.reflect.DirectMethodHandleAccessor.invoke(DirectMethodHandleAccessor.java:104)
at java.base/java.lang.reflect.Method.invoke(Method.java:577)
at org.testng.internal.MethodInvocationHelper.invokeMethod(MethodInvocationHelper.java:133)
at org.testng.internal.TestInvoker.invokeMethod(TestInvoker.java:598)
at org.testng.internal.TestInvoker.invokeTestMethod(TestInvoker.java:173)
at org.testng.internal.MethodRunner.runInSequence(MethodRunner.java:46)
at org.testng.internal.TestInvoker$MethodInvocationAgent.invoke(TestInvoker.java:824)
at org.testng.internal.TestInvoker.invokeTestMethods(TestInvoker.java:146)
at org.testng.internal.TestMethodWorker.invokeTestMethods(TestMethodWorker.java:146)
at org.testng.internal.TestMethodWorker.run(TestMethodWorker.java:128)
at java.base/java.util.ArrayList.forEach(ArrayList.java:1511)
at org.testng.TestRunner.privateRun(TestRunner.java:794)
at org.testng.TestRunner.run(TestRunner.java:596)
at org.testng.SuiteRunner.runTest(SuiteRunner.java:377)
at org.testng.SuiteRunner.runSequentially(SuiteRunner.java:371)
at org.testng.SuiteRunner.privateRun(SuiteRunner.java:332)
at org.testng.SuiteRunner.run(SuiteRunner.java:276)
at org.testng.SuiteRunnerWorker.runSuite(SuiteRunnerWorker.java:53)
at org.testng.SuiteRunnerWorker.run(SuiteRunnerWorker.java:96)
at org.testng.TestNG.runSuitesSequentially(TestNG.java:1212)
at org.testng.TestNG.runSuitesLocally(TestNG.java:1134)
at org.testng.TestNG.runSuites(TestNG.java:1063)
at org.testng.TestNG.run(TestNG.java:1031)
at org.testng.remote.AbstractRemoteTestNG.run(AbstractRemoteTestNG.java:115)
at org.testng.remote.RemoteTestNG.initAndRun(RemoteTestNG.java:251)
at org.testng.remote.RemoteTestNG.main(RemoteTestNG.java:77)
]]>
    </failure>
  </testcase> <!-- verifyRecommendedURL -->
  <system-out/>
  <testcase classname="com.qa.bens.checklist.test.Sample" name="verifyRecommendedURL" time="10.122"/>
  <system-out/>
  <testcase classname="com.qa.bens.checklist.test.Sample" name="verifyRecommendedURL" time="7.139"/>
  <system-out/>
  <testcase classname="com.qa.bens.checklist.test.Sample" name="verifyRecommendedURL" time="13.570"/>
  <system-out/>
  <testcase classname="com.qa.bens.checklist.test.Sample" name="verifyRecommendedURL" time="10.234"/>
  <system-out/>
</testsuite> <!-- com.qa.bens.checklist.test.Sample -->
