<?xml version="1.0" encoding="UTF-8"?>
<!-- Generated by org.testng.reporters.JUnitReportReporter -->
<testsuite hostname="WKWZTPqvmdckJHX" failures="1" tests="30" name="com.qa.centrum.eng.test.CenryumSampleMultigummiesMenTest" time="572.601" errors="2" timestamp="2023-01-27T13:57:49 IST" skipped="0">
  <testcase classname="com.qa.centrum.eng.test.CenryumSampleMultigummiesMenTest" name="cookieButton" time="10.314"/>
  <system-out/>
  <testcase classname="com.qa.centrum.eng.test.CenryumSampleMultigummiesMenTest" name="verifyWriteAReviewBtn" time="12.300"/>
  <system-out/>
  <testcase classname="com.qa.centrum.eng.test.CenryumSampleMultigummiesMenTest" name="verifyBuyNowBtn" time="28.904">
    <error message="unable to click on Buy now button" type="java.lang.Exception">
      <![CDATA[java.lang.Exception: unable to click on Buy now button
at com.qa.centrum.eng.pages.CentrumMultigummiesMenPage.clickBuyNowBtn(CentrumMultigummiesMenPage.java:218)
at com.qa.centrum.eng.test.CenryumSampleMultigummiesMenTest.verifyBuyNowBtn(CenryumSampleMultigummiesMenTest.java:58)
at java.base/jdk.internal.reflect.DirectMethodHandleAccessor.invoke(DirectMethodHandleAccessor.java:104)
at java.base/java.lang.reflect.Method.invoke(Method.java:577)
at org.testng.internal.MethodInvocationHelper.invokeMethod(MethodInvocationHelper.java:133)
at org.testng.internal.TestInvoker.invokeMethod(TestInvoker.java:598)
at org.testng.internal.TestInvoker.invokeTestMethod(TestInvoker.java:173)
at org.testng.internal.MethodRunner.runInSequence(MethodRunner.java:46)
at org.testng.internal.TestInvoker$MethodInvocationAgent.invoke(TestInvoker.java:824)
at org.testng.internal.TestInvoker.invokeTestMethods(TestInvoker.java:146)
at org.testng.internal.TestMethodWorker.invokeTestMethods(TestMethodWorker.java:146)
at org.testng.internal.TestMethodWorker.run(TestMethodWorker.java:128)
at java.base/java.util.ArrayList.forEach(ArrayList.java:1511)
at org.testng.TestRunner.privateRun(TestRunner.java:794)
at org.testng.TestRunner.run(TestRunner.java:596)
at org.testng.SuiteRunner.runTest(SuiteRunner.java:377)
at org.testng.SuiteRunner.runSequentially(SuiteRunner.java:371)
at org.testng.SuiteRunner.privateRun(SuiteRunner.java:332)
at org.testng.SuiteRunner.run(SuiteRunner.java:276)
at org.testng.SuiteRunnerWorker.runSuite(SuiteRunnerWorker.java:53)
at org.testng.SuiteRunnerWorker.run(SuiteRunnerWorker.java:96)
at org.testng.TestNG.runSuitesSequentially(TestNG.java:1212)
at org.testng.TestNG.runSuitesLocally(TestNG.java:1134)
at org.testng.TestNG.runSuites(TestNG.java:1063)
at org.testng.TestNG.run(TestNG.java:1031)
at org.testng.remote.AbstractRemoteTestNG.run(AbstractRemoteTestNG.java:115)
at org.testng.remote.RemoteTestNG.initAndRun(RemoteTestNG.java:251)
at org.testng.remote.RemoteTestNG.main(RemoteTestNG.java:77)
]]>
    </error>
  </testcase> <!-- verifyBuyNowBtn -->
  <system-out/>
  <testcase classname="com.qa.centrum.eng.test.CenryumSampleMultigummiesMenTest" name="verifyGetCoupons" time="29.391">
    <failure message="expected [coupons/] but found [coupons_old/]" type="java.lang.AssertionError">
      <![CDATA[java.lang.AssertionError: expected [coupons/] but found [coupons_old/]
at org.testng.Assert.fail(Assert.java:99)
at org.testng.Assert.failNotEquals(Assert.java:1037)
at org.testng.Assert.assertEqualsImpl(Assert.java:140)
at org.testng.Assert.assertEquals(Assert.java:122)
at org.testng.Assert.assertEquals(Assert.java:629)
at org.testng.Assert.assertEquals(Assert.java:639)
at com.qa.baseClass.BaseClass.compareTwoText(BaseClass.java:752)
at com.qa.centrum.eng.test.CenryumSampleMultigummiesMenTest.verifyGetCoupons(CenryumSampleMultigummiesMenTest.java:73)
at java.base/jdk.internal.reflect.DirectMethodHandleAccessor.invoke(DirectMethodHandleAccessor.java:104)
at java.base/java.lang.reflect.Method.invoke(Method.java:577)
at org.testng.internal.MethodInvocationHelper.invokeMethod(MethodInvocationHelper.java:133)
at org.testng.internal.TestInvoker.invokeMethod(TestInvoker.java:598)
at org.testng.internal.TestInvoker.invokeTestMethod(TestInvoker.java:173)
at org.testng.internal.MethodRunner.runInSequence(MethodRunner.java:46)
at org.testng.internal.TestInvoker$MethodInvocationAgent.invoke(TestInvoker.java:824)
at org.testng.internal.TestInvoker.invokeTestMethods(TestInvoker.java:146)
at org.testng.internal.TestMethodWorker.invokeTestMethods(TestMethodWorker.java:146)
at org.testng.internal.TestMethodWorker.run(TestMethodWorker.java:128)
at java.base/java.util.ArrayList.forEach(ArrayList.java:1511)
at org.testng.TestRunner.privateRun(TestRunner.java:794)
at org.testng.TestRunner.run(TestRunner.java:596)
at org.testng.SuiteRunner.runTest(SuiteRunner.java:377)
at org.testng.SuiteRunner.runSequentially(SuiteRunner.java:371)
at org.testng.SuiteRunner.privateRun(SuiteRunner.java:332)
at org.testng.SuiteRunner.run(SuiteRunner.java:276)
at org.testng.SuiteRunnerWorker.runSuite(SuiteRunnerWorker.java:53)
at org.testng.SuiteRunnerWorker.run(SuiteRunnerWorker.java:96)
at org.testng.TestNG.runSuitesSequentially(TestNG.java:1212)
at org.testng.TestNG.runSuitesLocally(TestNG.java:1134)
at org.testng.TestNG.runSuites(TestNG.java:1063)
at org.testng.TestNG.run(TestNG.java:1031)
at org.testng.remote.AbstractRemoteTestNG.run(AbstractRemoteTestNG.java:115)
at org.testng.remote.RemoteTestNG.initAndRun(RemoteTestNG.java:251)
at org.testng.remote.RemoteTestNG.main(RemoteTestNG.java:77)
]]>
    </failure>
  </testcase> <!-- verifyGetCoupons -->
  <system-out/>
  <testcase classname="com.qa.centrum.eng.test.CenryumSampleMultigummiesMenTest" name="verifyVitaminAndMinerals" time="10.566"/>
  <system-out/>
  <testcase classname="com.qa.centrum.eng.test.CenryumSampleMultigummiesMenTest" name="verifyUsage" time="13.898"/>
  <system-out/>
  <testcase classname="com.qa.centrum.eng.test.CenryumSampleMultigummiesMenTest" name="verifyFAQ" time="8.641"/>
  <system-out/>
  <testcase classname="com.qa.centrum.eng.test.CenryumSampleMultigummiesMenTest" name="verifyProductBenefits" time="8.940"/>
  <system-out/>
  <testcase classname="com.qa.centrum.eng.test.CenryumSampleMultigummiesMenTest" name="verifyCompareTab" time="10.876"/>
  <system-out/>
  <testcase classname="com.qa.centrum.eng.test.CenryumSampleMultigummiesMenTest" name="verifyCompareButton" time="11.604"/>
  <system-out/>
  <testcase classname="com.qa.centrum.eng.test.CenryumSampleMultigummiesMenTest" name="verifyRelatedProductOne" time="25.148"/>
  <system-out/>
  <testcase classname="com.qa.centrum.eng.test.CenryumSampleMultigummiesMenTest" name="verifyRelatedProductTwo" time="17.833"/>
  <system-out/>
  <testcase classname="com.qa.centrum.eng.test.CenryumSampleMultigummiesMenTest" name="verifyRelatedProductThree" time="22.883"/>
  <system-out/>
  <testcase classname="com.qa.centrum.eng.test.CenryumSampleMultigummiesMenTest" name="verifyRelatedProductFour" time="24.757"/>
  <system-out/>
  <testcase classname="com.qa.centrum.eng.test.CenryumSampleMultigummiesMenTest" name="verifyBuyNowOne" time="12.151"/>
  <system-out/>
  <testcase classname="com.qa.centrum.eng.test.CenryumSampleMultigummiesMenTest" name="verifyBuyNowTwo" time="12.065"/>
  <system-out/>
  <testcase classname="com.qa.centrum.eng.test.CenryumSampleMultigummiesMenTest" name="verifyBuyNowThree" time="13.516"/>
  <system-out/>
  <testcase classname="com.qa.centrum.eng.test.CenryumSampleMultigummiesMenTest" name="verifyBuyNowFour" time="11.817"/>
  <system-out/>
  <testcase classname="com.qa.centrum.eng.test.CenryumSampleMultigummiesMenTest" name="verifyCompareOne" time="13.401"/>
  <system-out/>
  <testcase classname="com.qa.centrum.eng.test.CenryumSampleMultigummiesMenTest" name="verifyCompareTwo" time="11.518"/>
  <system-out/>
  <testcase classname="com.qa.centrum.eng.test.CenryumSampleMultigummiesMenTest" name="verifyCompareThree" time="16.226"/>
  <system-out/>
  <testcase classname="com.qa.centrum.eng.test.CenryumSampleMultigummiesMenTest" name="verifyCompareFour" time="13.211"/>
  <system-out/>
  <testcase classname="com.qa.centrum.eng.test.CenryumSampleMultigummiesMenTest" name="verifyBrowseOne" time="71.337"/>
  <system-out/>
  <testcase classname="com.qa.centrum.eng.test.CenryumSampleMultigummiesMenTest" name="verifyBrowseTwo" time="20.835"/>
  <system-out/>
  <testcase classname="com.qa.centrum.eng.test.CenryumSampleMultigummiesMenTest" name="verifyBrowseThree" time="16.466"/>
  <system-out/>
  <testcase classname="com.qa.centrum.eng.test.CenryumSampleMultigummiesMenTest" name="verifyBrowseFour" time="48.670"/>
  <system-out/>
  <testcase classname="com.qa.centrum.eng.test.CenryumSampleMultigummiesMenTest" name="verifyBreadcrumbOne" time="21.247">
    <error message="Preprod breadcrumb home is redirecting to live url" type="java.lang.Exception">
      <![CDATA[java.lang.Exception: Preprod breadcrumb home is redirecting to live url
at com.qa.centrum.eng.test.CenryumSampleMultigummiesMenTest.verifyBreadcrumbOne(CenryumSampleMultigummiesMenTest.java:341)
at java.base/jdk.internal.reflect.DirectMethodHandleAccessor.invoke(DirectMethodHandleAccessor.java:104)
at java.base/java.lang.reflect.Method.invoke(Method.java:577)
at org.testng.internal.MethodInvocationHelper.invokeMethod(MethodInvocationHelper.java:133)
at org.testng.internal.TestInvoker.invokeMethod(TestInvoker.java:598)
at org.testng.internal.TestInvoker.invokeTestMethod(TestInvoker.java:173)
at org.testng.internal.MethodRunner.runInSequence(MethodRunner.java:46)
at org.testng.internal.TestInvoker$MethodInvocationAgent.invoke(TestInvoker.java:824)
at org.testng.internal.TestInvoker.invokeTestMethods(TestInvoker.java:146)
at org.testng.internal.TestMethodWorker.invokeTestMethods(TestMethodWorker.java:146)
at org.testng.internal.TestMethodWorker.run(TestMethodWorker.java:128)
at java.base/java.util.ArrayList.forEach(ArrayList.java:1511)
at org.testng.TestRunner.privateRun(TestRunner.java:794)
at org.testng.TestRunner.run(TestRunner.java:596)
at org.testng.SuiteRunner.runTest(SuiteRunner.java:377)
at org.testng.SuiteRunner.runSequentially(SuiteRunner.java:371)
at org.testng.SuiteRunner.privateRun(SuiteRunner.java:332)
at org.testng.SuiteRunner.run(SuiteRunner.java:276)
at org.testng.SuiteRunnerWorker.runSuite(SuiteRunnerWorker.java:53)
at org.testng.SuiteRunnerWorker.run(SuiteRunnerWorker.java:96)
at org.testng.TestNG.runSuitesSequentially(TestNG.java:1212)
at org.testng.TestNG.runSuitesLocally(TestNG.java:1134)
at org.testng.TestNG.runSuites(TestNG.java:1063)
at org.testng.TestNG.run(TestNG.java:1031)
at org.testng.remote.AbstractRemoteTestNG.run(AbstractRemoteTestNG.java:115)
at org.testng.remote.RemoteTestNG.initAndRun(RemoteTestNG.java:251)
at org.testng.remote.RemoteTestNG.main(RemoteTestNG.java:77)
]]>
    </error>
  </testcase> <!-- verifyBreadcrumbOne -->
  <system-out/>
  <testcase classname="com.qa.centrum.eng.test.CenryumSampleMultigummiesMenTest" name="verifyBreadcrumbTwo" time="17.603"/>
  <system-out/>
  <testcase classname="com.qa.centrum.eng.test.CenryumSampleMultigummiesMenTest" name="verifyBreadcrumbThree" time="15.078"/>
  <system-out/>
  <testcase classname="com.qa.centrum.eng.test.CenryumSampleMultigummiesMenTest" name="verifyBreadcrumbFour" time="21.405"/>
  <system-out/>
</testsuite> <!-- com.qa.centrum.eng.test.CenryumSampleMultigummiesMenTest -->
