<?xml version="1.0" encoding="UTF-8"?>
<!-- Generated by org.testng.reporters.JUnitReportReporter -->
<testsuite hostname="WKWZTPqvmdckJHX" failures="2" tests="13" name="com.qa.theraflu.test.TherafluDaytimeFluReliefMaxStrengthHotLiquidPowderTest" time="167.820" errors="1" timestamp="2023-09-15T13:45:37 IST" skipped="0">
  <testcase classname="com.qa.theraflu.test.TherafluDaytimeFluReliefMaxStrengthHotLiquidPowderTest" name="cookieButton" time="10.252"/>
  <system-out/>
  <testcase classname="com.qa.theraflu.test.TherafluDaytimeFluReliefMaxStrengthHotLiquidPowderTest" name="verifyBreadcrumbOne" time="10.605"/>
  <system-out/>
  <testcase classname="com.qa.theraflu.test.TherafluDaytimeFluReliefMaxStrengthHotLiquidPowderTest" name="verifyBreadcrumbTwo" time="9.105">
    <failure message="expected [products/all/] but found [https://theraflu-com.preprod-cf65.ch.adobecqms.net/products/all/]" type="java.lang.AssertionError">
      <![CDATA[java.lang.AssertionError: expected [products/all/] but found [https://theraflu-com.preprod-cf65.ch.adobecqms.net/products/all/]
at org.testng.Assert.fail(Assert.java:99)
at org.testng.Assert.failNotEquals(Assert.java:1037)
at org.testng.Assert.assertEqualsImpl(Assert.java:140)
at org.testng.Assert.assertEquals(Assert.java:122)
at org.testng.Assert.assertEquals(Assert.java:629)
at org.testng.Assert.assertEquals(Assert.java:639)
at com.qa.baseClass.BaseClass.compareTwoText(BaseClass.java:831)
at com.qa.theraflu.test.TherafluDaytimeFluReliefMaxStrengthHotLiquidPowderTest.verifyBreadcrumbTwo(TherafluDaytimeFluReliefMaxStrengthHotLiquidPowderTest.java:64)
at java.base/jdk.internal.reflect.DirectMethodHandleAccessor.invoke(DirectMethodHandleAccessor.java:104)
at java.base/java.lang.reflect.Method.invoke(Method.java:577)
at org.testng.internal.MethodInvocationHelper.invokeMethod(MethodInvocationHelper.java:133)
at org.testng.internal.TestInvoker.invokeMethod(TestInvoker.java:598)
at org.testng.internal.TestInvoker.invokeTestMethod(TestInvoker.java:173)
at org.testng.internal.MethodRunner.runInSequence(MethodRunner.java:46)
at org.testng.internal.TestInvoker$MethodInvocationAgent.invoke(TestInvoker.java:824)
at org.testng.internal.TestInvoker.invokeTestMethods(TestInvoker.java:146)
at org.testng.internal.TestMethodWorker.invokeTestMethods(TestMethodWorker.java:146)
at org.testng.internal.TestMethodWorker.run(TestMethodWorker.java:128)
at java.base/java.util.ArrayList.forEach(ArrayList.java:1511)
at org.testng.TestRunner.privateRun(TestRunner.java:794)
at org.testng.TestRunner.run(TestRunner.java:596)
at org.testng.SuiteRunner.runTest(SuiteRunner.java:377)
at org.testng.SuiteRunner.runSequentially(SuiteRunner.java:371)
at org.testng.SuiteRunner.privateRun(SuiteRunner.java:332)
at org.testng.SuiteRunner.run(SuiteRunner.java:276)
at org.testng.SuiteRunnerWorker.runSuite(SuiteRunnerWorker.java:53)
at org.testng.SuiteRunnerWorker.run(SuiteRunnerWorker.java:96)
at org.testng.TestNG.runSuitesSequentially(TestNG.java:1212)
at org.testng.TestNG.runSuitesLocally(TestNG.java:1134)
at org.testng.TestNG.runSuites(TestNG.java:1063)
at org.testng.TestNG.run(TestNG.java:1031)
at org.testng.remote.AbstractRemoteTestNG.run(AbstractRemoteTestNG.java:115)
at org.testng.remote.RemoteTestNG.initAndRun(RemoteTestNG.java:251)
at org.testng.remote.RemoteTestNG.main(RemoteTestNG.java:77)
]]>
    </failure>
  </testcase> <!-- verifyBreadcrumbTwo -->
  <system-out/>
  <testcase classname="com.qa.theraflu.test.TherafluDaytimeFluReliefMaxStrengthHotLiquidPowderTest" name="verifyBreadcrumbThree" time="4.801">
    <failure message="expected [false] but found [true]" type="java.lang.AssertionError">
      <![CDATA[java.lang.AssertionError: expected [false] but found [true]
at org.testng.Assert.fail(Assert.java:99)
at org.testng.Assert.failNotEquals(Assert.java:1037)
at org.testng.Assert.assertFalse(Assert.java:67)
at org.testng.Assert.assertFalse(Assert.java:77)
at com.qa.theraflu.pages.TherafluDaytimeFluReliefMaxStrengthHotLiquidPowderPage.clickBreadcrumbThree(TherafluDaytimeFluReliefMaxStrengthHotLiquidPowderPage.java:220)
at com.qa.theraflu.test.TherafluDaytimeFluReliefMaxStrengthHotLiquidPowderTest.verifyBreadcrumbThree(TherafluDaytimeFluReliefMaxStrengthHotLiquidPowderTest.java:71)
at java.base/jdk.internal.reflect.DirectMethodHandleAccessor.invoke(DirectMethodHandleAccessor.java:104)
at java.base/java.lang.reflect.Method.invoke(Method.java:577)
at org.testng.internal.MethodInvocationHelper.invokeMethod(MethodInvocationHelper.java:133)
at org.testng.internal.TestInvoker.invokeMethod(TestInvoker.java:598)
at org.testng.internal.TestInvoker.invokeTestMethod(TestInvoker.java:173)
at org.testng.internal.MethodRunner.runInSequence(MethodRunner.java:46)
at org.testng.internal.TestInvoker$MethodInvocationAgent.invoke(TestInvoker.java:824)
at org.testng.internal.TestInvoker.invokeTestMethods(TestInvoker.java:146)
at org.testng.internal.TestMethodWorker.invokeTestMethods(TestMethodWorker.java:146)
at org.testng.internal.TestMethodWorker.run(TestMethodWorker.java:128)
at java.base/java.util.ArrayList.forEach(ArrayList.java:1511)
at org.testng.TestRunner.privateRun(TestRunner.java:794)
at org.testng.TestRunner.run(TestRunner.java:596)
at org.testng.SuiteRunner.runTest(SuiteRunner.java:377)
at org.testng.SuiteRunner.runSequentially(SuiteRunner.java:371)
at org.testng.SuiteRunner.privateRun(SuiteRunner.java:332)
at org.testng.SuiteRunner.run(SuiteRunner.java:276)
at org.testng.SuiteRunnerWorker.runSuite(SuiteRunnerWorker.java:53)
at org.testng.SuiteRunnerWorker.run(SuiteRunnerWorker.java:96)
at org.testng.TestNG.runSuitesSequentially(TestNG.java:1212)
at org.testng.TestNG.runSuitesLocally(TestNG.java:1134)
at org.testng.TestNG.runSuites(TestNG.java:1063)
at org.testng.TestNG.run(TestNG.java:1031)
at org.testng.remote.AbstractRemoteTestNG.run(AbstractRemoteTestNG.java:115)
at org.testng.remote.RemoteTestNG.initAndRun(RemoteTestNG.java:251)
at org.testng.remote.RemoteTestNG.main(RemoteTestNG.java:77)
]]>
    </failure>
  </testcase> <!-- verifyBreadcrumbThree -->
  <system-out/>
  <testcase classname="com.qa.theraflu.test.TherafluDaytimeFluReliefMaxStrengthHotLiquidPowderTest" name="verifyWriteReview" time="28.432">
    <error message="Expected condition failed: waiting for visibility of [[ChromeDriver: chrome on WINDOWS (bb8fd54f43306c61e5243d32ad6b4210)] -&gt; xpath: //div[@class=&#039;bv-mbox-overlay bv-hiding bv-mbox-overlay-hide&#039;]] (tried for 20 second(s) with 500 milliseconds interval)
Build info: version: &#039;3.141.59&#039;, revision: &#039;e82be7d358&#039;, time: &#039;2018-11-14T08:17:03&#039;
System info: host: &#039;WKWZTPQVMDCKJHX&#039;, ip: &#039;192.168.60.49&#039;, os.name: &#039;Windows 11&#039;, os.arch: &#039;amd64&#039;, os.version: &#039;10.0&#039;, java.version: &#039;18.0.1&#039;
Driver info: org.openqa.selenium.chrome.ChromeDriver
Capabilities {acceptInsecureCerts: false, browserName: chrome, browserVersion: 117.0.5938.62, chrome: {chromedriverVersion: 117.0.5938.62 (25a7172909a4..., userDataDir: C:\Users\sujsekar\AppData\L...}, fedcm:accounts: true, goog:chromeOptions: {debuggerAddress: localhost:64891}, javascriptEnabled: true, networkConnectionEnabled: false, pageLoadStrategy: normal, platform: WINDOWS, platformName: WINDOWS, proxy: Proxy(), setWindowRect: true, strictFileInteractability: false, timeouts: {implicit: 0, pageLoad: 300000, script: 30000}, unhandledPromptBehavior: dismiss and notify, webauthn:extension:credBlob: true, webauthn:extension:largeBlob: true, webauthn:extension:minPinLength: true, webauthn:extension:prf: true, webauthn:virtualAuthenticators: true}
Session ID: bb8fd54f43306c61e5243d32ad6b4210" type="org.openqa.selenium.TimeoutException">
      <![CDATA[org.openqa.selenium.TimeoutException: Expected condition failed: waiting for visibility of [[ChromeDriver: chrome on WINDOWS (bb8fd54f43306c61e5243d32ad6b4210)] -> xpath: //div[@class='bv-mbox-overlay bv-hiding bv-mbox-overlay-hide']] (tried for 20 second(s) with 500 milliseconds interval)
Build info: version: '3.141.59', revision: 'e82be7d358', time: '2018-11-14T08:17:03'
System info: host: 'WKWZTPQVMDCKJHX', ip: '192.168.60.49', os.name: 'Windows 11', os.arch: 'amd64', os.version: '10.0', java.version: '18.0.1'
Driver info: org.openqa.selenium.chrome.ChromeDriver
Capabilities {acceptInsecureCerts: false, browserName: chrome, browserVersion: 117.0.5938.62, chrome: {chromedriverVersion: 117.0.5938.62 (25a7172909a4..., userDataDir: C:\Users\sujsekar\AppData\L...}, fedcm:accounts: true, goog:chromeOptions: {debuggerAddress: localhost:64891}, javascriptEnabled: true, networkConnectionEnabled: false, pageLoadStrategy: normal, platform: WINDOWS, platformName: WINDOWS, proxy: Proxy(), setWindowRect: true, strictFileInteractability: false, timeouts: {implicit: 0, pageLoad: 300000, script: 30000}, unhandledPromptBehavior: dismiss and notify, webauthn:extension:credBlob: true, webauthn:extension:largeBlob: true, webauthn:extension:minPinLength: true, webauthn:extension:prf: true, webauthn:virtualAuthenticators: true}
Session ID: bb8fd54f43306c61e5243d32ad6b4210
at org.openqa.selenium.support.ui.WebDriverWait.timeoutException(WebDriverWait.java:95)
at org.openqa.selenium.support.ui.FluentWait.until(FluentWait.java:272)
at com.qa.baseClass.BaseClass.visibilityOf(BaseClass.java:814)
at com.qa.theraflu.pages.TherafluDaytimeFluReliefMaxStrengthHotLiquidPowderPage.clickWriteReview(TherafluDaytimeFluReliefMaxStrengthHotLiquidPowderPage.java:237)
at com.qa.theraflu.test.TherafluDaytimeFluReliefMaxStrengthHotLiquidPowderTest.verifyWriteReview(TherafluDaytimeFluReliefMaxStrengthHotLiquidPowderTest.java:82)
at java.base/jdk.internal.reflect.DirectMethodHandleAccessor.invoke(DirectMethodHandleAccessor.java:104)
at java.base/java.lang.reflect.Method.invoke(Method.java:577)
at org.testng.internal.MethodInvocationHelper.invokeMethod(MethodInvocationHelper.java:133)
at org.testng.internal.TestInvoker.invokeMethod(TestInvoker.java:598)
at org.testng.internal.TestInvoker.invokeTestMethod(TestInvoker.java:173)
at org.testng.internal.MethodRunner.runInSequence(MethodRunner.java:46)
at org.testng.internal.TestInvoker$MethodInvocationAgent.invoke(TestInvoker.java:824)
at org.testng.internal.TestInvoker.invokeTestMethods(TestInvoker.java:146)
at org.testng.internal.TestMethodWorker.invokeTestMethods(TestMethodWorker.java:146)
at org.testng.internal.TestMethodWorker.run(TestMethodWorker.java:128)
at java.base/java.util.ArrayList.forEach(ArrayList.java:1511)
at org.testng.TestRunner.privateRun(TestRunner.java:794)
at org.testng.TestRunner.run(TestRunner.java:596)
at org.testng.SuiteRunner.runTest(SuiteRunner.java:377)
at org.testng.SuiteRunner.runSequentially(SuiteRunner.java:371)
at org.testng.SuiteRunner.privateRun(SuiteRunner.java:332)
at org.testng.SuiteRunner.run(SuiteRunner.java:276)
at org.testng.SuiteRunnerWorker.runSuite(SuiteRunnerWorker.java:53)
at org.testng.SuiteRunnerWorker.run(SuiteRunnerWorker.java:96)
at org.testng.TestNG.runSuitesSequentially(TestNG.java:1212)
at org.testng.TestNG.runSuitesLocally(TestNG.java:1134)
at org.testng.TestNG.runSuites(TestNG.java:1063)
at org.testng.TestNG.run(TestNG.java:1031)
at org.testng.remote.AbstractRemoteTestNG.run(AbstractRemoteTestNG.java:115)
at org.testng.remote.RemoteTestNG.initAndRun(RemoteTestNG.java:251)
at org.testng.remote.RemoteTestNG.main(RemoteTestNG.java:77)
]]>
    </error>
  </testcase> <!-- verifyWriteReview -->
  <system-out/>
  <testcase classname="com.qa.theraflu.test.TherafluDaytimeFluReliefMaxStrengthHotLiquidPowderTest" name="verifyHyperLinkOne" time="12.005"/>
  <system-out/>
  <testcase classname="com.qa.theraflu.test.TherafluDaytimeFluReliefMaxStrengthHotLiquidPowderTest" name="verifyBuyNow" time="9.383"/>
  <system-out/>
  <testcase classname="com.qa.theraflu.test.TherafluDaytimeFluReliefMaxStrengthHotLiquidPowderTest" name="verifyGetCoupon" time="8.702"/>
  <system-out/>
  <testcase classname="com.qa.theraflu.test.TherafluDaytimeFluReliefMaxStrengthHotLiquidPowderTest" name="verifyImgCarousel" time="15.407"/>
  <system-out/>
  <testcase classname="com.qa.theraflu.test.TherafluDaytimeFluReliefMaxStrengthHotLiquidPowderTest" name="verifyAllAcc" time="19.919"/>
  <system-out/>
  <testcase classname="com.qa.theraflu.test.TherafluDaytimeFluReliefMaxStrengthHotLiquidPowderTest" name="verifyFeaturedProductsOne" time="7.949"/>
  <system-out/>
  <testcase classname="com.qa.theraflu.test.TherafluDaytimeFluReliefMaxStrengthHotLiquidPowderTest" name="verifyFeaturedProductsTwo" time="22.392"/>
  <system-out/>
  <testcase classname="com.qa.theraflu.test.TherafluDaytimeFluReliefMaxStrengthHotLiquidPowderTest" name="verifyFeaturedProductsThree" time="8.868"/>
  <system-out/>
</testsuite> <!-- com.qa.theraflu.test.TherafluDaytimeFluReliefMaxStrengthHotLiquidPowderTest -->
