<?xml version="1.0" encoding="UTF-8"?>
<!-- Generated by org.testng.reporters.JUnitReportReporter -->
<testsuite hostname="WKWZTPqvmdckJHX" failures="0" tests="15" name="com.qa.sensodyne.us.test.SensodyneExtraWhiteningToothpasteTest" time="270.851" errors="1" timestamp="2023-01-24T15:10:21 IST" skipped="0">
  <testcase classname="com.qa.sensodyne.us.test.SensodyneExtraWhiteningToothpasteTest" name="cookieButton" time="10.732"/>
  <system-out/>
  <testcase classname="com.qa.sensodyne.us.test.SensodyneExtraWhiteningToothpasteTest" name="verifyBuyNowOne" time="8.096">
    <error message="stale element reference: element is not attached to the page document
  (Session info: chrome=109.0.5414.75)
For documentation on this error, please visit: https://www.seleniumhq.org/exceptions/stale_element_reference.html
Build info: version: &#039;3.141.59&#039;, revision: &#039;e82be7d358&#039;, time: &#039;2018-11-14T08:17:03&#039;
System info: host: &#039;WKWZTPQVMDCKJHX&#039;, ip: &#039;192.168.95.49&#039;, os.name: &#039;Windows 11&#039;, os.arch: &#039;amd64&#039;, os.version: &#039;10.0&#039;, java.version: &#039;18.0.1&#039;
Driver info: org.openqa.selenium.chrome.ChromeDriver
Capabilities {acceptInsecureCerts: false, browserName: chrome, browserVersion: 109.0.5414.75, chrome: {chromedriverVersion: 109.0.5414.74 (e7c5703604da..., userDataDir: C:\Users\sujsekar\AppData\L...}, goog:chromeOptions: {debuggerAddress: localhost:55418}, javascriptEnabled: true, networkConnectionEnabled: false, pageLoadStrategy: normal, platform: WINDOWS, platformName: WINDOWS, proxy: Proxy(), setWindowRect: true, strictFileInteractability: false, timeouts: {implicit: 0, pageLoad: 300000, script: 30000}, unhandledPromptBehavior: dismiss and notify, webauthn:extension:credBlob: true, webauthn:extension:largeBlob: true, webauthn:virtualAuthenticators: true}
Session ID: 4522b3dc292aa3d2e564745d9671f586" type="org.openqa.selenium.StaleElementReferenceException">
      <![CDATA[org.openqa.selenium.StaleElementReferenceException: stale element reference: element is not attached to the page document
  (Session info: chrome=109.0.5414.75)
For documentation on this error, please visit: https://www.seleniumhq.org/exceptions/stale_element_reference.html
Build info: version: '3.141.59', revision: 'e82be7d358', time: '2018-11-14T08:17:03'
System info: host: 'WKWZTPQVMDCKJHX', ip: '192.168.95.49', os.name: 'Windows 11', os.arch: 'amd64', os.version: '10.0', java.version: '18.0.1'
Driver info: org.openqa.selenium.chrome.ChromeDriver
Capabilities {acceptInsecureCerts: false, browserName: chrome, browserVersion: 109.0.5414.75, chrome: {chromedriverVersion: 109.0.5414.74 (e7c5703604da..., userDataDir: C:\Users\sujsekar\AppData\L...}, goog:chromeOptions: {debuggerAddress: localhost:55418}, javascriptEnabled: true, networkConnectionEnabled: false, pageLoadStrategy: normal, platform: WINDOWS, platformName: WINDOWS, proxy: Proxy(), setWindowRect: true, strictFileInteractability: false, timeouts: {implicit: 0, pageLoad: 300000, script: 30000}, unhandledPromptBehavior: dismiss and notify, webauthn:extension:credBlob: true, webauthn:extension:largeBlob: true, webauthn:virtualAuthenticators: true}
Session ID: 4522b3dc292aa3d2e564745d9671f586
at java.base/jdk.internal.reflect.DirectConstructorHandleAccessor.newInstance(DirectConstructorHandleAccessor.java:67)
at java.base/java.lang.reflect.Constructor.newInstanceWithCaller(Constructor.java:499)
at java.base/java.lang.reflect.Constructor.newInstance(Constructor.java:483)
at org.openqa.selenium.remote.http.W3CHttpResponseCodec.createException(W3CHttpResponseCodec.java:187)
at org.openqa.selenium.remote.http.W3CHttpResponseCodec.decode(W3CHttpResponseCodec.java:122)
at org.openqa.selenium.remote.http.W3CHttpResponseCodec.decode(W3CHttpResponseCodec.java:49)
at org.openqa.selenium.remote.HttpCommandExecutor.execute(HttpCommandExecutor.java:158)
at org.openqa.selenium.remote.service.DriverCommandExecutor.execute(DriverCommandExecutor.java:83)
at org.openqa.selenium.remote.RemoteWebDriver.execute(RemoteWebDriver.java:552)
at org.openqa.selenium.remote.RemoteWebElement.execute(RemoteWebElement.java:285)
at org.openqa.selenium.remote.RemoteWebElement.isDisplayed(RemoteWebElement.java:326)
at java.base/jdk.internal.reflect.DirectMethodHandleAccessor.invoke(DirectMethodHandleAccessor.java:104)
at java.base/java.lang.reflect.Method.invoke(Method.java:577)
at org.openqa.selenium.support.pagefactory.internal.LocatingElementHandler.invoke(LocatingElementHandler.java:51)
at jdk.proxy2/jdk.proxy2.$Proxy14.isDisplayed(Unknown Source)
at org.openqa.selenium.support.ui.ExpectedConditions.elementIfVisible(ExpectedConditions.java:314)
at org.openqa.selenium.support.ui.ExpectedConditions.access$000(ExpectedConditions.java:43)
at org.openqa.selenium.support.ui.ExpectedConditions$10.apply(ExpectedConditions.java:300)
at org.openqa.selenium.support.ui.ExpectedConditions$10.apply(ExpectedConditions.java:297)
at org.openqa.selenium.support.ui.FluentWait.until(FluentWait.java:249)
at com.qa.baseClass.BaseClass.visibilityOf(BaseClass.java:735)
at com.qa.sensodyne.us.page.SensodyneExtraWhiteningToothpastePage.clickBuyNow(SensodyneExtraWhiteningToothpastePage.java:158)
at com.qa.sensodyne.us.test.SensodyneExtraWhiteningToothpasteTest.verifyBuyNowOne(SensodyneExtraWhiteningToothpasteTest.java:57)
at java.base/jdk.internal.reflect.DirectMethodHandleAccessor.invoke(DirectMethodHandleAccessor.java:104)
at java.base/java.lang.reflect.Method.invoke(Method.java:577)
at org.testng.internal.MethodInvocationHelper.invokeMethod(MethodInvocationHelper.java:133)
at org.testng.internal.TestInvoker.invokeMethod(TestInvoker.java:598)
at org.testng.internal.TestInvoker.invokeTestMethod(TestInvoker.java:173)
at org.testng.internal.MethodRunner.runInSequence(MethodRunner.java:46)
at org.testng.internal.TestInvoker$MethodInvocationAgent.invoke(TestInvoker.java:824)
at org.testng.internal.TestInvoker.invokeTestMethods(TestInvoker.java:146)
at org.testng.internal.TestMethodWorker.invokeTestMethods(TestMethodWorker.java:146)
at org.testng.internal.TestMethodWorker.run(TestMethodWorker.java:128)
at java.base/java.util.ArrayList.forEach(ArrayList.java:1511)
at org.testng.TestRunner.privateRun(TestRunner.java:794)
at org.testng.TestRunner.run(TestRunner.java:596)
at org.testng.SuiteRunner.runTest(SuiteRunner.java:377)
at org.testng.SuiteRunner.runSequentially(SuiteRunner.java:371)
at org.testng.SuiteRunner.privateRun(SuiteRunner.java:332)
at org.testng.SuiteRunner.run(SuiteRunner.java:276)
at org.testng.SuiteRunnerWorker.runSuite(SuiteRunnerWorker.java:53)
at org.testng.SuiteRunnerWorker.run(SuiteRunnerWorker.java:96)
at org.testng.TestNG.runSuitesSequentially(TestNG.java:1212)
at org.testng.TestNG.runSuitesLocally(TestNG.java:1134)
at org.testng.TestNG.runSuites(TestNG.java:1063)
at org.testng.TestNG.run(TestNG.java:1031)
at org.testng.remote.AbstractRemoteTestNG.run(AbstractRemoteTestNG.java:115)
at org.testng.remote.RemoteTestNG.initAndRun(RemoteTestNG.java:251)
at org.testng.remote.RemoteTestNG.main(RemoteTestNG.java:77)
]]>
    </error>
  </testcase> <!-- verifyBuyNowOne -->
  <system-out/>
  <testcase classname="com.qa.sensodyne.us.test.SensodyneExtraWhiteningToothpasteTest" name="verifyGetCoupon" time="20.754"/>
  <system-out/>
  <testcase classname="com.qa.sensodyne.us.test.SensodyneExtraWhiteningToothpasteTest" name="verifyIngredients" time="7.524"/>
  <system-out/>
  <testcase classname="com.qa.sensodyne.us.test.SensodyneExtraWhiteningToothpasteTest" name="verifyDirections" time="8.015"/>
  <system-out/>
  <testcase classname="com.qa.sensodyne.us.test.SensodyneExtraWhiteningToothpasteTest" name="verifyWarnings" time="7.246"/>
  <system-out/>
  <testcase classname="com.qa.sensodyne.us.test.SensodyneExtraWhiteningToothpasteTest" name="verifyYoutubeLink" time="28.424"/>
  <system-out/>
  <testcase classname="com.qa.sensodyne.us.test.SensodyneExtraWhiteningToothpasteTest" name="verifyMostPopularProductsOne" time="25.534"/>
  <system-out/>
  <testcase classname="com.qa.sensodyne.us.test.SensodyneExtraWhiteningToothpasteTest" name="verifyMostPopularProductsTwo" time="13.529"/>
  <system-out/>
  <testcase classname="com.qa.sensodyne.us.test.SensodyneExtraWhiteningToothpasteTest" name="verifyMostPopularProductsThree" time="23.029"/>
  <system-out/>
  <testcase classname="com.qa.sensodyne.us.test.SensodyneExtraWhiteningToothpasteTest" name="verifyMostPopularProductsFour" time="24.057"/>
  <system-out/>
  <testcase classname="com.qa.sensodyne.us.test.SensodyneExtraWhiteningToothpasteTest" name="verifyMostPopularProductsFive" time="33.238"/>
  <system-out/>
  <testcase classname="com.qa.sensodyne.us.test.SensodyneExtraWhiteningToothpasteTest" name="verifyGetYourCoupon" time="18.887"/>
  <system-out/>
  <testcase classname="com.qa.sensodyne.us.test.SensodyneExtraWhiteningToothpasteTest" name="verifyFindYourStore" time="19.422"/>
  <system-out/>
  <testcase classname="com.qa.sensodyne.us.test.SensodyneExtraWhiteningToothpasteTest" name="verifyBreadCrumb" time="22.364"/>
  <system-out/>
</testsuite> <!-- com.qa.sensodyne.us.test.SensodyneExtraWhiteningToothpasteTest -->
