<?xml version="1.0" encoding="UTF-8"?>
<!-- Generated by org.testng.reporters.JUnitReportReporter -->
<testsuite hostname="WKWZTPqvmdckJHX" failures="1" tests="16" name="com.qa.flonase.test.FlonaseSensimistDrugFactsTest" time="178.501" errors="0" timestamp="2023-11-02T14:31:08 IST" skipped="0">
  <testcase classname="com.qa.flonase.test.FlonaseSensimistDrugFactsTest" name="cookieButton" time="4.924"/>
  <system-out/>
  <testcase classname="com.qa.flonase.test.FlonaseSensimistDrugFactsTest" name="verifyBannerImgLinkOne" time="13.142"/>
  <system-out/>
  <testcase classname="com.qa.flonase.test.FlonaseSensimistDrugFactsTest" name="verifyBannerImgLinkTwo" time="8.834"/>
  <system-out/>
  <testcase classname="com.qa.flonase.test.FlonaseSensimistDrugFactsTest" name="verifyBannerImgLinkThree" time="8.491"/>
  <system-out/>
  <testcase classname="com.qa.flonase.test.FlonaseSensimistDrugFactsTest" name="verifyBannerImgLinkFour" time="10.963"/>
  <system-out/>
  <testcase classname="com.qa.flonase.test.FlonaseSensimistDrugFactsTest" name="verifyBannerImgLinkFive" time="12.281"/>
  <system-out/>
  <testcase classname="com.qa.flonase.test.FlonaseSensimistDrugFactsTest" name="verifyTabSection" time="8.134"/>
  <system-out/>
  <testcase classname="com.qa.flonase.test.FlonaseSensimistDrugFactsTest" name="verifyAllAboutAllergiesArticleOne" time="6.698">
    <failure message="expected [products/sensimist/] but found [https://flonase-v2-com.preprod-cf65.ch.adobecqms.net/products/sensimist/]" type="java.lang.AssertionError">
      <![CDATA[java.lang.AssertionError: expected [products/sensimist/] but found [https://flonase-v2-com.preprod-cf65.ch.adobecqms.net/products/sensimist/]
at org.testng.Assert.fail(Assert.java:99)
at org.testng.Assert.failNotEquals(Assert.java:1037)
at org.testng.Assert.assertEqualsImpl(Assert.java:140)
at org.testng.Assert.assertEquals(Assert.java:122)
at org.testng.Assert.assertEquals(Assert.java:629)
at org.testng.Assert.assertEquals(Assert.java:639)
at com.qa.baseClass.BaseClass.compareTwoText(BaseClass.java:831)
at com.qa.flonase.test.FlonaseSensimistDrugFactsTest.verifyAllAboutAllergiesArticleOne(FlonaseSensimistDrugFactsTest.java:121)
at java.base/jdk.internal.reflect.DirectMethodHandleAccessor.invoke(DirectMethodHandleAccessor.java:104)
at java.base/java.lang.reflect.Method.invoke(Method.java:577)
at org.testng.internal.MethodInvocationHelper.invokeMethod(MethodInvocationHelper.java:133)
at org.testng.internal.TestInvoker.invokeMethod(TestInvoker.java:598)
at org.testng.internal.TestInvoker.invokeTestMethod(TestInvoker.java:173)
at org.testng.internal.MethodRunner.runInSequence(MethodRunner.java:46)
at org.testng.internal.TestInvoker$MethodInvocationAgent.invoke(TestInvoker.java:824)
at org.testng.internal.TestInvoker.invokeTestMethods(TestInvoker.java:146)
at org.testng.internal.TestMethodWorker.invokeTestMethods(TestMethodWorker.java:146)
at org.testng.internal.TestMethodWorker.run(TestMethodWorker.java:128)
at java.base/java.util.ArrayList.forEach(ArrayList.java:1511)
at org.testng.TestRunner.privateRun(TestRunner.java:794)
at org.testng.TestRunner.run(TestRunner.java:596)
at org.testng.SuiteRunner.runTest(SuiteRunner.java:377)
at org.testng.SuiteRunner.runSequentially(SuiteRunner.java:371)
at org.testng.SuiteRunner.privateRun(SuiteRunner.java:332)
at org.testng.SuiteRunner.run(SuiteRunner.java:276)
at org.testng.SuiteRunnerWorker.runSuite(SuiteRunnerWorker.java:53)
at org.testng.SuiteRunnerWorker.run(SuiteRunnerWorker.java:96)
at org.testng.TestNG.runSuitesSequentially(TestNG.java:1212)
at org.testng.TestNG.runSuitesLocally(TestNG.java:1134)
at org.testng.TestNG.runSuites(TestNG.java:1063)
at org.testng.TestNG.run(TestNG.java:1031)
at org.testng.remote.AbstractRemoteTestNG.run(AbstractRemoteTestNG.java:115)
at org.testng.remote.RemoteTestNG.initAndRun(RemoteTestNG.java:251)
at org.testng.remote.RemoteTestNG.main(RemoteTestNG.java:77)
]]>
    </failure>
  </testcase> <!-- verifyAllAboutAllergiesArticleOne -->
  <system-out/>
  <testcase classname="com.qa.flonase.test.FlonaseSensimistDrugFactsTest" name="verifyAllAboutAllergiesArticleTwo" time="7.469"/>
  <system-out/>
  <testcase classname="com.qa.flonase.test.FlonaseSensimistDrugFactsTest" name="verifyAllAboutAllergiesArticleThree" time="7.721"/>
  <system-out/>
  <testcase classname="com.qa.flonase.test.FlonaseSensimistDrugFactsTest" name="verifyReliefProductsOne" time="11.369"/>
  <system-out/>
  <testcase classname="com.qa.flonase.test.FlonaseSensimistDrugFactsTest" name="verifyReliefProductsTwo" time="8.944"/>
  <system-out/>
  <testcase classname="com.qa.flonase.test.FlonaseSensimistDrugFactsTest" name="verifyReliefProductsThree" time="11.438"/>
  <system-out/>
  <testcase classname="com.qa.flonase.test.FlonaseSensimistDrugFactsTest" name="verifyReliefProductsFour" time="11.902"/>
  <system-out/>
  <testcase classname="com.qa.flonase.test.FlonaseSensimistDrugFactsTest" name="verifyReliefProductsFive" time="17.718"/>
  <system-out/>
  <testcase classname="com.qa.flonase.test.FlonaseSensimistDrugFactsTest" name="verifyReliefProductsSix" time="28.473"/>
  <system-out/>
</testsuite> <!-- com.qa.flonase.test.FlonaseSensimistDrugFactsTest -->
