<?xml version="1.0" encoding="UTF-8"?>
<!-- Generated by org.testng.reporters.JUnitReportReporter -->
<testsuite hostname="WKWZTPqvmdckJHX" failures="1" tests="30" name="com.qa.centrum.eng.test.CentrumSampleMultigummiesWomenTest" time="499.476" errors="2" timestamp="2023-01-27T15:28:34 IST" skipped="0">
  <testcase classname="com.qa.centrum.eng.test.CentrumSampleMultigummiesWomenTest" name="cookieButton" time="8.438"/>
  <system-out/>
  <testcase classname="com.qa.centrum.eng.test.CentrumSampleMultigummiesWomenTest" name="verifyWriteAReviewBtn" time="10.292"/>
  <system-out/>
  <testcase classname="com.qa.centrum.eng.test.CentrumSampleMultigummiesWomenTest" name="verifyBuyNowBtn" time="26.894">
    <error message="unable to click on Buy now button" type="java.lang.Exception">
      <![CDATA[java.lang.Exception: unable to click on Buy now button
at com.qa.centrum.eng.pages.CentrumMultigummiesWomenPage.clickBuyNowBtn(CentrumMultigummiesWomenPage.java:220)
at com.qa.centrum.eng.test.CentrumSampleMultigummiesWomenTest.verifyBuyNowBtn(CentrumSampleMultigummiesWomenTest.java:58)
at java.base/jdk.internal.reflect.DirectMethodHandleAccessor.invoke(DirectMethodHandleAccessor.java:104)
at java.base/java.lang.reflect.Method.invoke(Method.java:577)
at org.testng.internal.MethodInvocationHelper.invokeMethod(MethodInvocationHelper.java:133)
at org.testng.internal.TestInvoker.invokeMethod(TestInvoker.java:598)
at org.testng.internal.TestInvoker.invokeTestMethod(TestInvoker.java:173)
at org.testng.internal.MethodRunner.runInSequence(MethodRunner.java:46)
at org.testng.internal.TestInvoker$MethodInvocationAgent.invoke(TestInvoker.java:824)
at org.testng.internal.TestInvoker.invokeTestMethods(TestInvoker.java:146)
at org.testng.internal.TestMethodWorker.invokeTestMethods(TestMethodWorker.java:146)
at org.testng.internal.TestMethodWorker.run(TestMethodWorker.java:128)
at java.base/java.util.ArrayList.forEach(ArrayList.java:1511)
at org.testng.TestRunner.privateRun(TestRunner.java:794)
at org.testng.TestRunner.run(TestRunner.java:596)
at org.testng.SuiteRunner.runTest(SuiteRunner.java:377)
at org.testng.SuiteRunner.runSequentially(SuiteRunner.java:371)
at org.testng.SuiteRunner.privateRun(SuiteRunner.java:332)
at org.testng.SuiteRunner.run(SuiteRunner.java:276)
at org.testng.SuiteRunnerWorker.runSuite(SuiteRunnerWorker.java:53)
at org.testng.SuiteRunnerWorker.run(SuiteRunnerWorker.java:96)
at org.testng.TestNG.runSuitesSequentially(TestNG.java:1212)
at org.testng.TestNG.runSuitesLocally(TestNG.java:1134)
at org.testng.TestNG.runSuites(TestNG.java:1063)
at org.testng.TestNG.run(TestNG.java:1031)
at org.testng.remote.AbstractRemoteTestNG.run(AbstractRemoteTestNG.java:115)
at org.testng.remote.RemoteTestNG.initAndRun(RemoteTestNG.java:251)
at org.testng.remote.RemoteTestNG.main(RemoteTestNG.java:77)
]]>
    </error>
  </testcase> <!-- verifyBuyNowBtn -->
  <system-out/>
  <testcase classname="com.qa.centrum.eng.test.CentrumSampleMultigummiesWomenTest" name="verifyGetCoupons" time="11.827">
    <failure message="expected [coupons/] but found [coupons_old/]" type="java.lang.AssertionError">
      <![CDATA[java.lang.AssertionError: expected [coupons/] but found [coupons_old/]
at org.testng.Assert.fail(Assert.java:99)
at org.testng.Assert.failNotEquals(Assert.java:1037)
at org.testng.Assert.assertEqualsImpl(Assert.java:140)
at org.testng.Assert.assertEquals(Assert.java:122)
at org.testng.Assert.assertEquals(Assert.java:629)
at org.testng.Assert.assertEquals(Assert.java:639)
at com.qa.baseClass.BaseClass.compareTwoText(BaseClass.java:752)
at com.qa.centrum.eng.test.CentrumSampleMultigummiesWomenTest.verifyGetCoupons(CentrumSampleMultigummiesWomenTest.java:73)
at java.base/jdk.internal.reflect.DirectMethodHandleAccessor.invoke(DirectMethodHandleAccessor.java:104)
at java.base/java.lang.reflect.Method.invoke(Method.java:577)
at org.testng.internal.MethodInvocationHelper.invokeMethod(MethodInvocationHelper.java:133)
at org.testng.internal.TestInvoker.invokeMethod(TestInvoker.java:598)
at org.testng.internal.TestInvoker.invokeTestMethod(TestInvoker.java:173)
at org.testng.internal.MethodRunner.runInSequence(MethodRunner.java:46)
at org.testng.internal.TestInvoker$MethodInvocationAgent.invoke(TestInvoker.java:824)
at org.testng.internal.TestInvoker.invokeTestMethods(TestInvoker.java:146)
at org.testng.internal.TestMethodWorker.invokeTestMethods(TestMethodWorker.java:146)
at org.testng.internal.TestMethodWorker.run(TestMethodWorker.java:128)
at java.base/java.util.ArrayList.forEach(ArrayList.java:1511)
at org.testng.TestRunner.privateRun(TestRunner.java:794)
at org.testng.TestRunner.run(TestRunner.java:596)
at org.testng.SuiteRunner.runTest(SuiteRunner.java:377)
at org.testng.SuiteRunner.runSequentially(SuiteRunner.java:371)
at org.testng.SuiteRunner.privateRun(SuiteRunner.java:332)
at org.testng.SuiteRunner.run(SuiteRunner.java:276)
at org.testng.SuiteRunnerWorker.runSuite(SuiteRunnerWorker.java:53)
at org.testng.SuiteRunnerWorker.run(SuiteRunnerWorker.java:96)
at org.testng.TestNG.runSuitesSequentially(TestNG.java:1212)
at org.testng.TestNG.runSuitesLocally(TestNG.java:1134)
at org.testng.TestNG.runSuites(TestNG.java:1063)
at org.testng.TestNG.run(TestNG.java:1031)
at org.testng.remote.AbstractRemoteTestNG.run(AbstractRemoteTestNG.java:115)
at org.testng.remote.RemoteTestNG.initAndRun(RemoteTestNG.java:251)
at org.testng.remote.RemoteTestNG.main(RemoteTestNG.java:77)
]]>
    </failure>
  </testcase> <!-- verifyGetCoupons -->
  <system-out/>
  <testcase classname="com.qa.centrum.eng.test.CentrumSampleMultigummiesWomenTest" name="verifyVitaminAndMinerals" time="9.192"/>
  <system-out/>
  <testcase classname="com.qa.centrum.eng.test.CentrumSampleMultigummiesWomenTest" name="verifyUsage" time="8.546"/>
  <system-out/>
  <testcase classname="com.qa.centrum.eng.test.CentrumSampleMultigummiesWomenTest" name="verifyFAQ" time="7.546"/>
  <system-out/>
  <testcase classname="com.qa.centrum.eng.test.CentrumSampleMultigummiesWomenTest" name="verifyProductBenefits" time="7.290"/>
  <system-out/>
  <testcase classname="com.qa.centrum.eng.test.CentrumSampleMultigummiesWomenTest" name="verifyCompareTab" time="26.520"/>
  <system-out/>
  <testcase classname="com.qa.centrum.eng.test.CentrumSampleMultigummiesWomenTest" name="verifyCompareButton" time="13.754"/>
  <system-out/>
  <testcase classname="com.qa.centrum.eng.test.CentrumSampleMultigummiesWomenTest" name="verifyRelatedProductOne" time="22.658"/>
  <system-out/>
  <testcase classname="com.qa.centrum.eng.test.CentrumSampleMultigummiesWomenTest" name="verifyRelatedProductTwo" time="21.341"/>
  <system-out/>
  <testcase classname="com.qa.centrum.eng.test.CentrumSampleMultigummiesWomenTest" name="verifyRelatedProductThree" time="17.889"/>
  <system-out/>
  <testcase classname="com.qa.centrum.eng.test.CentrumSampleMultigummiesWomenTest" name="verifyRelatedProductFour" time="17.670"/>
  <system-out/>
  <testcase classname="com.qa.centrum.eng.test.CentrumSampleMultigummiesWomenTest" name="verifyBuyNowOne" time="11.850"/>
  <system-out/>
  <testcase classname="com.qa.centrum.eng.test.CentrumSampleMultigummiesWomenTest" name="verifyBuyNowTwo" time="20.428"/>
  <system-out/>
  <testcase classname="com.qa.centrum.eng.test.CentrumSampleMultigummiesWomenTest" name="verifyBuyNowThree" time="14.656"/>
  <system-out/>
  <testcase classname="com.qa.centrum.eng.test.CentrumSampleMultigummiesWomenTest" name="verifyBuyNowFour" time="11.826"/>
  <system-out/>
  <testcase classname="com.qa.centrum.eng.test.CentrumSampleMultigummiesWomenTest" name="verifyCompareOne" time="12.379"/>
  <system-out/>
  <testcase classname="com.qa.centrum.eng.test.CentrumSampleMultigummiesWomenTest" name="verifyCompareTwo" time="10.656"/>
  <system-out/>
  <testcase classname="com.qa.centrum.eng.test.CentrumSampleMultigummiesWomenTest" name="verifyCompareThree" time="12.697"/>
  <system-out/>
  <testcase classname="com.qa.centrum.eng.test.CentrumSampleMultigummiesWomenTest" name="verifyCompareFour" time="10.561"/>
  <system-out/>
  <testcase classname="com.qa.centrum.eng.test.CentrumSampleMultigummiesWomenTest" name="verifyBrowseOne" time="15.896"/>
  <system-out/>
  <testcase classname="com.qa.centrum.eng.test.CentrumSampleMultigummiesWomenTest" name="verifyBrowseTwo" time="15.566"/>
  <system-out/>
  <testcase classname="com.qa.centrum.eng.test.CentrumSampleMultigummiesWomenTest" name="verifyBrowseThree" time="12.923"/>
  <system-out/>
  <testcase classname="com.qa.centrum.eng.test.CentrumSampleMultigummiesWomenTest" name="verifyBrowseFour" time="72.422"/>
  <system-out/>
  <testcase classname="com.qa.centrum.eng.test.CentrumSampleMultigummiesWomenTest" name="verifyBreadcrumbOne" time="25.328">
    <error message="Preprod breadcrumb home is redirecting to live url" type="java.lang.Exception">
      <![CDATA[java.lang.Exception: Preprod breadcrumb home is redirecting to live url
at com.qa.centrum.eng.test.CentrumSampleMultigummiesWomenTest.verifyBreadcrumbOne(CentrumSampleMultigummiesWomenTest.java:339)
at java.base/jdk.internal.reflect.DirectMethodHandleAccessor.invoke(DirectMethodHandleAccessor.java:104)
at java.base/java.lang.reflect.Method.invoke(Method.java:577)
at org.testng.internal.MethodInvocationHelper.invokeMethod(MethodInvocationHelper.java:133)
at org.testng.internal.TestInvoker.invokeMethod(TestInvoker.java:598)
at org.testng.internal.TestInvoker.invokeTestMethod(TestInvoker.java:173)
at org.testng.internal.MethodRunner.runInSequence(MethodRunner.java:46)
at org.testng.internal.TestInvoker$MethodInvocationAgent.invoke(TestInvoker.java:824)
at org.testng.internal.TestInvoker.invokeTestMethods(TestInvoker.java:146)
at org.testng.internal.TestMethodWorker.invokeTestMethods(TestMethodWorker.java:146)
at org.testng.internal.TestMethodWorker.run(TestMethodWorker.java:128)
at java.base/java.util.ArrayList.forEach(ArrayList.java:1511)
at org.testng.TestRunner.privateRun(TestRunner.java:794)
at org.testng.TestRunner.run(TestRunner.java:596)
at org.testng.SuiteRunner.runTest(SuiteRunner.java:377)
at org.testng.SuiteRunner.runSequentially(SuiteRunner.java:371)
at org.testng.SuiteRunner.privateRun(SuiteRunner.java:332)
at org.testng.SuiteRunner.run(SuiteRunner.java:276)
at org.testng.SuiteRunnerWorker.runSuite(SuiteRunnerWorker.java:53)
at org.testng.SuiteRunnerWorker.run(SuiteRunnerWorker.java:96)
at org.testng.TestNG.runSuitesSequentially(TestNG.java:1212)
at org.testng.TestNG.runSuitesLocally(TestNG.java:1134)
at org.testng.TestNG.runSuites(TestNG.java:1063)
at org.testng.TestNG.run(TestNG.java:1031)
at org.testng.remote.AbstractRemoteTestNG.run(AbstractRemoteTestNG.java:115)
at org.testng.remote.RemoteTestNG.initAndRun(RemoteTestNG.java:251)
at org.testng.remote.RemoteTestNG.main(RemoteTestNG.java:77)
]]>
    </error>
  </testcase> <!-- verifyBreadcrumbOne -->
  <system-out/>
  <testcase classname="com.qa.centrum.eng.test.CentrumSampleMultigummiesWomenTest" name="verifyBreadcrumbTwo" time="13.651"/>
  <system-out/>
  <testcase classname="com.qa.centrum.eng.test.CentrumSampleMultigummiesWomenTest" name="verifyBreadcrumbThree" time="12.773"/>
  <system-out/>
  <testcase classname="com.qa.centrum.eng.test.CentrumSampleMultigummiesWomenTest" name="verifyBreadcrumbFour" time="16.007"/>
  <system-out/>
</testsuite> <!-- com.qa.centrum.eng.test.CentrumSampleMultigummiesWomenTest -->
