<?xml version="1.0" encoding="UTF-8"?>
<!-- Generated by org.testng.reporters.JUnitReportReporter -->
<testsuite hostname="WKWZTPqvmdckJHX" failures="0" tests="8" name="com.qa.rinazina.it.test.RinazinaBaseDelRaffreddoreTest" time="87.240" errors="1" timestamp="2023-02-15T13:27:00 IST" skipped="0">
  <testcase classname="com.qa.rinazina.it.test.RinazinaBaseDelRaffreddoreTest" name="cookieButton" time="12.367"/>
  <system-out/>
  <testcase classname="com.qa.rinazina.it.test.RinazinaBaseDelRaffreddoreTest" name="verifyBreadcrumbOne" time="11.462"/>
  <system-out/>
  <testcase classname="com.qa.rinazina.it.test.RinazinaBaseDelRaffreddoreTest" name="verifyBreadcrumbTwo" time="6.191"/>
  <system-out/>
  <testcase classname="com.qa.rinazina.it.test.RinazinaBaseDelRaffreddoreTest" name="verifyBreadcrumbThree" time="22.580">
    <error message="Breadcrumb Three is not presented in the page" type="java.lang.Exception">
      <![CDATA[java.lang.Exception: Breadcrumb Three is not presented in the page
at com.qa.rinazina.it.pages.RinazinaBaseDelRaffreddorePage.clickBreadcrumbThree(RinazinaBaseDelRaffreddorePage.java:92)
at com.qa.rinazina.it.test.RinazinaBaseDelRaffreddoreTest.verifyBreadcrumbThree(RinazinaBaseDelRaffreddoreTest.java:68)
at java.base/jdk.internal.reflect.DirectMethodHandleAccessor.invoke(DirectMethodHandleAccessor.java:104)
at java.base/java.lang.reflect.Method.invoke(Method.java:577)
at org.testng.internal.MethodInvocationHelper.invokeMethod(MethodInvocationHelper.java:133)
at org.testng.internal.TestInvoker.invokeMethod(TestInvoker.java:598)
at org.testng.internal.TestInvoker.invokeTestMethod(TestInvoker.java:173)
at org.testng.internal.MethodRunner.runInSequence(MethodRunner.java:46)
at org.testng.internal.TestInvoker$MethodInvocationAgent.invoke(TestInvoker.java:824)
at org.testng.internal.TestInvoker.invokeTestMethods(TestInvoker.java:146)
at org.testng.internal.TestMethodWorker.invokeTestMethods(TestMethodWorker.java:146)
at org.testng.internal.TestMethodWorker.run(TestMethodWorker.java:128)
at java.base/java.util.ArrayList.forEach(ArrayList.java:1511)
at org.testng.TestRunner.privateRun(TestRunner.java:794)
at org.testng.TestRunner.run(TestRunner.java:596)
at org.testng.SuiteRunner.runTest(SuiteRunner.java:377)
at org.testng.SuiteRunner.runSequentially(SuiteRunner.java:371)
at org.testng.SuiteRunner.privateRun(SuiteRunner.java:332)
at org.testng.SuiteRunner.run(SuiteRunner.java:276)
at org.testng.SuiteRunnerWorker.runSuite(SuiteRunnerWorker.java:53)
at org.testng.SuiteRunnerWorker.run(SuiteRunnerWorker.java:96)
at org.testng.TestNG.runSuitesSequentially(TestNG.java:1212)
at org.testng.TestNG.runSuitesLocally(TestNG.java:1134)
at org.testng.TestNG.runSuites(TestNG.java:1063)
at org.testng.TestNG.run(TestNG.java:1031)
at org.testng.remote.AbstractRemoteTestNG.run(AbstractRemoteTestNG.java:115)
at org.testng.remote.RemoteTestNG.initAndRun(RemoteTestNG.java:251)
at org.testng.remote.RemoteTestNG.main(RemoteTestNG.java:77)
]]>
    </error>
  </testcase> <!-- verifyBreadcrumbThree -->
  <system-out/>
  <testcase classname="com.qa.rinazina.it.test.RinazinaBaseDelRaffreddoreTest" name="verifyArticleOne" time="7.762"/>
  <system-out/>
  <testcase classname="com.qa.rinazina.it.test.RinazinaBaseDelRaffreddoreTest" name="verifyArticleTwo" time="7.612"/>
  <system-out/>
  <testcase classname="com.qa.rinazina.it.test.RinazinaBaseDelRaffreddoreTest" name="verifyArticleThree" time="7.868"/>
  <system-out/>
  <testcase classname="com.qa.rinazina.it.test.RinazinaBaseDelRaffreddoreTest" name="verifyArticleFour" time="11.398"/>
  <system-out/>
</testsuite> <!-- com.qa.rinazina.it.test.RinazinaBaseDelRaffreddoreTest -->
