<?xml version="1.0" encoding="UTF-8"?>
<!-- Generated by org.testng.reporters.JUnitReportReporter -->
<testsuite hostname="WKWZTPqvmdckJHX" failures="3" tests="9" name="com.qa.sensodyne.us.test.SensodyneMyTeethHurtPainRemediesTest" time="139.941" errors="0" timestamp="2023-01-24T18:10:03 IST" skipped="0">
  <testcase classname="com.qa.sensodyne.us.test.SensodyneMyTeethHurtPainRemediesTest" name="cookieButton" time="7.500"/>
  <system-out/>
  <testcase classname="com.qa.sensodyne.us.test.SensodyneMyTeethHurtPainRemediesTest" name="verifyBackToTheArticleList" time="34.639"/>
  <system-out/>
  <testcase classname="com.qa.sensodyne.us.test.SensodyneMyTeethHurtPainRemediesTest" name="verifyNancyAhnLink" time="15.262">
    <failure message="expected [https://www.linkedin.com/authwall?trk=gf&amp;trkInfo=AQFo7SSscgU4VwAAAYXjyahQoNnA2HR5izlfY3MdcYJJ9q9gizpH5oo4Bc4_3ghJfn7ygJKIV2W_QM-7MCT4LmiA22RIC55JaNVZTkHxRl5ozu2oLjnIbZVOHEXWVW4l1HYvp3I=&amp;original_referer=https://www.sensodyne.com/&amp;sessionRedirect=https%3A%2F%2Fwww.linkedin.com%2Fin%2Fnancy-ahn-515851159%2F%3Ftrk%3Dpub-pbmap] but found [https://www.linkedin.com/in/nancy-ahn-515851159/?trk=pub-pbmap&amp;original_referer=https%3A%2F%2Fsensodyne-com-v2.preprod-cf65.ch.adobecqms.net%2F]" type="java.lang.AssertionError">
      <![CDATA[java.lang.AssertionError: expected [https://www.linkedin.com/authwall?trk=gf&trkInfo=AQFo7SSscgU4VwAAAYXjyahQoNnA2HR5izlfY3MdcYJJ9q9gizpH5oo4Bc4_3ghJfn7ygJKIV2W_QM-7MCT4LmiA22RIC55JaNVZTkHxRl5ozu2oLjnIbZVOHEXWVW4l1HYvp3I=&original_referer=https://www.sensodyne.com/&sessionRedirect=https%3A%2F%2Fwww.linkedin.com%2Fin%2Fnancy-ahn-515851159%2F%3Ftrk%3Dpub-pbmap] but found [https://www.linkedin.com/in/nancy-ahn-515851159/?trk=pub-pbmap&original_referer=https%3A%2F%2Fsensodyne-com-v2.preprod-cf65.ch.adobecqms.net%2F]
at org.testng.Assert.fail(Assert.java:99)
at org.testng.Assert.failNotEquals(Assert.java:1037)
at org.testng.Assert.assertEqualsImpl(Assert.java:140)
at org.testng.Assert.assertEquals(Assert.java:122)
at org.testng.Assert.assertEquals(Assert.java:629)
at org.testng.Assert.assertEquals(Assert.java:639)
at com.qa.baseClass.BaseClass.compareTwoText(BaseClass.java:752)
at com.qa.sensodyne.us.test.SensodyneMyTeethHurtPainRemediesTest.verifyNancyAhnLink(SensodyneMyTeethHurtPainRemediesTest.java:67)
at java.base/jdk.internal.reflect.DirectMethodHandleAccessor.invoke(DirectMethodHandleAccessor.java:104)
at java.base/java.lang.reflect.Method.invoke(Method.java:577)
at org.testng.internal.MethodInvocationHelper.invokeMethod(MethodInvocationHelper.java:133)
at org.testng.internal.TestInvoker.invokeMethod(TestInvoker.java:598)
at org.testng.internal.TestInvoker.invokeTestMethod(TestInvoker.java:173)
at org.testng.internal.MethodRunner.runInSequence(MethodRunner.java:46)
at org.testng.internal.TestInvoker$MethodInvocationAgent.invoke(TestInvoker.java:824)
at org.testng.internal.TestInvoker.invokeTestMethods(TestInvoker.java:146)
at org.testng.internal.TestMethodWorker.invokeTestMethods(TestMethodWorker.java:146)
at org.testng.internal.TestMethodWorker.run(TestMethodWorker.java:128)
at java.base/java.util.ArrayList.forEach(ArrayList.java:1511)
at org.testng.TestRunner.privateRun(TestRunner.java:794)
at org.testng.TestRunner.run(TestRunner.java:596)
at org.testng.SuiteRunner.runTest(SuiteRunner.java:377)
at org.testng.SuiteRunner.runSequentially(SuiteRunner.java:371)
at org.testng.SuiteRunner.privateRun(SuiteRunner.java:332)
at org.testng.SuiteRunner.run(SuiteRunner.java:276)
at org.testng.SuiteRunnerWorker.runSuite(SuiteRunnerWorker.java:53)
at org.testng.SuiteRunnerWorker.run(SuiteRunnerWorker.java:96)
at org.testng.TestNG.runSuitesSequentially(TestNG.java:1212)
at org.testng.TestNG.runSuitesLocally(TestNG.java:1134)
at org.testng.TestNG.runSuites(TestNG.java:1063)
at org.testng.TestNG.run(TestNG.java:1031)
at org.testng.remote.AbstractRemoteTestNG.run(AbstractRemoteTestNG.java:115)
at org.testng.remote.RemoteTestNG.initAndRun(RemoteTestNG.java:251)
at org.testng.remote.RemoteTestNG.main(RemoteTestNG.java:77)
]]>
    </failure>
  </testcase> <!-- verifyNancyAhnLink -->
  <system-out/>
  <testcase classname="com.qa.sensodyne.us.test.SensodyneMyTeethHurtPainRemediesTest" name="verifySensodyneRapidReleif" time="24.896">
    <failure message="expected [products/sensodyne-rapid-relief-mint-toothpaste/] but found [https://www.sensodyne.com/en-us/products/sensodyne-rapid-relief-mint-toothpaste/]" type="java.lang.AssertionError">
      <![CDATA[java.lang.AssertionError: expected [products/sensodyne-rapid-relief-mint-toothpaste/] but found [https://www.sensodyne.com/en-us/products/sensodyne-rapid-relief-mint-toothpaste/]
at org.testng.Assert.fail(Assert.java:99)
at org.testng.Assert.failNotEquals(Assert.java:1037)
at org.testng.Assert.assertEqualsImpl(Assert.java:140)
at org.testng.Assert.assertEquals(Assert.java:122)
at org.testng.Assert.assertEquals(Assert.java:629)
at org.testng.Assert.assertEquals(Assert.java:639)
at com.qa.baseClass.BaseClass.compareTwoText(BaseClass.java:752)
at com.qa.sensodyne.us.test.SensodyneMyTeethHurtPainRemediesTest.verifySensodyneRapidReleif(SensodyneMyTeethHurtPainRemediesTest.java:79)
at java.base/jdk.internal.reflect.DirectMethodHandleAccessor.invoke(DirectMethodHandleAccessor.java:104)
at java.base/java.lang.reflect.Method.invoke(Method.java:577)
at org.testng.internal.MethodInvocationHelper.invokeMethod(MethodInvocationHelper.java:133)
at org.testng.internal.TestInvoker.invokeMethod(TestInvoker.java:598)
at org.testng.internal.TestInvoker.invokeTestMethod(TestInvoker.java:173)
at org.testng.internal.MethodRunner.runInSequence(MethodRunner.java:46)
at org.testng.internal.TestInvoker$MethodInvocationAgent.invoke(TestInvoker.java:824)
at org.testng.internal.TestInvoker.invokeTestMethods(TestInvoker.java:146)
at org.testng.internal.TestMethodWorker.invokeTestMethods(TestMethodWorker.java:146)
at org.testng.internal.TestMethodWorker.run(TestMethodWorker.java:128)
at java.base/java.util.ArrayList.forEach(ArrayList.java:1511)
at org.testng.TestRunner.privateRun(TestRunner.java:794)
at org.testng.TestRunner.run(TestRunner.java:596)
at org.testng.SuiteRunner.runTest(SuiteRunner.java:377)
at org.testng.SuiteRunner.runSequentially(SuiteRunner.java:371)
at org.testng.SuiteRunner.privateRun(SuiteRunner.java:332)
at org.testng.SuiteRunner.run(SuiteRunner.java:276)
at org.testng.SuiteRunnerWorker.runSuite(SuiteRunnerWorker.java:53)
at org.testng.SuiteRunnerWorker.run(SuiteRunnerWorker.java:96)
at org.testng.TestNG.runSuitesSequentially(TestNG.java:1212)
at org.testng.TestNG.runSuitesLocally(TestNG.java:1134)
at org.testng.TestNG.runSuites(TestNG.java:1063)
at org.testng.TestNG.run(TestNG.java:1031)
at org.testng.remote.AbstractRemoteTestNG.run(AbstractRemoteTestNG.java:115)
at org.testng.remote.RemoteTestNG.initAndRun(RemoteTestNG.java:251)
at org.testng.remote.RemoteTestNG.main(RemoteTestNG.java:77)
]]>
    </failure>
  </testcase> <!-- verifySensodyneRapidReleif -->
  <system-out/>
  <testcase classname="com.qa.sensodyne.us.test.SensodyneMyTeethHurtPainRemediesTest" name="verifyKevinCastleberry" time="8.996">
    <failure message="expected [https://www.linkedin.com/authwall?trk=gf&amp;trkInfo=AQEk0I3SF5_27QAAAYXjyik4ttMhIHa4QM9BjnTEQ3zsTVW6Lmk2vFgAuE4B8A12OlNd-znbwC2on2Mj2e0J1eRnZzblJNglkBnt-Ozf61cZKvk_yrQhwIso4uEWBESaHJ03Ma4=&amp;original_referer=https://www.sensodyne.com/&amp;sessionRedirect=https%3A%2F%2Fwww.linkedin.com%2Fin%2Fkevin-d-castleberry-dds-5990aa164%2F] but found [https://www.linkedin.com/authwall?trk=gf&amp;trkInfo=AQFtZlyPbY2csgAAAYXjyiFoXTWZPU2PYDhgz_zLr5Uqb80qYdtDWlNPNIVA0G61Q0hS93MhxlygGOAw0zCB4wTkR2ToDLfRJdy6UyTBpz9ED4Mi8myXQa-7X-eV2gKRsTW9LH8=&amp;original_referer=https://sensodyne-com-v2.preprod-cf65.ch.adobecqms.net/&amp;sessionRedirect=https%3A%2F%2Fwww.linkedin.com%2Fin%2Fkevin-d-castleberry-dds-5990aa164%2F]" type="java.lang.AssertionError">
      <![CDATA[java.lang.AssertionError: expected [https://www.linkedin.com/authwall?trk=gf&trkInfo=AQEk0I3SF5_27QAAAYXjyik4ttMhIHa4QM9BjnTEQ3zsTVW6Lmk2vFgAuE4B8A12OlNd-znbwC2on2Mj2e0J1eRnZzblJNglkBnt-Ozf61cZKvk_yrQhwIso4uEWBESaHJ03Ma4=&original_referer=https://www.sensodyne.com/&sessionRedirect=https%3A%2F%2Fwww.linkedin.com%2Fin%2Fkevin-d-castleberry-dds-5990aa164%2F] but found [https://www.linkedin.com/authwall?trk=gf&trkInfo=AQFtZlyPbY2csgAAAYXjyiFoXTWZPU2PYDhgz_zLr5Uqb80qYdtDWlNPNIVA0G61Q0hS93MhxlygGOAw0zCB4wTkR2ToDLfRJdy6UyTBpz9ED4Mi8myXQa-7X-eV2gKRsTW9LH8=&original_referer=https://sensodyne-com-v2.preprod-cf65.ch.adobecqms.net/&sessionRedirect=https%3A%2F%2Fwww.linkedin.com%2Fin%2Fkevin-d-castleberry-dds-5990aa164%2F]
at org.testng.Assert.fail(Assert.java:99)
at org.testng.Assert.failNotEquals(Assert.java:1037)
at org.testng.Assert.assertEqualsImpl(Assert.java:140)
at org.testng.Assert.assertEquals(Assert.java:122)
at org.testng.Assert.assertEquals(Assert.java:629)
at org.testng.Assert.assertEquals(Assert.java:639)
at com.qa.baseClass.BaseClass.compareTwoText(BaseClass.java:752)
at com.qa.sensodyne.us.test.SensodyneMyTeethHurtPainRemediesTest.verifyKevinCastleberry(SensodyneMyTeethHurtPainRemediesTest.java:92)
at java.base/jdk.internal.reflect.DirectMethodHandleAccessor.invoke(DirectMethodHandleAccessor.java:104)
at java.base/java.lang.reflect.Method.invoke(Method.java:577)
at org.testng.internal.MethodInvocationHelper.invokeMethod(MethodInvocationHelper.java:133)
at org.testng.internal.TestInvoker.invokeMethod(TestInvoker.java:598)
at org.testng.internal.TestInvoker.invokeTestMethod(TestInvoker.java:173)
at org.testng.internal.MethodRunner.runInSequence(MethodRunner.java:46)
at org.testng.internal.TestInvoker$MethodInvocationAgent.invoke(TestInvoker.java:824)
at org.testng.internal.TestInvoker.invokeTestMethods(TestInvoker.java:146)
at org.testng.internal.TestMethodWorker.invokeTestMethods(TestMethodWorker.java:146)
at org.testng.internal.TestMethodWorker.run(TestMethodWorker.java:128)
at java.base/java.util.ArrayList.forEach(ArrayList.java:1511)
at org.testng.TestRunner.privateRun(TestRunner.java:794)
at org.testng.TestRunner.run(TestRunner.java:596)
at org.testng.SuiteRunner.runTest(SuiteRunner.java:377)
at org.testng.SuiteRunner.runSequentially(SuiteRunner.java:371)
at org.testng.SuiteRunner.privateRun(SuiteRunner.java:332)
at org.testng.SuiteRunner.run(SuiteRunner.java:276)
at org.testng.SuiteRunnerWorker.runSuite(SuiteRunnerWorker.java:53)
at org.testng.SuiteRunnerWorker.run(SuiteRunnerWorker.java:96)
at org.testng.TestNG.runSuitesSequentially(TestNG.java:1212)
at org.testng.TestNG.runSuitesLocally(TestNG.java:1134)
at org.testng.TestNG.runSuites(TestNG.java:1063)
at org.testng.TestNG.run(TestNG.java:1031)
at org.testng.remote.AbstractRemoteTestNG.run(AbstractRemoteTestNG.java:115)
at org.testng.remote.RemoteTestNG.initAndRun(RemoteTestNG.java:251)
at org.testng.remote.RemoteTestNG.main(RemoteTestNG.java:77)
]]>
    </failure>
  </testcase> <!-- verifyKevinCastleberry -->
  <system-out/>
  <testcase classname="com.qa.sensodyne.us.test.SensodyneMyTeethHurtPainRemediesTest" name="verifyRelatedArticleOne" time="12.201"/>
  <system-out/>
  <testcase classname="com.qa.sensodyne.us.test.SensodyneMyTeethHurtPainRemediesTest" name="verifyRelatedArticleTwo" time="13.172"/>
  <system-out/>
  <testcase classname="com.qa.sensodyne.us.test.SensodyneMyTeethHurtPainRemediesTest" name="verifyRelatedArticleThree" time="11.525"/>
  <system-out/>
  <testcase classname="com.qa.sensodyne.us.test.SensodyneMyTeethHurtPainRemediesTest" name="verifyRelatedArticleFour" time="11.750"/>
  <system-out/>
</testsuite> <!-- com.qa.sensodyne.us.test.SensodyneMyTeethHurtPainRemediesTest -->
