<?xml version="1.0" encoding="UTF-8"?>
<!-- Generated by org.testng.reporters.JUnitReportReporter -->
<testsuite hostname="WKWZTPqvmdckJHX" failures="1" tests="17" name="com.qa.theraflu.test.TherafluSecretsToStayHealthyColdAndFluSeasonTest" time="156.944" errors="1" timestamp="2023-09-11T10:36:22 IST" skipped="0">
  <testcase classname="com.qa.theraflu.test.TherafluSecretsToStayHealthyColdAndFluSeasonTest" name="cookieButton" time="5.127"/>
  <system-out/>
  <testcase classname="com.qa.theraflu.test.TherafluSecretsToStayHealthyColdAndFluSeasonTest" name="verifyBreadcrumbOne" time="8.130"/>
  <system-out/>
  <testcase classname="com.qa.theraflu.test.TherafluSecretsToStayHealthyColdAndFluSeasonTest" name="verifyBreadcrumbTwo" time="7.803"/>
  <system-out/>
  <testcase classname="com.qa.theraflu.test.TherafluSecretsToStayHealthyColdAndFluSeasonTest" name="verifyBreadcrumbThree" time="6.486"/>
  <system-out/>
  <testcase classname="com.qa.theraflu.test.TherafluSecretsToStayHealthyColdAndFluSeasonTest" name="verifyBannerImgLinkOne" time="7.919"/>
  <system-out/>
  <testcase classname="com.qa.theraflu.test.TherafluSecretsToStayHealthyColdAndFluSeasonTest" name="verifyHyperLinkOne" time="8.521"/>
  <system-out/>
  <testcase classname="com.qa.theraflu.test.TherafluSecretsToStayHealthyColdAndFluSeasonTest" name="verifyHyperLinkTwo" time="28.430">
    <error message="hyperLinkTwo is not presented in the page" type="java.lang.Exception">
      <![CDATA[java.lang.Exception: hyperLinkTwo is not presented in the page
at com.qa.theraflu.pages.TherafluSecretsToStayHealthyColdAndFluSeasonPage.clickHyperLinkTwo(TherafluSecretsToStayHealthyColdAndFluSeasonPage.java:186)
at com.qa.theraflu.test.TherafluSecretsToStayHealthyColdAndFluSeasonTest.verifyHyperLinkTwo(TherafluSecretsToStayHealthyColdAndFluSeasonTest.java:109)
at java.base/jdk.internal.reflect.DirectMethodHandleAccessor.invoke(DirectMethodHandleAccessor.java:104)
at java.base/java.lang.reflect.Method.invoke(Method.java:577)
at org.testng.internal.MethodInvocationHelper.invokeMethod(MethodInvocationHelper.java:133)
at org.testng.internal.TestInvoker.invokeMethod(TestInvoker.java:598)
at org.testng.internal.TestInvoker.invokeTestMethod(TestInvoker.java:173)
at org.testng.internal.MethodRunner.runInSequence(MethodRunner.java:46)
at org.testng.internal.TestInvoker$MethodInvocationAgent.invoke(TestInvoker.java:824)
at org.testng.internal.TestInvoker.invokeTestMethods(TestInvoker.java:146)
at org.testng.internal.TestMethodWorker.invokeTestMethods(TestMethodWorker.java:146)
at org.testng.internal.TestMethodWorker.run(TestMethodWorker.java:128)
at java.base/java.util.ArrayList.forEach(ArrayList.java:1511)
at org.testng.TestRunner.privateRun(TestRunner.java:794)
at org.testng.TestRunner.run(TestRunner.java:596)
at org.testng.SuiteRunner.runTest(SuiteRunner.java:377)
at org.testng.SuiteRunner.runSequentially(SuiteRunner.java:371)
at org.testng.SuiteRunner.privateRun(SuiteRunner.java:332)
at org.testng.SuiteRunner.run(SuiteRunner.java:276)
at org.testng.SuiteRunnerWorker.runSuite(SuiteRunnerWorker.java:53)
at org.testng.SuiteRunnerWorker.run(SuiteRunnerWorker.java:96)
at org.testng.TestNG.runSuitesSequentially(TestNG.java:1212)
at org.testng.TestNG.runSuitesLocally(TestNG.java:1134)
at org.testng.TestNG.runSuites(TestNG.java:1063)
at org.testng.TestNG.run(TestNG.java:1031)
at org.testng.remote.AbstractRemoteTestNG.run(AbstractRemoteTestNG.java:115)
at org.testng.remote.RemoteTestNG.initAndRun(RemoteTestNG.java:251)
at org.testng.remote.RemoteTestNG.main(RemoteTestNG.java:77)
]]>
    </error>
  </testcase> <!-- verifyHyperLinkTwo -->
  <system-out/>
  <testcase classname="com.qa.theraflu.test.TherafluSecretsToStayHealthyColdAndFluSeasonTest" name="verifyHyperLinkSeven" time="6.476"/>
  <system-out/>
  <testcase classname="com.qa.theraflu.test.TherafluSecretsToStayHealthyColdAndFluSeasonTest" name="verifyHyperLinkSix" time="6.002"/>
  <system-out/>
  <testcase classname="com.qa.theraflu.test.TherafluSecretsToStayHealthyColdAndFluSeasonTest" name="verifyHyperLinkFive" time="6.477"/>
  <system-out/>
  <testcase classname="com.qa.theraflu.test.TherafluSecretsToStayHealthyColdAndFluSeasonTest" name="verifyHyperLinkThree" time="6.788"/>
  <system-out/>
  <testcase classname="com.qa.theraflu.test.TherafluSecretsToStayHealthyColdAndFluSeasonTest" name="verifyHyperLinkFour" time="8.791"/>
  <system-out/>
  <testcase classname="com.qa.theraflu.test.TherafluSecretsToStayHealthyColdAndFluSeasonTest" name="verifyReferences" time="7.216"/>
  <system-out/>
  <testcase classname="com.qa.theraflu.test.TherafluSecretsToStayHealthyColdAndFluSeasonTest" name="verifyRecommendedArticlesOne" time="9.330">
    <failure message="expected [prevention/how-to-wash-your-hands] but found [https://www.theraflu.com/prevention/how-to-wash-your-hands]" type="java.lang.AssertionError">
      <![CDATA[java.lang.AssertionError: expected [prevention/how-to-wash-your-hands] but found [https://www.theraflu.com/prevention/how-to-wash-your-hands]
at org.testng.Assert.fail(Assert.java:99)
at org.testng.Assert.failNotEquals(Assert.java:1037)
at org.testng.Assert.assertEqualsImpl(Assert.java:140)
at org.testng.Assert.assertEquals(Assert.java:122)
at org.testng.Assert.assertEquals(Assert.java:629)
at org.testng.Assert.assertEquals(Assert.java:639)
at com.qa.baseClass.BaseClass.compareTwoText(BaseClass.java:831)
at com.qa.theraflu.test.TherafluSecretsToStayHealthyColdAndFluSeasonTest.verifyRecommendedArticlesOne(TherafluSecretsToStayHealthyColdAndFluSeasonTest.java:195)
at java.base/jdk.internal.reflect.DirectMethodHandleAccessor.invoke(DirectMethodHandleAccessor.java:104)
at java.base/java.lang.reflect.Method.invoke(Method.java:577)
at org.testng.internal.MethodInvocationHelper.invokeMethod(MethodInvocationHelper.java:133)
at org.testng.internal.TestInvoker.invokeMethod(TestInvoker.java:598)
at org.testng.internal.TestInvoker.invokeTestMethod(TestInvoker.java:173)
at org.testng.internal.MethodRunner.runInSequence(MethodRunner.java:46)
at org.testng.internal.TestInvoker$MethodInvocationAgent.invoke(TestInvoker.java:824)
at org.testng.internal.TestInvoker.invokeTestMethods(TestInvoker.java:146)
at org.testng.internal.TestMethodWorker.invokeTestMethods(TestMethodWorker.java:146)
at org.testng.internal.TestMethodWorker.run(TestMethodWorker.java:128)
at java.base/java.util.ArrayList.forEach(ArrayList.java:1511)
at org.testng.TestRunner.privateRun(TestRunner.java:794)
at org.testng.TestRunner.run(TestRunner.java:596)
at org.testng.SuiteRunner.runTest(SuiteRunner.java:377)
at org.testng.SuiteRunner.runSequentially(SuiteRunner.java:371)
at org.testng.SuiteRunner.privateRun(SuiteRunner.java:332)
at org.testng.SuiteRunner.run(SuiteRunner.java:276)
at org.testng.SuiteRunnerWorker.runSuite(SuiteRunnerWorker.java:53)
at org.testng.SuiteRunnerWorker.run(SuiteRunnerWorker.java:96)
at org.testng.TestNG.runSuitesSequentially(TestNG.java:1212)
at org.testng.TestNG.runSuitesLocally(TestNG.java:1134)
at org.testng.TestNG.runSuites(TestNG.java:1063)
at org.testng.TestNG.run(TestNG.java:1031)
at org.testng.remote.AbstractRemoteTestNG.run(AbstractRemoteTestNG.java:115)
at org.testng.remote.RemoteTestNG.initAndRun(RemoteTestNG.java:251)
at org.testng.remote.RemoteTestNG.main(RemoteTestNG.java:77)
]]>
    </failure>
  </testcase> <!-- verifyRecommendedArticlesOne -->
  <system-out/>
  <testcase classname="com.qa.theraflu.test.TherafluSecretsToStayHealthyColdAndFluSeasonTest" name="verifyRecommendedArticlesTwo" time="13.831"/>
  <system-out/>
  <testcase classname="com.qa.theraflu.test.TherafluSecretsToStayHealthyColdAndFluSeasonTest" name="verifyRecommendedArticlesThree" time="10.125"/>
  <system-out/>
  <testcase classname="com.qa.theraflu.test.TherafluSecretsToStayHealthyColdAndFluSeasonTest" name="verifyRecommendedArticlesFour" time="9.492"/>
  <system-out/>
</testsuite> <!-- com.qa.theraflu.test.TherafluSecretsToStayHealthyColdAndFluSeasonTest -->
