<?xml version="1.0" encoding="UTF-8"?>
<!-- Generated by org.testng.reporters.JUnitReportReporter -->
<testsuite hostname="WKWZTPqvmdckJHX" failures="0" tests="31" name="com.qa.centrum.eng.test.CentrumSampleSilverWomen50PlusTest" time="533.328" errors="3" timestamp="2023-01-27T14:33:37 IST" skipped="0">
  <testcase classname="com.qa.centrum.eng.test.CentrumSampleSilverWomen50PlusTest" name="cookieButton" time="7.887"/>
  <system-out/>
  <testcase classname="com.qa.centrum.eng.test.CentrumSampleSilverWomen50PlusTest" name="verifyWriteAReviewBtn" time="12.988"/>
  <system-out/>
  <testcase classname="com.qa.centrum.eng.test.CentrumSampleSilverWomen50PlusTest" name="verifyBuyNowBtn" time="27.034">
    <error message="unable to click on Buy now button" type="java.lang.Exception">
      <![CDATA[java.lang.Exception: unable to click on Buy now button
at com.qa.centrum.eng.pages.CentrumSilverWomen50PlusPage.clickBuyNowBtn(CentrumSilverWomen50PlusPage.java:228)
at com.qa.centrum.eng.test.CentrumSampleSilverWomen50PlusTest.verifyBuyNowBtn(CentrumSampleSilverWomen50PlusTest.java:59)
at java.base/jdk.internal.reflect.DirectMethodHandleAccessor.invoke(DirectMethodHandleAccessor.java:104)
at java.base/java.lang.reflect.Method.invoke(Method.java:577)
at org.testng.internal.MethodInvocationHelper.invokeMethod(MethodInvocationHelper.java:133)
at org.testng.internal.TestInvoker.invokeMethod(TestInvoker.java:598)
at org.testng.internal.TestInvoker.invokeTestMethod(TestInvoker.java:173)
at org.testng.internal.MethodRunner.runInSequence(MethodRunner.java:46)
at org.testng.internal.TestInvoker$MethodInvocationAgent.invoke(TestInvoker.java:824)
at org.testng.internal.TestInvoker.invokeTestMethods(TestInvoker.java:146)
at org.testng.internal.TestMethodWorker.invokeTestMethods(TestMethodWorker.java:146)
at org.testng.internal.TestMethodWorker.run(TestMethodWorker.java:128)
at java.base/java.util.ArrayList.forEach(ArrayList.java:1511)
at org.testng.TestRunner.privateRun(TestRunner.java:794)
at org.testng.TestRunner.run(TestRunner.java:596)
at org.testng.SuiteRunner.runTest(SuiteRunner.java:377)
at org.testng.SuiteRunner.runSequentially(SuiteRunner.java:371)
at org.testng.SuiteRunner.privateRun(SuiteRunner.java:332)
at org.testng.SuiteRunner.run(SuiteRunner.java:276)
at org.testng.SuiteRunnerWorker.runSuite(SuiteRunnerWorker.java:53)
at org.testng.SuiteRunnerWorker.run(SuiteRunnerWorker.java:96)
at org.testng.TestNG.runSuitesSequentially(TestNG.java:1212)
at org.testng.TestNG.runSuitesLocally(TestNG.java:1134)
at org.testng.TestNG.runSuites(TestNG.java:1063)
at org.testng.TestNG.run(TestNG.java:1031)
at org.testng.remote.AbstractRemoteTestNG.run(AbstractRemoteTestNG.java:115)
at org.testng.remote.RemoteTestNG.initAndRun(RemoteTestNG.java:251)
at org.testng.remote.RemoteTestNG.main(RemoteTestNG.java:77)
]]>
    </error>
  </testcase> <!-- verifyBuyNowBtn -->
  <system-out/>
  <testcase classname="com.qa.centrum.eng.test.CentrumSampleSilverWomen50PlusTest" name="verifyGetCoupons" time="30.922">
    <error message="Unable to scroll down the page" type="java.lang.Exception">
      <![CDATA[java.lang.Exception: Unable to scroll down the page
at com.qa.baseClass.BaseClass.scrollDownUsingElement(BaseClass.java:299)
at com.qa.centrum.eng.pages.CentrumSilverWomen50PlusPage.clickGetCoupons(CentrumSilverWomen50PlusPage.java:234)
at com.qa.centrum.eng.test.CentrumSampleSilverWomen50PlusTest.verifyGetCoupons(CentrumSampleSilverWomen50PlusTest.java:69)
at java.base/jdk.internal.reflect.DirectMethodHandleAccessor.invoke(DirectMethodHandleAccessor.java:104)
at java.base/java.lang.reflect.Method.invoke(Method.java:577)
at org.testng.internal.MethodInvocationHelper.invokeMethod(MethodInvocationHelper.java:133)
at org.testng.internal.TestInvoker.invokeMethod(TestInvoker.java:598)
at org.testng.internal.TestInvoker.invokeTestMethod(TestInvoker.java:173)
at org.testng.internal.MethodRunner.runInSequence(MethodRunner.java:46)
at org.testng.internal.TestInvoker$MethodInvocationAgent.invoke(TestInvoker.java:824)
at org.testng.internal.TestInvoker.invokeTestMethods(TestInvoker.java:146)
at org.testng.internal.TestMethodWorker.invokeTestMethods(TestMethodWorker.java:146)
at org.testng.internal.TestMethodWorker.run(TestMethodWorker.java:128)
at java.base/java.util.ArrayList.forEach(ArrayList.java:1511)
at org.testng.TestRunner.privateRun(TestRunner.java:794)
at org.testng.TestRunner.run(TestRunner.java:596)
at org.testng.SuiteRunner.runTest(SuiteRunner.java:377)
at org.testng.SuiteRunner.runSequentially(SuiteRunner.java:371)
at org.testng.SuiteRunner.privateRun(SuiteRunner.java:332)
at org.testng.SuiteRunner.run(SuiteRunner.java:276)
at org.testng.SuiteRunnerWorker.runSuite(SuiteRunnerWorker.java:53)
at org.testng.SuiteRunnerWorker.run(SuiteRunnerWorker.java:96)
at org.testng.TestNG.runSuitesSequentially(TestNG.java:1212)
at org.testng.TestNG.runSuitesLocally(TestNG.java:1134)
at org.testng.TestNG.runSuites(TestNG.java:1063)
at org.testng.TestNG.run(TestNG.java:1031)
at org.testng.remote.AbstractRemoteTestNG.run(AbstractRemoteTestNG.java:115)
at org.testng.remote.RemoteTestNG.initAndRun(RemoteTestNG.java:251)
at org.testng.remote.RemoteTestNG.main(RemoteTestNG.java:77)
]]>
    </error>
  </testcase> <!-- verifyGetCoupons -->
  <system-out/>
  <testcase classname="com.qa.centrum.eng.test.CentrumSampleSilverWomen50PlusTest" name="verifyVitaminAndMinerals" time="10.095"/>
  <system-out/>
  <testcase classname="com.qa.centrum.eng.test.CentrumSampleSilverWomen50PlusTest" name="verifyUsage" time="9.989"/>
  <system-out/>
  <testcase classname="com.qa.centrum.eng.test.CentrumSampleSilverWomen50PlusTest" name="verifyFAQ" time="7.039"/>
  <system-out/>
  <testcase classname="com.qa.centrum.eng.test.CentrumSampleSilverWomen50PlusTest" name="verifyProductBenefits" time="7.085"/>
  <system-out/>
  <testcase classname="com.qa.centrum.eng.test.CentrumSampleSilverWomen50PlusTest" name="verifyCompareTab" time="14.853"/>
  <system-out/>
  <testcase classname="com.qa.centrum.eng.test.CentrumSampleSilverWomen50PlusTest" name="verifyCompareButton" time="13.221"/>
  <system-out/>
  <testcase classname="com.qa.centrum.eng.test.CentrumSampleSilverWomen50PlusTest" name="verifyRelatedProductOne" time="19.407"/>
  <system-out/>
  <testcase classname="com.qa.centrum.eng.test.CentrumSampleSilverWomen50PlusTest" name="verifyRelatedProductTwo" time="24.721"/>
  <system-out/>
  <testcase classname="com.qa.centrum.eng.test.CentrumSampleSilverWomen50PlusTest" name="verifyRelatedProductThree" time="21.535"/>
  <system-out/>
  <testcase classname="com.qa.centrum.eng.test.CentrumSampleSilverWomen50PlusTest" name="verifyRelatedProductFour" time="20.560"/>
  <system-out/>
  <testcase classname="com.qa.centrum.eng.test.CentrumSampleSilverWomen50PlusTest" name="verifyBuyNowOne" time="13.078"/>
  <system-out/>
  <testcase classname="com.qa.centrum.eng.test.CentrumSampleSilverWomen50PlusTest" name="verifyBuyNowTwo" time="14.340"/>
  <system-out/>
  <testcase classname="com.qa.centrum.eng.test.CentrumSampleSilverWomen50PlusTest" name="verifyBuyNowThree" time="12.420"/>
  <system-out/>
  <testcase classname="com.qa.centrum.eng.test.CentrumSampleSilverWomen50PlusTest" name="verifyBuyNowFour" time="11.119"/>
  <system-out/>
  <testcase classname="com.qa.centrum.eng.test.CentrumSampleSilverWomen50PlusTest" name="verifyCompareOne" time="13.359"/>
  <system-out/>
  <testcase classname="com.qa.centrum.eng.test.CentrumSampleSilverWomen50PlusTest" name="verifyCompareTwo" time="10.570"/>
  <system-out/>
  <testcase classname="com.qa.centrum.eng.test.CentrumSampleSilverWomen50PlusTest" name="verifyCompareThree" time="13.560"/>
  <system-out/>
  <testcase classname="com.qa.centrum.eng.test.CentrumSampleSilverWomen50PlusTest" name="verifyCompareFour" time="12.274"/>
  <system-out/>
  <testcase classname="com.qa.centrum.eng.test.CentrumSampleSilverWomen50PlusTest" name="verifyBrowseOne" time="34.287"/>
  <system-out/>
  <testcase classname="com.qa.centrum.eng.test.CentrumSampleSilverWomen50PlusTest" name="verifyBrowseTwo" time="12.047"/>
  <system-out/>
  <testcase classname="com.qa.centrum.eng.test.CentrumSampleSilverWomen50PlusTest" name="verifyBrowseThree" time="14.224"/>
  <system-out/>
  <testcase classname="com.qa.centrum.eng.test.CentrumSampleSilverWomen50PlusTest" name="verifyBrowseFour" time="30.410"/>
  <system-out/>
  <testcase classname="com.qa.centrum.eng.test.CentrumSampleSilverWomen50PlusTest" name="verifyBreadcrumbOne" time="53.118">
    <error message="Preprod breadcrumb home is redirecting to live url" type="java.lang.Exception">
      <![CDATA[java.lang.Exception: Preprod breadcrumb home is redirecting to live url
at com.qa.centrum.eng.test.CentrumSampleSilverWomen50PlusTest.verifyBreadcrumbOne(CentrumSampleSilverWomen50PlusTest.java:340)
at java.base/jdk.internal.reflect.DirectMethodHandleAccessor.invoke(DirectMethodHandleAccessor.java:104)
at java.base/java.lang.reflect.Method.invoke(Method.java:577)
at org.testng.internal.MethodInvocationHelper.invokeMethod(MethodInvocationHelper.java:133)
at org.testng.internal.TestInvoker.invokeMethod(TestInvoker.java:598)
at org.testng.internal.TestInvoker.invokeTestMethod(TestInvoker.java:173)
at org.testng.internal.MethodRunner.runInSequence(MethodRunner.java:46)
at org.testng.internal.TestInvoker$MethodInvocationAgent.invoke(TestInvoker.java:824)
at org.testng.internal.TestInvoker.invokeTestMethods(TestInvoker.java:146)
at org.testng.internal.TestMethodWorker.invokeTestMethods(TestMethodWorker.java:146)
at org.testng.internal.TestMethodWorker.run(TestMethodWorker.java:128)
at java.base/java.util.ArrayList.forEach(ArrayList.java:1511)
at org.testng.TestRunner.privateRun(TestRunner.java:794)
at org.testng.TestRunner.run(TestRunner.java:596)
at org.testng.SuiteRunner.runTest(SuiteRunner.java:377)
at org.testng.SuiteRunner.runSequentially(SuiteRunner.java:371)
at org.testng.SuiteRunner.privateRun(SuiteRunner.java:332)
at org.testng.SuiteRunner.run(SuiteRunner.java:276)
at org.testng.SuiteRunnerWorker.runSuite(SuiteRunnerWorker.java:53)
at org.testng.SuiteRunnerWorker.run(SuiteRunnerWorker.java:96)
at org.testng.TestNG.runSuitesSequentially(TestNG.java:1212)
at org.testng.TestNG.runSuitesLocally(TestNG.java:1134)
at org.testng.TestNG.runSuites(TestNG.java:1063)
at org.testng.TestNG.run(TestNG.java:1031)
at org.testng.remote.AbstractRemoteTestNG.run(AbstractRemoteTestNG.java:115)
at org.testng.remote.RemoteTestNG.initAndRun(RemoteTestNG.java:251)
at org.testng.remote.RemoteTestNG.main(RemoteTestNG.java:77)
]]>
    </error>
  </testcase> <!-- verifyBreadcrumbOne -->
  <system-out/>
  <testcase classname="com.qa.centrum.eng.test.CentrumSampleSilverWomen50PlusTest" name="verifyBreadcrumbTwo" time="13.905"/>
  <system-out/>
  <testcase classname="com.qa.centrum.eng.test.CentrumSampleSilverWomen50PlusTest" name="verifyBreadcrumbThree" time="14.703"/>
  <system-out/>
  <testcase classname="com.qa.centrum.eng.test.CentrumSampleSilverWomen50PlusTest" name="verifyBreadcrumbFour" time="19.240"/>
  <system-out/>
  <testcase classname="com.qa.centrum.eng.test.CentrumSampleSilverWomen50PlusTest" name="verifyNonGMOLink" time="13.338"/>
  <system-out/>
</testsuite> <!-- com.qa.centrum.eng.test.CentrumSampleSilverWomen50PlusTest -->
