<?xml version="1.0" encoding="UTF-8"?>
<!-- Generated by org.testng.reporters.JUnitReportReporter -->
<testsuite hostname="WKWZTPqvmdckJHX" failures="1" tests="20" name="com.qa.voltarengel.test.VoltarengelNaturalRemediesTest" time="295.760" errors="1" timestamp="2023-04-23T23:50:50 IST" skipped="5">
  <testcase classname="com.qa.voltarengel.test.VoltarengelNaturalRemediesTest" name="cookieButton" time="85.354"/>
  <system-out/>
  <testcase classname="com.qa.voltarengel.test.VoltarengelNaturalRemediesTest" name="verifyOsteoarthritisToRheumatoidArthritis" time="10.137"/>
  <system-out/>
  <testcase classname="com.qa.voltarengel.test.VoltarengelNaturalRemediesTest" name="verifyVoltarenArthritisPainGel" time="8.254"/>
  <system-out/>
  <testcase classname="com.qa.voltarengel.test.VoltarengelNaturalRemediesTest" name="verifySymptomsOfArthritisPain" time="8.601">
    <failure message="expected [what-is-arthritis/symptoms/] but found [living-with-arthritis/natural-remedies/]" type="java.lang.AssertionError">
      <![CDATA[java.lang.AssertionError: expected [what-is-arthritis/symptoms/] but found [living-with-arthritis/natural-remedies/]
at org.testng.Assert.fail(Assert.java:99)
at org.testng.Assert.failNotEquals(Assert.java:1037)
at org.testng.Assert.assertEqualsImpl(Assert.java:140)
at org.testng.Assert.assertEquals(Assert.java:122)
at org.testng.Assert.assertEquals(Assert.java:629)
at org.testng.Assert.assertEquals(Assert.java:639)
at com.qa.baseClass.BaseClass.compareTwoText(BaseClass.java:812)
at com.qa.voltarengel.test.VoltarengelNaturalRemediesTest.verifySymptomsOfArthritisPain(VoltarengelNaturalRemediesTest.java:69)
at java.base/jdk.internal.reflect.DirectMethodHandleAccessor.invoke(DirectMethodHandleAccessor.java:104)
at java.base/java.lang.reflect.Method.invoke(Method.java:577)
at org.testng.internal.MethodInvocationHelper.invokeMethod(MethodInvocationHelper.java:133)
at org.testng.internal.TestInvoker.invokeMethod(TestInvoker.java:598)
at org.testng.internal.TestInvoker.retryFailed(TestInvoker.java:213)
at org.testng.internal.MethodRunner.runInSequence(MethodRunner.java:58)
at org.testng.internal.TestInvoker$MethodInvocationAgent.invoke(TestInvoker.java:824)
at org.testng.internal.TestInvoker.invokeTestMethods(TestInvoker.java:146)
at org.testng.internal.TestMethodWorker.invokeTestMethods(TestMethodWorker.java:146)
at org.testng.internal.TestMethodWorker.run(TestMethodWorker.java:128)
at java.base/java.util.ArrayList.forEach(ArrayList.java:1511)
at org.testng.TestRunner.privateRun(TestRunner.java:794)
at org.testng.TestRunner.run(TestRunner.java:596)
at org.testng.SuiteRunner.runTest(SuiteRunner.java:377)
at org.testng.SuiteRunner.runSequentially(SuiteRunner.java:371)
at org.testng.SuiteRunner.privateRun(SuiteRunner.java:332)
at org.testng.SuiteRunner.run(SuiteRunner.java:276)
at org.testng.SuiteRunnerWorker.runSuite(SuiteRunnerWorker.java:53)
at org.testng.SuiteRunnerWorker.run(SuiteRunnerWorker.java:96)
at org.testng.TestNG.runSuitesSequentially(TestNG.java:1212)
at org.testng.TestNG.runSuitesLocally(TestNG.java:1134)
at org.testng.TestNG.runSuites(TestNG.java:1063)
at org.testng.TestNG.run(TestNG.java:1031)
at org.testng.remote.AbstractRemoteTestNG.run(AbstractRemoteTestNG.java:115)
at org.testng.remote.RemoteTestNG.initAndRun(RemoteTestNG.java:251)
at org.testng.remote.RemoteTestNG.main(RemoteTestNG.java:77)
]]>
    </failure>
  </testcase> <!-- verifySymptomsOfArthritisPain -->
  <system-out/>
  <testcase classname="com.qa.voltarengel.test.VoltarengelNaturalRemediesTest" name="verifySymptomsOfArthritisPain" time="6.762">
    <skipped/>
  </testcase> <!-- verifySymptomsOfArthritisPain -->
  <system-out/>
  <testcase classname="com.qa.voltarengel.test.VoltarengelNaturalRemediesTest" name="verifySymptomsOfArthritisPain" time="12.328">
    <skipped/>
  </testcase> <!-- verifySymptomsOfArthritisPain -->
  <system-out/>
  <testcase classname="com.qa.voltarengel.test.VoltarengelNaturalRemediesTest" name="verifyPainManagement" time="12.561"/>
  <system-out/>
  <testcase classname="com.qa.voltarengel.test.VoltarengelNaturalRemediesTest" name="verifySymptomsOfStress" time="11.820"/>
  <system-out/>
  <testcase classname="com.qa.voltarengel.test.VoltarengelNaturalRemediesTest" name="verifyMuscleStrengtheningExercises" time="4.885"/>
  <system-out/>
  <testcase classname="com.qa.voltarengel.test.VoltarengelNaturalRemediesTest" name="verifySymptomReliefForArthritisPain" time="5.185"/>
  <system-out/>
  <testcase classname="com.qa.voltarengel.test.VoltarengelNaturalRemediesTest" name="verifyAtHome" time="7.400"/>
  <system-out/>
  <testcase classname="com.qa.voltarengel.test.VoltarengelNaturalRemediesTest" name="verifyInSocialSituations" time="5.734"/>
  <system-out/>
  <testcase classname="com.qa.voltarengel.test.VoltarengelNaturalRemediesTest" name="verifyShowReference" time="9.152"/>
  <system-out/>
  <testcase classname="com.qa.voltarengel.test.VoltarengelNaturalRemediesTest" name="verifyHowToRelieveArthritisPain" time="10.582">
    <skipped/>
  </testcase> <!-- verifyHowToRelieveArthritisPain -->
  <system-out/>
  <testcase classname="com.qa.voltarengel.test.VoltarengelNaturalRemediesTest" name="verifyHowToRelieveArthritisPain" time="10.264"/>
  <system-out/>
  <testcase classname="com.qa.voltarengel.test.VoltarengelNaturalRemediesTest" name="verifyWhataretheCausesOfArthritis" time="4.709"/>
  <system-out/>
  <testcase classname="com.qa.voltarengel.test.VoltarengelNaturalRemediesTest" name="verifyGetCoupons" time="5.834"/>
  <system-out/>
  <testcase classname="com.qa.voltarengel.test.VoltarengelNaturalRemediesTest" name="verifyBuyNow" time="26.625">
    <skipped/>
  </testcase> <!-- verifyBuyNow -->
  <system-out/>
  <testcase classname="com.qa.voltarengel.test.VoltarengelNaturalRemediesTest" name="verifyBuyNow" time="25.379">
    <skipped/>
  </testcase> <!-- verifyBuyNow -->
  <system-out/>
  <testcase classname="com.qa.voltarengel.test.VoltarengelNaturalRemediesTest" name="verifyBuyNow" time="24.194">
    <error message="Buy Now Button is not Presented in the page" type="java.lang.Exception">
      <![CDATA[java.lang.Exception: Buy Now Button is not Presented in the page
at com.qa.voltarengel.pages.VoltarengelNaturalRemedies.clickBuyNow(VoltarengelNaturalRemedies.java:95)
at com.qa.voltarengel.test.VoltarengelNaturalRemediesTest.verifyBuyNow(VoltarengelNaturalRemediesTest.java:185)
at java.base/jdk.internal.reflect.DirectMethodHandleAccessor.invoke(DirectMethodHandleAccessor.java:104)
at java.base/java.lang.reflect.Method.invoke(Method.java:577)
at org.testng.internal.MethodInvocationHelper.invokeMethod(MethodInvocationHelper.java:133)
at org.testng.internal.TestInvoker.invokeMethod(TestInvoker.java:598)
at org.testng.internal.TestInvoker.retryFailed(TestInvoker.java:213)
at org.testng.internal.MethodRunner.runInSequence(MethodRunner.java:58)
at org.testng.internal.TestInvoker$MethodInvocationAgent.invoke(TestInvoker.java:824)
at org.testng.internal.TestInvoker.invokeTestMethods(TestInvoker.java:146)
at org.testng.internal.TestMethodWorker.invokeTestMethods(TestMethodWorker.java:146)
at org.testng.internal.TestMethodWorker.run(TestMethodWorker.java:128)
at java.base/java.util.ArrayList.forEach(ArrayList.java:1511)
at org.testng.TestRunner.privateRun(TestRunner.java:794)
at org.testng.TestRunner.run(TestRunner.java:596)
at org.testng.SuiteRunner.runTest(SuiteRunner.java:377)
at org.testng.SuiteRunner.runSequentially(SuiteRunner.java:371)
at org.testng.SuiteRunner.privateRun(SuiteRunner.java:332)
at org.testng.SuiteRunner.run(SuiteRunner.java:276)
at org.testng.SuiteRunnerWorker.runSuite(SuiteRunnerWorker.java:53)
at org.testng.SuiteRunnerWorker.run(SuiteRunnerWorker.java:96)
at org.testng.TestNG.runSuitesSequentially(TestNG.java:1212)
at org.testng.TestNG.runSuitesLocally(TestNG.java:1134)
at org.testng.TestNG.runSuites(TestNG.java:1063)
at org.testng.TestNG.run(TestNG.java:1031)
at org.testng.remote.AbstractRemoteTestNG.run(AbstractRemoteTestNG.java:115)
at org.testng.remote.RemoteTestNG.initAndRun(RemoteTestNG.java:251)
at org.testng.remote.RemoteTestNG.main(RemoteTestNG.java:77)
]]>
    </error>
  </testcase> <!-- verifyBuyNow -->
  <system-out/>
</testsuite> <!-- com.qa.voltarengel.test.VoltarengelNaturalRemediesTest -->
