<?xml version="1.0" encoding="UTF-8"?>
<!-- Generated by org.testng.reporters.JUnitReportReporter -->
<testsuite hostname="WKWZTPqvmdckJHX" failures="1" tests="26" name="com.qa.sensodyne.us.test.SensodyneSensodyeRapidReleifTest" time="594.064" errors="1" timestamp="2023-01-09T05:28:28 IST" skipped="7">
  <testcase classname="com.qa.sensodyne.us.test.SensodyneSensodyeRapidReleifTest" name="cookieButton" time="31.962"/>
  <system-out/>
  <testcase classname="com.qa.sensodyne.us.test.SensodyneSensodyeRapidReleifTest" name="verifyWriteAReview" time="16.941"/>
  <system-out/>
  <testcase classname="com.qa.sensodyne.us.test.SensodyneSensodyeRapidReleifTest" name="verifyBuyNowOne" time="13.020"/>
  <system-out/>
  <testcase classname="com.qa.sensodyne.us.test.SensodyneSensodyeRapidReleifTest" name="verifyBuyNowOne" time="11.864">
    <skipped/>
  </testcase> <!-- verifyBuyNowOne -->
  <system-out/>
  <testcase classname="com.qa.sensodyne.us.test.SensodyneSensodyeRapidReleifTest" name="verifyGetCoupon" time="17.302"/>
  <system-out/>
  <testcase classname="com.qa.sensodyne.us.test.SensodyneSensodyeRapidReleifTest" name="verifyMint" time="23.676"/>
  <system-out/>
  <testcase classname="com.qa.sensodyne.us.test.SensodyneSensodyeRapidReleifTest" name="verifyWhitening" time="24.577"/>
  <system-out/>
  <testcase classname="com.qa.sensodyne.us.test.SensodyneSensodyeRapidReleifTest" name="verifyIngredients" time="12.324"/>
  <system-out/>
  <testcase classname="com.qa.sensodyne.us.test.SensodyneSensodyeRapidReleifTest" name="verifyDirections" time="10.277"/>
  <system-out/>
  <testcase classname="com.qa.sensodyne.us.test.SensodyneSensodyeRapidReleifTest" name="verifyWarnings" time="11.664"/>
  <system-out/>
  <testcase classname="com.qa.sensodyne.us.test.SensodyneSensodyeRapidReleifTest" name="verifySensodyneRapidReleifYoutube" time="39.083">
    <failure message="expected [true] but found [false]" type="java.lang.AssertionError">
      <![CDATA[java.lang.AssertionError: expected [true] but found [false]
at org.testng.Assert.fail(Assert.java:99)
at org.testng.Assert.failNotEquals(Assert.java:1037)
at org.testng.Assert.assertTrue(Assert.java:45)
at org.testng.Assert.assertTrue(Assert.java:55)
at com.qa.sensodyne.us.page.SensodyneSensodyeRapidReleifPage.clickSensodyneRapidReleifYoutube(SensodyneSensodyeRapidReleifPage.java:215)
at com.qa.sensodyne.us.test.SensodyneSensodyeRapidReleifTest.verifySensodyneRapidReleifYoutube(SensodyneSensodyeRapidReleifTest.java:133)
at java.base/jdk.internal.reflect.DirectMethodHandleAccessor.invoke(DirectMethodHandleAccessor.java:104)
at java.base/java.lang.reflect.Method.invoke(Method.java:577)
at org.testng.internal.MethodInvocationHelper.invokeMethod(MethodInvocationHelper.java:133)
at org.testng.internal.TestInvoker.invokeMethod(TestInvoker.java:598)
at org.testng.internal.TestInvoker.retryFailed(TestInvoker.java:213)
at org.testng.internal.MethodRunner.runInSequence(MethodRunner.java:58)
at org.testng.internal.TestInvoker$MethodInvocationAgent.invoke(TestInvoker.java:824)
at org.testng.internal.TestInvoker.invokeTestMethods(TestInvoker.java:146)
at org.testng.internal.TestMethodWorker.invokeTestMethods(TestMethodWorker.java:146)
at org.testng.internal.TestMethodWorker.run(TestMethodWorker.java:128)
at java.base/java.util.ArrayList.forEach(ArrayList.java:1511)
at org.testng.TestRunner.privateRun(TestRunner.java:794)
at org.testng.TestRunner.run(TestRunner.java:596)
at org.testng.SuiteRunner.runTest(SuiteRunner.java:377)
at org.testng.SuiteRunner.runSequentially(SuiteRunner.java:371)
at org.testng.SuiteRunner.privateRun(SuiteRunner.java:332)
at org.testng.SuiteRunner.run(SuiteRunner.java:276)
at org.testng.SuiteRunnerWorker.runSuite(SuiteRunnerWorker.java:53)
at org.testng.SuiteRunnerWorker.run(SuiteRunnerWorker.java:96)
at org.testng.TestNG.runSuitesSequentially(TestNG.java:1212)
at org.testng.TestNG.runSuitesLocally(TestNG.java:1134)
at org.testng.TestNG.runSuites(TestNG.java:1063)
at org.testng.TestNG.run(TestNG.java:1031)
at org.testng.remote.AbstractRemoteTestNG.run(AbstractRemoteTestNG.java:115)
at org.testng.remote.RemoteTestNG.initAndRun(RemoteTestNG.java:251)
at org.testng.remote.RemoteTestNG.main(RemoteTestNG.java:77)
]]>
    </failure>
  </testcase> <!-- verifySensodyneRapidReleifYoutube -->
  <system-out/>
  <testcase classname="com.qa.sensodyne.us.test.SensodyneSensodyeRapidReleifTest" name="verifySensodyneRapidReleifYoutube" time="37.728">
    <skipped/>
  </testcase> <!-- verifySensodyneRapidReleifYoutube -->
  <system-out/>
  <testcase classname="com.qa.sensodyne.us.test.SensodyneSensodyeRapidReleifTest" name="verifySensodyneRapidReleifYoutube" time="39.204">
    <skipped/>
  </testcase> <!-- verifySensodyneRapidReleifYoutube -->
  <system-out/>
  <testcase classname="com.qa.sensodyne.us.test.SensodyneSensodyeRapidReleifTest" name="verifySensodyneRapidReleifYoutube" time="37.619">
    <skipped/>
  </testcase> <!-- verifySensodyneRapidReleifYoutube -->
  <system-out/>
  <testcase classname="com.qa.sensodyne.us.test.SensodyneSensodyeRapidReleifTest" name="verifyLearnMore" time="51.846"/>
  <system-out/>
  <testcase classname="com.qa.sensodyne.us.test.SensodyneSensodyeRapidReleifTest" name="verifyDentistRecommendYoutubeLink" time="10.624">
    <skipped/>
  </testcase> <!-- verifyDentistRecommendYoutubeLink -->
  <system-out/>
  <testcase classname="com.qa.sensodyne.us.test.SensodyneSensodyeRapidReleifTest" name="verifyDentistRecommendYoutubeLink" time="10.468">
    <error message="Unable to mouse over the element" type="java.lang.Exception">
      <![CDATA[java.lang.Exception: Unable to mouse over the element
at com.qa.baseClass.BaseClass.moveToElement(BaseClass.java:215)
at com.qa.sensodyne.us.page.SensodyneSensodyeRapidReleifPage.clickDentistRecommendYoutubeLink(SensodyneSensodyeRapidReleifPage.java:234)
at com.qa.sensodyne.us.test.SensodyneSensodyeRapidReleifTest.verifyDentistRecommendYoutubeLink(SensodyneSensodyeRapidReleifTest.java:155)
at java.base/jdk.internal.reflect.DirectMethodHandleAccessor.invoke(DirectMethodHandleAccessor.java:104)
at java.base/java.lang.reflect.Method.invoke(Method.java:577)
at org.testng.internal.MethodInvocationHelper.invokeMethod(MethodInvocationHelper.java:133)
at org.testng.internal.TestInvoker.invokeMethod(TestInvoker.java:598)
at org.testng.internal.TestInvoker.retryFailed(TestInvoker.java:213)
at org.testng.internal.MethodRunner.runInSequence(MethodRunner.java:58)
at org.testng.internal.TestInvoker$MethodInvocationAgent.invoke(TestInvoker.java:824)
at org.testng.internal.TestInvoker.invokeTestMethods(TestInvoker.java:146)
at org.testng.internal.TestMethodWorker.invokeTestMethods(TestMethodWorker.java:146)
at org.testng.internal.TestMethodWorker.run(TestMethodWorker.java:128)
at java.base/java.util.ArrayList.forEach(ArrayList.java:1511)
at org.testng.TestRunner.privateRun(TestRunner.java:794)
at org.testng.TestRunner.run(TestRunner.java:596)
at org.testng.SuiteRunner.runTest(SuiteRunner.java:377)
at org.testng.SuiteRunner.runSequentially(SuiteRunner.java:371)
at org.testng.SuiteRunner.privateRun(SuiteRunner.java:332)
at org.testng.SuiteRunner.run(SuiteRunner.java:276)
at org.testng.SuiteRunnerWorker.runSuite(SuiteRunnerWorker.java:53)
at org.testng.SuiteRunnerWorker.run(SuiteRunnerWorker.java:96)
at org.testng.TestNG.runSuitesSequentially(TestNG.java:1212)
at org.testng.TestNG.runSuitesLocally(TestNG.java:1134)
at org.testng.TestNG.runSuites(TestNG.java:1063)
at org.testng.TestNG.run(TestNG.java:1031)
at org.testng.remote.AbstractRemoteTestNG.run(AbstractRemoteTestNG.java:115)
at org.testng.remote.RemoteTestNG.initAndRun(RemoteTestNG.java:251)
at org.testng.remote.RemoteTestNG.main(RemoteTestNG.java:77)
]]>
    </error>
  </testcase> <!-- verifyDentistRecommendYoutubeLink -->
  <system-out/>
  <testcase classname="com.qa.sensodyne.us.test.SensodyneSensodyeRapidReleifTest" name="verifyDentistRecommendYoutubeLink" time="12.394">
    <skipped/>
  </testcase> <!-- verifyDentistRecommendYoutubeLink -->
  <system-out/>
  <testcase classname="com.qa.sensodyne.us.test.SensodyneSensodyeRapidReleifTest" name="verifyDentistRecommendYoutubeLink" time="11.015">
    <skipped/>
  </testcase> <!-- verifyDentistRecommendYoutubeLink -->
  <system-out/>
  <testcase classname="com.qa.sensodyne.us.test.SensodyneSensodyeRapidReleifTest" name="verifyMostPopularProductsOne" time="27.211"/>
  <system-out/>
  <testcase classname="com.qa.sensodyne.us.test.SensodyneSensodyeRapidReleifTest" name="verifyMostPopularProductsTwo" time="29.671"/>
  <system-out/>
  <testcase classname="com.qa.sensodyne.us.test.SensodyneSensodyeRapidReleifTest" name="verifyMostPopularProductsThree" time="23.717"/>
  <system-out/>
  <testcase classname="com.qa.sensodyne.us.test.SensodyneSensodyeRapidReleifTest" name="verifyMostPopularProductsFour" time="22.568"/>
  <system-out/>
  <testcase classname="com.qa.sensodyne.us.test.SensodyneSensodyeRapidReleifTest" name="verifyMostPopularProductsFive" time="26.257"/>
  <system-out/>
  <testcase classname="com.qa.sensodyne.us.test.SensodyneSensodyeRapidReleifTest" name="verifyGetYourCoupon" time="19.284"/>
  <system-out/>
  <testcase classname="com.qa.sensodyne.us.test.SensodyneSensodyeRapidReleifTest" name="verifyFindYourStore" time="21.768"/>
  <system-out/>
</testsuite> <!-- com.qa.sensodyne.us.test.SensodyneSensodyeRapidReleifTest -->
