<?xml version="1.0" encoding="UTF-8"?>
<!-- Generated by org.testng.reporters.JUnitReportReporter -->
<testsuite hostname="WKWZTPqvmdckJHX" failures="1" tests="30" name="com.qa.centrum.eng.test.CentrumSampleSilverMen50PlusTest" time="444.038" errors="2" timestamp="2023-01-27T12:52:45 IST" skipped="0">
  <testcase classname="com.qa.centrum.eng.test.CentrumSampleSilverMen50PlusTest" name="cookieButton" time="11.394"/>
  <system-out/>
  <testcase classname="com.qa.centrum.eng.test.CentrumSampleSilverMen50PlusTest" name="verifyWriteAReviewBtn" time="12.357"/>
  <system-out/>
  <testcase classname="com.qa.centrum.eng.test.CentrumSampleSilverMen50PlusTest" name="verifyBuyNowBtn" time="27.163">
    <error message="unable to click on Buy now button" type="java.lang.Exception">
      <![CDATA[java.lang.Exception: unable to click on Buy now button
at com.qa.centrum.eng.pages.CentrumSilverMen50PlusPage.clickBuyNowBtn(CentrumSilverMen50PlusPage.java:225)
at com.qa.centrum.eng.test.CentrumSampleSilverMen50PlusTest.verifyBuyNowBtn(CentrumSampleSilverMen50PlusTest.java:58)
at java.base/jdk.internal.reflect.DirectMethodHandleAccessor.invoke(DirectMethodHandleAccessor.java:104)
at java.base/java.lang.reflect.Method.invoke(Method.java:577)
at org.testng.internal.MethodInvocationHelper.invokeMethod(MethodInvocationHelper.java:133)
at org.testng.internal.TestInvoker.invokeMethod(TestInvoker.java:598)
at org.testng.internal.TestInvoker.invokeTestMethod(TestInvoker.java:173)
at org.testng.internal.MethodRunner.runInSequence(MethodRunner.java:46)
at org.testng.internal.TestInvoker$MethodInvocationAgent.invoke(TestInvoker.java:824)
at org.testng.internal.TestInvoker.invokeTestMethods(TestInvoker.java:146)
at org.testng.internal.TestMethodWorker.invokeTestMethods(TestMethodWorker.java:146)
at org.testng.internal.TestMethodWorker.run(TestMethodWorker.java:128)
at java.base/java.util.ArrayList.forEach(ArrayList.java:1511)
at org.testng.TestRunner.privateRun(TestRunner.java:794)
at org.testng.TestRunner.run(TestRunner.java:596)
at org.testng.SuiteRunner.runTest(SuiteRunner.java:377)
at org.testng.SuiteRunner.runSequentially(SuiteRunner.java:371)
at org.testng.SuiteRunner.privateRun(SuiteRunner.java:332)
at org.testng.SuiteRunner.run(SuiteRunner.java:276)
at org.testng.SuiteRunnerWorker.runSuite(SuiteRunnerWorker.java:53)
at org.testng.SuiteRunnerWorker.run(SuiteRunnerWorker.java:96)
at org.testng.TestNG.runSuitesSequentially(TestNG.java:1212)
at org.testng.TestNG.runSuitesLocally(TestNG.java:1134)
at org.testng.TestNG.runSuites(TestNG.java:1063)
at org.testng.TestNG.run(TestNG.java:1031)
at org.testng.remote.AbstractRemoteTestNG.run(AbstractRemoteTestNG.java:115)
at org.testng.remote.RemoteTestNG.initAndRun(RemoteTestNG.java:251)
at org.testng.remote.RemoteTestNG.main(RemoteTestNG.java:77)
]]>
    </error>
  </testcase> <!-- verifyBuyNowBtn -->
  <system-out/>
  <testcase classname="com.qa.centrum.eng.test.CentrumSampleSilverMen50PlusTest" name="verifyGetCoupons" time="14.029">
    <failure message="expected [coupons/] but found [coupons_old/]" type="java.lang.AssertionError">
      <![CDATA[java.lang.AssertionError: expected [coupons/] but found [coupons_old/]
at org.testng.Assert.fail(Assert.java:99)
at org.testng.Assert.failNotEquals(Assert.java:1037)
at org.testng.Assert.assertEqualsImpl(Assert.java:140)
at org.testng.Assert.assertEquals(Assert.java:122)
at org.testng.Assert.assertEquals(Assert.java:629)
at org.testng.Assert.assertEquals(Assert.java:639)
at com.qa.baseClass.BaseClass.compareTwoText(BaseClass.java:752)
at com.qa.centrum.eng.test.CentrumSampleSilverMen50PlusTest.verifyGetCoupons(CentrumSampleSilverMen50PlusTest.java:73)
at java.base/jdk.internal.reflect.DirectMethodHandleAccessor.invoke(DirectMethodHandleAccessor.java:104)
at java.base/java.lang.reflect.Method.invoke(Method.java:577)
at org.testng.internal.MethodInvocationHelper.invokeMethod(MethodInvocationHelper.java:133)
at org.testng.internal.TestInvoker.invokeMethod(TestInvoker.java:598)
at org.testng.internal.TestInvoker.invokeTestMethod(TestInvoker.java:173)
at org.testng.internal.MethodRunner.runInSequence(MethodRunner.java:46)
at org.testng.internal.TestInvoker$MethodInvocationAgent.invoke(TestInvoker.java:824)
at org.testng.internal.TestInvoker.invokeTestMethods(TestInvoker.java:146)
at org.testng.internal.TestMethodWorker.invokeTestMethods(TestMethodWorker.java:146)
at org.testng.internal.TestMethodWorker.run(TestMethodWorker.java:128)
at java.base/java.util.ArrayList.forEach(ArrayList.java:1511)
at org.testng.TestRunner.privateRun(TestRunner.java:794)
at org.testng.TestRunner.run(TestRunner.java:596)
at org.testng.SuiteRunner.runTest(SuiteRunner.java:377)
at org.testng.SuiteRunner.runSequentially(SuiteRunner.java:371)
at org.testng.SuiteRunner.privateRun(SuiteRunner.java:332)
at org.testng.SuiteRunner.run(SuiteRunner.java:276)
at org.testng.SuiteRunnerWorker.runSuite(SuiteRunnerWorker.java:53)
at org.testng.SuiteRunnerWorker.run(SuiteRunnerWorker.java:96)
at org.testng.TestNG.runSuitesSequentially(TestNG.java:1212)
at org.testng.TestNG.runSuitesLocally(TestNG.java:1134)
at org.testng.TestNG.runSuites(TestNG.java:1063)
at org.testng.TestNG.run(TestNG.java:1031)
at org.testng.remote.AbstractRemoteTestNG.run(AbstractRemoteTestNG.java:115)
at org.testng.remote.RemoteTestNG.initAndRun(RemoteTestNG.java:251)
at org.testng.remote.RemoteTestNG.main(RemoteTestNG.java:77)
]]>
    </failure>
  </testcase> <!-- verifyGetCoupons -->
  <system-out/>
  <testcase classname="com.qa.centrum.eng.test.CentrumSampleSilverMen50PlusTest" name="verifyVitaminAndMinerals" time="8.756"/>
  <system-out/>
  <testcase classname="com.qa.centrum.eng.test.CentrumSampleSilverMen50PlusTest" name="verifyUsage" time="9.420"/>
  <system-out/>
  <testcase classname="com.qa.centrum.eng.test.CentrumSampleSilverMen50PlusTest" name="verifyFAQ" time="7.396"/>
  <system-out/>
  <testcase classname="com.qa.centrum.eng.test.CentrumSampleSilverMen50PlusTest" name="verifyProductBenefits" time="6.948"/>
  <system-out/>
  <testcase classname="com.qa.centrum.eng.test.CentrumSampleSilverMen50PlusTest" name="verifyCompareTab" time="17.891"/>
  <system-out/>
  <testcase classname="com.qa.centrum.eng.test.CentrumSampleSilverMen50PlusTest" name="verifyCompareButton" time="12.001"/>
  <system-out/>
  <testcase classname="com.qa.centrum.eng.test.CentrumSampleSilverMen50PlusTest" name="verifyRelatedProductOne" time="22.938"/>
  <system-out/>
  <testcase classname="com.qa.centrum.eng.test.CentrumSampleSilverMen50PlusTest" name="verifyRelatedProductTwo" time="17.748"/>
  <system-out/>
  <testcase classname="com.qa.centrum.eng.test.CentrumSampleSilverMen50PlusTest" name="verifyRelatedProductThree" time="24.532"/>
  <system-out/>
  <testcase classname="com.qa.centrum.eng.test.CentrumSampleSilverMen50PlusTest" name="verifyRelatedProductFour" time="17.458"/>
  <system-out/>
  <testcase classname="com.qa.centrum.eng.test.CentrumSampleSilverMen50PlusTest" name="verifyBuyNowOne" time="11.787"/>
  <system-out/>
  <testcase classname="com.qa.centrum.eng.test.CentrumSampleSilverMen50PlusTest" name="verifyBuyNowTwo" time="10.881"/>
  <system-out/>
  <testcase classname="com.qa.centrum.eng.test.CentrumSampleSilverMen50PlusTest" name="verifyBuyNowThree" time="14.811"/>
  <system-out/>
  <testcase classname="com.qa.centrum.eng.test.CentrumSampleSilverMen50PlusTest" name="verifyBuyNowFour" time="9.836"/>
  <system-out/>
  <testcase classname="com.qa.centrum.eng.test.CentrumSampleSilverMen50PlusTest" name="verifyCompareOne" time="15.415"/>
  <system-out/>
  <testcase classname="com.qa.centrum.eng.test.CentrumSampleSilverMen50PlusTest" name="verifyCompareTwo" time="14.195"/>
  <system-out/>
  <testcase classname="com.qa.centrum.eng.test.CentrumSampleSilverMen50PlusTest" name="verifyCompareThree" time="12.463"/>
  <system-out/>
  <testcase classname="com.qa.centrum.eng.test.CentrumSampleSilverMen50PlusTest" name="verifyCompareFour" time="11.166"/>
  <system-out/>
  <testcase classname="com.qa.centrum.eng.test.CentrumSampleSilverMen50PlusTest" name="verifyBrowseOne" time="24.810"/>
  <system-out/>
  <testcase classname="com.qa.centrum.eng.test.CentrumSampleSilverMen50PlusTest" name="verifyBrowseTwo" time="26.411"/>
  <system-out/>
  <testcase classname="com.qa.centrum.eng.test.CentrumSampleSilverMen50PlusTest" name="verifyBrowseThree" time="12.709"/>
  <system-out/>
  <testcase classname="com.qa.centrum.eng.test.CentrumSampleSilverMen50PlusTest" name="verifyBrowseFour" time="12.268"/>
  <system-out/>
  <testcase classname="com.qa.centrum.eng.test.CentrumSampleSilverMen50PlusTest" name="verifyBreadcrumbOne" time="16.602">
    <error message="Preprod breadcrumb home is redirecting to live url" type="java.lang.Exception">
      <![CDATA[java.lang.Exception: Preprod breadcrumb home is redirecting to live url
at com.qa.centrum.eng.test.CentrumSampleSilverMen50PlusTest.verifyBreadcrumbOne(CentrumSampleSilverMen50PlusTest.java:339)
at java.base/jdk.internal.reflect.DirectMethodHandleAccessor.invoke(DirectMethodHandleAccessor.java:104)
at java.base/java.lang.reflect.Method.invoke(Method.java:577)
at org.testng.internal.MethodInvocationHelper.invokeMethod(MethodInvocationHelper.java:133)
at org.testng.internal.TestInvoker.invokeMethod(TestInvoker.java:598)
at org.testng.internal.TestInvoker.invokeTestMethod(TestInvoker.java:173)
at org.testng.internal.MethodRunner.runInSequence(MethodRunner.java:46)
at org.testng.internal.TestInvoker$MethodInvocationAgent.invoke(TestInvoker.java:824)
at org.testng.internal.TestInvoker.invokeTestMethods(TestInvoker.java:146)
at org.testng.internal.TestMethodWorker.invokeTestMethods(TestMethodWorker.java:146)
at org.testng.internal.TestMethodWorker.run(TestMethodWorker.java:128)
at java.base/java.util.ArrayList.forEach(ArrayList.java:1511)
at org.testng.TestRunner.privateRun(TestRunner.java:794)
at org.testng.TestRunner.run(TestRunner.java:596)
at org.testng.SuiteRunner.runTest(SuiteRunner.java:377)
at org.testng.SuiteRunner.runSequentially(SuiteRunner.java:371)
at org.testng.SuiteRunner.privateRun(SuiteRunner.java:332)
at org.testng.SuiteRunner.run(SuiteRunner.java:276)
at org.testng.SuiteRunnerWorker.runSuite(SuiteRunnerWorker.java:53)
at org.testng.SuiteRunnerWorker.run(SuiteRunnerWorker.java:96)
at org.testng.TestNG.runSuitesSequentially(TestNG.java:1212)
at org.testng.TestNG.runSuitesLocally(TestNG.java:1134)
at org.testng.TestNG.runSuites(TestNG.java:1063)
at org.testng.TestNG.run(TestNG.java:1031)
at org.testng.remote.AbstractRemoteTestNG.run(AbstractRemoteTestNG.java:115)
at org.testng.remote.RemoteTestNG.initAndRun(RemoteTestNG.java:251)
at org.testng.remote.RemoteTestNG.main(RemoteTestNG.java:77)
]]>
    </error>
  </testcase> <!-- verifyBreadcrumbOne -->
  <system-out/>
  <testcase classname="com.qa.centrum.eng.test.CentrumSampleSilverMen50PlusTest" name="verifyBreadcrumbTwo" time="14.170"/>
  <system-out/>
  <testcase classname="com.qa.centrum.eng.test.CentrumSampleSilverMen50PlusTest" name="verifyBreadcrumbThree" time="13.006"/>
  <system-out/>
  <testcase classname="com.qa.centrum.eng.test.CentrumSampleSilverMen50PlusTest" name="verifyBreadcrumbFour" time="13.477"/>
  <system-out/>
</testsuite> <!-- com.qa.centrum.eng.test.CentrumSampleSilverMen50PlusTest -->
