<?xml version="1.0" encoding="UTF-8"?>
<!-- Generated by org.testng.reporters.JUnitReportReporter -->
<testsuite hostname="WKWZTPqvmdckJHX" failures="0" tests="8" name="com.qa.voltarengel.test.VoltarengelCaregiverVsCaretakerTest" time="231.572" errors="1" timestamp="2023-04-23T23:50:50 IST" skipped="2">
  <testcase classname="com.qa.voltarengel.test.VoltarengelCaregiverVsCaretakerTest" name="cookieButton" time="89.098"/>
  <system-out/>
  <testcase classname="com.qa.voltarengel.test.VoltarengelCaregiverVsCaretakerTest" name="verifyArticle2" time="25.809">
    <skipped/>
  </testcase> <!-- verifyArticle2 -->
  <system-out/>
  <testcase classname="com.qa.voltarengel.test.VoltarengelCaregiverVsCaretakerTest" name="verifyArticle2" time="26.224">
    <error message="Unable to mouse over the element" type="java.lang.Exception">
      <![CDATA[java.lang.Exception: Unable to mouse over the element
at com.qa.baseClass.BaseClass.moveToElement(BaseClass.java:241)
at com.qa.voltarengel.pages.VoltarengelCaregiverVsCaretaker.clickonArticle2(VoltarengelCaregiverVsCaretaker.java:131)
at com.qa.voltarengel.test.VoltarengelCaregiverVsCaretakerTest.verifyArticle2(VoltarengelCaregiverVsCaretakerTest.java:61)
at java.base/jdk.internal.reflect.DirectMethodHandleAccessor.invoke(DirectMethodHandleAccessor.java:104)
at java.base/java.lang.reflect.Method.invoke(Method.java:577)
at org.testng.internal.MethodInvocationHelper.invokeMethod(MethodInvocationHelper.java:133)
at org.testng.internal.TestInvoker.invokeMethod(TestInvoker.java:598)
at org.testng.internal.TestInvoker.retryFailed(TestInvoker.java:213)
at org.testng.internal.MethodRunner.runInSequence(MethodRunner.java:58)
at org.testng.internal.TestInvoker$MethodInvocationAgent.invoke(TestInvoker.java:824)
at org.testng.internal.TestInvoker.invokeTestMethods(TestInvoker.java:146)
at org.testng.internal.TestMethodWorker.invokeTestMethods(TestMethodWorker.java:146)
at org.testng.internal.TestMethodWorker.run(TestMethodWorker.java:128)
at java.base/java.util.ArrayList.forEach(ArrayList.java:1511)
at org.testng.TestRunner.privateRun(TestRunner.java:794)
at org.testng.TestRunner.run(TestRunner.java:596)
at org.testng.SuiteRunner.runTest(SuiteRunner.java:377)
at org.testng.SuiteRunner.runSequentially(SuiteRunner.java:371)
at org.testng.SuiteRunner.privateRun(SuiteRunner.java:332)
at org.testng.SuiteRunner.run(SuiteRunner.java:276)
at org.testng.SuiteRunnerWorker.runSuite(SuiteRunnerWorker.java:53)
at org.testng.SuiteRunnerWorker.run(SuiteRunnerWorker.java:96)
at org.testng.TestNG.runSuitesSequentially(TestNG.java:1212)
at org.testng.TestNG.runSuitesLocally(TestNG.java:1134)
at org.testng.TestNG.runSuites(TestNG.java:1063)
at org.testng.TestNG.run(TestNG.java:1031)
at org.testng.remote.AbstractRemoteTestNG.run(AbstractRemoteTestNG.java:115)
at org.testng.remote.RemoteTestNG.initAndRun(RemoteTestNG.java:251)
at org.testng.remote.RemoteTestNG.main(RemoteTestNG.java:77)
]]>
    </error>
  </testcase> <!-- verifyArticle2 -->
  <system-out/>
  <testcase classname="com.qa.voltarengel.test.VoltarengelCaregiverVsCaretakerTest" name="verifyArticle2" time="27.688">
    <skipped/>
  </testcase> <!-- verifyArticle2 -->
  <system-out/>
  <testcase classname="com.qa.voltarengel.test.VoltarengelCaregiverVsCaretakerTest" name="verifyArticle1" time="23.805"/>
  <system-out/>
  <testcase classname="com.qa.voltarengel.test.VoltarengelCaregiverVsCaretakerTest" name="verifyGetCoupon" time="9.816"/>
  <system-out/>
  <testcase classname="com.qa.voltarengel.test.VoltarengelCaregiverVsCaretakerTest" name="verifyShowReference" time="20.026"/>
  <system-out/>
  <testcase classname="com.qa.voltarengel.test.VoltarengelCaregiverVsCaretakerTest" name="verifyBuyNow" time="9.106"/>
  <system-out/>
</testsuite> <!-- com.qa.voltarengel.test.VoltarengelCaregiverVsCaretakerTest -->
