<?xml version="1.0" encoding="UTF-8"?>
<!-- Generated by org.testng.reporters.JUnitReportReporter -->
<testsuite hostname="WKWZTPqvmdckJHX" failures="0" tests="14" name="com.qa.centrum.eng.test.CentrumSampleBestVitaminForWomenTest" time="145.758" errors="1" timestamp="2023-02-03T11:53:23 IST" skipped="0">
  <testcase classname="com.qa.centrum.eng.test.CentrumSampleBestVitaminForWomenTest" name="cookieButton" time="5.844"/>
  <system-out/>
  <testcase classname="com.qa.centrum.eng.test.CentrumSampleBestVitaminForWomenTest" name="verifyMultivitaminForWomenLink" time="14.286"/>
  <system-out/>
  <testcase classname="com.qa.centrum.eng.test.CentrumSampleBestVitaminForWomenTest" name="verifyHealthyAgingLinkOne" time="13.468"/>
  <system-out/>
  <testcase classname="com.qa.centrum.eng.test.CentrumSampleBestVitaminForWomenTest" name="verifyHealthyAgingLinkTwo" time="4.890"/>
  <system-out/>
  <testcase classname="com.qa.centrum.eng.test.CentrumSampleBestVitaminForWomenTest" name="verifyShowReference" time="4.733"/>
  <system-out/>
  <testcase classname="com.qa.centrum.eng.test.CentrumSampleBestVitaminForWomenTest" name="verifyArticleOne" time="9.943"/>
  <system-out/>
  <testcase classname="com.qa.centrum.eng.test.CentrumSampleBestVitaminForWomenTest" name="verifyArticleTwo" time="24.499">
    <error message="Unable to scroll down the page" type="java.lang.Exception">
      <![CDATA[java.lang.Exception: Unable to scroll down the page
at com.qa.baseClass.BaseClass.scrollDownUsingElement(BaseClass.java:299)
at com.qa.centrum.eng.pages.CentrumBestVitaminForWomenPage.clickArticleTwo(CentrumBestVitaminForWomenPage.java:148)
at com.qa.centrum.eng.test.CentrumSampleBestVitaminForWomenTest.verifyArticleTwo(CentrumSampleBestVitaminForWomenTest.java:104)
at java.base/jdk.internal.reflect.DirectMethodHandleAccessor.invoke(DirectMethodHandleAccessor.java:104)
at java.base/java.lang.reflect.Method.invoke(Method.java:577)
at org.testng.internal.MethodInvocationHelper.invokeMethod(MethodInvocationHelper.java:133)
at org.testng.internal.TestInvoker.invokeMethod(TestInvoker.java:598)
at org.testng.internal.TestInvoker.invokeTestMethod(TestInvoker.java:173)
at org.testng.internal.MethodRunner.runInSequence(MethodRunner.java:46)
at org.testng.internal.TestInvoker$MethodInvocationAgent.invoke(TestInvoker.java:824)
at org.testng.internal.TestInvoker.invokeTestMethods(TestInvoker.java:146)
at org.testng.internal.TestMethodWorker.invokeTestMethods(TestMethodWorker.java:146)
at org.testng.internal.TestMethodWorker.run(TestMethodWorker.java:128)
at java.base/java.util.ArrayList.forEach(ArrayList.java:1511)
at org.testng.TestRunner.privateRun(TestRunner.java:794)
at org.testng.TestRunner.run(TestRunner.java:596)
at org.testng.SuiteRunner.runTest(SuiteRunner.java:377)
at org.testng.SuiteRunner.runSequentially(SuiteRunner.java:371)
at org.testng.SuiteRunner.privateRun(SuiteRunner.java:332)
at org.testng.SuiteRunner.run(SuiteRunner.java:276)
at org.testng.SuiteRunnerWorker.runSuite(SuiteRunnerWorker.java:53)
at org.testng.SuiteRunnerWorker.run(SuiteRunnerWorker.java:96)
at org.testng.TestNG.runSuitesSequentially(TestNG.java:1212)
at org.testng.TestNG.runSuitesLocally(TestNG.java:1134)
at org.testng.TestNG.runSuites(TestNG.java:1063)
at org.testng.TestNG.run(TestNG.java:1031)
at org.testng.remote.AbstractRemoteTestNG.run(AbstractRemoteTestNG.java:115)
at org.testng.remote.RemoteTestNG.initAndRun(RemoteTestNG.java:251)
at org.testng.remote.RemoteTestNG.main(RemoteTestNG.java:77)
]]>
    </error>
  </testcase> <!-- verifyArticleTwo -->
  <system-out/>
  <testcase classname="com.qa.centrum.eng.test.CentrumSampleBestVitaminForWomenTest" name="verifyArticleThree" time="9.587"/>
  <system-out/>
  <testcase classname="com.qa.centrum.eng.test.CentrumSampleBestVitaminForWomenTest" name="verifyArticleFour" time="8.089"/>
  <system-out/>
  <testcase classname="com.qa.centrum.eng.test.CentrumSampleBestVitaminForWomenTest" name="verifyBreadcrumbOne" time="16.234"/>
  <system-out/>
  <testcase classname="com.qa.centrum.eng.test.CentrumSampleBestVitaminForWomenTest" name="verifyBreadcrumbTwo" time="7.840"/>
  <system-out/>
  <testcase classname="com.qa.centrum.eng.test.CentrumSampleBestVitaminForWomenTest" name="verifyBreadcrumbThree" time="9.040"/>
  <system-out/>
  <testcase classname="com.qa.centrum.eng.test.CentrumSampleBestVitaminForWomenTest" name="verifyBreadcrumbFour" time="9.088"/>
  <system-out/>
  <testcase classname="com.qa.centrum.eng.test.CentrumSampleBestVitaminForWomenTest" name="verifyBreadcrumbFive" time="8.217"/>
  <system-out/>
</testsuite> <!-- com.qa.centrum.eng.test.CentrumSampleBestVitaminForWomenTest -->
