<?xml version="1.0" encoding="UTF-8"?>
<!-- Generated by org.testng.reporters.JUnitReportReporter -->
<testsuite hostname="WKWZTPqvmdckJHX" failures="0" tests="30" name="com.qa.centrum.eng.test.CentrumSampleMinisWomen50PlusTest" time="535.844" errors="4" timestamp="2023-01-27T18:17:27 IST" skipped="0">
  <testcase classname="com.qa.centrum.eng.test.CentrumSampleMinisWomen50PlusTest" name="cookieButton" time="8.466"/>
  <system-out/>
  <testcase classname="com.qa.centrum.eng.test.CentrumSampleMinisWomen50PlusTest" name="verifyWriteAReviewBtn" time="11.711"/>
  <system-out/>
  <testcase classname="com.qa.centrum.eng.test.CentrumSampleMinisWomen50PlusTest" name="verifyBuyNowBtn" time="26.326">
    <error message="unable to click on Buy now button" type="java.lang.Exception">
      <![CDATA[java.lang.Exception: unable to click on Buy now button
at com.qa.centrum.eng.pages.CentrumMinisWomen50PlusPage.clickBuyNowBtn(CentrumMinisWomen50PlusPage.java:221)
at com.qa.centrum.eng.test.CentrumSampleMinisWomen50PlusTest.verifyBuyNowBtn(CentrumSampleMinisWomen50PlusTest.java:58)
at java.base/jdk.internal.reflect.DirectMethodHandleAccessor.invoke(DirectMethodHandleAccessor.java:104)
at java.base/java.lang.reflect.Method.invoke(Method.java:577)
at org.testng.internal.MethodInvocationHelper.invokeMethod(MethodInvocationHelper.java:133)
at org.testng.internal.TestInvoker.invokeMethod(TestInvoker.java:598)
at org.testng.internal.TestInvoker.invokeTestMethod(TestInvoker.java:173)
at org.testng.internal.MethodRunner.runInSequence(MethodRunner.java:46)
at org.testng.internal.TestInvoker$MethodInvocationAgent.invoke(TestInvoker.java:824)
at org.testng.internal.TestInvoker.invokeTestMethods(TestInvoker.java:146)
at org.testng.internal.TestMethodWorker.invokeTestMethods(TestMethodWorker.java:146)
at org.testng.internal.TestMethodWorker.run(TestMethodWorker.java:128)
at java.base/java.util.ArrayList.forEach(ArrayList.java:1511)
at org.testng.TestRunner.privateRun(TestRunner.java:794)
at org.testng.TestRunner.run(TestRunner.java:596)
at org.testng.SuiteRunner.runTest(SuiteRunner.java:377)
at org.testng.SuiteRunner.runSequentially(SuiteRunner.java:371)
at org.testng.SuiteRunner.privateRun(SuiteRunner.java:332)
at org.testng.SuiteRunner.run(SuiteRunner.java:276)
at org.testng.SuiteRunnerWorker.runSuite(SuiteRunnerWorker.java:53)
at org.testng.SuiteRunnerWorker.run(SuiteRunnerWorker.java:96)
at org.testng.TestNG.runSuitesSequentially(TestNG.java:1212)
at org.testng.TestNG.runSuitesLocally(TestNG.java:1134)
at org.testng.TestNG.runSuites(TestNG.java:1063)
at org.testng.TestNG.run(TestNG.java:1031)
at org.testng.remote.AbstractRemoteTestNG.run(AbstractRemoteTestNG.java:115)
at org.testng.remote.RemoteTestNG.initAndRun(RemoteTestNG.java:251)
at org.testng.remote.RemoteTestNG.main(RemoteTestNG.java:77)
]]>
    </error>
  </testcase> <!-- verifyBuyNowBtn -->
  <system-out/>
  <testcase classname="com.qa.centrum.eng.test.CentrumSampleMinisWomen50PlusTest" name="verifyGetCoupons" time="25.811">
    <error message="Unable to scroll down the page" type="java.lang.Exception">
      <![CDATA[java.lang.Exception: Unable to scroll down the page
at com.qa.baseClass.BaseClass.scrollDownUsingElement(BaseClass.java:299)
at com.qa.centrum.eng.pages.CentrumMinisWomen50PlusPage.clickGetCoupons(CentrumMinisWomen50PlusPage.java:227)
at com.qa.centrum.eng.test.CentrumSampleMinisWomen50PlusTest.verifyGetCoupons(CentrumSampleMinisWomen50PlusTest.java:68)
at java.base/jdk.internal.reflect.DirectMethodHandleAccessor.invoke(DirectMethodHandleAccessor.java:104)
at java.base/java.lang.reflect.Method.invoke(Method.java:577)
at org.testng.internal.MethodInvocationHelper.invokeMethod(MethodInvocationHelper.java:133)
at org.testng.internal.TestInvoker.invokeMethod(TestInvoker.java:598)
at org.testng.internal.TestInvoker.invokeTestMethod(TestInvoker.java:173)
at org.testng.internal.MethodRunner.runInSequence(MethodRunner.java:46)
at org.testng.internal.TestInvoker$MethodInvocationAgent.invoke(TestInvoker.java:824)
at org.testng.internal.TestInvoker.invokeTestMethods(TestInvoker.java:146)
at org.testng.internal.TestMethodWorker.invokeTestMethods(TestMethodWorker.java:146)
at org.testng.internal.TestMethodWorker.run(TestMethodWorker.java:128)
at java.base/java.util.ArrayList.forEach(ArrayList.java:1511)
at org.testng.TestRunner.privateRun(TestRunner.java:794)
at org.testng.TestRunner.run(TestRunner.java:596)
at org.testng.SuiteRunner.runTest(SuiteRunner.java:377)
at org.testng.SuiteRunner.runSequentially(SuiteRunner.java:371)
at org.testng.SuiteRunner.privateRun(SuiteRunner.java:332)
at org.testng.SuiteRunner.run(SuiteRunner.java:276)
at org.testng.SuiteRunnerWorker.runSuite(SuiteRunnerWorker.java:53)
at org.testng.SuiteRunnerWorker.run(SuiteRunnerWorker.java:96)
at org.testng.TestNG.runSuitesSequentially(TestNG.java:1212)
at org.testng.TestNG.runSuitesLocally(TestNG.java:1134)
at org.testng.TestNG.runSuites(TestNG.java:1063)
at org.testng.TestNG.run(TestNG.java:1031)
at org.testng.remote.AbstractRemoteTestNG.run(AbstractRemoteTestNG.java:115)
at org.testng.remote.RemoteTestNG.initAndRun(RemoteTestNG.java:251)
at org.testng.remote.RemoteTestNG.main(RemoteTestNG.java:77)
]]>
    </error>
  </testcase> <!-- verifyGetCoupons -->
  <system-out/>
  <testcase classname="com.qa.centrum.eng.test.CentrumSampleMinisWomen50PlusTest" name="verifyVitaminAndMinerals" time="13.230"/>
  <system-out/>
  <testcase classname="com.qa.centrum.eng.test.CentrumSampleMinisWomen50PlusTest" name="verifyUsage" time="9.115"/>
  <system-out/>
  <testcase classname="com.qa.centrum.eng.test.CentrumSampleMinisWomen50PlusTest" name="verifyFAQ" time="7.666"/>
  <system-out/>
  <testcase classname="com.qa.centrum.eng.test.CentrumSampleMinisWomen50PlusTest" name="verifyProductBenefits" time="6.827"/>
  <system-out/>
  <testcase classname="com.qa.centrum.eng.test.CentrumSampleMinisWomen50PlusTest" name="verifyCompareTab" time="13.471"/>
  <system-out/>
  <testcase classname="com.qa.centrum.eng.test.CentrumSampleMinisWomen50PlusTest" name="verifyCompareButton" time="11.847"/>
  <system-out/>
  <testcase classname="com.qa.centrum.eng.test.CentrumSampleMinisWomen50PlusTest" name="verifyRelatedProductOne" time="22.139"/>
  <system-out/>
  <testcase classname="com.qa.centrum.eng.test.CentrumSampleMinisWomen50PlusTest" name="verifyRelatedProductTwo" time="17.873"/>
  <system-out/>
  <testcase classname="com.qa.centrum.eng.test.CentrumSampleMinisWomen50PlusTest" name="verifyRelatedProductThree" time="21.514"/>
  <system-out/>
  <testcase classname="com.qa.centrum.eng.test.CentrumSampleMinisWomen50PlusTest" name="verifyRelatedProductFour" time="21.370"/>
  <system-out/>
  <testcase classname="com.qa.centrum.eng.test.CentrumSampleMinisWomen50PlusTest" name="verifyBuyNowOne" time="26.741">
    <error message="Unable to click Product card buy now one" type="java.lang.Exception">
      <![CDATA[java.lang.Exception: Unable to click Product card buy now one
at com.qa.centrum.eng.pages.CentrumMinisWomen50PlusPage.clickBuyNowOne(CentrumMinisWomen50PlusPage.java:344)
at com.qa.centrum.eng.test.CentrumSampleMinisWomen50PlusTest.verifyBuyNowOne(CentrumSampleMinisWomen50PlusTest.java:196)
at java.base/jdk.internal.reflect.DirectMethodHandleAccessor.invoke(DirectMethodHandleAccessor.java:104)
at java.base/java.lang.reflect.Method.invoke(Method.java:577)
at org.testng.internal.MethodInvocationHelper.invokeMethod(MethodInvocationHelper.java:133)
at org.testng.internal.TestInvoker.invokeMethod(TestInvoker.java:598)
at org.testng.internal.TestInvoker.invokeTestMethod(TestInvoker.java:173)
at org.testng.internal.MethodRunner.runInSequence(MethodRunner.java:46)
at org.testng.internal.TestInvoker$MethodInvocationAgent.invoke(TestInvoker.java:824)
at org.testng.internal.TestInvoker.invokeTestMethods(TestInvoker.java:146)
at org.testng.internal.TestMethodWorker.invokeTestMethods(TestMethodWorker.java:146)
at org.testng.internal.TestMethodWorker.run(TestMethodWorker.java:128)
at java.base/java.util.ArrayList.forEach(ArrayList.java:1511)
at org.testng.TestRunner.privateRun(TestRunner.java:794)
at org.testng.TestRunner.run(TestRunner.java:596)
at org.testng.SuiteRunner.runTest(SuiteRunner.java:377)
at org.testng.SuiteRunner.runSequentially(SuiteRunner.java:371)
at org.testng.SuiteRunner.privateRun(SuiteRunner.java:332)
at org.testng.SuiteRunner.run(SuiteRunner.java:276)
at org.testng.SuiteRunnerWorker.runSuite(SuiteRunnerWorker.java:53)
at org.testng.SuiteRunnerWorker.run(SuiteRunnerWorker.java:96)
at org.testng.TestNG.runSuitesSequentially(TestNG.java:1212)
at org.testng.TestNG.runSuitesLocally(TestNG.java:1134)
at org.testng.TestNG.runSuites(TestNG.java:1063)
at org.testng.TestNG.run(TestNG.java:1031)
at org.testng.remote.AbstractRemoteTestNG.run(AbstractRemoteTestNG.java:115)
at org.testng.remote.RemoteTestNG.initAndRun(RemoteTestNG.java:251)
at org.testng.remote.RemoteTestNG.main(RemoteTestNG.java:77)
]]>
    </error>
  </testcase> <!-- verifyBuyNowOne -->
  <system-out/>
  <testcase classname="com.qa.centrum.eng.test.CentrumSampleMinisWomen50PlusTest" name="verifyBuyNowTwo" time="14.370"/>
  <system-out/>
  <testcase classname="com.qa.centrum.eng.test.CentrumSampleMinisWomen50PlusTest" name="verifyBuyNowThree" time="10.853"/>
  <system-out/>
  <testcase classname="com.qa.centrum.eng.test.CentrumSampleMinisWomen50PlusTest" name="verifyBuyNowFour" time="12.680"/>
  <system-out/>
  <testcase classname="com.qa.centrum.eng.test.CentrumSampleMinisWomen50PlusTest" name="verifyCompareOne" time="10.235"/>
  <system-out/>
  <testcase classname="com.qa.centrum.eng.test.CentrumSampleMinisWomen50PlusTest" name="verifyCompareTwo" time="13.409"/>
  <system-out/>
  <testcase classname="com.qa.centrum.eng.test.CentrumSampleMinisWomen50PlusTest" name="verifyCompareThree" time="11.386"/>
  <system-out/>
  <testcase classname="com.qa.centrum.eng.test.CentrumSampleMinisWomen50PlusTest" name="verifyCompareFour" time="11.757"/>
  <system-out/>
  <testcase classname="com.qa.centrum.eng.test.CentrumSampleMinisWomen50PlusTest" name="verifyBrowseOne" time="20.753"/>
  <system-out/>
  <testcase classname="com.qa.centrum.eng.test.CentrumSampleMinisWomen50PlusTest" name="verifyBrowseTwo" time="16.153"/>
  <system-out/>
  <testcase classname="com.qa.centrum.eng.test.CentrumSampleMinisWomen50PlusTest" name="verifyBrowseThree" time="15.333"/>
  <system-out/>
  <testcase classname="com.qa.centrum.eng.test.CentrumSampleMinisWomen50PlusTest" name="verifyBrowseFour" time="29.763"/>
  <system-out/>
  <testcase classname="com.qa.centrum.eng.test.CentrumSampleMinisWomen50PlusTest" name="verifyBreadcrumbOne" time="17.785">
    <error message="Preprod breadcrumb home is redirecting to live url" type="java.lang.Exception">
      <![CDATA[java.lang.Exception: Preprod breadcrumb home is redirecting to live url
at com.qa.centrum.eng.test.CentrumSampleMinisWomen50PlusTest.verifyBreadcrumbOne(CentrumSampleMinisWomen50PlusTest.java:339)
at java.base/jdk.internal.reflect.DirectMethodHandleAccessor.invoke(DirectMethodHandleAccessor.java:104)
at java.base/java.lang.reflect.Method.invoke(Method.java:577)
at org.testng.internal.MethodInvocationHelper.invokeMethod(MethodInvocationHelper.java:133)
at org.testng.internal.TestInvoker.invokeMethod(TestInvoker.java:598)
at org.testng.internal.TestInvoker.invokeTestMethod(TestInvoker.java:173)
at org.testng.internal.MethodRunner.runInSequence(MethodRunner.java:46)
at org.testng.internal.TestInvoker$MethodInvocationAgent.invoke(TestInvoker.java:824)
at org.testng.internal.TestInvoker.invokeTestMethods(TestInvoker.java:146)
at org.testng.internal.TestMethodWorker.invokeTestMethods(TestMethodWorker.java:146)
at org.testng.internal.TestMethodWorker.run(TestMethodWorker.java:128)
at java.base/java.util.ArrayList.forEach(ArrayList.java:1511)
at org.testng.TestRunner.privateRun(TestRunner.java:794)
at org.testng.TestRunner.run(TestRunner.java:596)
at org.testng.SuiteRunner.runTest(SuiteRunner.java:377)
at org.testng.SuiteRunner.runSequentially(SuiteRunner.java:371)
at org.testng.SuiteRunner.privateRun(SuiteRunner.java:332)
at org.testng.SuiteRunner.run(SuiteRunner.java:276)
at org.testng.SuiteRunnerWorker.runSuite(SuiteRunnerWorker.java:53)
at org.testng.SuiteRunnerWorker.run(SuiteRunnerWorker.java:96)
at org.testng.TestNG.runSuitesSequentially(TestNG.java:1212)
at org.testng.TestNG.runSuitesLocally(TestNG.java:1134)
at org.testng.TestNG.runSuites(TestNG.java:1063)
at org.testng.TestNG.run(TestNG.java:1031)
at org.testng.remote.AbstractRemoteTestNG.run(AbstractRemoteTestNG.java:115)
at org.testng.remote.RemoteTestNG.initAndRun(RemoteTestNG.java:251)
at org.testng.remote.RemoteTestNG.main(RemoteTestNG.java:77)
]]>
    </error>
  </testcase> <!-- verifyBreadcrumbOne -->
  <system-out/>
  <testcase classname="com.qa.centrum.eng.test.CentrumSampleMinisWomen50PlusTest" name="verifyBreadcrumbTwo" time="22.874"/>
  <system-out/>
  <testcase classname="com.qa.centrum.eng.test.CentrumSampleMinisWomen50PlusTest" name="verifyBreadcrumbThree" time="65.363"/>
  <system-out/>
  <testcase classname="com.qa.centrum.eng.test.CentrumSampleMinisWomen50PlusTest" name="verifyBreadcrumbFour" time="19.023"/>
  <system-out/>
</testsuite> <!-- com.qa.centrum.eng.test.CentrumSampleMinisWomen50PlusTest -->
