<?xml version="1.0" encoding="UTF-8"?>
<!-- Generated by org.testng.reporters.JUnitReportReporter -->
<testsuite hostname="WKWZTPqvmdckJHX" failures="0" tests="16" name="com.qa.sensodyne.us.test.SensodyneFreshMintToothpasteTest" time="470.462" errors="2" timestamp="2023-01-24T11:09:15 IST" skipped="0">
  <testcase classname="com.qa.sensodyne.us.test.SensodyneFreshMintToothpasteTest" name="cookieButton" time="10.263"/>
  <system-out/>
  <testcase classname="com.qa.sensodyne.us.test.SensodyneFreshMintToothpasteTest" name="verifyWriteAReview" time="48.831">
    <error message="Expected condition failed: waiting for visibility of Proxy element for: DefaultElementLocator &#039;By.xpath: //span[text()=&#039;My Review for Fresh Mint&#039;]&#039; (tried for 20 second(s) with 500 milliseconds interval)" type="org.openqa.selenium.TimeoutException">
      <![CDATA[org.openqa.selenium.TimeoutException: Expected condition failed: waiting for visibility of Proxy element for: DefaultElementLocator 'By.xpath: //span[text()='My Review for Fresh Mint']' (tried for 20 second(s) with 500 milliseconds interval)
at org.openqa.selenium.support.ui.WebDriverWait.timeoutException(WebDriverWait.java:95)
at org.openqa.selenium.support.ui.FluentWait.until(FluentWait.java:272)
at com.qa.baseClass.BaseClass.visibilityOf(BaseClass.java:735)
at com.qa.sensodyne.us.page.SensodyneFreshMintToothpastePage.clickWriteAReview(SensodyneFreshMintToothpastePage.java:150)
at com.qa.sensodyne.us.test.SensodyneFreshMintToothpasteTest.verifyWriteAReview(SensodyneFreshMintToothpasteTest.java:47)
at java.base/jdk.internal.reflect.DirectMethodHandleAccessor.invoke(DirectMethodHandleAccessor.java:104)
at java.base/java.lang.reflect.Method.invoke(Method.java:577)
at org.testng.internal.MethodInvocationHelper.invokeMethod(MethodInvocationHelper.java:133)
at org.testng.internal.TestInvoker.invokeMethod(TestInvoker.java:598)
at org.testng.internal.TestInvoker.invokeTestMethod(TestInvoker.java:173)
at org.testng.internal.MethodRunner.runInSequence(MethodRunner.java:46)
at org.testng.internal.TestInvoker$MethodInvocationAgent.invoke(TestInvoker.java:824)
at org.testng.internal.TestInvoker.invokeTestMethods(TestInvoker.java:146)
at org.testng.internal.TestMethodWorker.invokeTestMethods(TestMethodWorker.java:146)
at org.testng.internal.TestMethodWorker.run(TestMethodWorker.java:128)
at java.base/java.util.ArrayList.forEach(ArrayList.java:1511)
at org.testng.TestRunner.privateRun(TestRunner.java:794)
at org.testng.TestRunner.run(TestRunner.java:596)
at org.testng.SuiteRunner.runTest(SuiteRunner.java:377)
at org.testng.SuiteRunner.runSequentially(SuiteRunner.java:371)
at org.testng.SuiteRunner.privateRun(SuiteRunner.java:332)
at org.testng.SuiteRunner.run(SuiteRunner.java:276)
at org.testng.SuiteRunnerWorker.runSuite(SuiteRunnerWorker.java:53)
at org.testng.SuiteRunnerWorker.run(SuiteRunnerWorker.java:96)
at org.testng.TestNG.runSuitesSequentially(TestNG.java:1212)
at org.testng.TestNG.runSuitesLocally(TestNG.java:1134)
at org.testng.TestNG.runSuites(TestNG.java:1063)
at org.testng.TestNG.run(TestNG.java:1031)
at org.testng.remote.AbstractRemoteTestNG.run(AbstractRemoteTestNG.java:115)
at org.testng.remote.RemoteTestNG.initAndRun(RemoteTestNG.java:251)
at org.testng.remote.RemoteTestNG.main(RemoteTestNG.java:77)
Caused by: org.openqa.selenium.NoSuchElementException: no such element: Unable to locate element: {"method":"xpath","selector":"//span[text()='My Review for Fresh Mint']"}
  (Session info: chrome=109.0.5414.75)
For documentation on this error, please visit: https://www.seleniumhq.org/exceptions/no_such_element.html
Build info: version: '3.141.59', revision: 'e82be7d358', time: '2018-11-14T08:17:03'
System info: host: 'WKWZTPQVMDCKJHX', ip: '192.168.95.49', os.name: 'Windows 11', os.arch: 'amd64', os.version: '10.0', java.version: '18.0.1'
Driver info: org.openqa.selenium.chrome.ChromeDriver
Capabilities {acceptInsecureCerts: false, browserName: chrome, browserVersion: 109.0.5414.75, chrome: {chromedriverVersion: 109.0.5414.74 (e7c5703604da..., userDataDir: C:\Users\sujsekar\AppData\L...}, goog:chromeOptions: {debuggerAddress: localhost:63598}, javascriptEnabled: true, networkConnectionEnabled: false, pageLoadStrategy: normal, platform: WINDOWS, platformName: WINDOWS, proxy: Proxy(), setWindowRect: true, strictFileInteractability: false, timeouts: {implicit: 0, pageLoad: 300000, script: 30000}, unhandledPromptBehavior: dismiss and notify, webauthn:extension:credBlob: true, webauthn:extension:largeBlob: true, webauthn:virtualAuthenticators: true}
Session ID: 01b71447c325196878ba6d5590bb29d3
*** Element info: {Using=xpath, value=//span[text()='My Review for Fresh Mint']}
at java.base/jdk.internal.reflect.DirectConstructorHandleAccessor.newInstance(DirectConstructorHandleAccessor.java:67)
at java.base/java.lang.reflect.Constructor.newInstanceWithCaller(Constructor.java:499)
at java.base/java.lang.reflect.Constructor.newInstance(Constructor.java:483)
at org.openqa.selenium.remote.http.W3CHttpResponseCodec.createException(W3CHttpResponseCodec.java:187)
at org.openqa.selenium.remote.http.W3CHttpResponseCodec.decode(W3CHttpResponseCodec.java:122)
at org.openqa.selenium.remote.http.W3CHttpResponseCodec.decode(W3CHttpResponseCodec.java:49)
at org.openqa.selenium.remote.HttpCommandExecutor.execute(HttpCommandExecutor.java:158)
at org.openqa.selenium.remote.service.DriverCommandExecutor.execute(DriverCommandExecutor.java:83)
at org.openqa.selenium.remote.RemoteWebDriver.execute(RemoteWebDriver.java:552)
at org.openqa.selenium.remote.RemoteWebDriver.findElement(RemoteWebDriver.java:323)
at org.openqa.selenium.remote.RemoteWebDriver.findElementByXPath(RemoteWebDriver.java:428)
at org.openqa.selenium.By$ByXPath.findElement(By.java:353)
at org.openqa.selenium.remote.RemoteWebDriver.findElement(RemoteWebDriver.java:315)
at org.openqa.selenium.support.pagefactory.DefaultElementLocator.findElement(DefaultElementLocator.java:69)
at org.openqa.selenium.support.pagefactory.internal.LocatingElementHandler.invoke(LocatingElementHandler.java:38)
at jdk.proxy2/jdk.proxy2.$Proxy14.isDisplayed(Unknown Source)
at org.openqa.selenium.support.ui.ExpectedConditions.elementIfVisible(ExpectedConditions.java:314)
at org.openqa.selenium.support.ui.ExpectedConditions.access$000(ExpectedConditions.java:43)
at org.openqa.selenium.support.ui.ExpectedConditions$10.apply(ExpectedConditions.java:300)
at org.openqa.selenium.support.ui.ExpectedConditions$10.apply(ExpectedConditions.java:297)
at org.openqa.selenium.support.ui.FluentWait.until(FluentWait.java:249)
... 29 more
]]>
    </error>
  </testcase> <!-- verifyWriteAReview -->
  <system-out/>
  <testcase classname="com.qa.sensodyne.us.test.SensodyneFreshMintToothpasteTest" name="verifyBuyNowOne" time="11.637"/>
  <system-out/>
  <testcase classname="com.qa.sensodyne.us.test.SensodyneFreshMintToothpasteTest" name="verifyGetCoupon" time="20.115"/>
  <system-out/>
  <testcase classname="com.qa.sensodyne.us.test.SensodyneFreshMintToothpasteTest" name="verifyIngredients" time="7.575"/>
  <system-out/>
  <testcase classname="com.qa.sensodyne.us.test.SensodyneFreshMintToothpasteTest" name="verifyDirections" time="8.896"/>
  <system-out/>
  <testcase classname="com.qa.sensodyne.us.test.SensodyneFreshMintToothpasteTest" name="verifyWarnings" time="8.824"/>
  <system-out/>
  <testcase classname="com.qa.sensodyne.us.test.SensodyneFreshMintToothpasteTest" name="verifyYoutubeLink" time="24.456"/>
  <system-out/>
  <testcase classname="com.qa.sensodyne.us.test.SensodyneFreshMintToothpasteTest" name="verifyMostPopularProductsOne" time="55.100"/>
  <system-out/>
  <testcase classname="com.qa.sensodyne.us.test.SensodyneFreshMintToothpasteTest" name="verifyMostPopularProductsTwo" time="53.434"/>
  <system-out/>
  <testcase classname="com.qa.sensodyne.us.test.SensodyneFreshMintToothpasteTest" name="verifyMostPopularProductsThree" time="31.307">
    <error message="Unable to scroll down the page" type="java.lang.Exception">
      <![CDATA[java.lang.Exception: Unable to scroll down the page
at com.qa.baseClass.BaseClass.scrollDownUsingElement(BaseClass.java:299)
at com.qa.sensodyne.us.page.SensodyneFreshMintToothpastePage.clickMostPopularProductsThree(SensodyneFreshMintToothpastePage.java:223)
at com.qa.sensodyne.us.test.SensodyneFreshMintToothpasteTest.verifyMostPopularProductsThree(SensodyneFreshMintToothpasteTest.java:143)
at java.base/jdk.internal.reflect.DirectMethodHandleAccessor.invoke(DirectMethodHandleAccessor.java:104)
at java.base/java.lang.reflect.Method.invoke(Method.java:577)
at org.testng.internal.MethodInvocationHelper.invokeMethod(MethodInvocationHelper.java:133)
at org.testng.internal.TestInvoker.invokeMethod(TestInvoker.java:598)
at org.testng.internal.TestInvoker.invokeTestMethod(TestInvoker.java:173)
at org.testng.internal.MethodRunner.runInSequence(MethodRunner.java:46)
at org.testng.internal.TestInvoker$MethodInvocationAgent.invoke(TestInvoker.java:824)
at org.testng.internal.TestInvoker.invokeTestMethods(TestInvoker.java:146)
at org.testng.internal.TestMethodWorker.invokeTestMethods(TestMethodWorker.java:146)
at org.testng.internal.TestMethodWorker.run(TestMethodWorker.java:128)
at java.base/java.util.ArrayList.forEach(ArrayList.java:1511)
at org.testng.TestRunner.privateRun(TestRunner.java:794)
at org.testng.TestRunner.run(TestRunner.java:596)
at org.testng.SuiteRunner.runTest(SuiteRunner.java:377)
at org.testng.SuiteRunner.runSequentially(SuiteRunner.java:371)
at org.testng.SuiteRunner.privateRun(SuiteRunner.java:332)
at org.testng.SuiteRunner.run(SuiteRunner.java:276)
at org.testng.SuiteRunnerWorker.runSuite(SuiteRunnerWorker.java:53)
at org.testng.SuiteRunnerWorker.run(SuiteRunnerWorker.java:96)
at org.testng.TestNG.runSuitesSequentially(TestNG.java:1212)
at org.testng.TestNG.runSuitesLocally(TestNG.java:1134)
at org.testng.TestNG.runSuites(TestNG.java:1063)
at org.testng.TestNG.run(TestNG.java:1031)
at org.testng.remote.AbstractRemoteTestNG.run(AbstractRemoteTestNG.java:115)
at org.testng.remote.RemoteTestNG.initAndRun(RemoteTestNG.java:251)
at org.testng.remote.RemoteTestNG.main(RemoteTestNG.java:77)
]]>
    </error>
  </testcase> <!-- verifyMostPopularProductsThree -->
  <system-out/>
  <testcase classname="com.qa.sensodyne.us.test.SensodyneFreshMintToothpasteTest" name="verifyMostPopularProductsFour" time="46.266"/>
  <system-out/>
  <testcase classname="com.qa.sensodyne.us.test.SensodyneFreshMintToothpasteTest" name="verifyMostPopularProductsFive" time="73.281"/>
  <system-out/>
  <testcase classname="com.qa.sensodyne.us.test.SensodyneFreshMintToothpasteTest" name="verifyGetYourCoupon" time="21.213"/>
  <system-out/>
  <testcase classname="com.qa.sensodyne.us.test.SensodyneFreshMintToothpasteTest" name="verifyFindYourStore" time="28.565"/>
  <system-out/>
  <testcase classname="com.qa.sensodyne.us.test.SensodyneFreshMintToothpasteTest" name="verifyBreadCrumb" time="20.699"/>
  <system-out/>
</testsuite> <!-- com.qa.sensodyne.us.test.SensodyneFreshMintToothpasteTest -->
