<?xml version="1.0" encoding="UTF-8"?>
<!-- Generated by org.testng.reporters.JUnitReportReporter -->
<testsuite hostname="WKWZTPqvmdckJHX" failures="0" tests="22" name="com.qa.voltarengel.test.VoltarengelHomeTest" time="315.560" errors="2" timestamp="2023-04-23T23:50:50 IST" skipped="4">
  <testcase classname="com.qa.voltarengel.test.VoltarengelHomeTest" name="cookieButton" time="8.085"/>
  <system-out/>
  <testcase classname="com.qa.voltarengel.test.VoltarengelHomeTest" name="verifyBreadcrumbOne" time="14.876"/>
  <system-out/>
  <testcase classname="com.qa.voltarengel.test.VoltarengelHomeTest" name="verifyBreadcrumbTwo" time="11.280"/>
  <system-out/>
  <testcase classname="com.qa.voltarengel.test.VoltarengelHomeTest" name="verifyBreadcrumbThree" time="8.476"/>
  <system-out/>
  <testcase classname="com.qa.voltarengel.test.VoltarengelHomeTest" name="verifyBreadcrumbFour" time="9.980"/>
  <system-out/>
  <testcase classname="com.qa.voltarengel.test.VoltarengelHomeTest" name="verifyHyperLinkLiveWithArthritis" time="8.654"/>
  <system-out/>
  <testcase classname="com.qa.voltarengel.test.VoltarengelHomeTest" name="verifyHyperLinkDiscomfort" time="12.244"/>
  <system-out/>
  <testcase classname="com.qa.voltarengel.test.VoltarengelHomeTest" name="verifyHyperLinkRelief" time="9.339"/>
  <system-out/>
  <testcase classname="com.qa.voltarengel.test.VoltarengelHomeTest" name="verifyHyperLinkEasingPain" time="10.413"/>
  <system-out/>
  <testcase classname="com.qa.voltarengel.test.VoltarengelHomeTest" name="verifyHyperLinkExercise" time="15.761"/>
  <system-out/>
  <testcase classname="com.qa.voltarengel.test.VoltarengelHomeTest" name="verifyHyperLinkEatAHealthyDiet" time="10.366"/>
  <system-out/>
  <testcase classname="com.qa.voltarengel.test.VoltarengelHomeTest" name="verifyYoutubeVideo" time="16.866"/>
  <system-out/>
  <testcase classname="com.qa.voltarengel.test.VoltarengelHomeTest" name="verifyShowTranscript" time="5.128"/>
  <system-out/>
  <testcase classname="com.qa.voltarengel.test.VoltarengelHomeTest" name="verifyShowReference" time="5.349"/>
  <system-out/>
  <testcase classname="com.qa.voltarengel.test.VoltarengelHomeTest" name="verifyRelatedArticleReadMoreOne" time="24.980">
    <skipped/>
  </testcase> <!-- verifyRelatedArticleReadMoreOne -->
  <system-out/>
  <testcase classname="com.qa.voltarengel.test.VoltarengelHomeTest" name="verifyRelatedArticleReadMoreOne" time="25.716">
    <skipped/>
  </testcase> <!-- verifyRelatedArticleReadMoreOne -->
  <system-out/>
  <testcase classname="com.qa.voltarengel.test.VoltarengelHomeTest" name="verifyRelatedArticleReadMoreOne" time="25.697">
    <error message="Related Article Read More One is not preseneted in the page" type="java.lang.Exception">
      <![CDATA[java.lang.Exception: Related Article Read More One is not preseneted in the page
at com.qa.voltarengel.pages.VoltarengelHomePage.clickRelatedArticleReadMoreOne(VoltarengelHomePage.java:365)
at com.qa.voltarengel.test.VoltarengelHomeTest.verifyRelatedArticleReadMoreOne(VoltarengelHomeTest.java:197)
at java.base/jdk.internal.reflect.DirectMethodHandleAccessor.invoke(DirectMethodHandleAccessor.java:104)
at java.base/java.lang.reflect.Method.invoke(Method.java:577)
at org.testng.internal.MethodInvocationHelper.invokeMethod(MethodInvocationHelper.java:133)
at org.testng.internal.TestInvoker.invokeMethod(TestInvoker.java:598)
at org.testng.internal.TestInvoker.retryFailed(TestInvoker.java:213)
at org.testng.internal.MethodRunner.runInSequence(MethodRunner.java:58)
at org.testng.internal.TestInvoker$MethodInvocationAgent.invoke(TestInvoker.java:824)
at org.testng.internal.TestInvoker.invokeTestMethods(TestInvoker.java:146)
at org.testng.internal.TestMethodWorker.invokeTestMethods(TestMethodWorker.java:146)
at org.testng.internal.TestMethodWorker.run(TestMethodWorker.java:128)
at java.base/java.util.ArrayList.forEach(ArrayList.java:1511)
at org.testng.TestRunner.privateRun(TestRunner.java:794)
at org.testng.TestRunner.run(TestRunner.java:596)
at org.testng.SuiteRunner.runTest(SuiteRunner.java:377)
at org.testng.SuiteRunner.runSequentially(SuiteRunner.java:371)
at org.testng.SuiteRunner.privateRun(SuiteRunner.java:332)
at org.testng.SuiteRunner.run(SuiteRunner.java:276)
at org.testng.SuiteRunnerWorker.runSuite(SuiteRunnerWorker.java:53)
at org.testng.SuiteRunnerWorker.run(SuiteRunnerWorker.java:96)
at org.testng.TestNG.runSuitesSequentially(TestNG.java:1212)
at org.testng.TestNG.runSuitesLocally(TestNG.java:1134)
at org.testng.TestNG.runSuites(TestNG.java:1063)
at org.testng.TestNG.run(TestNG.java:1031)
at org.testng.remote.AbstractRemoteTestNG.run(AbstractRemoteTestNG.java:115)
at org.testng.remote.RemoteTestNG.initAndRun(RemoteTestNG.java:251)
at org.testng.remote.RemoteTestNG.main(RemoteTestNG.java:77)
]]>
    </error>
  </testcase> <!-- verifyRelatedArticleReadMoreOne -->
  <system-out/>
  <testcase classname="com.qa.voltarengel.test.VoltarengelHomeTest" name="verifyRelatedArticleReadMoreTwo" time="25.055">
    <skipped/>
  </testcase> <!-- verifyRelatedArticleReadMoreTwo -->
  <system-out/>
  <testcase classname="com.qa.voltarengel.test.VoltarengelHomeTest" name="verifyRelatedArticleReadMoreTwo" time="24.304">
    <error message="Related Article Read More Two is not preseneted in the page" type="java.lang.Exception">
      <![CDATA[java.lang.Exception: Related Article Read More Two is not preseneted in the page
at com.qa.voltarengel.pages.VoltarengelHomePage.clickRelatedArticleReadMoreTwo(VoltarengelHomePage.java:378)
at com.qa.voltarengel.test.VoltarengelHomeTest.verifyRelatedArticleReadMoreTwo(VoltarengelHomeTest.java:209)
at java.base/jdk.internal.reflect.DirectMethodHandleAccessor.invoke(DirectMethodHandleAccessor.java:104)
at java.base/java.lang.reflect.Method.invoke(Method.java:577)
at org.testng.internal.MethodInvocationHelper.invokeMethod(MethodInvocationHelper.java:133)
at org.testng.internal.TestInvoker.invokeMethod(TestInvoker.java:598)
at org.testng.internal.TestInvoker.retryFailed(TestInvoker.java:213)
at org.testng.internal.MethodRunner.runInSequence(MethodRunner.java:58)
at org.testng.internal.TestInvoker$MethodInvocationAgent.invoke(TestInvoker.java:824)
at org.testng.internal.TestInvoker.invokeTestMethods(TestInvoker.java:146)
at org.testng.internal.TestMethodWorker.invokeTestMethods(TestMethodWorker.java:146)
at org.testng.internal.TestMethodWorker.run(TestMethodWorker.java:128)
at java.base/java.util.ArrayList.forEach(ArrayList.java:1511)
at org.testng.TestRunner.privateRun(TestRunner.java:794)
at org.testng.TestRunner.run(TestRunner.java:596)
at org.testng.SuiteRunner.runTest(SuiteRunner.java:377)
at org.testng.SuiteRunner.runSequentially(SuiteRunner.java:371)
at org.testng.SuiteRunner.privateRun(SuiteRunner.java:332)
at org.testng.SuiteRunner.run(SuiteRunner.java:276)
at org.testng.SuiteRunnerWorker.runSuite(SuiteRunnerWorker.java:53)
at org.testng.SuiteRunnerWorker.run(SuiteRunnerWorker.java:96)
at org.testng.TestNG.runSuitesSequentially(TestNG.java:1212)
at org.testng.TestNG.runSuitesLocally(TestNG.java:1134)
at org.testng.TestNG.runSuites(TestNG.java:1063)
at org.testng.TestNG.run(TestNG.java:1031)
at org.testng.remote.AbstractRemoteTestNG.run(AbstractRemoteTestNG.java:115)
at org.testng.remote.RemoteTestNG.initAndRun(RemoteTestNG.java:251)
at org.testng.remote.RemoteTestNG.main(RemoteTestNG.java:77)
]]>
    </error>
  </testcase> <!-- verifyRelatedArticleReadMoreTwo -->
  <system-out/>
  <testcase classname="com.qa.voltarengel.test.VoltarengelHomeTest" name="verifyRelatedArticleReadMoreTwo" time="25.176">
    <skipped/>
  </testcase> <!-- verifyRelatedArticleReadMoreTwo -->
  <system-out/>
  <testcase classname="com.qa.voltarengel.test.VoltarengelHomeTest" name="verifyGetCoupons" time="11.958"/>
  <system-out/>
  <testcase classname="com.qa.voltarengel.test.VoltarengelHomeTest" name="verifyBuyNow" time="5.857"/>
  <system-out/>
</testsuite> <!-- com.qa.voltarengel.test.VoltarengelHomeTest -->
