<?xml version="1.0" encoding="UTF-8"?>
<!-- Generated by org.testng.reporters.JUnitReportReporter -->
<testsuite hostname="WKWZTPqvmdckJHX" failures="0" tests="33" name="com.qa.sensodyne.us.test.SensodyneSensitivityToColdTest" time="762.941" errors="6" timestamp="2023-01-24T19:02:32 IST" skipped="0">
  <testcase classname="com.qa.sensodyne.us.test.SensodyneSensitivityToColdTest" name="cookieButton" time="49.103"/>
  <system-out/>
  <testcase classname="com.qa.sensodyne.us.test.SensodyneSensitivityToColdTest" name="verifyToothEnamel" time="28.824"/>
  <system-out/>
  <testcase classname="com.qa.sensodyne.us.test.SensodyneSensitivityToColdTest" name="verifyToothSensitivity" time="23.790"/>
  <system-out/>
  <testcase classname="com.qa.sensodyne.us.test.SensodyneSensitivityToColdTest" name="verifyToothSensitivityYoutubeLink" time="30.496"/>
  <system-out/>
  <testcase classname="com.qa.sensodyne.us.test.SensodyneSensitivityToColdTest" name="verifyIngredients" time="21.512"/>
  <system-out/>
  <testcase classname="com.qa.sensodyne.us.test.SensodyneSensitivityToColdTest" name="verifyFindWhichSensodyne" time="32.213"/>
  <system-out/>
  <testcase classname="com.qa.sensodyne.us.test.SensodyneSensitivityToColdTest" name="verifyProductTextOne" time="26.423"/>
  <system-out/>
  <testcase classname="com.qa.sensodyne.us.test.SensodyneSensitivityToColdTest" name="verifyProductTextTwo" time="18.978"/>
  <system-out/>
  <testcase classname="com.qa.sensodyne.us.test.SensodyneSensitivityToColdTest" name="verifyProductTextThree" time="18.338"/>
  <system-out/>
  <testcase classname="com.qa.sensodyne.us.test.SensodyneSensitivityToColdTest" name="verifyProductTextFour" time="24.078"/>
  <system-out/>
  <testcase classname="com.qa.sensodyne.us.test.SensodyneSensitivityToColdTest" name="verifyProductImageOne" time="22.989"/>
  <system-out/>
  <testcase classname="com.qa.sensodyne.us.test.SensodyneSensitivityToColdTest" name="verifyProductImageTwo" time="23.770"/>
  <system-out/>
  <testcase classname="com.qa.sensodyne.us.test.SensodyneSensitivityToColdTest" name="verifyProductImageThree" time="22.088"/>
  <system-out/>
  <testcase classname="com.qa.sensodyne.us.test.SensodyneSensitivityToColdTest" name="verifyProductImageFour" time="19.890"/>
  <system-out/>
  <testcase classname="com.qa.sensodyne.us.test.SensodyneSensitivityToColdTest" name="verifyBuyNowOne" time="13.918"/>
  <system-out/>
  <testcase classname="com.qa.sensodyne.us.test.SensodyneSensitivityToColdTest" name="verifyBuyNowTwo" time="10.050"/>
  <system-out/>
  <testcase classname="com.qa.sensodyne.us.test.SensodyneSensitivityToColdTest" name="verifyBuyNowThree" time="9.919"/>
  <system-out/>
  <testcase classname="com.qa.sensodyne.us.test.SensodyneSensitivityToColdTest" name="verifyBuyNowFour" time="12.961"/>
  <system-out/>
  <testcase classname="com.qa.sensodyne.us.test.SensodyneSensitivityToColdTest" name="verifyProductCardLearnMoreOne" time="19.546"/>
  <system-out/>
  <testcase classname="com.qa.sensodyne.us.test.SensodyneSensitivityToColdTest" name="verifyProductCardLearnMoreTwo" time="21.746"/>
  <system-out/>
  <testcase classname="com.qa.sensodyne.us.test.SensodyneSensitivityToColdTest" name="verifyProductCardLearnMoreThree" time="22.684"/>
  <system-out/>
  <testcase classname="com.qa.sensodyne.us.test.SensodyneSensitivityToColdTest" name="verifyProductCardLearnMoreFour" time="21.121"/>
  <system-out/>
  <testcase classname="com.qa.sensodyne.us.test.SensodyneSensitivityToColdTest" name="verifyRadioButtonOne" time="26.480">
    <error message="Unable to scroll down the page" type="java.lang.Exception">
      <![CDATA[java.lang.Exception: Unable to scroll down the page
at com.qa.baseClass.BaseClass.scrollDownUsingElement(BaseClass.java:299)
at com.qa.sensodyne.us.page.SensodyneSensitivityToColdPage.clickRadioButtonOne(SensodyneSensitivityToColdPage.java:381)
at com.qa.sensodyne.us.test.SensodyneSensitivityToColdTest.verifyRadioButtonOne(SensodyneSensitivityToColdTest.java:293)
at java.base/jdk.internal.reflect.DirectMethodHandleAccessor.invoke(DirectMethodHandleAccessor.java:104)
at java.base/java.lang.reflect.Method.invoke(Method.java:577)
at org.testng.internal.MethodInvocationHelper.invokeMethod(MethodInvocationHelper.java:133)
at org.testng.internal.TestInvoker.invokeMethod(TestInvoker.java:598)
at org.testng.internal.TestInvoker.invokeTestMethod(TestInvoker.java:173)
at org.testng.internal.MethodRunner.runInSequence(MethodRunner.java:46)
at org.testng.internal.TestInvoker$MethodInvocationAgent.invoke(TestInvoker.java:824)
at org.testng.internal.TestInvoker.invokeTestMethods(TestInvoker.java:146)
at org.testng.internal.TestMethodWorker.invokeTestMethods(TestMethodWorker.java:146)
at org.testng.internal.TestMethodWorker.run(TestMethodWorker.java:128)
at java.base/java.util.ArrayList.forEach(ArrayList.java:1511)
at org.testng.TestRunner.privateRun(TestRunner.java:794)
at org.testng.TestRunner.run(TestRunner.java:596)
at org.testng.SuiteRunner.runTest(SuiteRunner.java:377)
at org.testng.SuiteRunner.runSequentially(SuiteRunner.java:371)
at org.testng.SuiteRunner.privateRun(SuiteRunner.java:332)
at org.testng.SuiteRunner.run(SuiteRunner.java:276)
at org.testng.SuiteRunnerWorker.runSuite(SuiteRunnerWorker.java:53)
at org.testng.SuiteRunnerWorker.run(SuiteRunnerWorker.java:96)
at org.testng.TestNG.runSuitesSequentially(TestNG.java:1212)
at org.testng.TestNG.runSuitesLocally(TestNG.java:1134)
at org.testng.TestNG.runSuites(TestNG.java:1063)
at org.testng.TestNG.run(TestNG.java:1031)
at org.testng.remote.AbstractRemoteTestNG.run(AbstractRemoteTestNG.java:115)
at org.testng.remote.RemoteTestNG.initAndRun(RemoteTestNG.java:251)
at org.testng.remote.RemoteTestNG.main(RemoteTestNG.java:77)
]]>
    </error>
  </testcase> <!-- verifyRadioButtonOne -->
  <system-out/>
  <testcase classname="com.qa.sensodyne.us.test.SensodyneSensitivityToColdTest" name="verifyRadioButtonTwo" time="26.515">
    <error message="Unable to scroll down the page" type="java.lang.Exception">
      <![CDATA[java.lang.Exception: Unable to scroll down the page
at com.qa.baseClass.BaseClass.scrollDownUsingElement(BaseClass.java:299)
at com.qa.sensodyne.us.page.SensodyneSensitivityToColdPage.clickRadioButtonTwo(SensodyneSensitivityToColdPage.java:394)
at com.qa.sensodyne.us.test.SensodyneSensitivityToColdTest.verifyRadioButtonTwo(SensodyneSensitivityToColdTest.java:303)
at java.base/jdk.internal.reflect.DirectMethodHandleAccessor.invoke(DirectMethodHandleAccessor.java:104)
at java.base/java.lang.reflect.Method.invoke(Method.java:577)
at org.testng.internal.MethodInvocationHelper.invokeMethod(MethodInvocationHelper.java:133)
at org.testng.internal.TestInvoker.invokeMethod(TestInvoker.java:598)
at org.testng.internal.TestInvoker.invokeTestMethod(TestInvoker.java:173)
at org.testng.internal.MethodRunner.runInSequence(MethodRunner.java:46)
at org.testng.internal.TestInvoker$MethodInvocationAgent.invoke(TestInvoker.java:824)
at org.testng.internal.TestInvoker.invokeTestMethods(TestInvoker.java:146)
at org.testng.internal.TestMethodWorker.invokeTestMethods(TestMethodWorker.java:146)
at org.testng.internal.TestMethodWorker.run(TestMethodWorker.java:128)
at java.base/java.util.ArrayList.forEach(ArrayList.java:1511)
at org.testng.TestRunner.privateRun(TestRunner.java:794)
at org.testng.TestRunner.run(TestRunner.java:596)
at org.testng.SuiteRunner.runTest(SuiteRunner.java:377)
at org.testng.SuiteRunner.runSequentially(SuiteRunner.java:371)
at org.testng.SuiteRunner.privateRun(SuiteRunner.java:332)
at org.testng.SuiteRunner.run(SuiteRunner.java:276)
at org.testng.SuiteRunnerWorker.runSuite(SuiteRunnerWorker.java:53)
at org.testng.SuiteRunnerWorker.run(SuiteRunnerWorker.java:96)
at org.testng.TestNG.runSuitesSequentially(TestNG.java:1212)
at org.testng.TestNG.runSuitesLocally(TestNG.java:1134)
at org.testng.TestNG.runSuites(TestNG.java:1063)
at org.testng.TestNG.run(TestNG.java:1031)
at org.testng.remote.AbstractRemoteTestNG.run(AbstractRemoteTestNG.java:115)
at org.testng.remote.RemoteTestNG.initAndRun(RemoteTestNG.java:251)
at org.testng.remote.RemoteTestNG.main(RemoteTestNG.java:77)
]]>
    </error>
  </testcase> <!-- verifyRadioButtonTwo -->
  <system-out/>
  <testcase classname="com.qa.sensodyne.us.test.SensodyneSensitivityToColdTest" name="verifyRadioButtonThree" time="33.760">
    <error message="Unable to scroll down the page" type="java.lang.Exception">
      <![CDATA[java.lang.Exception: Unable to scroll down the page
at com.qa.baseClass.BaseClass.scrollDownUsingElement(BaseClass.java:299)
at com.qa.sensodyne.us.page.SensodyneSensitivityToColdPage.clickRadioButtonThree(SensodyneSensitivityToColdPage.java:406)
at com.qa.sensodyne.us.test.SensodyneSensitivityToColdTest.verifyRadioButtonThree(SensodyneSensitivityToColdTest.java:313)
at java.base/jdk.internal.reflect.DirectMethodHandleAccessor.invoke(DirectMethodHandleAccessor.java:104)
at java.base/java.lang.reflect.Method.invoke(Method.java:577)
at org.testng.internal.MethodInvocationHelper.invokeMethod(MethodInvocationHelper.java:133)
at org.testng.internal.TestInvoker.invokeMethod(TestInvoker.java:598)
at org.testng.internal.TestInvoker.invokeTestMethod(TestInvoker.java:173)
at org.testng.internal.MethodRunner.runInSequence(MethodRunner.java:46)
at org.testng.internal.TestInvoker$MethodInvocationAgent.invoke(TestInvoker.java:824)
at org.testng.internal.TestInvoker.invokeTestMethods(TestInvoker.java:146)
at org.testng.internal.TestMethodWorker.invokeTestMethods(TestMethodWorker.java:146)
at org.testng.internal.TestMethodWorker.run(TestMethodWorker.java:128)
at java.base/java.util.ArrayList.forEach(ArrayList.java:1511)
at org.testng.TestRunner.privateRun(TestRunner.java:794)
at org.testng.TestRunner.run(TestRunner.java:596)
at org.testng.SuiteRunner.runTest(SuiteRunner.java:377)
at org.testng.SuiteRunner.runSequentially(SuiteRunner.java:371)
at org.testng.SuiteRunner.privateRun(SuiteRunner.java:332)
at org.testng.SuiteRunner.run(SuiteRunner.java:276)
at org.testng.SuiteRunnerWorker.runSuite(SuiteRunnerWorker.java:53)
at org.testng.SuiteRunnerWorker.run(SuiteRunnerWorker.java:96)
at org.testng.TestNG.runSuitesSequentially(TestNG.java:1212)
at org.testng.TestNG.runSuitesLocally(TestNG.java:1134)
at org.testng.TestNG.runSuites(TestNG.java:1063)
at org.testng.TestNG.run(TestNG.java:1031)
at org.testng.remote.AbstractRemoteTestNG.run(AbstractRemoteTestNG.java:115)
at org.testng.remote.RemoteTestNG.initAndRun(RemoteTestNG.java:251)
at org.testng.remote.RemoteTestNG.main(RemoteTestNG.java:77)
]]>
    </error>
  </testcase> <!-- verifyRadioButtonThree -->
  <system-out/>
  <testcase classname="com.qa.sensodyne.us.test.SensodyneSensitivityToColdTest" name="verifyRadioButtonFour" time="24.432">
    <error message="Unable to scroll down the page" type="java.lang.Exception">
      <![CDATA[java.lang.Exception: Unable to scroll down the page
at com.qa.baseClass.BaseClass.scrollDownUsingElement(BaseClass.java:299)
at com.qa.sensodyne.us.page.SensodyneSensitivityToColdPage.clickRadioButtonFour(SensodyneSensitivityToColdPage.java:419)
at com.qa.sensodyne.us.test.SensodyneSensitivityToColdTest.verifyRadioButtonFour(SensodyneSensitivityToColdTest.java:323)
at java.base/jdk.internal.reflect.DirectMethodHandleAccessor.invoke(DirectMethodHandleAccessor.java:104)
at java.base/java.lang.reflect.Method.invoke(Method.java:577)
at org.testng.internal.MethodInvocationHelper.invokeMethod(MethodInvocationHelper.java:133)
at org.testng.internal.TestInvoker.invokeMethod(TestInvoker.java:598)
at org.testng.internal.TestInvoker.invokeTestMethod(TestInvoker.java:173)
at org.testng.internal.MethodRunner.runInSequence(MethodRunner.java:46)
at org.testng.internal.TestInvoker$MethodInvocationAgent.invoke(TestInvoker.java:824)
at org.testng.internal.TestInvoker.invokeTestMethods(TestInvoker.java:146)
at org.testng.internal.TestMethodWorker.invokeTestMethods(TestMethodWorker.java:146)
at org.testng.internal.TestMethodWorker.run(TestMethodWorker.java:128)
at java.base/java.util.ArrayList.forEach(ArrayList.java:1511)
at org.testng.TestRunner.privateRun(TestRunner.java:794)
at org.testng.TestRunner.run(TestRunner.java:596)
at org.testng.SuiteRunner.runTest(SuiteRunner.java:377)
at org.testng.SuiteRunner.runSequentially(SuiteRunner.java:371)
at org.testng.SuiteRunner.privateRun(SuiteRunner.java:332)
at org.testng.SuiteRunner.run(SuiteRunner.java:276)
at org.testng.SuiteRunnerWorker.runSuite(SuiteRunnerWorker.java:53)
at org.testng.SuiteRunnerWorker.run(SuiteRunnerWorker.java:96)
at org.testng.TestNG.runSuitesSequentially(TestNG.java:1212)
at org.testng.TestNG.runSuitesLocally(TestNG.java:1134)
at org.testng.TestNG.runSuites(TestNG.java:1063)
at org.testng.TestNG.run(TestNG.java:1031)
at org.testng.remote.AbstractRemoteTestNG.run(AbstractRemoteTestNG.java:115)
at org.testng.remote.RemoteTestNG.initAndRun(RemoteTestNG.java:251)
at org.testng.remote.RemoteTestNG.main(RemoteTestNG.java:77)
]]>
    </error>
  </testcase> <!-- verifyRadioButtonFour -->
  <system-out/>
  <testcase classname="com.qa.sensodyne.us.test.SensodyneSensitivityToColdTest" name="verifyRadioButtonFive" time="27.333">
    <error message="Unable to scroll down the page" type="java.lang.Exception">
      <![CDATA[java.lang.Exception: Unable to scroll down the page
at com.qa.baseClass.BaseClass.scrollDownUsingElement(BaseClass.java:299)
at com.qa.sensodyne.us.page.SensodyneSensitivityToColdPage.clickRadioButtonFive(SensodyneSensitivityToColdPage.java:432)
at com.qa.sensodyne.us.test.SensodyneSensitivityToColdTest.verifyRadioButtonFive(SensodyneSensitivityToColdTest.java:333)
at java.base/jdk.internal.reflect.DirectMethodHandleAccessor.invoke(DirectMethodHandleAccessor.java:104)
at java.base/java.lang.reflect.Method.invoke(Method.java:577)
at org.testng.internal.MethodInvocationHelper.invokeMethod(MethodInvocationHelper.java:133)
at org.testng.internal.TestInvoker.invokeMethod(TestInvoker.java:598)
at org.testng.internal.TestInvoker.invokeTestMethod(TestInvoker.java:173)
at org.testng.internal.MethodRunner.runInSequence(MethodRunner.java:46)
at org.testng.internal.TestInvoker$MethodInvocationAgent.invoke(TestInvoker.java:824)
at org.testng.internal.TestInvoker.invokeTestMethods(TestInvoker.java:146)
at org.testng.internal.TestMethodWorker.invokeTestMethods(TestMethodWorker.java:146)
at org.testng.internal.TestMethodWorker.run(TestMethodWorker.java:128)
at java.base/java.util.ArrayList.forEach(ArrayList.java:1511)
at org.testng.TestRunner.privateRun(TestRunner.java:794)
at org.testng.TestRunner.run(TestRunner.java:596)
at org.testng.SuiteRunner.runTest(SuiteRunner.java:377)
at org.testng.SuiteRunner.runSequentially(SuiteRunner.java:371)
at org.testng.SuiteRunner.privateRun(SuiteRunner.java:332)
at org.testng.SuiteRunner.run(SuiteRunner.java:276)
at org.testng.SuiteRunnerWorker.runSuite(SuiteRunnerWorker.java:53)
at org.testng.SuiteRunnerWorker.run(SuiteRunnerWorker.java:96)
at org.testng.TestNG.runSuitesSequentially(TestNG.java:1212)
at org.testng.TestNG.runSuitesLocally(TestNG.java:1134)
at org.testng.TestNG.runSuites(TestNG.java:1063)
at org.testng.TestNG.run(TestNG.java:1031)
at org.testng.remote.AbstractRemoteTestNG.run(AbstractRemoteTestNG.java:115)
at org.testng.remote.RemoteTestNG.initAndRun(RemoteTestNG.java:251)
at org.testng.remote.RemoteTestNG.main(RemoteTestNG.java:77)
]]>
    </error>
  </testcase> <!-- verifyRadioButtonFive -->
  <system-out/>
  <testcase classname="com.qa.sensodyne.us.test.SensodyneSensitivityToColdTest" name="verifyRadioButtonSix" time="32.394">
    <error message="Unable to scroll down the page" type="java.lang.Exception">
      <![CDATA[java.lang.Exception: Unable to scroll down the page
at com.qa.baseClass.BaseClass.scrollDownUsingElement(BaseClass.java:299)
at com.qa.sensodyne.us.page.SensodyneSensitivityToColdPage.clickRadioButtonSix(SensodyneSensitivityToColdPage.java:445)
at com.qa.sensodyne.us.test.SensodyneSensitivityToColdTest.verifyRadioButtonSix(SensodyneSensitivityToColdTest.java:343)
at java.base/jdk.internal.reflect.DirectMethodHandleAccessor.invoke(DirectMethodHandleAccessor.java:104)
at java.base/java.lang.reflect.Method.invoke(Method.java:577)
at org.testng.internal.MethodInvocationHelper.invokeMethod(MethodInvocationHelper.java:133)
at org.testng.internal.TestInvoker.invokeMethod(TestInvoker.java:598)
at org.testng.internal.TestInvoker.invokeTestMethod(TestInvoker.java:173)
at org.testng.internal.MethodRunner.runInSequence(MethodRunner.java:46)
at org.testng.internal.TestInvoker$MethodInvocationAgent.invoke(TestInvoker.java:824)
at org.testng.internal.TestInvoker.invokeTestMethods(TestInvoker.java:146)
at org.testng.internal.TestMethodWorker.invokeTestMethods(TestMethodWorker.java:146)
at org.testng.internal.TestMethodWorker.run(TestMethodWorker.java:128)
at java.base/java.util.ArrayList.forEach(ArrayList.java:1511)
at org.testng.TestRunner.privateRun(TestRunner.java:794)
at org.testng.TestRunner.run(TestRunner.java:596)
at org.testng.SuiteRunner.runTest(SuiteRunner.java:377)
at org.testng.SuiteRunner.runSequentially(SuiteRunner.java:371)
at org.testng.SuiteRunner.privateRun(SuiteRunner.java:332)
at org.testng.SuiteRunner.run(SuiteRunner.java:276)
at org.testng.SuiteRunnerWorker.runSuite(SuiteRunnerWorker.java:53)
at org.testng.SuiteRunnerWorker.run(SuiteRunnerWorker.java:96)
at org.testng.TestNG.runSuitesSequentially(TestNG.java:1212)
at org.testng.TestNG.runSuitesLocally(TestNG.java:1134)
at org.testng.TestNG.runSuites(TestNG.java:1063)
at org.testng.TestNG.run(TestNG.java:1031)
at org.testng.remote.AbstractRemoteTestNG.run(AbstractRemoteTestNG.java:115)
at org.testng.remote.RemoteTestNG.initAndRun(RemoteTestNG.java:251)
at org.testng.remote.RemoteTestNG.main(RemoteTestNG.java:77)
]]>
    </error>
  </testcase> <!-- verifyRadioButtonSix -->
  <system-out/>
  <testcase classname="com.qa.sensodyne.us.test.SensodyneSensitivityToColdTest" name="verifyRelatedArticleOne" time="18.983"/>
  <system-out/>
  <testcase classname="com.qa.sensodyne.us.test.SensodyneSensitivityToColdTest" name="verifyRelatedArticleTwo" time="20.216"/>
  <system-out/>
  <testcase classname="com.qa.sensodyne.us.test.SensodyneSensitivityToColdTest" name="verifyRelatedArticleThree" time="20.845"/>
  <system-out/>
  <testcase classname="com.qa.sensodyne.us.test.SensodyneSensitivityToColdTest" name="verifyRelatedArticleFour" time="19.832"/>
  <system-out/>
  <testcase classname="com.qa.sensodyne.us.test.SensodyneSensitivityToColdTest" name="verifyBreadCrumb" time="17.714"/>
  <system-out/>
</testsuite> <!-- com.qa.sensodyne.us.test.SensodyneSensitivityToColdTest -->
