<?xml version="1.0" encoding="UTF-8"?>
<!-- Generated by org.testng.reporters.JUnitReportReporter -->
<testsuite hostname="WKWZTPqvmdckJHX" failures="5" tests="34" name="com.qa.sensodyne.us.test.SensodyneFullProtectionToothpasteTest" time="793.930" errors="1" timestamp="2023-01-09T05:28:28 IST" skipped="18">
  <testcase classname="com.qa.sensodyne.us.test.SensodyneFullProtectionToothpasteTest" name="cookieButton" time="29.536"/>
  <system-out/>
  <testcase classname="com.qa.sensodyne.us.test.SensodyneFullProtectionToothpasteTest" name="verifyWriteAReview" time="12.909"/>
  <system-out/>
  <testcase classname="com.qa.sensodyne.us.test.SensodyneFullProtectionToothpasteTest" name="verifyBuyNowOne" time="10.718"/>
  <system-out/>
  <testcase classname="com.qa.sensodyne.us.test.SensodyneFullProtectionToothpasteTest" name="verifyGetCoupon" time="19.807"/>
  <system-out/>
  <testcase classname="com.qa.sensodyne.us.test.SensodyneFullProtectionToothpasteTest" name="verifyIngredients" time="17.894"/>
  <system-out/>
  <testcase classname="com.qa.sensodyne.us.test.SensodyneFullProtectionToothpasteTest" name="verifyDirections" time="9.882"/>
  <system-out/>
  <testcase classname="com.qa.sensodyne.us.test.SensodyneFullProtectionToothpasteTest" name="verifyWarnings" time="9.704"/>
  <system-out/>
  <testcase classname="com.qa.sensodyne.us.test.SensodyneFullProtectionToothpasteTest" name="verifyYoutubeLink" time="35.376">
    <skipped/>
  </testcase> <!-- verifyYoutubeLink -->
  <system-out/>
  <testcase classname="com.qa.sensodyne.us.test.SensodyneFullProtectionToothpasteTest" name="verifyYoutubeLink" time="35.190">
    <skipped/>
  </testcase> <!-- verifyYoutubeLink -->
  <system-out/>
  <testcase classname="com.qa.sensodyne.us.test.SensodyneFullProtectionToothpasteTest" name="verifyYoutubeLink" time="36.358">
    <skipped/>
  </testcase> <!-- verifyYoutubeLink -->
  <system-out/>
  <testcase classname="com.qa.sensodyne.us.test.SensodyneFullProtectionToothpasteTest" name="verifyYoutubeLink" time="35.812">
    <failure message="expected [true] but found [false]" type="java.lang.AssertionError">
      <![CDATA[java.lang.AssertionError: expected [true] but found [false]
at org.testng.Assert.fail(Assert.java:99)
at org.testng.Assert.failNotEquals(Assert.java:1037)
at org.testng.Assert.assertTrue(Assert.java:45)
at org.testng.Assert.assertTrue(Assert.java:55)
at com.qa.sensodyne.us.page.SensodyneFullProtectionToothpastePage.clickYoutubeLink(SensodyneFullProtectionToothpastePage.java:200)
at com.qa.sensodyne.us.test.SensodyneFullProtectionToothpasteTest.verifyYoutubeLink(SensodyneFullProtectionToothpasteTest.java:109)
at java.base/jdk.internal.reflect.DirectMethodHandleAccessor.invoke(DirectMethodHandleAccessor.java:104)
at java.base/java.lang.reflect.Method.invoke(Method.java:577)
at org.testng.internal.MethodInvocationHelper.invokeMethod(MethodInvocationHelper.java:133)
at org.testng.internal.TestInvoker.invokeMethod(TestInvoker.java:598)
at org.testng.internal.TestInvoker.retryFailed(TestInvoker.java:213)
at org.testng.internal.MethodRunner.runInSequence(MethodRunner.java:58)
at org.testng.internal.TestInvoker$MethodInvocationAgent.invoke(TestInvoker.java:824)
at org.testng.internal.TestInvoker.invokeTestMethods(TestInvoker.java:146)
at org.testng.internal.TestMethodWorker.invokeTestMethods(TestMethodWorker.java:146)
at org.testng.internal.TestMethodWorker.run(TestMethodWorker.java:128)
at java.base/java.util.ArrayList.forEach(ArrayList.java:1511)
at org.testng.TestRunner.privateRun(TestRunner.java:794)
at org.testng.TestRunner.run(TestRunner.java:596)
at org.testng.SuiteRunner.runTest(SuiteRunner.java:377)
at org.testng.SuiteRunner.runSequentially(SuiteRunner.java:371)
at org.testng.SuiteRunner.privateRun(SuiteRunner.java:332)
at org.testng.SuiteRunner.run(SuiteRunner.java:276)
at org.testng.SuiteRunnerWorker.runSuite(SuiteRunnerWorker.java:53)
at org.testng.SuiteRunnerWorker.run(SuiteRunnerWorker.java:96)
at org.testng.TestNG.runSuitesSequentially(TestNG.java:1212)
at org.testng.TestNG.runSuitesLocally(TestNG.java:1134)
at org.testng.TestNG.runSuites(TestNG.java:1063)
at org.testng.TestNG.run(TestNG.java:1031)
at org.testng.remote.AbstractRemoteTestNG.run(AbstractRemoteTestNG.java:115)
at org.testng.remote.RemoteTestNG.initAndRun(RemoteTestNG.java:251)
at org.testng.remote.RemoteTestNG.main(RemoteTestNG.java:77)
]]>
    </failure>
  </testcase> <!-- verifyYoutubeLink -->
  <system-out/>
  <testcase classname="com.qa.sensodyne.us.test.SensodyneFullProtectionToothpasteTest" name="verifyMostPopularProductsOne" time="24.044">
    <failure message="expected [products/sensodyne-rapid-relief-mint-toothpaste/] but found [products/sensodyne-rapid-relief-mint-toothpaste/?rapid_relief]" type="java.lang.AssertionError">
      <![CDATA[java.lang.AssertionError: expected [products/sensodyne-rapid-relief-mint-toothpaste/] but found [products/sensodyne-rapid-relief-mint-toothpaste/?rapid_relief]
at org.testng.Assert.fail(Assert.java:99)
at org.testng.Assert.failNotEquals(Assert.java:1037)
at org.testng.Assert.assertEqualsImpl(Assert.java:140)
at org.testng.Assert.assertEquals(Assert.java:122)
at org.testng.Assert.assertEquals(Assert.java:629)
at org.testng.Assert.assertEquals(Assert.java:639)
at com.qa.baseClass.BaseClass.compareTwoText(BaseClass.java:762)
at com.qa.sensodyne.us.test.SensodyneFullProtectionToothpasteTest.verifyMostPopularProductsOne(SensodyneFullProtectionToothpasteTest.java:124)
at java.base/jdk.internal.reflect.DirectMethodHandleAccessor.invoke(DirectMethodHandleAccessor.java:104)
at java.base/java.lang.reflect.Method.invoke(Method.java:577)
at org.testng.internal.MethodInvocationHelper.invokeMethod(MethodInvocationHelper.java:133)
at org.testng.internal.TestInvoker.invokeMethod(TestInvoker.java:598)
at org.testng.internal.TestInvoker.retryFailed(TestInvoker.java:213)
at org.testng.internal.MethodRunner.runInSequence(MethodRunner.java:58)
at org.testng.internal.TestInvoker$MethodInvocationAgent.invoke(TestInvoker.java:824)
at org.testng.internal.TestInvoker.invokeTestMethods(TestInvoker.java:146)
at org.testng.internal.TestMethodWorker.invokeTestMethods(TestMethodWorker.java:146)
at org.testng.internal.TestMethodWorker.run(TestMethodWorker.java:128)
at java.base/java.util.ArrayList.forEach(ArrayList.java:1511)
at org.testng.TestRunner.privateRun(TestRunner.java:794)
at org.testng.TestRunner.run(TestRunner.java:596)
at org.testng.SuiteRunner.runTest(SuiteRunner.java:377)
at org.testng.SuiteRunner.runSequentially(SuiteRunner.java:371)
at org.testng.SuiteRunner.privateRun(SuiteRunner.java:332)
at org.testng.SuiteRunner.run(SuiteRunner.java:276)
at org.testng.SuiteRunnerWorker.runSuite(SuiteRunnerWorker.java:53)
at org.testng.SuiteRunnerWorker.run(SuiteRunnerWorker.java:96)
at org.testng.TestNG.runSuitesSequentially(TestNG.java:1212)
at org.testng.TestNG.runSuitesLocally(TestNG.java:1134)
at org.testng.TestNG.runSuites(TestNG.java:1063)
at org.testng.TestNG.run(TestNG.java:1031)
at org.testng.remote.AbstractRemoteTestNG.run(AbstractRemoteTestNG.java:115)
at org.testng.remote.RemoteTestNG.initAndRun(RemoteTestNG.java:251)
at org.testng.remote.RemoteTestNG.main(RemoteTestNG.java:77)
]]>
    </failure>
  </testcase> <!-- verifyMostPopularProductsOne -->
  <system-out/>
  <testcase classname="com.qa.sensodyne.us.test.SensodyneFullProtectionToothpasteTest" name="verifyMostPopularProductsOne" time="27.795">
    <skipped/>
  </testcase> <!-- verifyMostPopularProductsOne -->
  <system-out/>
  <testcase classname="com.qa.sensodyne.us.test.SensodyneFullProtectionToothpasteTest" name="verifyMostPopularProductsOne" time="22.473">
    <skipped/>
  </testcase> <!-- verifyMostPopularProductsOne -->
  <system-out/>
  <testcase classname="com.qa.sensodyne.us.test.SensodyneFullProtectionToothpasteTest" name="verifyMostPopularProductsOne" time="20.176">
    <skipped/>
  </testcase> <!-- verifyMostPopularProductsOne -->
  <system-out/>
  <testcase classname="com.qa.sensodyne.us.test.SensodyneFullProtectionToothpasteTest" name="verifyMostPopularProductsTwo" time="20.092">
    <failure message="expected [products/sensodyne-extra-whitening-toothpaste/] but found [products/sensodyne-extra-whitening-toothpaste/?extra_whitening]" type="java.lang.AssertionError">
      <![CDATA[java.lang.AssertionError: expected [products/sensodyne-extra-whitening-toothpaste/] but found [products/sensodyne-extra-whitening-toothpaste/?extra_whitening]
at org.testng.Assert.fail(Assert.java:99)
at org.testng.Assert.failNotEquals(Assert.java:1037)
at org.testng.Assert.assertEqualsImpl(Assert.java:140)
at org.testng.Assert.assertEquals(Assert.java:122)
at org.testng.Assert.assertEquals(Assert.java:629)
at org.testng.Assert.assertEquals(Assert.java:639)
at com.qa.baseClass.BaseClass.compareTwoText(BaseClass.java:762)
at com.qa.sensodyne.us.test.SensodyneFullProtectionToothpasteTest.verifyMostPopularProductsTwo(SensodyneFullProtectionToothpasteTest.java:136)
at java.base/jdk.internal.reflect.DirectMethodHandleAccessor.invoke(DirectMethodHandleAccessor.java:104)
at java.base/java.lang.reflect.Method.invoke(Method.java:577)
at org.testng.internal.MethodInvocationHelper.invokeMethod(MethodInvocationHelper.java:133)
at org.testng.internal.TestInvoker.invokeMethod(TestInvoker.java:598)
at org.testng.internal.TestInvoker.retryFailed(TestInvoker.java:213)
at org.testng.internal.MethodRunner.runInSequence(MethodRunner.java:58)
at org.testng.internal.TestInvoker$MethodInvocationAgent.invoke(TestInvoker.java:824)
at org.testng.internal.TestInvoker.invokeTestMethods(TestInvoker.java:146)
at org.testng.internal.TestMethodWorker.invokeTestMethods(TestMethodWorker.java:146)
at org.testng.internal.TestMethodWorker.run(TestMethodWorker.java:128)
at java.base/java.util.ArrayList.forEach(ArrayList.java:1511)
at org.testng.TestRunner.privateRun(TestRunner.java:794)
at org.testng.TestRunner.run(TestRunner.java:596)
at org.testng.SuiteRunner.runTest(SuiteRunner.java:377)
at org.testng.SuiteRunner.runSequentially(SuiteRunner.java:371)
at org.testng.SuiteRunner.privateRun(SuiteRunner.java:332)
at org.testng.SuiteRunner.run(SuiteRunner.java:276)
at org.testng.SuiteRunnerWorker.runSuite(SuiteRunnerWorker.java:53)
at org.testng.SuiteRunnerWorker.run(SuiteRunnerWorker.java:96)
at org.testng.TestNG.runSuitesSequentially(TestNG.java:1212)
at org.testng.TestNG.runSuitesLocally(TestNG.java:1134)
at org.testng.TestNG.runSuites(TestNG.java:1063)
at org.testng.TestNG.run(TestNG.java:1031)
at org.testng.remote.AbstractRemoteTestNG.run(AbstractRemoteTestNG.java:115)
at org.testng.remote.RemoteTestNG.initAndRun(RemoteTestNG.java:251)
at org.testng.remote.RemoteTestNG.main(RemoteTestNG.java:77)
]]>
    </failure>
  </testcase> <!-- verifyMostPopularProductsTwo -->
  <system-out/>
  <testcase classname="com.qa.sensodyne.us.test.SensodyneFullProtectionToothpasteTest" name="verifyMostPopularProductsTwo" time="23.260">
    <skipped/>
  </testcase> <!-- verifyMostPopularProductsTwo -->
  <system-out/>
  <testcase classname="com.qa.sensodyne.us.test.SensodyneFullProtectionToothpasteTest" name="verifyMostPopularProductsTwo" time="22.995">
    <skipped/>
  </testcase> <!-- verifyMostPopularProductsTwo -->
  <system-out/>
  <testcase classname="com.qa.sensodyne.us.test.SensodyneFullProtectionToothpasteTest" name="verifyMostPopularProductsTwo" time="21.822">
    <skipped/>
  </testcase> <!-- verifyMostPopularProductsTwo -->
  <system-out/>
  <testcase classname="com.qa.sensodyne.us.test.SensodyneFullProtectionToothpasteTest" name="verifyMostPopularProductsThree" time="28.891">
    <skipped/>
  </testcase> <!-- verifyMostPopularProductsThree -->
  <system-out/>
  <testcase classname="com.qa.sensodyne.us.test.SensodyneFullProtectionToothpasteTest" name="verifyMostPopularProductsThree" time="29.269">
    <skipped/>
  </testcase> <!-- verifyMostPopularProductsThree -->
  <system-out/>
  <testcase classname="com.qa.sensodyne.us.test.SensodyneFullProtectionToothpasteTest" name="verifyMostPopularProductsThree" time="30.794">
    <error message="Unable to scroll down the page" type="java.lang.Exception">
      <![CDATA[java.lang.Exception: Unable to scroll down the page
at com.qa.baseClass.BaseClass.scrollDownUsingElement(BaseClass.java:309)
at com.qa.sensodyne.us.page.SensodyneFullProtectionToothpastePage.clickMostPopularProductsThree(SensodyneFullProtectionToothpastePage.java:223)
at com.qa.sensodyne.us.test.SensodyneFullProtectionToothpasteTest.verifyMostPopularProductsThree(SensodyneFullProtectionToothpasteTest.java:143)
at java.base/jdk.internal.reflect.DirectMethodHandleAccessor.invoke(DirectMethodHandleAccessor.java:104)
at java.base/java.lang.reflect.Method.invoke(Method.java:577)
at org.testng.internal.MethodInvocationHelper.invokeMethod(MethodInvocationHelper.java:133)
at org.testng.internal.TestInvoker.invokeMethod(TestInvoker.java:598)
at org.testng.internal.TestInvoker.retryFailed(TestInvoker.java:213)
at org.testng.internal.MethodRunner.runInSequence(MethodRunner.java:58)
at org.testng.internal.TestInvoker$MethodInvocationAgent.invoke(TestInvoker.java:824)
at org.testng.internal.TestInvoker.invokeTestMethods(TestInvoker.java:146)
at org.testng.internal.TestMethodWorker.invokeTestMethods(TestMethodWorker.java:146)
at org.testng.internal.TestMethodWorker.run(TestMethodWorker.java:128)
at java.base/java.util.ArrayList.forEach(ArrayList.java:1511)
at org.testng.TestRunner.privateRun(TestRunner.java:794)
at org.testng.TestRunner.run(TestRunner.java:596)
at org.testng.SuiteRunner.runTest(SuiteRunner.java:377)
at org.testng.SuiteRunner.runSequentially(SuiteRunner.java:371)
at org.testng.SuiteRunner.privateRun(SuiteRunner.java:332)
at org.testng.SuiteRunner.run(SuiteRunner.java:276)
at org.testng.SuiteRunnerWorker.runSuite(SuiteRunnerWorker.java:53)
at org.testng.SuiteRunnerWorker.run(SuiteRunnerWorker.java:96)
at org.testng.TestNG.runSuitesSequentially(TestNG.java:1212)
at org.testng.TestNG.runSuitesLocally(TestNG.java:1134)
at org.testng.TestNG.runSuites(TestNG.java:1063)
at org.testng.TestNG.run(TestNG.java:1031)
at org.testng.remote.AbstractRemoteTestNG.run(AbstractRemoteTestNG.java:115)
at org.testng.remote.RemoteTestNG.initAndRun(RemoteTestNG.java:251)
at org.testng.remote.RemoteTestNG.main(RemoteTestNG.java:77)
]]>
    </error>
  </testcase> <!-- verifyMostPopularProductsThree -->
  <system-out/>
  <testcase classname="com.qa.sensodyne.us.test.SensodyneFullProtectionToothpasteTest" name="verifyMostPopularProductsThree" time="28.178">
    <skipped/>
  </testcase> <!-- verifyMostPopularProductsThree -->
  <system-out/>
  <testcase classname="com.qa.sensodyne.us.test.SensodyneFullProtectionToothpasteTest" name="verifyMostPopularProductsFour" time="23.893">
    <skipped/>
  </testcase> <!-- verifyMostPopularProductsFour -->
  <system-out/>
  <testcase classname="com.qa.sensodyne.us.test.SensodyneFullProtectionToothpasteTest" name="verifyMostPopularProductsFour" time="19.386">
    <failure message="expected [products/sensodyne-complete-protection-extra-fresh-toothpaste/] but found [products/sensodyne-complete-protection-extra-fresh-toothpaste/?complete_protection]" type="java.lang.AssertionError">
      <![CDATA[java.lang.AssertionError: expected [products/sensodyne-complete-protection-extra-fresh-toothpaste/] but found [products/sensodyne-complete-protection-extra-fresh-toothpaste/?complete_protection]
at org.testng.Assert.fail(Assert.java:99)
at org.testng.Assert.failNotEquals(Assert.java:1037)
at org.testng.Assert.assertEqualsImpl(Assert.java:140)
at org.testng.Assert.assertEquals(Assert.java:122)
at org.testng.Assert.assertEquals(Assert.java:629)
at org.testng.Assert.assertEquals(Assert.java:639)
at com.qa.baseClass.BaseClass.compareTwoText(BaseClass.java:762)
at com.qa.sensodyne.us.test.SensodyneFullProtectionToothpasteTest.verifyMostPopularProductsFour(SensodyneFullProtectionToothpasteTest.java:160)
at java.base/jdk.internal.reflect.DirectMethodHandleAccessor.invoke(DirectMethodHandleAccessor.java:104)
at java.base/java.lang.reflect.Method.invoke(Method.java:577)
at org.testng.internal.MethodInvocationHelper.invokeMethod(MethodInvocationHelper.java:133)
at org.testng.internal.TestInvoker.invokeMethod(TestInvoker.java:598)
at org.testng.internal.TestInvoker.retryFailed(TestInvoker.java:213)
at org.testng.internal.MethodRunner.runInSequence(MethodRunner.java:58)
at org.testng.internal.TestInvoker$MethodInvocationAgent.invoke(TestInvoker.java:824)
at org.testng.internal.TestInvoker.invokeTestMethods(TestInvoker.java:146)
at org.testng.internal.TestMethodWorker.invokeTestMethods(TestMethodWorker.java:146)
at org.testng.internal.TestMethodWorker.run(TestMethodWorker.java:128)
at java.base/java.util.ArrayList.forEach(ArrayList.java:1511)
at org.testng.TestRunner.privateRun(TestRunner.java:794)
at org.testng.TestRunner.run(TestRunner.java:596)
at org.testng.SuiteRunner.runTest(SuiteRunner.java:377)
at org.testng.SuiteRunner.runSequentially(SuiteRunner.java:371)
at org.testng.SuiteRunner.privateRun(SuiteRunner.java:332)
at org.testng.SuiteRunner.run(SuiteRunner.java:276)
at org.testng.SuiteRunnerWorker.runSuite(SuiteRunnerWorker.java:53)
at org.testng.SuiteRunnerWorker.run(SuiteRunnerWorker.java:96)
at org.testng.TestNG.runSuitesSequentially(TestNG.java:1212)
at org.testng.TestNG.runSuitesLocally(TestNG.java:1134)
at org.testng.TestNG.runSuites(TestNG.java:1063)
at org.testng.TestNG.run(TestNG.java:1031)
at org.testng.remote.AbstractRemoteTestNG.run(AbstractRemoteTestNG.java:115)
at org.testng.remote.RemoteTestNG.initAndRun(RemoteTestNG.java:251)
at org.testng.remote.RemoteTestNG.main(RemoteTestNG.java:77)
]]>
    </failure>
  </testcase> <!-- verifyMostPopularProductsFour -->
  <system-out/>
  <testcase classname="com.qa.sensodyne.us.test.SensodyneFullProtectionToothpasteTest" name="verifyMostPopularProductsFour" time="28.034">
    <skipped/>
  </testcase> <!-- verifyMostPopularProductsFour -->
  <system-out/>
  <testcase classname="com.qa.sensodyne.us.test.SensodyneFullProtectionToothpasteTest" name="verifyMostPopularProductsFour" time="20.976">
    <skipped/>
  </testcase> <!-- verifyMostPopularProductsFour -->
  <system-out/>
  <testcase classname="com.qa.sensodyne.us.test.SensodyneFullProtectionToothpasteTest" name="verifyMostPopularProductsFive" time="23.508">
    <skipped/>
  </testcase> <!-- verifyMostPopularProductsFive -->
  <system-out/>
  <testcase classname="com.qa.sensodyne.us.test.SensodyneFullProtectionToothpasteTest" name="verifyMostPopularProductsFive" time="23.341">
    <skipped/>
  </testcase> <!-- verifyMostPopularProductsFive -->
  <system-out/>
  <testcase classname="com.qa.sensodyne.us.test.SensodyneFullProtectionToothpasteTest" name="verifyMostPopularProductsFive" time="21.998">
    <failure message="expected [products/sensodyne-fresh-mint-toothpaste/] but found [products/sensodyne-fresh-mint-toothpaste/?fresh_mint]" type="java.lang.AssertionError">
      <![CDATA[java.lang.AssertionError: expected [products/sensodyne-fresh-mint-toothpaste/] but found [products/sensodyne-fresh-mint-toothpaste/?fresh_mint]
at org.testng.Assert.fail(Assert.java:99)
at org.testng.Assert.failNotEquals(Assert.java:1037)
at org.testng.Assert.assertEqualsImpl(Assert.java:140)
at org.testng.Assert.assertEquals(Assert.java:122)
at org.testng.Assert.assertEquals(Assert.java:629)
at org.testng.Assert.assertEquals(Assert.java:639)
at com.qa.baseClass.BaseClass.compareTwoText(BaseClass.java:762)
at com.qa.sensodyne.us.test.SensodyneFullProtectionToothpasteTest.verifyMostPopularProductsFive(SensodyneFullProtectionToothpasteTest.java:172)
at java.base/jdk.internal.reflect.DirectMethodHandleAccessor.invoke(DirectMethodHandleAccessor.java:104)
at java.base/java.lang.reflect.Method.invoke(Method.java:577)
at org.testng.internal.MethodInvocationHelper.invokeMethod(MethodInvocationHelper.java:133)
at org.testng.internal.TestInvoker.invokeMethod(TestInvoker.java:598)
at org.testng.internal.TestInvoker.retryFailed(TestInvoker.java:213)
at org.testng.internal.MethodRunner.runInSequence(MethodRunner.java:58)
at org.testng.internal.TestInvoker$MethodInvocationAgent.invoke(TestInvoker.java:824)
at org.testng.internal.TestInvoker.invokeTestMethods(TestInvoker.java:146)
at org.testng.internal.TestMethodWorker.invokeTestMethods(TestMethodWorker.java:146)
at org.testng.internal.TestMethodWorker.run(TestMethodWorker.java:128)
at java.base/java.util.ArrayList.forEach(ArrayList.java:1511)
at org.testng.TestRunner.privateRun(TestRunner.java:794)
at org.testng.TestRunner.run(TestRunner.java:596)
at org.testng.SuiteRunner.runTest(SuiteRunner.java:377)
at org.testng.SuiteRunner.runSequentially(SuiteRunner.java:371)
at org.testng.SuiteRunner.privateRun(SuiteRunner.java:332)
at org.testng.SuiteRunner.run(SuiteRunner.java:276)
at org.testng.SuiteRunnerWorker.runSuite(SuiteRunnerWorker.java:53)
at org.testng.SuiteRunnerWorker.run(SuiteRunnerWorker.java:96)
at org.testng.TestNG.runSuitesSequentially(TestNG.java:1212)
at org.testng.TestNG.runSuitesLocally(TestNG.java:1134)
at org.testng.TestNG.runSuites(TestNG.java:1063)
at org.testng.TestNG.run(TestNG.java:1031)
at org.testng.remote.AbstractRemoteTestNG.run(AbstractRemoteTestNG.java:115)
at org.testng.remote.RemoteTestNG.initAndRun(RemoteTestNG.java:251)
at org.testng.remote.RemoteTestNG.main(RemoteTestNG.java:77)
]]>
    </failure>
  </testcase> <!-- verifyMostPopularProductsFive -->
  <system-out/>
  <testcase classname="com.qa.sensodyne.us.test.SensodyneFullProtectionToothpasteTest" name="verifyMostPopularProductsFive" time="22.778">
    <skipped/>
  </testcase> <!-- verifyMostPopularProductsFive -->
  <system-out/>
  <testcase classname="com.qa.sensodyne.us.test.SensodyneFullProtectionToothpasteTest" name="verifyGetYourCoupon" time="17.004"/>
  <system-out/>
  <testcase classname="com.qa.sensodyne.us.test.SensodyneFullProtectionToothpasteTest" name="verifyFindYourStore" time="18.321"/>
  <system-out/>
  <testcase classname="com.qa.sensodyne.us.test.SensodyneFullProtectionToothpasteTest" name="verifyBreadCrumb" time="21.716"/>
  <system-out/>
</testsuite> <!-- com.qa.sensodyne.us.test.SensodyneFullProtectionToothpasteTest -->
