<?xml version="1.0" encoding="UTF-8"?>
<!-- Generated by org.testng.reporters.JUnitReportReporter -->
<testsuite hostname="WKWZTPqvmdckJHX" failures="0" tests="95" name="com.qa.centrum.eng.test.CentrumSampleFaqsTest" time="1367.655" errors="19" timestamp="2023-02-06T13:44:57 IST" skipped="0">
  <testcase classname="com.qa.centrum.eng.test.CentrumSampleFaqsTest" name="cookieButton" time="8.948"/>
  <system-out/>
  <testcase classname="com.qa.centrum.eng.test.CentrumSampleFaqsTest" name="verifyGeneralProductQuestionTwo" time="12.021"/>
  <system-out/>
  <testcase classname="com.qa.centrum.eng.test.CentrumSampleFaqsTest" name="verifyGeneralProductQuestionThree" time="9.864"/>
  <system-out/>
  <testcase classname="com.qa.centrum.eng.test.CentrumSampleFaqsTest" name="verifyGeneralProductQuestionFour" time="7.568"/>
  <system-out/>
  <testcase classname="com.qa.centrum.eng.test.CentrumSampleFaqsTest" name="verifyGeneralProductQuestionFive" time="10.966"/>
  <system-out/>
  <testcase classname="com.qa.centrum.eng.test.CentrumSampleFaqsTest" name="verifyGeneralProductQuestionSix" time="10.670"/>
  <system-out/>
  <testcase classname="com.qa.centrum.eng.test.CentrumSampleFaqsTest" name="verifyGeneralProductQuestionSeven" time="9.008"/>
  <system-out/>
  <testcase classname="com.qa.centrum.eng.test.CentrumSampleFaqsTest" name="verifyGeneralProductQuestionEight" time="7.944"/>
  <system-out/>
  <testcase classname="com.qa.centrum.eng.test.CentrumSampleFaqsTest" name="verifyGeneralProductQuestionNine" time="7.789"/>
  <system-out/>
  <testcase classname="com.qa.centrum.eng.test.CentrumSampleFaqsTest" name="verifyIngredientsOne" time="7.458"/>
  <system-out/>
  <testcase classname="com.qa.centrum.eng.test.CentrumSampleFaqsTest" name="verifyIngredientsTwo" time="12.818"/>
  <system-out/>
  <testcase classname="com.qa.centrum.eng.test.CentrumSampleFaqsTest" name="verifyIngredientsThree" time="12.142"/>
  <system-out/>
  <testcase classname="com.qa.centrum.eng.test.CentrumSampleFaqsTest" name="verifyIngredientsFour" time="8.603"/>
  <system-out/>
  <testcase classname="com.qa.centrum.eng.test.CentrumSampleFaqsTest" name="verifyIngredientsFive" time="9.031"/>
  <system-out/>
  <testcase classname="com.qa.centrum.eng.test.CentrumSampleFaqsTest" name="verifyIngredientsSix" time="9.995"/>
  <system-out/>
  <testcase classname="com.qa.centrum.eng.test.CentrumSampleFaqsTest" name="verifyIngredientsSeven" time="11.349"/>
  <system-out/>
  <testcase classname="com.qa.centrum.eng.test.CentrumSampleFaqsTest" name="verifyIngredientsEight" time="7.158"/>
  <system-out/>
  <testcase classname="com.qa.centrum.eng.test.CentrumSampleFaqsTest" name="verifyIngredientsNine" time="7.259"/>
  <system-out/>
  <testcase classname="com.qa.centrum.eng.test.CentrumSampleFaqsTest" name="verifyIngredientsTen" time="10.629"/>
  <system-out/>
  <testcase classname="com.qa.centrum.eng.test.CentrumSampleFaqsTest" name="verifyIngredientsEleven" time="9.735"/>
  <system-out/>
  <testcase classname="com.qa.centrum.eng.test.CentrumSampleFaqsTest" name="verifyIngredientsTweleve" time="10.865"/>
  <system-out/>
  <testcase classname="com.qa.centrum.eng.test.CentrumSampleFaqsTest" name="verifyIngredientsThirteen" time="32.639">
    <error message="Unable to scroll down the page" type="java.lang.Exception">
      <![CDATA[java.lang.Exception: Unable to scroll down the page
at com.qa.baseClass.BaseClass.scrollDownUsingElement(BaseClass.java:299)
at com.qa.centrum.eng.pages.CentrumFaqsPage.clickIngredientsThirteen(CentrumFaqsPage.java:540)
at com.qa.centrum.eng.test.CentrumSampleFaqsTest.verifyIngredientsThirteen(CentrumSampleFaqsTest.java:255)
at java.base/jdk.internal.reflect.DirectMethodHandleAccessor.invoke(DirectMethodHandleAccessor.java:104)
at java.base/java.lang.reflect.Method.invoke(Method.java:577)
at org.testng.internal.MethodInvocationHelper.invokeMethod(MethodInvocationHelper.java:133)
at org.testng.internal.TestInvoker.invokeMethod(TestInvoker.java:598)
at org.testng.internal.TestInvoker.invokeTestMethod(TestInvoker.java:173)
at org.testng.internal.MethodRunner.runInSequence(MethodRunner.java:46)
at org.testng.internal.TestInvoker$MethodInvocationAgent.invoke(TestInvoker.java:824)
at org.testng.internal.TestInvoker.invokeTestMethods(TestInvoker.java:146)
at org.testng.internal.TestMethodWorker.invokeTestMethods(TestMethodWorker.java:146)
at org.testng.internal.TestMethodWorker.run(TestMethodWorker.java:128)
at java.base/java.util.ArrayList.forEach(ArrayList.java:1511)
at org.testng.TestRunner.privateRun(TestRunner.java:794)
at org.testng.TestRunner.run(TestRunner.java:596)
at org.testng.SuiteRunner.runTest(SuiteRunner.java:377)
at org.testng.SuiteRunner.runSequentially(SuiteRunner.java:371)
at org.testng.SuiteRunner.privateRun(SuiteRunner.java:332)
at org.testng.SuiteRunner.run(SuiteRunner.java:276)
at org.testng.SuiteRunnerWorker.runSuite(SuiteRunnerWorker.java:53)
at org.testng.SuiteRunnerWorker.run(SuiteRunnerWorker.java:96)
at org.testng.TestNG.runSuitesSequentially(TestNG.java:1212)
at org.testng.TestNG.runSuitesLocally(TestNG.java:1134)
at org.testng.TestNG.runSuites(TestNG.java:1063)
at org.testng.TestNG.run(TestNG.java:1031)
at org.testng.remote.AbstractRemoteTestNG.run(AbstractRemoteTestNG.java:115)
at org.testng.remote.RemoteTestNG.initAndRun(RemoteTestNG.java:251)
at org.testng.remote.RemoteTestNG.main(RemoteTestNG.java:77)
]]>
    </error>
  </testcase> <!-- verifyIngredientsThirteen -->
  <system-out/>
  <testcase classname="com.qa.centrum.eng.test.CentrumSampleFaqsTest" name="verifyIngredientsFourteen" time="11.030"/>
  <system-out/>
  <testcase classname="com.qa.centrum.eng.test.CentrumSampleFaqsTest" name="verifyIngredientsFifteen" time="10.823"/>
  <system-out/>
  <testcase classname="com.qa.centrum.eng.test.CentrumSampleFaqsTest" name="verifyIngredientsSixteen" time="10.146"/>
  <system-out/>
  <testcase classname="com.qa.centrum.eng.test.CentrumSampleFaqsTest" name="verifyCentrumSilverOne" time="8.406"/>
  <system-out/>
  <testcase classname="com.qa.centrum.eng.test.CentrumSampleFaqsTest" name="verifyCentrumSilverTwo" time="7.736"/>
  <system-out/>
  <testcase classname="com.qa.centrum.eng.test.CentrumSampleFaqsTest" name="verifyCentrumSilverThree" time="24.354"/>
  <system-out/>
  <testcase classname="com.qa.centrum.eng.test.CentrumSampleFaqsTest" name="verifyCentrumSilverFour" time="10.864"/>
  <system-out/>
  <testcase classname="com.qa.centrum.eng.test.CentrumSampleFaqsTest" name="verifyCentrumSpecialistOne" time="25.487">
    <error message="Unable to scroll down the page" type="java.lang.Exception">
      <![CDATA[java.lang.Exception: Unable to scroll down the page
at com.qa.baseClass.BaseClass.scrollDownUsingElement(BaseClass.java:299)
at com.qa.centrum.eng.pages.CentrumFaqsPage.clickCentrumSpecialistOne(CentrumFaqsPage.java:612)
at com.qa.centrum.eng.test.CentrumSampleFaqsTest.verifyCentrumSpecialistOne(CentrumSampleFaqsTest.java:335)
at java.base/jdk.internal.reflect.DirectMethodHandleAccessor.invoke(DirectMethodHandleAccessor.java:104)
at java.base/java.lang.reflect.Method.invoke(Method.java:577)
at org.testng.internal.MethodInvocationHelper.invokeMethod(MethodInvocationHelper.java:133)
at org.testng.internal.TestInvoker.invokeMethod(TestInvoker.java:598)
at org.testng.internal.TestInvoker.invokeTestMethod(TestInvoker.java:173)
at org.testng.internal.MethodRunner.runInSequence(MethodRunner.java:46)
at org.testng.internal.TestInvoker$MethodInvocationAgent.invoke(TestInvoker.java:824)
at org.testng.internal.TestInvoker.invokeTestMethods(TestInvoker.java:146)
at org.testng.internal.TestMethodWorker.invokeTestMethods(TestMethodWorker.java:146)
at org.testng.internal.TestMethodWorker.run(TestMethodWorker.java:128)
at java.base/java.util.ArrayList.forEach(ArrayList.java:1511)
at org.testng.TestRunner.privateRun(TestRunner.java:794)
at org.testng.TestRunner.run(TestRunner.java:596)
at org.testng.SuiteRunner.runTest(SuiteRunner.java:377)
at org.testng.SuiteRunner.runSequentially(SuiteRunner.java:371)
at org.testng.SuiteRunner.privateRun(SuiteRunner.java:332)
at org.testng.SuiteRunner.run(SuiteRunner.java:276)
at org.testng.SuiteRunnerWorker.runSuite(SuiteRunnerWorker.java:53)
at org.testng.SuiteRunnerWorker.run(SuiteRunnerWorker.java:96)
at org.testng.TestNG.runSuitesSequentially(TestNG.java:1212)
at org.testng.TestNG.runSuitesLocally(TestNG.java:1134)
at org.testng.TestNG.runSuites(TestNG.java:1063)
at org.testng.TestNG.run(TestNG.java:1031)
at org.testng.remote.AbstractRemoteTestNG.run(AbstractRemoteTestNG.java:115)
at org.testng.remote.RemoteTestNG.initAndRun(RemoteTestNG.java:251)
at org.testng.remote.RemoteTestNG.main(RemoteTestNG.java:77)
]]>
    </error>
  </testcase> <!-- verifyCentrumSpecialistOne -->
  <system-out/>
  <testcase classname="com.qa.centrum.eng.test.CentrumSampleFaqsTest" name="verifyCentrumSpecialistTwo" time="26.785">
    <error message="Unable to scroll down the page" type="java.lang.Exception">
      <![CDATA[java.lang.Exception: Unable to scroll down the page
at com.qa.baseClass.BaseClass.scrollDownUsingElement(BaseClass.java:299)
at com.qa.centrum.eng.pages.CentrumFaqsPage.clickCentrumSpecialistTwo(CentrumFaqsPage.java:621)
at com.qa.centrum.eng.test.CentrumSampleFaqsTest.verifyCentrumSpecialistTwo(CentrumSampleFaqsTest.java:345)
at java.base/jdk.internal.reflect.DirectMethodHandleAccessor.invoke(DirectMethodHandleAccessor.java:104)
at java.base/java.lang.reflect.Method.invoke(Method.java:577)
at org.testng.internal.MethodInvocationHelper.invokeMethod(MethodInvocationHelper.java:133)
at org.testng.internal.TestInvoker.invokeMethod(TestInvoker.java:598)
at org.testng.internal.TestInvoker.invokeTestMethod(TestInvoker.java:173)
at org.testng.internal.MethodRunner.runInSequence(MethodRunner.java:46)
at org.testng.internal.TestInvoker$MethodInvocationAgent.invoke(TestInvoker.java:824)
at org.testng.internal.TestInvoker.invokeTestMethods(TestInvoker.java:146)
at org.testng.internal.TestMethodWorker.invokeTestMethods(TestMethodWorker.java:146)
at org.testng.internal.TestMethodWorker.run(TestMethodWorker.java:128)
at java.base/java.util.ArrayList.forEach(ArrayList.java:1511)
at org.testng.TestRunner.privateRun(TestRunner.java:794)
at org.testng.TestRunner.run(TestRunner.java:596)
at org.testng.SuiteRunner.runTest(SuiteRunner.java:377)
at org.testng.SuiteRunner.runSequentially(SuiteRunner.java:371)
at org.testng.SuiteRunner.privateRun(SuiteRunner.java:332)
at org.testng.SuiteRunner.run(SuiteRunner.java:276)
at org.testng.SuiteRunnerWorker.runSuite(SuiteRunnerWorker.java:53)
at org.testng.SuiteRunnerWorker.run(SuiteRunnerWorker.java:96)
at org.testng.TestNG.runSuitesSequentially(TestNG.java:1212)
at org.testng.TestNG.runSuitesLocally(TestNG.java:1134)
at org.testng.TestNG.runSuites(TestNG.java:1063)
at org.testng.TestNG.run(TestNG.java:1031)
at org.testng.remote.AbstractRemoteTestNG.run(AbstractRemoteTestNG.java:115)
at org.testng.remote.RemoteTestNG.initAndRun(RemoteTestNG.java:251)
at org.testng.remote.RemoteTestNG.main(RemoteTestNG.java:77)
]]>
    </error>
  </testcase> <!-- verifyCentrumSpecialistTwo -->
  <system-out/>
  <testcase classname="com.qa.centrum.eng.test.CentrumSampleFaqsTest" name="verifyKidsOne" time="9.772"/>
  <system-out/>
  <testcase classname="com.qa.centrum.eng.test.CentrumSampleFaqsTest" name="verifyKidsTwo" time="10.447"/>
  <system-out/>
  <testcase classname="com.qa.centrum.eng.test.CentrumSampleFaqsTest" name="verifMultigummiesOne" time="15.956"/>
  <system-out/>
  <testcase classname="com.qa.centrum.eng.test.CentrumSampleFaqsTest" name="verifMultigummiesTwo" time="12.507"/>
  <system-out/>
  <testcase classname="com.qa.centrum.eng.test.CentrumSampleFaqsTest" name="verifMultigummiesThree" time="10.650"/>
  <system-out/>
  <testcase classname="com.qa.centrum.eng.test.CentrumSampleFaqsTest" name="verifMultigummiesFour" time="13.364"/>
  <system-out/>
  <testcase classname="com.qa.centrum.eng.test.CentrumSampleFaqsTest" name="verifMultigummiesFive" time="13.873"/>
  <system-out/>
  <testcase classname="com.qa.centrum.eng.test.CentrumSampleFaqsTest" name="verifMultigummiesSix" time="6.496"/>
  <system-out/>
  <testcase classname="com.qa.centrum.eng.test.CentrumSampleFaqsTest" name="verifMultigummiesSeven" time="8.703"/>
  <system-out/>
  <testcase classname="com.qa.centrum.eng.test.CentrumSampleFaqsTest" name="verifMultigummiesEight" time="7.717"/>
  <system-out/>
  <testcase classname="com.qa.centrum.eng.test.CentrumSampleFaqsTest" name="verifMultigummiesNine" time="8.572"/>
  <system-out/>
  <testcase classname="com.qa.centrum.eng.test.CentrumSampleFaqsTest" name="verifMultigummiesTen" time="10.667"/>
  <system-out/>
  <testcase classname="com.qa.centrum.eng.test.CentrumSampleFaqsTest" name="verifMultigummiesEleven" time="10.475"/>
  <system-out/>
  <testcase classname="com.qa.centrum.eng.test.CentrumSampleFaqsTest" name="verifMultigummiesTwelve" time="9.382"/>
  <system-out/>
  <testcase classname="com.qa.centrum.eng.test.CentrumSampleFaqsTest" name="verifMultigummiesThirteen" time="13.165"/>
  <system-out/>
  <testcase classname="com.qa.centrum.eng.test.CentrumSampleFaqsTest" name="verifMultiBeautyOne" time="9.040"/>
  <system-out/>
  <testcase classname="com.qa.centrum.eng.test.CentrumSampleFaqsTest" name="verifMultiBeautyTwo" time="10.822"/>
  <system-out/>
  <testcase classname="com.qa.centrum.eng.test.CentrumSampleFaqsTest" name="verifMultiBeautyThree" time="8.229"/>
  <system-out/>
  <testcase classname="com.qa.centrum.eng.test.CentrumSampleFaqsTest" name="verifMultiBeautyFour" time="10.796"/>
  <system-out/>
  <testcase classname="com.qa.centrum.eng.test.CentrumSampleFaqsTest" name="verifMultiOmega3One" time="7.130"/>
  <system-out/>
  <testcase classname="com.qa.centrum.eng.test.CentrumSampleFaqsTest" name="verifMultiOmega3Two" time="8.099"/>
  <system-out/>
  <testcase classname="com.qa.centrum.eng.test.CentrumSampleFaqsTest" name="verifMultiOmega3Three" time="7.528"/>
  <system-out/>
  <testcase classname="com.qa.centrum.eng.test.CentrumSampleFaqsTest" name="verifMultiOmega3Four" time="7.955"/>
  <system-out/>
  <testcase classname="com.qa.centrum.eng.test.CentrumSampleFaqsTest" name="verifMultiOmega3MenAndWomenOne" time="13.808"/>
  <system-out/>
  <testcase classname="com.qa.centrum.eng.test.CentrumSampleFaqsTest" name="verifMultiOmega3MenAndWomenTwo" time="9.863"/>
  <system-out/>
  <testcase classname="com.qa.centrum.eng.test.CentrumSampleFaqsTest" name="verifMultiOmega3MenAndWomenThree" time="13.590"/>
  <system-out/>
  <testcase classname="com.qa.centrum.eng.test.CentrumSampleFaqsTest" name="verifMultiOmega3MenAndWomenFour" time="13.173"/>
  <system-out/>
  <testcase classname="com.qa.centrum.eng.test.CentrumSampleFaqsTest" name="verifMultiOmega3MenAndWomenFive" time="10.964"/>
  <system-out/>
  <testcase classname="com.qa.centrum.eng.test.CentrumSampleFaqsTest" name="verifMultiOmega3MenAndWomenSix" time="12.647"/>
  <system-out/>
  <testcase classname="com.qa.centrum.eng.test.CentrumSampleFaqsTest" name="verifMultiOmega3MenAndWomenSeven" time="10.268"/>
  <system-out/>
  <testcase classname="com.qa.centrum.eng.test.CentrumSampleFaqsTest" name="verifMultiAntioxidantsOne" time="12.130"/>
  <system-out/>
  <testcase classname="com.qa.centrum.eng.test.CentrumSampleFaqsTest" name="verifMultiAntioxidantsTwo" time="10.210"/>
  <system-out/>
  <testcase classname="com.qa.centrum.eng.test.CentrumSampleFaqsTest" name="verifMultiAntioxidantsThree" time="12.957"/>
  <system-out/>
  <testcase classname="com.qa.centrum.eng.test.CentrumSampleFaqsTest" name="verifMultiAntioxidantsFour" time="10.154"/>
  <system-out/>
  <testcase classname="com.qa.centrum.eng.test.CentrumSampleFaqsTest" name="verifMultiAntioxidantsFive" time="14.018"/>
  <system-out/>
  <testcase classname="com.qa.centrum.eng.test.CentrumSampleFaqsTest" name="verifMultiAntioxidantsSix" time="6.461"/>
  <system-out/>
  <testcase classname="com.qa.centrum.eng.test.CentrumSampleFaqsTest" name="verifMultiAntioxidantsSeven" time="6.769"/>
  <system-out/>
  <testcase classname="com.qa.centrum.eng.test.CentrumSampleFaqsTest" name="verifMultiAntioxidantsEight" time="13.942"/>
  <system-out/>
  <testcase classname="com.qa.centrum.eng.test.CentrumSampleFaqsTest" name="verifMultiAntioxidantsNine" time="10.971"/>
  <system-out/>
  <testcase classname="com.qa.centrum.eng.test.CentrumSampleFaqsTest" name="verifMultiAntioxidantsTen" time="13.083"/>
  <system-out/>
  <testcase classname="com.qa.centrum.eng.test.CentrumSampleFaqsTest" name="verifMultiAntioxidantsEleven" time="15.558"/>
  <system-out/>
  <testcase classname="com.qa.centrum.eng.test.CentrumSampleFaqsTest" name="verifMenAndWomen50PlusOne" time="13.354"/>
  <system-out/>
  <testcase classname="com.qa.centrum.eng.test.CentrumSampleFaqsTest" name="verifMenAndWomen50PlusTwo" time="15.381"/>
  <system-out/>
  <testcase classname="com.qa.centrum.eng.test.CentrumSampleFaqsTest" name="verifMenAndWomen50PlusThree" time="8.097"/>
  <system-out/>
  <testcase classname="com.qa.centrum.eng.test.CentrumSampleFaqsTest" name="verifMenAndWomen50PlusFour" time="13.302"/>
  <system-out/>
  <testcase classname="com.qa.centrum.eng.test.CentrumSampleFaqsTest" name="verifTargettedSupplementsOne" time="30.563">
    <error message="Unable to scroll down the page" type="java.lang.Exception">
      <![CDATA[java.lang.Exception: Unable to scroll down the page
at com.qa.baseClass.BaseClass.scrollDownUsingElement(BaseClass.java:299)
at com.qa.centrum.eng.pages.CentrumFaqsPage.clickTargettedSupplementsOne(CentrumFaqsPage.java:1038)
at com.qa.centrum.eng.test.CentrumSampleFaqsTest.verifTargettedSupplementsOne(CentrumSampleFaqsTest.java:807)
at java.base/jdk.internal.reflect.DirectMethodHandleAccessor.invoke(DirectMethodHandleAccessor.java:104)
at java.base/java.lang.reflect.Method.invoke(Method.java:577)
at org.testng.internal.MethodInvocationHelper.invokeMethod(MethodInvocationHelper.java:133)
at org.testng.internal.TestInvoker.invokeMethod(TestInvoker.java:598)
at org.testng.internal.TestInvoker.invokeTestMethod(TestInvoker.java:173)
at org.testng.internal.MethodRunner.runInSequence(MethodRunner.java:46)
at org.testng.internal.TestInvoker$MethodInvocationAgent.invoke(TestInvoker.java:824)
at org.testng.internal.TestInvoker.invokeTestMethods(TestInvoker.java:146)
at org.testng.internal.TestMethodWorker.invokeTestMethods(TestMethodWorker.java:146)
at org.testng.internal.TestMethodWorker.run(TestMethodWorker.java:128)
at java.base/java.util.ArrayList.forEach(ArrayList.java:1511)
at org.testng.TestRunner.privateRun(TestRunner.java:794)
at org.testng.TestRunner.run(TestRunner.java:596)
at org.testng.SuiteRunner.runTest(SuiteRunner.java:377)
at org.testng.SuiteRunner.runSequentially(SuiteRunner.java:371)
at org.testng.SuiteRunner.privateRun(SuiteRunner.java:332)
at org.testng.SuiteRunner.run(SuiteRunner.java:276)
at org.testng.SuiteRunnerWorker.runSuite(SuiteRunnerWorker.java:53)
at org.testng.SuiteRunnerWorker.run(SuiteRunnerWorker.java:96)
at org.testng.TestNG.runSuitesSequentially(TestNG.java:1212)
at org.testng.TestNG.runSuitesLocally(TestNG.java:1134)
at org.testng.TestNG.runSuites(TestNG.java:1063)
at org.testng.TestNG.run(TestNG.java:1031)
at org.testng.remote.AbstractRemoteTestNG.run(AbstractRemoteTestNG.java:115)
at org.testng.remote.RemoteTestNG.initAndRun(RemoteTestNG.java:251)
at org.testng.remote.RemoteTestNG.main(RemoteTestNG.java:77)
]]>
    </error>
  </testcase> <!-- verifTargettedSupplementsOne -->
  <system-out/>
  <testcase classname="com.qa.centrum.eng.test.CentrumSampleFaqsTest" name="verifBenefitBlendsOne" time="30.907">
    <error message="Unable to scroll down the page" type="java.lang.Exception">
      <![CDATA[java.lang.Exception: Unable to scroll down the page
at com.qa.baseClass.BaseClass.scrollDownUsingElement(BaseClass.java:299)
at com.qa.centrum.eng.pages.CentrumFaqsPage.clickBenefitBlendsOne(CentrumFaqsPage.java:1056)
at com.qa.centrum.eng.test.CentrumSampleFaqsTest.verifBenefitBlendsOne(CentrumSampleFaqsTest.java:817)
at java.base/jdk.internal.reflect.DirectMethodHandleAccessor.invoke(DirectMethodHandleAccessor.java:104)
at java.base/java.lang.reflect.Method.invoke(Method.java:577)
at org.testng.internal.MethodInvocationHelper.invokeMethod(MethodInvocationHelper.java:133)
at org.testng.internal.TestInvoker.invokeMethod(TestInvoker.java:598)
at org.testng.internal.TestInvoker.invokeTestMethod(TestInvoker.java:173)
at org.testng.internal.MethodRunner.runInSequence(MethodRunner.java:46)
at org.testng.internal.TestInvoker$MethodInvocationAgent.invoke(TestInvoker.java:824)
at org.testng.internal.TestInvoker.invokeTestMethods(TestInvoker.java:146)
at org.testng.internal.TestMethodWorker.invokeTestMethods(TestMethodWorker.java:146)
at org.testng.internal.TestMethodWorker.run(TestMethodWorker.java:128)
at java.base/java.util.ArrayList.forEach(ArrayList.java:1511)
at org.testng.TestRunner.privateRun(TestRunner.java:794)
at org.testng.TestRunner.run(TestRunner.java:596)
at org.testng.SuiteRunner.runTest(SuiteRunner.java:377)
at org.testng.SuiteRunner.runSequentially(SuiteRunner.java:371)
at org.testng.SuiteRunner.privateRun(SuiteRunner.java:332)
at org.testng.SuiteRunner.run(SuiteRunner.java:276)
at org.testng.SuiteRunnerWorker.runSuite(SuiteRunnerWorker.java:53)
at org.testng.SuiteRunnerWorker.run(SuiteRunnerWorker.java:96)
at org.testng.TestNG.runSuitesSequentially(TestNG.java:1212)
at org.testng.TestNG.runSuitesLocally(TestNG.java:1134)
at org.testng.TestNG.runSuites(TestNG.java:1063)
at org.testng.TestNG.run(TestNG.java:1031)
at org.testng.remote.AbstractRemoteTestNG.run(AbstractRemoteTestNG.java:115)
at org.testng.remote.RemoteTestNG.initAndRun(RemoteTestNG.java:251)
at org.testng.remote.RemoteTestNG.main(RemoteTestNG.java:77)
]]>
    </error>
  </testcase> <!-- verifBenefitBlendsOne -->
  <system-out/>
  <testcase classname="com.qa.centrum.eng.test.CentrumSampleFaqsTest" name="verifBenefitBlendsTwo" time="32.295">
    <error message="Unable to scroll down the page" type="java.lang.Exception">
      <![CDATA[java.lang.Exception: Unable to scroll down the page
at com.qa.baseClass.BaseClass.scrollDownUsingElement(BaseClass.java:299)
at com.qa.centrum.eng.pages.CentrumFaqsPage.clickBenefitBlendsTwo(CentrumFaqsPage.java:1065)
at com.qa.centrum.eng.test.CentrumSampleFaqsTest.verifBenefitBlendsTwo(CentrumSampleFaqsTest.java:827)
at java.base/jdk.internal.reflect.DirectMethodHandleAccessor.invoke(DirectMethodHandleAccessor.java:104)
at java.base/java.lang.reflect.Method.invoke(Method.java:577)
at org.testng.internal.MethodInvocationHelper.invokeMethod(MethodInvocationHelper.java:133)
at org.testng.internal.TestInvoker.invokeMethod(TestInvoker.java:598)
at org.testng.internal.TestInvoker.invokeTestMethod(TestInvoker.java:173)
at org.testng.internal.MethodRunner.runInSequence(MethodRunner.java:46)
at org.testng.internal.TestInvoker$MethodInvocationAgent.invoke(TestInvoker.java:824)
at org.testng.internal.TestInvoker.invokeTestMethods(TestInvoker.java:146)
at org.testng.internal.TestMethodWorker.invokeTestMethods(TestMethodWorker.java:146)
at org.testng.internal.TestMethodWorker.run(TestMethodWorker.java:128)
at java.base/java.util.ArrayList.forEach(ArrayList.java:1511)
at org.testng.TestRunner.privateRun(TestRunner.java:794)
at org.testng.TestRunner.run(TestRunner.java:596)
at org.testng.SuiteRunner.runTest(SuiteRunner.java:377)
at org.testng.SuiteRunner.runSequentially(SuiteRunner.java:371)
at org.testng.SuiteRunner.privateRun(SuiteRunner.java:332)
at org.testng.SuiteRunner.run(SuiteRunner.java:276)
at org.testng.SuiteRunnerWorker.runSuite(SuiteRunnerWorker.java:53)
at org.testng.SuiteRunnerWorker.run(SuiteRunnerWorker.java:96)
at org.testng.TestNG.runSuitesSequentially(TestNG.java:1212)
at org.testng.TestNG.runSuitesLocally(TestNG.java:1134)
at org.testng.TestNG.runSuites(TestNG.java:1063)
at org.testng.TestNG.run(TestNG.java:1031)
at org.testng.remote.AbstractRemoteTestNG.run(AbstractRemoteTestNG.java:115)
at org.testng.remote.RemoteTestNG.initAndRun(RemoteTestNG.java:251)
at org.testng.remote.RemoteTestNG.main(RemoteTestNG.java:77)
]]>
    </error>
  </testcase> <!-- verifBenefitBlendsTwo -->
  <system-out/>
  <testcase classname="com.qa.centrum.eng.test.CentrumSampleFaqsTest" name="verifCentrumOrganicMultigummiesOne" time="10.525"/>
  <system-out/>
  <testcase classname="com.qa.centrum.eng.test.CentrumSampleFaqsTest" name="verifCentrumOrganicMultigummiesTwo" time="8.237"/>
  <system-out/>
  <testcase classname="com.qa.centrum.eng.test.CentrumSampleFaqsTest" name="verifCentrumOrganicMultigummiesThree" time="12.822"/>
  <system-out/>
  <testcase classname="com.qa.centrum.eng.test.CentrumSampleFaqsTest" name="verifDailyWellnessPacksOne" time="29.964">
    <error message="Unable to scroll down the page" type="java.lang.Exception">
      <![CDATA[java.lang.Exception: Unable to scroll down the page
at com.qa.baseClass.BaseClass.scrollDownUsingElement(BaseClass.java:299)
at com.qa.centrum.eng.pages.CentrumFaqsPage.clickDailyWellnessPacksOne(CentrumFaqsPage.java:1102)
at com.qa.centrum.eng.test.CentrumSampleFaqsTest.verifDailyWellnessPacksOne(CentrumSampleFaqsTest.java:867)
at java.base/jdk.internal.reflect.DirectMethodHandleAccessor.invoke(DirectMethodHandleAccessor.java:104)
at java.base/java.lang.reflect.Method.invoke(Method.java:577)
at org.testng.internal.MethodInvocationHelper.invokeMethod(MethodInvocationHelper.java:133)
at org.testng.internal.TestInvoker.invokeMethod(TestInvoker.java:598)
at org.testng.internal.TestInvoker.invokeTestMethod(TestInvoker.java:173)
at org.testng.internal.MethodRunner.runInSequence(MethodRunner.java:46)
at org.testng.internal.TestInvoker$MethodInvocationAgent.invoke(TestInvoker.java:824)
at org.testng.internal.TestInvoker.invokeTestMethods(TestInvoker.java:146)
at org.testng.internal.TestMethodWorker.invokeTestMethods(TestMethodWorker.java:146)
at org.testng.internal.TestMethodWorker.run(TestMethodWorker.java:128)
at java.base/java.util.ArrayList.forEach(ArrayList.java:1511)
at org.testng.TestRunner.privateRun(TestRunner.java:794)
at org.testng.TestRunner.run(TestRunner.java:596)
at org.testng.SuiteRunner.runTest(SuiteRunner.java:377)
at org.testng.SuiteRunner.runSequentially(SuiteRunner.java:371)
at org.testng.SuiteRunner.privateRun(SuiteRunner.java:332)
at org.testng.SuiteRunner.run(SuiteRunner.java:276)
at org.testng.SuiteRunnerWorker.runSuite(SuiteRunnerWorker.java:53)
at org.testng.SuiteRunnerWorker.run(SuiteRunnerWorker.java:96)
at org.testng.TestNG.runSuitesSequentially(TestNG.java:1212)
at org.testng.TestNG.runSuitesLocally(TestNG.java:1134)
at org.testng.TestNG.runSuites(TestNG.java:1063)
at org.testng.TestNG.run(TestNG.java:1031)
at org.testng.remote.AbstractRemoteTestNG.run(AbstractRemoteTestNG.java:115)
at org.testng.remote.RemoteTestNG.initAndRun(RemoteTestNG.java:251)
at org.testng.remote.RemoteTestNG.main(RemoteTestNG.java:77)
]]>
    </error>
  </testcase> <!-- verifDailyWellnessPacksOne -->
  <system-out/>
  <testcase classname="com.qa.centrum.eng.test.CentrumSampleFaqsTest" name="verifDailyWellnessPacksTwo" time="28.987">
    <error message="Unable to scroll down the page" type="java.lang.Exception">
      <![CDATA[java.lang.Exception: Unable to scroll down the page
at com.qa.baseClass.BaseClass.scrollDownUsingElement(BaseClass.java:299)
at com.qa.centrum.eng.pages.CentrumFaqsPage.clickDailyWellnessPacksTwo(CentrumFaqsPage.java:1111)
at com.qa.centrum.eng.test.CentrumSampleFaqsTest.verifDailyWellnessPacksTwo(CentrumSampleFaqsTest.java:877)
at java.base/jdk.internal.reflect.DirectMethodHandleAccessor.invoke(DirectMethodHandleAccessor.java:104)
at java.base/java.lang.reflect.Method.invoke(Method.java:577)
at org.testng.internal.MethodInvocationHelper.invokeMethod(MethodInvocationHelper.java:133)
at org.testng.internal.TestInvoker.invokeMethod(TestInvoker.java:598)
at org.testng.internal.TestInvoker.invokeTestMethod(TestInvoker.java:173)
at org.testng.internal.MethodRunner.runInSequence(MethodRunner.java:46)
at org.testng.internal.TestInvoker$MethodInvocationAgent.invoke(TestInvoker.java:824)
at org.testng.internal.TestInvoker.invokeTestMethods(TestInvoker.java:146)
at org.testng.internal.TestMethodWorker.invokeTestMethods(TestMethodWorker.java:146)
at org.testng.internal.TestMethodWorker.run(TestMethodWorker.java:128)
at java.base/java.util.ArrayList.forEach(ArrayList.java:1511)
at org.testng.TestRunner.privateRun(TestRunner.java:794)
at org.testng.TestRunner.run(TestRunner.java:596)
at org.testng.SuiteRunner.runTest(SuiteRunner.java:377)
at org.testng.SuiteRunner.runSequentially(SuiteRunner.java:371)
at org.testng.SuiteRunner.privateRun(SuiteRunner.java:332)
at org.testng.SuiteRunner.run(SuiteRunner.java:276)
at org.testng.SuiteRunnerWorker.runSuite(SuiteRunnerWorker.java:53)
at org.testng.SuiteRunnerWorker.run(SuiteRunnerWorker.java:96)
at org.testng.TestNG.runSuitesSequentially(TestNG.java:1212)
at org.testng.TestNG.runSuitesLocally(TestNG.java:1134)
at org.testng.TestNG.runSuites(TestNG.java:1063)
at org.testng.TestNG.run(TestNG.java:1031)
at org.testng.remote.AbstractRemoteTestNG.run(AbstractRemoteTestNG.java:115)
at org.testng.remote.RemoteTestNG.initAndRun(RemoteTestNG.java:251)
at org.testng.remote.RemoteTestNG.main(RemoteTestNG.java:77)
]]>
    </error>
  </testcase> <!-- verifDailyWellnessPacksTwo -->
  <system-out/>
  <testcase classname="com.qa.centrum.eng.test.CentrumSampleFaqsTest" name="verifDailyWellnessPacksThree" time="25.749">
    <error message="Unable to scroll down the page" type="java.lang.Exception">
      <![CDATA[java.lang.Exception: Unable to scroll down the page
at com.qa.baseClass.BaseClass.scrollDownUsingElement(BaseClass.java:299)
at com.qa.centrum.eng.pages.CentrumFaqsPage.clickDailyWellnessPacksThree(CentrumFaqsPage.java:1120)
at com.qa.centrum.eng.test.CentrumSampleFaqsTest.verifDailyWellnessPacksThree(CentrumSampleFaqsTest.java:887)
at java.base/jdk.internal.reflect.DirectMethodHandleAccessor.invoke(DirectMethodHandleAccessor.java:104)
at java.base/java.lang.reflect.Method.invoke(Method.java:577)
at org.testng.internal.MethodInvocationHelper.invokeMethod(MethodInvocationHelper.java:133)
at org.testng.internal.TestInvoker.invokeMethod(TestInvoker.java:598)
at org.testng.internal.TestInvoker.invokeTestMethod(TestInvoker.java:173)
at org.testng.internal.MethodRunner.runInSequence(MethodRunner.java:46)
at org.testng.internal.TestInvoker$MethodInvocationAgent.invoke(TestInvoker.java:824)
at org.testng.internal.TestInvoker.invokeTestMethods(TestInvoker.java:146)
at org.testng.internal.TestMethodWorker.invokeTestMethods(TestMethodWorker.java:146)
at org.testng.internal.TestMethodWorker.run(TestMethodWorker.java:128)
at java.base/java.util.ArrayList.forEach(ArrayList.java:1511)
at org.testng.TestRunner.privateRun(TestRunner.java:794)
at org.testng.TestRunner.run(TestRunner.java:596)
at org.testng.SuiteRunner.runTest(SuiteRunner.java:377)
at org.testng.SuiteRunner.runSequentially(SuiteRunner.java:371)
at org.testng.SuiteRunner.privateRun(SuiteRunner.java:332)
at org.testng.SuiteRunner.run(SuiteRunner.java:276)
at org.testng.SuiteRunnerWorker.runSuite(SuiteRunnerWorker.java:53)
at org.testng.SuiteRunnerWorker.run(SuiteRunnerWorker.java:96)
at org.testng.TestNG.runSuitesSequentially(TestNG.java:1212)
at org.testng.TestNG.runSuitesLocally(TestNG.java:1134)
at org.testng.TestNG.runSuites(TestNG.java:1063)
at org.testng.TestNG.run(TestNG.java:1031)
at org.testng.remote.AbstractRemoteTestNG.run(AbstractRemoteTestNG.java:115)
at org.testng.remote.RemoteTestNG.initAndRun(RemoteTestNG.java:251)
at org.testng.remote.RemoteTestNG.main(RemoteTestNG.java:77)
]]>
    </error>
  </testcase> <!-- verifDailyWellnessPacksThree -->
  <system-out/>
  <testcase classname="com.qa.centrum.eng.test.CentrumSampleFaqsTest" name="verifDailyWellnessPacksFour" time="30.389">
    <error message="Unable to scroll down the page" type="java.lang.Exception">
      <![CDATA[java.lang.Exception: Unable to scroll down the page
at com.qa.baseClass.BaseClass.scrollDownUsingElement(BaseClass.java:299)
at com.qa.centrum.eng.pages.CentrumFaqsPage.clickDailyWellnessPacksFour(CentrumFaqsPage.java:1129)
at com.qa.centrum.eng.test.CentrumSampleFaqsTest.verifDailyWellnessPacksFour(CentrumSampleFaqsTest.java:897)
at java.base/jdk.internal.reflect.DirectMethodHandleAccessor.invoke(DirectMethodHandleAccessor.java:104)
at java.base/java.lang.reflect.Method.invoke(Method.java:577)
at org.testng.internal.MethodInvocationHelper.invokeMethod(MethodInvocationHelper.java:133)
at org.testng.internal.TestInvoker.invokeMethod(TestInvoker.java:598)
at org.testng.internal.TestInvoker.invokeTestMethod(TestInvoker.java:173)
at org.testng.internal.MethodRunner.runInSequence(MethodRunner.java:46)
at org.testng.internal.TestInvoker$MethodInvocationAgent.invoke(TestInvoker.java:824)
at org.testng.internal.TestInvoker.invokeTestMethods(TestInvoker.java:146)
at org.testng.internal.TestMethodWorker.invokeTestMethods(TestMethodWorker.java:146)
at org.testng.internal.TestMethodWorker.run(TestMethodWorker.java:128)
at java.base/java.util.ArrayList.forEach(ArrayList.java:1511)
at org.testng.TestRunner.privateRun(TestRunner.java:794)
at org.testng.TestRunner.run(TestRunner.java:596)
at org.testng.SuiteRunner.runTest(SuiteRunner.java:377)
at org.testng.SuiteRunner.runSequentially(SuiteRunner.java:371)
at org.testng.SuiteRunner.privateRun(SuiteRunner.java:332)
at org.testng.SuiteRunner.run(SuiteRunner.java:276)
at org.testng.SuiteRunnerWorker.runSuite(SuiteRunnerWorker.java:53)
at org.testng.SuiteRunnerWorker.run(SuiteRunnerWorker.java:96)
at org.testng.TestNG.runSuitesSequentially(TestNG.java:1212)
at org.testng.TestNG.runSuitesLocally(TestNG.java:1134)
at org.testng.TestNG.runSuites(TestNG.java:1063)
at org.testng.TestNG.run(TestNG.java:1031)
at org.testng.remote.AbstractRemoteTestNG.run(AbstractRemoteTestNG.java:115)
at org.testng.remote.RemoteTestNG.initAndRun(RemoteTestNG.java:251)
at org.testng.remote.RemoteTestNG.main(RemoteTestNG.java:77)
]]>
    </error>
  </testcase> <!-- verifDailyWellnessPacksFour -->
  <system-out/>
  <testcase classname="com.qa.centrum.eng.test.CentrumSampleFaqsTest" name="verifDailyWellnessPacksFive" time="28.951">
    <error message="Unable to scroll down the page" type="java.lang.Exception">
      <![CDATA[java.lang.Exception: Unable to scroll down the page
at com.qa.baseClass.BaseClass.scrollDownUsingElement(BaseClass.java:299)
at com.qa.centrum.eng.pages.CentrumFaqsPage.clickDailyWellnessPacksFive(CentrumFaqsPage.java:1138)
at com.qa.centrum.eng.test.CentrumSampleFaqsTest.verifDailyWellnessPacksFive(CentrumSampleFaqsTest.java:907)
at java.base/jdk.internal.reflect.DirectMethodHandleAccessor.invoke(DirectMethodHandleAccessor.java:104)
at java.base/java.lang.reflect.Method.invoke(Method.java:577)
at org.testng.internal.MethodInvocationHelper.invokeMethod(MethodInvocationHelper.java:133)
at org.testng.internal.TestInvoker.invokeMethod(TestInvoker.java:598)
at org.testng.internal.TestInvoker.invokeTestMethod(TestInvoker.java:173)
at org.testng.internal.MethodRunner.runInSequence(MethodRunner.java:46)
at org.testng.internal.TestInvoker$MethodInvocationAgent.invoke(TestInvoker.java:824)
at org.testng.internal.TestInvoker.invokeTestMethods(TestInvoker.java:146)
at org.testng.internal.TestMethodWorker.invokeTestMethods(TestMethodWorker.java:146)
at org.testng.internal.TestMethodWorker.run(TestMethodWorker.java:128)
at java.base/java.util.ArrayList.forEach(ArrayList.java:1511)
at org.testng.TestRunner.privateRun(TestRunner.java:794)
at org.testng.TestRunner.run(TestRunner.java:596)
at org.testng.SuiteRunner.runTest(SuiteRunner.java:377)
at org.testng.SuiteRunner.runSequentially(SuiteRunner.java:371)
at org.testng.SuiteRunner.privateRun(SuiteRunner.java:332)
at org.testng.SuiteRunner.run(SuiteRunner.java:276)
at org.testng.SuiteRunnerWorker.runSuite(SuiteRunnerWorker.java:53)
at org.testng.SuiteRunnerWorker.run(SuiteRunnerWorker.java:96)
at org.testng.TestNG.runSuitesSequentially(TestNG.java:1212)
at org.testng.TestNG.runSuitesLocally(TestNG.java:1134)
at org.testng.TestNG.runSuites(TestNG.java:1063)
at org.testng.TestNG.run(TestNG.java:1031)
at org.testng.remote.AbstractRemoteTestNG.run(AbstractRemoteTestNG.java:115)
at org.testng.remote.RemoteTestNG.initAndRun(RemoteTestNG.java:251)
at org.testng.remote.RemoteTestNG.main(RemoteTestNG.java:77)
]]>
    </error>
  </testcase> <!-- verifDailyWellnessPacksFive -->
  <system-out/>
  <testcase classname="com.qa.centrum.eng.test.CentrumSampleFaqsTest" name="verifDailyWellnessPacksSix" time="27.198">
    <error message="Unable to scroll down the page" type="java.lang.Exception">
      <![CDATA[java.lang.Exception: Unable to scroll down the page
at com.qa.baseClass.BaseClass.scrollDownUsingElement(BaseClass.java:299)
at com.qa.centrum.eng.pages.CentrumFaqsPage.clickDailyWellnessPacksSix(CentrumFaqsPage.java:1147)
at com.qa.centrum.eng.test.CentrumSampleFaqsTest.verifDailyWellnessPacksSix(CentrumSampleFaqsTest.java:917)
at java.base/jdk.internal.reflect.DirectMethodHandleAccessor.invoke(DirectMethodHandleAccessor.java:104)
at java.base/java.lang.reflect.Method.invoke(Method.java:577)
at org.testng.internal.MethodInvocationHelper.invokeMethod(MethodInvocationHelper.java:133)
at org.testng.internal.TestInvoker.invokeMethod(TestInvoker.java:598)
at org.testng.internal.TestInvoker.invokeTestMethod(TestInvoker.java:173)
at org.testng.internal.MethodRunner.runInSequence(MethodRunner.java:46)
at org.testng.internal.TestInvoker$MethodInvocationAgent.invoke(TestInvoker.java:824)
at org.testng.internal.TestInvoker.invokeTestMethods(TestInvoker.java:146)
at org.testng.internal.TestMethodWorker.invokeTestMethods(TestMethodWorker.java:146)
at org.testng.internal.TestMethodWorker.run(TestMethodWorker.java:128)
at java.base/java.util.ArrayList.forEach(ArrayList.java:1511)
at org.testng.TestRunner.privateRun(TestRunner.java:794)
at org.testng.TestRunner.run(TestRunner.java:596)
at org.testng.SuiteRunner.runTest(SuiteRunner.java:377)
at org.testng.SuiteRunner.runSequentially(SuiteRunner.java:371)
at org.testng.SuiteRunner.privateRun(SuiteRunner.java:332)
at org.testng.SuiteRunner.run(SuiteRunner.java:276)
at org.testng.SuiteRunnerWorker.runSuite(SuiteRunnerWorker.java:53)
at org.testng.SuiteRunnerWorker.run(SuiteRunnerWorker.java:96)
at org.testng.TestNG.runSuitesSequentially(TestNG.java:1212)
at org.testng.TestNG.runSuitesLocally(TestNG.java:1134)
at org.testng.TestNG.runSuites(TestNG.java:1063)
at org.testng.TestNG.run(TestNG.java:1031)
at org.testng.remote.AbstractRemoteTestNG.run(AbstractRemoteTestNG.java:115)
at org.testng.remote.RemoteTestNG.initAndRun(RemoteTestNG.java:251)
at org.testng.remote.RemoteTestNG.main(RemoteTestNG.java:77)
]]>
    </error>
  </testcase> <!-- verifDailyWellnessPacksSix -->
  <system-out/>
  <testcase classname="com.qa.centrum.eng.test.CentrumSampleFaqsTest" name="verifDailyWellnessPacksSeven" time="27.208">
    <error message="Unable to scroll down the page" type="java.lang.Exception">
      <![CDATA[java.lang.Exception: Unable to scroll down the page
at com.qa.baseClass.BaseClass.scrollDownUsingElement(BaseClass.java:299)
at com.qa.centrum.eng.pages.CentrumFaqsPage.clickDailyWellnessPacksSeven(CentrumFaqsPage.java:1156)
at com.qa.centrum.eng.test.CentrumSampleFaqsTest.verifDailyWellnessPacksSeven(CentrumSampleFaqsTest.java:927)
at java.base/jdk.internal.reflect.DirectMethodHandleAccessor.invoke(DirectMethodHandleAccessor.java:104)
at java.base/java.lang.reflect.Method.invoke(Method.java:577)
at org.testng.internal.MethodInvocationHelper.invokeMethod(MethodInvocationHelper.java:133)
at org.testng.internal.TestInvoker.invokeMethod(TestInvoker.java:598)
at org.testng.internal.TestInvoker.invokeTestMethod(TestInvoker.java:173)
at org.testng.internal.MethodRunner.runInSequence(MethodRunner.java:46)
at org.testng.internal.TestInvoker$MethodInvocationAgent.invoke(TestInvoker.java:824)
at org.testng.internal.TestInvoker.invokeTestMethods(TestInvoker.java:146)
at org.testng.internal.TestMethodWorker.invokeTestMethods(TestMethodWorker.java:146)
at org.testng.internal.TestMethodWorker.run(TestMethodWorker.java:128)
at java.base/java.util.ArrayList.forEach(ArrayList.java:1511)
at org.testng.TestRunner.privateRun(TestRunner.java:794)
at org.testng.TestRunner.run(TestRunner.java:596)
at org.testng.SuiteRunner.runTest(SuiteRunner.java:377)
at org.testng.SuiteRunner.runSequentially(SuiteRunner.java:371)
at org.testng.SuiteRunner.privateRun(SuiteRunner.java:332)
at org.testng.SuiteRunner.run(SuiteRunner.java:276)
at org.testng.SuiteRunnerWorker.runSuite(SuiteRunnerWorker.java:53)
at org.testng.SuiteRunnerWorker.run(SuiteRunnerWorker.java:96)
at org.testng.TestNG.runSuitesSequentially(TestNG.java:1212)
at org.testng.TestNG.runSuitesLocally(TestNG.java:1134)
at org.testng.TestNG.runSuites(TestNG.java:1063)
at org.testng.TestNG.run(TestNG.java:1031)
at org.testng.remote.AbstractRemoteTestNG.run(AbstractRemoteTestNG.java:115)
at org.testng.remote.RemoteTestNG.initAndRun(RemoteTestNG.java:251)
at org.testng.remote.RemoteTestNG.main(RemoteTestNG.java:77)
]]>
    </error>
  </testcase> <!-- verifDailyWellnessPacksSeven -->
  <system-out/>
  <testcase classname="com.qa.centrum.eng.test.CentrumSampleFaqsTest" name="verifDailyWellnessPacksEight" time="26.376">
    <error message="Unable to scroll down the page" type="java.lang.Exception">
      <![CDATA[java.lang.Exception: Unable to scroll down the page
at com.qa.baseClass.BaseClass.scrollDownUsingElement(BaseClass.java:299)
at com.qa.centrum.eng.pages.CentrumFaqsPage.clickDailyWellnessPacksEight(CentrumFaqsPage.java:1165)
at com.qa.centrum.eng.test.CentrumSampleFaqsTest.verifDailyWellnessPacksEight(CentrumSampleFaqsTest.java:937)
at java.base/jdk.internal.reflect.DirectMethodHandleAccessor.invoke(DirectMethodHandleAccessor.java:104)
at java.base/java.lang.reflect.Method.invoke(Method.java:577)
at org.testng.internal.MethodInvocationHelper.invokeMethod(MethodInvocationHelper.java:133)
at org.testng.internal.TestInvoker.invokeMethod(TestInvoker.java:598)
at org.testng.internal.TestInvoker.invokeTestMethod(TestInvoker.java:173)
at org.testng.internal.MethodRunner.runInSequence(MethodRunner.java:46)
at org.testng.internal.TestInvoker$MethodInvocationAgent.invoke(TestInvoker.java:824)
at org.testng.internal.TestInvoker.invokeTestMethods(TestInvoker.java:146)
at org.testng.internal.TestMethodWorker.invokeTestMethods(TestMethodWorker.java:146)
at org.testng.internal.TestMethodWorker.run(TestMethodWorker.java:128)
at java.base/java.util.ArrayList.forEach(ArrayList.java:1511)
at org.testng.TestRunner.privateRun(TestRunner.java:794)
at org.testng.TestRunner.run(TestRunner.java:596)
at org.testng.SuiteRunner.runTest(SuiteRunner.java:377)
at org.testng.SuiteRunner.runSequentially(SuiteRunner.java:371)
at org.testng.SuiteRunner.privateRun(SuiteRunner.java:332)
at org.testng.SuiteRunner.run(SuiteRunner.java:276)
at org.testng.SuiteRunnerWorker.runSuite(SuiteRunnerWorker.java:53)
at org.testng.SuiteRunnerWorker.run(SuiteRunnerWorker.java:96)
at org.testng.TestNG.runSuitesSequentially(TestNG.java:1212)
at org.testng.TestNG.runSuitesLocally(TestNG.java:1134)
at org.testng.TestNG.runSuites(TestNG.java:1063)
at org.testng.TestNG.run(TestNG.java:1031)
at org.testng.remote.AbstractRemoteTestNG.run(AbstractRemoteTestNG.java:115)
at org.testng.remote.RemoteTestNG.initAndRun(RemoteTestNG.java:251)
at org.testng.remote.RemoteTestNG.main(RemoteTestNG.java:77)
]]>
    </error>
  </testcase> <!-- verifDailyWellnessPacksEight -->
  <system-out/>
  <testcase classname="com.qa.centrum.eng.test.CentrumSampleFaqsTest" name="verifDailyWellnessPacksNine" time="33.115">
    <error message="Unable to scroll down the page" type="java.lang.Exception">
      <![CDATA[java.lang.Exception: Unable to scroll down the page
at com.qa.baseClass.BaseClass.scrollDownUsingElement(BaseClass.java:299)
at com.qa.centrum.eng.pages.CentrumFaqsPage.clickDailyWellnessPacksNine(CentrumFaqsPage.java:1174)
at com.qa.centrum.eng.test.CentrumSampleFaqsTest.verifDailyWellnessPacksNine(CentrumSampleFaqsTest.java:947)
at java.base/jdk.internal.reflect.DirectMethodHandleAccessor.invoke(DirectMethodHandleAccessor.java:104)
at java.base/java.lang.reflect.Method.invoke(Method.java:577)
at org.testng.internal.MethodInvocationHelper.invokeMethod(MethodInvocationHelper.java:133)
at org.testng.internal.TestInvoker.invokeMethod(TestInvoker.java:598)
at org.testng.internal.TestInvoker.invokeTestMethod(TestInvoker.java:173)
at org.testng.internal.MethodRunner.runInSequence(MethodRunner.java:46)
at org.testng.internal.TestInvoker$MethodInvocationAgent.invoke(TestInvoker.java:824)
at org.testng.internal.TestInvoker.invokeTestMethods(TestInvoker.java:146)
at org.testng.internal.TestMethodWorker.invokeTestMethods(TestMethodWorker.java:146)
at org.testng.internal.TestMethodWorker.run(TestMethodWorker.java:128)
at java.base/java.util.ArrayList.forEach(ArrayList.java:1511)
at org.testng.TestRunner.privateRun(TestRunner.java:794)
at org.testng.TestRunner.run(TestRunner.java:596)
at org.testng.SuiteRunner.runTest(SuiteRunner.java:377)
at org.testng.SuiteRunner.runSequentially(SuiteRunner.java:371)
at org.testng.SuiteRunner.privateRun(SuiteRunner.java:332)
at org.testng.SuiteRunner.run(SuiteRunner.java:276)
at org.testng.SuiteRunnerWorker.runSuite(SuiteRunnerWorker.java:53)
at org.testng.SuiteRunnerWorker.run(SuiteRunnerWorker.java:96)
at org.testng.TestNG.runSuitesSequentially(TestNG.java:1212)
at org.testng.TestNG.runSuitesLocally(TestNG.java:1134)
at org.testng.TestNG.runSuites(TestNG.java:1063)
at org.testng.TestNG.run(TestNG.java:1031)
at org.testng.remote.AbstractRemoteTestNG.run(AbstractRemoteTestNG.java:115)
at org.testng.remote.RemoteTestNG.initAndRun(RemoteTestNG.java:251)
at org.testng.remote.RemoteTestNG.main(RemoteTestNG.java:77)
]]>
    </error>
  </testcase> <!-- verifDailyWellnessPacksNine -->
  <system-out/>
  <testcase classname="com.qa.centrum.eng.test.CentrumSampleFaqsTest" name="verifDailyWellnessPacksTen" time="29.206">
    <error message="Unable to scroll down the page" type="java.lang.Exception">
      <![CDATA[java.lang.Exception: Unable to scroll down the page
at com.qa.baseClass.BaseClass.scrollDownUsingElement(BaseClass.java:299)
at com.qa.centrum.eng.pages.CentrumFaqsPage.clickDailyWellnessPacksTen(CentrumFaqsPage.java:1183)
at com.qa.centrum.eng.test.CentrumSampleFaqsTest.verifDailyWellnessPacksTen(CentrumSampleFaqsTest.java:957)
at java.base/jdk.internal.reflect.DirectMethodHandleAccessor.invoke(DirectMethodHandleAccessor.java:104)
at java.base/java.lang.reflect.Method.invoke(Method.java:577)
at org.testng.internal.MethodInvocationHelper.invokeMethod(MethodInvocationHelper.java:133)
at org.testng.internal.TestInvoker.invokeMethod(TestInvoker.java:598)
at org.testng.internal.TestInvoker.invokeTestMethod(TestInvoker.java:173)
at org.testng.internal.MethodRunner.runInSequence(MethodRunner.java:46)
at org.testng.internal.TestInvoker$MethodInvocationAgent.invoke(TestInvoker.java:824)
at org.testng.internal.TestInvoker.invokeTestMethods(TestInvoker.java:146)
at org.testng.internal.TestMethodWorker.invokeTestMethods(TestMethodWorker.java:146)
at org.testng.internal.TestMethodWorker.run(TestMethodWorker.java:128)
at java.base/java.util.ArrayList.forEach(ArrayList.java:1511)
at org.testng.TestRunner.privateRun(TestRunner.java:794)
at org.testng.TestRunner.run(TestRunner.java:596)
at org.testng.SuiteRunner.runTest(SuiteRunner.java:377)
at org.testng.SuiteRunner.runSequentially(SuiteRunner.java:371)
at org.testng.SuiteRunner.privateRun(SuiteRunner.java:332)
at org.testng.SuiteRunner.run(SuiteRunner.java:276)
at org.testng.SuiteRunnerWorker.runSuite(SuiteRunnerWorker.java:53)
at org.testng.SuiteRunnerWorker.run(SuiteRunnerWorker.java:96)
at org.testng.TestNG.runSuitesSequentially(TestNG.java:1212)
at org.testng.TestNG.runSuitesLocally(TestNG.java:1134)
at org.testng.TestNG.runSuites(TestNG.java:1063)
at org.testng.TestNG.run(TestNG.java:1031)
at org.testng.remote.AbstractRemoteTestNG.run(AbstractRemoteTestNG.java:115)
at org.testng.remote.RemoteTestNG.initAndRun(RemoteTestNG.java:251)
at org.testng.remote.RemoteTestNG.main(RemoteTestNG.java:77)
]]>
    </error>
  </testcase> <!-- verifDailyWellnessPacksTen -->
  <system-out/>
  <testcase classname="com.qa.centrum.eng.test.CentrumSampleFaqsTest" name="verifDailyWellnessPacksEleven" time="33.440">
    <error message="Unable to scroll down the page" type="java.lang.Exception">
      <![CDATA[java.lang.Exception: Unable to scroll down the page
at com.qa.baseClass.BaseClass.scrollDownUsingElement(BaseClass.java:299)
at com.qa.centrum.eng.pages.CentrumFaqsPage.clickDailyWellnessPacksEleven(CentrumFaqsPage.java:1192)
at com.qa.centrum.eng.test.CentrumSampleFaqsTest.verifDailyWellnessPacksEleven(CentrumSampleFaqsTest.java:967)
at java.base/jdk.internal.reflect.DirectMethodHandleAccessor.invoke(DirectMethodHandleAccessor.java:104)
at java.base/java.lang.reflect.Method.invoke(Method.java:577)
at org.testng.internal.MethodInvocationHelper.invokeMethod(MethodInvocationHelper.java:133)
at org.testng.internal.TestInvoker.invokeMethod(TestInvoker.java:598)
at org.testng.internal.TestInvoker.invokeTestMethod(TestInvoker.java:173)
at org.testng.internal.MethodRunner.runInSequence(MethodRunner.java:46)
at org.testng.internal.TestInvoker$MethodInvocationAgent.invoke(TestInvoker.java:824)
at org.testng.internal.TestInvoker.invokeTestMethods(TestInvoker.java:146)
at org.testng.internal.TestMethodWorker.invokeTestMethods(TestMethodWorker.java:146)
at org.testng.internal.TestMethodWorker.run(TestMethodWorker.java:128)
at java.base/java.util.ArrayList.forEach(ArrayList.java:1511)
at org.testng.TestRunner.privateRun(TestRunner.java:794)
at org.testng.TestRunner.run(TestRunner.java:596)
at org.testng.SuiteRunner.runTest(SuiteRunner.java:377)
at org.testng.SuiteRunner.runSequentially(SuiteRunner.java:371)
at org.testng.SuiteRunner.privateRun(SuiteRunner.java:332)
at org.testng.SuiteRunner.run(SuiteRunner.java:276)
at org.testng.SuiteRunnerWorker.runSuite(SuiteRunnerWorker.java:53)
at org.testng.SuiteRunnerWorker.run(SuiteRunnerWorker.java:96)
at org.testng.TestNG.runSuitesSequentially(TestNG.java:1212)
at org.testng.TestNG.runSuitesLocally(TestNG.java:1134)
at org.testng.TestNG.runSuites(TestNG.java:1063)
at org.testng.TestNG.run(TestNG.java:1031)
at org.testng.remote.AbstractRemoteTestNG.run(AbstractRemoteTestNG.java:115)
at org.testng.remote.RemoteTestNG.initAndRun(RemoteTestNG.java:251)
at org.testng.remote.RemoteTestNG.main(RemoteTestNG.java:77)
]]>
    </error>
  </testcase> <!-- verifDailyWellnessPacksEleven -->
  <system-out/>
  <testcase classname="com.qa.centrum.eng.test.CentrumSampleFaqsTest" name="verifDailyWellnessPacksTwelve" time="29.813">
    <error message="Unable to scroll down the page" type="java.lang.Exception">
      <![CDATA[java.lang.Exception: Unable to scroll down the page
at com.qa.baseClass.BaseClass.scrollDownUsingElement(BaseClass.java:299)
at com.qa.centrum.eng.pages.CentrumFaqsPage.clickDailyWellnessPacksTwelve(CentrumFaqsPage.java:1201)
at com.qa.centrum.eng.test.CentrumSampleFaqsTest.verifDailyWellnessPacksTwelve(CentrumSampleFaqsTest.java:977)
at java.base/jdk.internal.reflect.DirectMethodHandleAccessor.invoke(DirectMethodHandleAccessor.java:104)
at java.base/java.lang.reflect.Method.invoke(Method.java:577)
at org.testng.internal.MethodInvocationHelper.invokeMethod(MethodInvocationHelper.java:133)
at org.testng.internal.TestInvoker.invokeMethod(TestInvoker.java:598)
at org.testng.internal.TestInvoker.invokeTestMethod(TestInvoker.java:173)
at org.testng.internal.MethodRunner.runInSequence(MethodRunner.java:46)
at org.testng.internal.TestInvoker$MethodInvocationAgent.invoke(TestInvoker.java:824)
at org.testng.internal.TestInvoker.invokeTestMethods(TestInvoker.java:146)
at org.testng.internal.TestMethodWorker.invokeTestMethods(TestMethodWorker.java:146)
at org.testng.internal.TestMethodWorker.run(TestMethodWorker.java:128)
at java.base/java.util.ArrayList.forEach(ArrayList.java:1511)
at org.testng.TestRunner.privateRun(TestRunner.java:794)
at org.testng.TestRunner.run(TestRunner.java:596)
at org.testng.SuiteRunner.runTest(SuiteRunner.java:377)
at org.testng.SuiteRunner.runSequentially(SuiteRunner.java:371)
at org.testng.SuiteRunner.privateRun(SuiteRunner.java:332)
at org.testng.SuiteRunner.run(SuiteRunner.java:276)
at org.testng.SuiteRunnerWorker.runSuite(SuiteRunnerWorker.java:53)
at org.testng.SuiteRunnerWorker.run(SuiteRunnerWorker.java:96)
at org.testng.TestNG.runSuitesSequentially(TestNG.java:1212)
at org.testng.TestNG.runSuitesLocally(TestNG.java:1134)
at org.testng.TestNG.runSuites(TestNG.java:1063)
at org.testng.TestNG.run(TestNG.java:1031)
at org.testng.remote.AbstractRemoteTestNG.run(AbstractRemoteTestNG.java:115)
at org.testng.remote.RemoteTestNG.initAndRun(RemoteTestNG.java:251)
at org.testng.remote.RemoteTestNG.main(RemoteTestNG.java:77)
]]>
    </error>
  </testcase> <!-- verifDailyWellnessPacksTwelve -->
  <system-out/>
  <testcase classname="com.qa.centrum.eng.test.CentrumSampleFaqsTest" name="verifDailyWellnessPacksThirteen" time="29.775">
    <error message="Unable to scroll down the page" type="java.lang.Exception">
      <![CDATA[java.lang.Exception: Unable to scroll down the page
at com.qa.baseClass.BaseClass.scrollDownUsingElement(BaseClass.java:299)
at com.qa.centrum.eng.pages.CentrumFaqsPage.clickDailyWellnessPacksThirteen(CentrumFaqsPage.java:1210)
at com.qa.centrum.eng.test.CentrumSampleFaqsTest.verifDailyWellnessPacksThirteen(CentrumSampleFaqsTest.java:987)
at java.base/jdk.internal.reflect.DirectMethodHandleAccessor.invoke(DirectMethodHandleAccessor.java:104)
at java.base/java.lang.reflect.Method.invoke(Method.java:577)
at org.testng.internal.MethodInvocationHelper.invokeMethod(MethodInvocationHelper.java:133)
at org.testng.internal.TestInvoker.invokeMethod(TestInvoker.java:598)
at org.testng.internal.TestInvoker.invokeTestMethod(TestInvoker.java:173)
at org.testng.internal.MethodRunner.runInSequence(MethodRunner.java:46)
at org.testng.internal.TestInvoker$MethodInvocationAgent.invoke(TestInvoker.java:824)
at org.testng.internal.TestInvoker.invokeTestMethods(TestInvoker.java:146)
at org.testng.internal.TestMethodWorker.invokeTestMethods(TestMethodWorker.java:146)
at org.testng.internal.TestMethodWorker.run(TestMethodWorker.java:128)
at java.base/java.util.ArrayList.forEach(ArrayList.java:1511)
at org.testng.TestRunner.privateRun(TestRunner.java:794)
at org.testng.TestRunner.run(TestRunner.java:596)
at org.testng.SuiteRunner.runTest(SuiteRunner.java:377)
at org.testng.SuiteRunner.runSequentially(SuiteRunner.java:371)
at org.testng.SuiteRunner.privateRun(SuiteRunner.java:332)
at org.testng.SuiteRunner.run(SuiteRunner.java:276)
at org.testng.SuiteRunnerWorker.runSuite(SuiteRunnerWorker.java:53)
at org.testng.SuiteRunnerWorker.run(SuiteRunnerWorker.java:96)
at org.testng.TestNG.runSuitesSequentially(TestNG.java:1212)
at org.testng.TestNG.runSuitesLocally(TestNG.java:1134)
at org.testng.TestNG.runSuites(TestNG.java:1063)
at org.testng.TestNG.run(TestNG.java:1031)
at org.testng.remote.AbstractRemoteTestNG.run(AbstractRemoteTestNG.java:115)
at org.testng.remote.RemoteTestNG.initAndRun(RemoteTestNG.java:251)
at org.testng.remote.RemoteTestNG.main(RemoteTestNG.java:77)
]]>
    </error>
  </testcase> <!-- verifDailyWellnessPacksThirteen -->
  <system-out/>
</testsuite> <!-- com.qa.centrum.eng.test.CentrumSampleFaqsTest -->
