<?xml version="1.0" encoding="UTF-8"?>
<!-- Generated by org.testng.reporters.JUnitReportReporter -->
<testsuite hostname="WKWZTPqvmdckJHX" failures="0" tests="10" name="com.qa.rinazina.it.test.RinazinaCheCoseLaSinusiteTest" time="109.726" errors="1" timestamp="2023-02-16T13:16:30 IST" skipped="0">
  <testcase classname="com.qa.rinazina.it.test.RinazinaCheCoseLaSinusiteTest" name="cookieButton" time="3.859"/>
  <system-out/>
  <testcase classname="com.qa.rinazina.it.test.RinazinaCheCoseLaSinusiteTest" name="verifyBreadcrumbOne" time="9.408"/>
  <system-out/>
  <testcase classname="com.qa.rinazina.it.test.RinazinaCheCoseLaSinusiteTest" name="verifyBreadcrumbTwo" time="18.151"/>
  <system-out/>
  <testcase classname="com.qa.rinazina.it.test.RinazinaCheCoseLaSinusiteTest" name="verifyBreadcrumbThree" time="22.238">
    <error message="Breadcrumb Three is not presented in the page" type="java.lang.Exception">
      <![CDATA[java.lang.Exception: Breadcrumb Three is not presented in the page
at com.qa.rinazina.it.pages.RinazinaCheCoseLaSinusitePage.clickBreadcrumbThree(RinazinaCheCoseLaSinusitePage.java:88)
at com.qa.rinazina.it.test.RinazinaCheCoseLaSinusiteTest.verifyBreadcrumbThree(RinazinaCheCoseLaSinusiteTest.java:70)
at java.base/jdk.internal.reflect.DirectMethodHandleAccessor.invoke(DirectMethodHandleAccessor.java:104)
at java.base/java.lang.reflect.Method.invoke(Method.java:577)
at org.testng.internal.MethodInvocationHelper.invokeMethod(MethodInvocationHelper.java:133)
at org.testng.internal.TestInvoker.invokeMethod(TestInvoker.java:598)
at org.testng.internal.TestInvoker.invokeTestMethod(TestInvoker.java:173)
at org.testng.internal.MethodRunner.runInSequence(MethodRunner.java:46)
at org.testng.internal.TestInvoker$MethodInvocationAgent.invoke(TestInvoker.java:824)
at org.testng.internal.TestInvoker.invokeTestMethods(TestInvoker.java:146)
at org.testng.internal.TestMethodWorker.invokeTestMethods(TestMethodWorker.java:146)
at org.testng.internal.TestMethodWorker.run(TestMethodWorker.java:128)
at java.base/java.util.ArrayList.forEach(ArrayList.java:1511)
at org.testng.TestRunner.privateRun(TestRunner.java:794)
at org.testng.TestRunner.run(TestRunner.java:596)
at org.testng.SuiteRunner.runTest(SuiteRunner.java:377)
at org.testng.SuiteRunner.runSequentially(SuiteRunner.java:371)
at org.testng.SuiteRunner.privateRun(SuiteRunner.java:332)
at org.testng.SuiteRunner.run(SuiteRunner.java:276)
at org.testng.SuiteRunnerWorker.runSuite(SuiteRunnerWorker.java:53)
at org.testng.SuiteRunnerWorker.run(SuiteRunnerWorker.java:96)
at org.testng.TestNG.runSuitesSequentially(TestNG.java:1212)
at org.testng.TestNG.runSuitesLocally(TestNG.java:1134)
at org.testng.TestNG.runSuites(TestNG.java:1063)
at org.testng.TestNG.run(TestNG.java:1031)
at org.testng.remote.AbstractRemoteTestNG.run(AbstractRemoteTestNG.java:115)
at org.testng.remote.RemoteTestNG.initAndRun(RemoteTestNG.java:251)
at org.testng.remote.RemoteTestNG.main(RemoteTestNG.java:77)
]]>
    </error>
  </testcase> <!-- verifyBreadcrumbThree -->
  <system-out/>
  <testcase classname="com.qa.rinazina.it.test.RinazinaCheCoseLaSinusiteTest" name="verifySprayDecongestionanteLink" time="14.535"/>
  <system-out/>
  <testcase classname="com.qa.rinazina.it.test.RinazinaCheCoseLaSinusiteTest" name="verifyPerSaperneDiLink" time="6.376"/>
  <system-out/>
  <testcase classname="com.qa.rinazina.it.test.RinazinaCheCoseLaSinusiteTest" name="verifyArticleOne" time="8.698"/>
  <system-out/>
  <testcase classname="com.qa.rinazina.it.test.RinazinaCheCoseLaSinusiteTest" name="verifyArticleTwo" time="9.810"/>
  <system-out/>
  <testcase classname="com.qa.rinazina.it.test.RinazinaCheCoseLaSinusiteTest" name="verifyArticleThree" time="8.080"/>
  <system-out/>
  <testcase classname="com.qa.rinazina.it.test.RinazinaCheCoseLaSinusiteTest" name="verifyArticleFour" time="8.571"/>
  <system-out/>
</testsuite> <!-- com.qa.rinazina.it.test.RinazinaCheCoseLaSinusiteTest -->
