<?xml version="1.0" encoding="UTF-8"?>
<!-- Generated by org.testng.reporters.JUnitReportReporter -->
<testsuite hostname="WKWZTPqvmdckJHX" failures="0" tests="15" name="com.qa.sensodyne.us.test.SensodyneTrueWhiteExtraFreshTest" time="284.321" errors="1" timestamp="2023-01-24T13:12:05 IST" skipped="0">
  <testcase classname="com.qa.sensodyne.us.test.SensodyneTrueWhiteExtraFreshTest" name="cookieButton" time="8.732"/>
  <system-out/>
  <testcase classname="com.qa.sensodyne.us.test.SensodyneTrueWhiteExtraFreshTest" name="verifyBuyNowOne" time="27.862">
    <error message="Expected condition failed: waiting for visibility of Proxy element for: DefaultElementLocator &#039;By.id: &#039; (tried for 20 second(s) with 500 milliseconds interval)" type="org.openqa.selenium.TimeoutException">
      <![CDATA[org.openqa.selenium.TimeoutException: Expected condition failed: waiting for visibility of Proxy element for: DefaultElementLocator 'By.id: ' (tried for 20 second(s) with 500 milliseconds interval)
at org.openqa.selenium.support.ui.WebDriverWait.timeoutException(WebDriverWait.java:95)
at org.openqa.selenium.support.ui.FluentWait.until(FluentWait.java:272)
at com.qa.baseClass.BaseClass.visibilityOf(BaseClass.java:735)
at com.qa.sensodyne.us.page.SensodyneTrueWhiteExtraFreshPage.clickBuyNow(SensodyneTrueWhiteExtraFreshPage.java:149)
at com.qa.sensodyne.us.test.SensodyneTrueWhiteExtraFreshTest.verifyBuyNowOne(SensodyneTrueWhiteExtraFreshTest.java:59)
at java.base/jdk.internal.reflect.DirectMethodHandleAccessor.invoke(DirectMethodHandleAccessor.java:104)
at java.base/java.lang.reflect.Method.invoke(Method.java:577)
at org.testng.internal.MethodInvocationHelper.invokeMethod(MethodInvocationHelper.java:133)
at org.testng.internal.TestInvoker.invokeMethod(TestInvoker.java:598)
at org.testng.internal.TestInvoker.invokeTestMethod(TestInvoker.java:173)
at org.testng.internal.MethodRunner.runInSequence(MethodRunner.java:46)
at org.testng.internal.TestInvoker$MethodInvocationAgent.invoke(TestInvoker.java:824)
at org.testng.internal.TestInvoker.invokeTestMethods(TestInvoker.java:146)
at org.testng.internal.TestMethodWorker.invokeTestMethods(TestMethodWorker.java:146)
at org.testng.internal.TestMethodWorker.run(TestMethodWorker.java:128)
at java.base/java.util.ArrayList.forEach(ArrayList.java:1511)
at org.testng.TestRunner.privateRun(TestRunner.java:794)
at org.testng.TestRunner.run(TestRunner.java:596)
at org.testng.SuiteRunner.runTest(SuiteRunner.java:377)
at org.testng.SuiteRunner.runSequentially(SuiteRunner.java:371)
at org.testng.SuiteRunner.privateRun(SuiteRunner.java:332)
at org.testng.SuiteRunner.run(SuiteRunner.java:276)
at org.testng.SuiteRunnerWorker.runSuite(SuiteRunnerWorker.java:53)
at org.testng.SuiteRunnerWorker.run(SuiteRunnerWorker.java:96)
at org.testng.TestNG.runSuitesSequentially(TestNG.java:1212)
at org.testng.TestNG.runSuitesLocally(TestNG.java:1134)
at org.testng.TestNG.runSuites(TestNG.java:1063)
at org.testng.TestNG.run(TestNG.java:1031)
at org.testng.remote.AbstractRemoteTestNG.run(AbstractRemoteTestNG.java:115)
at org.testng.remote.RemoteTestNG.initAndRun(RemoteTestNG.java:251)
at org.testng.remote.RemoteTestNG.main(RemoteTestNG.java:77)
Caused by: org.openqa.selenium.InvalidSelectorException: invalid selector: An invalid or illegal selector was specified
  (Session info: chrome=109.0.5414.75)
For documentation on this error, please visit: https://www.seleniumhq.org/exceptions/invalid_selector_exception.html
Build info: version: '3.141.59', revision: 'e82be7d358', time: '2018-11-14T08:17:03'
System info: host: 'WKWZTPQVMDCKJHX', ip: '192.168.95.49', os.name: 'Windows 11', os.arch: 'amd64', os.version: '10.0', java.version: '18.0.1'
Driver info: org.openqa.selenium.chrome.ChromeDriver
Capabilities {acceptInsecureCerts: false, browserName: chrome, browserVersion: 109.0.5414.75, chrome: {chromedriverVersion: 109.0.5414.74 (e7c5703604da..., userDataDir: C:\Users\sujsekar\AppData\L...}, goog:chromeOptions: {debuggerAddress: localhost:61634}, javascriptEnabled: true, networkConnectionEnabled: false, pageLoadStrategy: normal, platform: WINDOWS, platformName: WINDOWS, proxy: Proxy(), setWindowRect: true, strictFileInteractability: false, timeouts: {implicit: 0, pageLoad: 300000, script: 30000}, unhandledPromptBehavior: dismiss and notify, webauthn:extension:credBlob: true, webauthn:extension:largeBlob: true, webauthn:virtualAuthenticators: true}
Session ID: 3b24e25329a7bd9781a890bcc9762aac
*** Element info: {Using=id, value=}
at java.base/jdk.internal.reflect.DirectConstructorHandleAccessor.newInstance(DirectConstructorHandleAccessor.java:67)
at java.base/java.lang.reflect.Constructor.newInstanceWithCaller(Constructor.java:499)
at java.base/java.lang.reflect.Constructor.newInstance(Constructor.java:483)
at org.openqa.selenium.remote.http.W3CHttpResponseCodec.createException(W3CHttpResponseCodec.java:187)
at org.openqa.selenium.remote.http.W3CHttpResponseCodec.decode(W3CHttpResponseCodec.java:122)
at org.openqa.selenium.remote.http.W3CHttpResponseCodec.decode(W3CHttpResponseCodec.java:49)
at org.openqa.selenium.remote.HttpCommandExecutor.execute(HttpCommandExecutor.java:158)
at org.openqa.selenium.remote.service.DriverCommandExecutor.execute(DriverCommandExecutor.java:83)
at org.openqa.selenium.remote.RemoteWebDriver.execute(RemoteWebDriver.java:552)
at org.openqa.selenium.remote.RemoteWebDriver.findElement(RemoteWebDriver.java:323)
at org.openqa.selenium.remote.RemoteWebDriver.findElementById(RemoteWebDriver.java:372)
at org.openqa.selenium.By$ById.findElement(By.java:188)
at org.openqa.selenium.remote.RemoteWebDriver.findElement(RemoteWebDriver.java:315)
at org.openqa.selenium.support.pagefactory.DefaultElementLocator.findElement(DefaultElementLocator.java:69)
at org.openqa.selenium.support.pagefactory.internal.LocatingElementHandler.invoke(LocatingElementHandler.java:38)
at jdk.proxy2/jdk.proxy2.$Proxy14.isDisplayed(Unknown Source)
at org.openqa.selenium.support.ui.ExpectedConditions.elementIfVisible(ExpectedConditions.java:314)
at org.openqa.selenium.support.ui.ExpectedConditions.access$000(ExpectedConditions.java:43)
at org.openqa.selenium.support.ui.ExpectedConditions$10.apply(ExpectedConditions.java:300)
at org.openqa.selenium.support.ui.ExpectedConditions$10.apply(ExpectedConditions.java:297)
at org.openqa.selenium.support.ui.FluentWait.until(FluentWait.java:249)
... 29 more
]]>
    </error>
  </testcase> <!-- verifyBuyNowOne -->
  <system-out/>
  <testcase classname="com.qa.sensodyne.us.test.SensodyneTrueWhiteExtraFreshTest" name="verifyGetCoupon" time="19.539"/>
  <system-out/>
  <testcase classname="com.qa.sensodyne.us.test.SensodyneTrueWhiteExtraFreshTest" name="verifyMint" time="21.832"/>
  <system-out/>
  <testcase classname="com.qa.sensodyne.us.test.SensodyneTrueWhiteExtraFreshTest" name="verifyIngredients" time="8.070"/>
  <system-out/>
  <testcase classname="com.qa.sensodyne.us.test.SensodyneTrueWhiteExtraFreshTest" name="verifyDirections" time="7.913"/>
  <system-out/>
  <testcase classname="com.qa.sensodyne.us.test.SensodyneTrueWhiteExtraFreshTest" name="verifyWarnings" time="8.332"/>
  <system-out/>
  <testcase classname="com.qa.sensodyne.us.test.SensodyneTrueWhiteExtraFreshTest" name="verifyMostPopularProductsOne" time="20.925"/>
  <system-out/>
  <testcase classname="com.qa.sensodyne.us.test.SensodyneTrueWhiteExtraFreshTest" name="verifyMostPopularProductsTwo" time="21.799"/>
  <system-out/>
  <testcase classname="com.qa.sensodyne.us.test.SensodyneTrueWhiteExtraFreshTest" name="verifyMostPopularProductsThree" time="20.234"/>
  <system-out/>
  <testcase classname="com.qa.sensodyne.us.test.SensodyneTrueWhiteExtraFreshTest" name="verifyMostPopularProductsFour" time="20.258"/>
  <system-out/>
  <testcase classname="com.qa.sensodyne.us.test.SensodyneTrueWhiteExtraFreshTest" name="verifyMostPopularProductsFive" time="22.445"/>
  <system-out/>
  <testcase classname="com.qa.sensodyne.us.test.SensodyneTrueWhiteExtraFreshTest" name="verifyGetYourCoupon" time="19.006"/>
  <system-out/>
  <testcase classname="com.qa.sensodyne.us.test.SensodyneTrueWhiteExtraFreshTest" name="verifyFindYourStore" time="36.840"/>
  <system-out/>
  <testcase classname="com.qa.sensodyne.us.test.SensodyneTrueWhiteExtraFreshTest" name="verifyBreadCrumb" time="20.534"/>
  <system-out/>
</testsuite> <!-- com.qa.sensodyne.us.test.SensodyneTrueWhiteExtraFreshTest -->
