<?xml version="1.0" encoding="UTF-8"?>
<!-- Generated by org.testng.reporters.JUnitReportReporter -->
<testsuite hostname="WKWZTPqvmdckJHX" failures="0" tests="21" name="com.qa.voltarengel.test.VoltarenAloneTest" time="300.131" errors="2" timestamp="2023-04-23T23:50:50 IST" skipped="4">
  <testcase classname="com.qa.voltarengel.test.VoltarenAloneTest" name="cookieButton" time="8.161"/>
  <system-out/>
  <testcase classname="com.qa.voltarengel.test.VoltarenAloneTest" name="verifyBreadcrumbOne" time="11.238"/>
  <system-out/>
  <testcase classname="com.qa.voltarengel.test.VoltarenAloneTest" name="verifyBreadcrumbTwo" time="11.021"/>
  <system-out/>
  <testcase classname="com.qa.voltarengel.test.VoltarenAloneTest" name="verifyBreadcrumbThree" time="9.822"/>
  <system-out/>
  <testcase classname="com.qa.voltarengel.test.VoltarenAloneTest" name="verifyBreadcrumbFour" time="7.624"/>
  <system-out/>
  <testcase classname="com.qa.voltarengel.test.VoltarenAloneTest" name="verifyHyperLinkLivingIndependentlyWithArthritisOne" time="9.645"/>
  <system-out/>
  <testcase classname="com.qa.voltarengel.test.VoltarenAloneTest" name="verifyHyperLinkStressManagement" time="10.944"/>
  <system-out/>
  <testcase classname="com.qa.voltarengel.test.VoltarenAloneTest" name="verifyHyperLinkManagingArthritisPain" time="9.479"/>
  <system-out/>
  <testcase classname="com.qa.voltarengel.test.VoltarenAloneTest" name="verifyHyperLinkHere" time="8.998"/>
  <system-out/>
  <testcase classname="com.qa.voltarengel.test.VoltarenAloneTest" name="verifyHyperLinkVoltarenArthritisPainGel" time="12.256"/>
  <system-out/>
  <testcase classname="com.qa.voltarengel.test.VoltarenAloneTest" name="verifyHyperLinkRelieveThePainOfArthritis" time="10.463"/>
  <system-out/>
  <testcase classname="com.qa.voltarengel.test.VoltarenAloneTest" name="verifyHyperLinkLivingIndependentlyWithArthritisTwo" time="12.463"/>
  <system-out/>
  <testcase classname="com.qa.voltarengel.test.VoltarenAloneTest" name="verifyShowReference" time="6.196"/>
  <system-out/>
  <testcase classname="com.qa.voltarengel.test.VoltarenAloneTest" name="verifyRelatedArticleReadMoreOne" time="25.980">
    <skipped/>
  </testcase> <!-- verifyRelatedArticleReadMoreOne -->
  <system-out/>
  <testcase classname="com.qa.voltarengel.test.VoltarenAloneTest" name="verifyRelatedArticleReadMoreOne" time="25.768">
    <skipped/>
  </testcase> <!-- verifyRelatedArticleReadMoreOne -->
  <system-out/>
  <testcase classname="com.qa.voltarengel.test.VoltarenAloneTest" name="verifyRelatedArticleReadMoreOne" time="25.308">
    <error message="Related Article Read More One is not preseneted in the page" type="java.lang.Exception">
      <![CDATA[java.lang.Exception: Related Article Read More One is not preseneted in the page
at com.qa.voltarengel.pages.VoltarenAlonePage.clickRelatedArticleReadMoreOne(VoltarenAlonePage.java:312)
at com.qa.voltarengel.test.VoltarenAloneTest.verifyRelatedArticleReadMoreOne(VoltarenAloneTest.java:188)
at java.base/jdk.internal.reflect.DirectMethodHandleAccessor.invoke(DirectMethodHandleAccessor.java:104)
at java.base/java.lang.reflect.Method.invoke(Method.java:577)
at org.testng.internal.MethodInvocationHelper.invokeMethod(MethodInvocationHelper.java:133)
at org.testng.internal.TestInvoker.invokeMethod(TestInvoker.java:598)
at org.testng.internal.TestInvoker.retryFailed(TestInvoker.java:213)
at org.testng.internal.MethodRunner.runInSequence(MethodRunner.java:58)
at org.testng.internal.TestInvoker$MethodInvocationAgent.invoke(TestInvoker.java:824)
at org.testng.internal.TestInvoker.invokeTestMethods(TestInvoker.java:146)
at org.testng.internal.TestMethodWorker.invokeTestMethods(TestMethodWorker.java:146)
at org.testng.internal.TestMethodWorker.run(TestMethodWorker.java:128)
at java.base/java.util.ArrayList.forEach(ArrayList.java:1511)
at org.testng.TestRunner.privateRun(TestRunner.java:794)
at org.testng.TestRunner.run(TestRunner.java:596)
at org.testng.SuiteRunner.runTest(SuiteRunner.java:377)
at org.testng.SuiteRunner.runSequentially(SuiteRunner.java:371)
at org.testng.SuiteRunner.privateRun(SuiteRunner.java:332)
at org.testng.SuiteRunner.run(SuiteRunner.java:276)
at org.testng.SuiteRunnerWorker.runSuite(SuiteRunnerWorker.java:53)
at org.testng.SuiteRunnerWorker.run(SuiteRunnerWorker.java:96)
at org.testng.TestNG.runSuitesSequentially(TestNG.java:1212)
at org.testng.TestNG.runSuitesLocally(TestNG.java:1134)
at org.testng.TestNG.runSuites(TestNG.java:1063)
at org.testng.TestNG.run(TestNG.java:1031)
at org.testng.remote.AbstractRemoteTestNG.run(AbstractRemoteTestNG.java:115)
at org.testng.remote.RemoteTestNG.initAndRun(RemoteTestNG.java:251)
at org.testng.remote.RemoteTestNG.main(RemoteTestNG.java:77)
]]>
    </error>
  </testcase> <!-- verifyRelatedArticleReadMoreOne -->
  <system-out/>
  <testcase classname="com.qa.voltarengel.test.VoltarenAloneTest" name="verifyRelatedArticleReadMoreTwo" time="24.202">
    <skipped/>
  </testcase> <!-- verifyRelatedArticleReadMoreTwo -->
  <system-out/>
  <testcase classname="com.qa.voltarengel.test.VoltarenAloneTest" name="verifyRelatedArticleReadMoreTwo" time="25.060">
    <error message="Related Article Read More Two is not preseneted in the page" type="java.lang.Exception">
      <![CDATA[java.lang.Exception: Related Article Read More Two is not preseneted in the page
at com.qa.voltarengel.pages.VoltarenAlonePage.clickRelatedArticleReadMoreTwo(VoltarenAlonePage.java:325)
at com.qa.voltarengel.test.VoltarenAloneTest.verifyRelatedArticleReadMoreTwo(VoltarenAloneTest.java:200)
at java.base/jdk.internal.reflect.DirectMethodHandleAccessor.invoke(DirectMethodHandleAccessor.java:104)
at java.base/java.lang.reflect.Method.invoke(Method.java:577)
at org.testng.internal.MethodInvocationHelper.invokeMethod(MethodInvocationHelper.java:133)
at org.testng.internal.TestInvoker.invokeMethod(TestInvoker.java:598)
at org.testng.internal.TestInvoker.retryFailed(TestInvoker.java:213)
at org.testng.internal.MethodRunner.runInSequence(MethodRunner.java:58)
at org.testng.internal.TestInvoker$MethodInvocationAgent.invoke(TestInvoker.java:824)
at org.testng.internal.TestInvoker.invokeTestMethods(TestInvoker.java:146)
at org.testng.internal.TestMethodWorker.invokeTestMethods(TestMethodWorker.java:146)
at org.testng.internal.TestMethodWorker.run(TestMethodWorker.java:128)
at java.base/java.util.ArrayList.forEach(ArrayList.java:1511)
at org.testng.TestRunner.privateRun(TestRunner.java:794)
at org.testng.TestRunner.run(TestRunner.java:596)
at org.testng.SuiteRunner.runTest(SuiteRunner.java:377)
at org.testng.SuiteRunner.runSequentially(SuiteRunner.java:371)
at org.testng.SuiteRunner.privateRun(SuiteRunner.java:332)
at org.testng.SuiteRunner.run(SuiteRunner.java:276)
at org.testng.SuiteRunnerWorker.runSuite(SuiteRunnerWorker.java:53)
at org.testng.SuiteRunnerWorker.run(SuiteRunnerWorker.java:96)
at org.testng.TestNG.runSuitesSequentially(TestNG.java:1212)
at org.testng.TestNG.runSuitesLocally(TestNG.java:1134)
at org.testng.TestNG.runSuites(TestNG.java:1063)
at org.testng.TestNG.run(TestNG.java:1031)
at org.testng.remote.AbstractRemoteTestNG.run(AbstractRemoteTestNG.java:115)
at org.testng.remote.RemoteTestNG.initAndRun(RemoteTestNG.java:251)
at org.testng.remote.RemoteTestNG.main(RemoteTestNG.java:77)
]]>
    </error>
  </testcase> <!-- verifyRelatedArticleReadMoreTwo -->
  <system-out/>
  <testcase classname="com.qa.voltarengel.test.VoltarenAloneTest" name="verifyRelatedArticleReadMoreTwo" time="29.236">
    <skipped/>
  </testcase> <!-- verifyRelatedArticleReadMoreTwo -->
  <system-out/>
  <testcase classname="com.qa.voltarengel.test.VoltarenAloneTest" name="verifyGetCoupons" time="8.896"/>
  <system-out/>
  <testcase classname="com.qa.voltarengel.test.VoltarenAloneTest" name="verifyBuyNow" time="7.371"/>
  <system-out/>
</testsuite> <!-- com.qa.voltarengel.test.VoltarenAloneTest -->
