<?xml version="1.0" encoding="UTF-8"?>
<!-- Generated by org.testng.reporters.JUnitReportReporter -->
<testsuite hostname="WKWZTPqvmdckJHX" failures="1" tests="11" name="com.qa.abreva.test.AbrevaDoColdSoresMeanYouHaveStdTest" time="103.931" errors="0" timestamp="2023-05-16T23:32:44 IST" skipped="2">
  <testcase classname="com.qa.abreva.test.AbrevaDoColdSoresMeanYouHaveStdTest" name="cookieButton" time="6.449"/>
  <system-out/>
  <testcase classname="com.qa.abreva.test.AbrevaDoColdSoresMeanYouHaveStdTest" name="verifyBreadcrumbOne" time="10.587"/>
  <system-out/>
  <testcase classname="com.qa.abreva.test.AbrevaDoColdSoresMeanYouHaveStdTest" name="verifyHyperLinkHsvVirus" time="8.075">
    <skipped/>
  </testcase> <!-- verifyHyperLinkHsvVirus -->
  <system-out/>
  <testcase classname="com.qa.abreva.test.AbrevaDoColdSoresMeanYouHaveStdTest" name="verifyHyperLinkHsvVirus" time="9.472">
    <skipped/>
  </testcase> <!-- verifyHyperLinkHsvVirus -->
  <system-out/>
  <testcase classname="com.qa.abreva.test.AbrevaDoColdSoresMeanYouHaveStdTest" name="verifyHyperLinkHsvVirus" time="8.235">
    <failure message="expected [amp/how-common-herpes-simplex-1.html] but found [https://www.abreva.com/amp/how-common-herpes-simplex-1.html]" type="java.lang.AssertionError">
      <![CDATA[java.lang.AssertionError: expected [amp/how-common-herpes-simplex-1.html] but found [https://www.abreva.com/amp/how-common-herpes-simplex-1.html]
at org.testng.Assert.fail(Assert.java:99)
at org.testng.Assert.failNotEquals(Assert.java:1037)
at org.testng.Assert.assertEqualsImpl(Assert.java:140)
at org.testng.Assert.assertEquals(Assert.java:122)
at org.testng.Assert.assertEquals(Assert.java:629)
at org.testng.Assert.assertEquals(Assert.java:639)
at com.qa.baseClass.BaseClass.compareTwoText(BaseClass.java:822)
at com.qa.abreva.test.AbrevaDoColdSoresMeanYouHaveStdTest.verifyHyperLinkHsvVirus(AbrevaDoColdSoresMeanYouHaveStdTest.java:63)
at java.base/jdk.internal.reflect.DirectMethodHandleAccessor.invoke(DirectMethodHandleAccessor.java:104)
at java.base/java.lang.reflect.Method.invoke(Method.java:577)
at org.testng.internal.MethodInvocationHelper.invokeMethod(MethodInvocationHelper.java:133)
at org.testng.internal.TestInvoker.invokeMethod(TestInvoker.java:598)
at org.testng.internal.TestInvoker.retryFailed(TestInvoker.java:213)
at org.testng.internal.MethodRunner.runInSequence(MethodRunner.java:58)
at org.testng.internal.TestInvoker$MethodInvocationAgent.invoke(TestInvoker.java:824)
at org.testng.internal.TestInvoker.invokeTestMethods(TestInvoker.java:146)
at org.testng.internal.TestMethodWorker.invokeTestMethods(TestMethodWorker.java:146)
at org.testng.internal.TestMethodWorker.run(TestMethodWorker.java:128)
at java.base/java.util.ArrayList.forEach(ArrayList.java:1511)
at org.testng.TestRunner.privateRun(TestRunner.java:794)
at org.testng.TestRunner.run(TestRunner.java:596)
at org.testng.SuiteRunner.runTest(SuiteRunner.java:377)
at org.testng.SuiteRunner.runSequentially(SuiteRunner.java:371)
at org.testng.SuiteRunner.privateRun(SuiteRunner.java:332)
at org.testng.SuiteRunner.run(SuiteRunner.java:276)
at org.testng.SuiteRunnerWorker.runSuite(SuiteRunnerWorker.java:53)
at org.testng.SuiteRunnerWorker.run(SuiteRunnerWorker.java:96)
at org.testng.TestNG.runSuitesSequentially(TestNG.java:1212)
at org.testng.TestNG.runSuitesLocally(TestNG.java:1134)
at org.testng.TestNG.runSuites(TestNG.java:1063)
at org.testng.TestNG.run(TestNG.java:1031)
at org.testng.remote.AbstractRemoteTestNG.run(AbstractRemoteTestNG.java:115)
at org.testng.remote.RemoteTestNG.initAndRun(RemoteTestNG.java:251)
at org.testng.remote.RemoteTestNG.main(RemoteTestNG.java:77)
]]>
    </failure>
  </testcase> <!-- verifyHyperLinkHsvVirus -->
  <system-out/>
  <testcase classname="com.qa.abreva.test.AbrevaDoColdSoresMeanYouHaveStdTest" name="verifyHyperLinkFeverBlisters" time="9.356"/>
  <system-out/>
  <testcase classname="com.qa.abreva.test.AbrevaDoColdSoresMeanYouHaveStdTest" name="verifyHyperLinkManagingLipHealth" time="10.346"/>
  <system-out/>
  <testcase classname="com.qa.abreva.test.AbrevaDoColdSoresMeanYouHaveStdTest" name="verifyHyperLinkStressAndColdSores" time="7.150"/>
  <system-out/>
  <testcase classname="com.qa.abreva.test.AbrevaDoColdSoresMeanYouHaveStdTest" name="verifyHyperLinkAbrevaProducts" time="19.952"/>
  <system-out/>
  <testcase classname="com.qa.abreva.test.AbrevaDoColdSoresMeanYouHaveStdTest" name="verifyReadOurLipCareTips" time="6.158"/>
  <system-out/>
  <testcase classname="com.qa.abreva.test.AbrevaDoColdSoresMeanYouHaveStdTest" name="verifyBuyNow" time="8.151"/>
  <system-out/>
</testsuite> <!-- com.qa.abreva.test.AbrevaDoColdSoresMeanYouHaveStdTest -->
