<?xml version="1.0" encoding="UTF-8"?>
<!-- Generated by org.testng.reporters.JUnitReportReporter -->
<testsuite hostname="WKWZTPqvmdckJHX" failures="1" tests="4" name="com.qa.abreva.test.AbrevaWhatAntiviralColdSoreMedicationIsRightForMeTest" time="34.267" errors="0" timestamp="2023-05-16T23:32:44 IST" skipped="2">
  <testcase classname="com.qa.abreva.test.AbrevaWhatAntiviralColdSoreMedicationIsRightForMeTest" name="cookieButton" time="19.407"/>
  <system-out/>
  <testcase classname="com.qa.abreva.test.AbrevaWhatAntiviralColdSoreMedicationIsRightForMeTest" name="verifyBannerLinkOne" time="4.666">
    <failure message="expected [true] but found [false]" type="java.lang.AssertionError">
      <![CDATA[java.lang.AssertionError: expected [true] but found [false]
at org.testng.Assert.fail(Assert.java:99)
at org.testng.Assert.failNotEquals(Assert.java:1037)
at org.testng.Assert.assertTrue(Assert.java:45)
at org.testng.Assert.assertTrue(Assert.java:55)
at com.qa.abreva.pages.AbrevaWhatAntiviralColdSoreMedicationIsRightForMePage.clickBannerLinkOne(AbrevaWhatAntiviralColdSoreMedicationIsRightForMePage.java:119)
at com.qa.abreva.test.AbrevaWhatAntiviralColdSoreMedicationIsRightForMeTest.verifyBannerLinkOne(AbrevaWhatAntiviralColdSoreMedicationIsRightForMeTest.java:44)
at java.base/jdk.internal.reflect.DirectMethodHandleAccessor.invoke(DirectMethodHandleAccessor.java:104)
at java.base/java.lang.reflect.Method.invoke(Method.java:577)
at org.testng.internal.MethodInvocationHelper.invokeMethod(MethodInvocationHelper.java:133)
at org.testng.internal.TestInvoker.invokeMethod(TestInvoker.java:598)
at org.testng.internal.TestInvoker.retryFailed(TestInvoker.java:213)
at org.testng.internal.MethodRunner.runInSequence(MethodRunner.java:58)
at org.testng.internal.TestInvoker$MethodInvocationAgent.invoke(TestInvoker.java:824)
at org.testng.internal.TestInvoker.invokeTestMethods(TestInvoker.java:146)
at org.testng.internal.TestMethodWorker.invokeTestMethods(TestMethodWorker.java:146)
at org.testng.internal.TestMethodWorker.run(TestMethodWorker.java:128)
at java.base/java.util.ArrayList.forEach(ArrayList.java:1511)
at org.testng.TestRunner.privateRun(TestRunner.java:794)
at org.testng.TestRunner.run(TestRunner.java:596)
at org.testng.SuiteRunner.runTest(SuiteRunner.java:377)
at org.testng.SuiteRunner.runSequentially(SuiteRunner.java:371)
at org.testng.SuiteRunner.privateRun(SuiteRunner.java:332)
at org.testng.SuiteRunner.run(SuiteRunner.java:276)
at org.testng.SuiteRunnerWorker.runSuite(SuiteRunnerWorker.java:53)
at org.testng.SuiteRunnerWorker.run(SuiteRunnerWorker.java:96)
at org.testng.TestNG.runSuitesSequentially(TestNG.java:1212)
at org.testng.TestNG.runSuitesLocally(TestNG.java:1134)
at org.testng.TestNG.runSuites(TestNG.java:1063)
at org.testng.TestNG.run(TestNG.java:1031)
at org.testng.remote.AbstractRemoteTestNG.run(AbstractRemoteTestNG.java:115)
at org.testng.remote.RemoteTestNG.initAndRun(RemoteTestNG.java:251)
at org.testng.remote.RemoteTestNG.main(RemoteTestNG.java:77)
]]>
    </failure>
  </testcase> <!-- verifyBannerLinkOne -->
  <system-out/>
  <testcase classname="com.qa.abreva.test.AbrevaWhatAntiviralColdSoreMedicationIsRightForMeTest" name="verifyBannerLinkOne" time="4.916">
    <skipped/>
  </testcase> <!-- verifyBannerLinkOne -->
  <system-out/>
  <testcase classname="com.qa.abreva.test.AbrevaWhatAntiviralColdSoreMedicationIsRightForMeTest" name="verifyBannerLinkOne" time="5.278">
    <skipped/>
  </testcase> <!-- verifyBannerLinkOne -->
  <system-out/>
</testsuite> <!-- com.qa.abreva.test.AbrevaWhatAntiviralColdSoreMedicationIsRightForMeTest -->
