<?xml version="1.0" encoding="UTF-8"?>
<!-- Generated by org.testng.reporters.JUnitXMLReporter -->
<testsuite ignored="72" hostname="WKWZTPqvmdckJHX" failures="23" tests="370" name="Abreva Automation Test" time="6585.544" errors="0" timestamp="2023-05-16T23:32:42 IST">
  <testcase classname="com.qa.abreva.test.AbrevaHowToUseAbrevaTest" name="@BeforeMethod launchingTheUrl" time="307.503">
    <failure type="java.lang.Exception" message="Entered URL is incorrect">
      <![CDATA[java.lang.Exception: Entered URL is incorrect
at com.qa.baseClass.BaseClass.launchURL(BaseClass.java:165)
at com.qa.abreva.test.AbrevaHowToUseAbrevaTest.launchingTheUrl(AbrevaHowToUseAbrevaTest.java:28)
at java.base/java.util.ArrayList.forEach(ArrayList.java:1511)
... Removed 29 stack frames]]>
    </failure>
  </testcase> <!-- @BeforeMethod launchingTheUrl -->
  <testcase classname="com.qa.abreva.test.AbrevaHowToUseAbrevaTest" name="@BeforeMethod launchingTheUrl" time="-1.684255180725E9">
    <skipped/>
  </testcase> <!-- @BeforeMethod launchingTheUrl -->
  <testcase classname="com.qa.abreva.test.AbrevaHowToUseAbrevaTest" name="@BeforeMethod launchingTheUrl" time="-1.684255205901E9">
    <skipped/>
  </testcase> <!-- @BeforeMethod launchingTheUrl -->
  <testcase classname="com.qa.abreva.test.AbrevaHowToUseAbrevaTest" name="@BeforeMethod launchingTheUrl" time="-1.684255205909E9">
    <skipped/>
  </testcase> <!-- @BeforeMethod launchingTheUrl -->
  <testcase classname="com.qa.abreva.test.AbrevaHowToUseAbrevaTest" name="@BeforeMethod launchingTheUrl" time="-1.684255205917E9">
    <skipped/>
  </testcase> <!-- @BeforeMethod launchingTheUrl -->
  <testcase classname="com.qa.abreva.test.AbrevaSunAndColdSoresTest" name="cookieButton" time="2.489"/>
  <testcase classname="com.qa.abreva.test.AbrevaSunAndColdSoresTest" name="verifyBreadcrumbOne" time="8.329"/>
  <testcase classname="com.qa.abreva.test.AbrevaSunAndColdSoresTest" name="verifyHyperLinkTrigger" time="7.857"/>
  <testcase classname="com.qa.abreva.test.AbrevaSunAndColdSoresTest" name="verifyHyperLinkAbreva" time="8.056"/>
  <testcase classname="com.qa.abreva.test.AbrevaSunAndColdSoresTest" name="verifyHyperLinkVacations" time="5.921"/>
  <testcase classname="com.qa.abreva.test.AbrevaSunAndColdSoresTest" name="verifyWholeCardSecOne" time="9.675"/>
  <testcase classname="com.qa.abreva.test.AbrevaSunAndColdSoresTest" name="verifyWholeCardSecTwo" time="10.316"/>
  <testcase classname="com.qa.abreva.test.AbrevaSunAndColdSoresTest" name="verifyWholeCardSecThree" time="6.804"/>
  <testcase classname="com.qa.abreva.test.AbrevaSunAndColdSoresTest" name="verifyReadOurLipCareTips" time="14.246"/>
  <testcase classname="com.qa.abreva.test.AbrevaSunAndColdSoresTest" name="verifyBuyNow" time="5.597">
    <skipped/>
  </testcase> <!-- verifyBuyNow -->
  <testcase classname="com.qa.abreva.test.AbrevaSunAndColdSoresTest" name="verifyBuyNow" time="1.816"/>
  <testcase classname="com.qa.abreva.test.AbrevaWhatAntiviralColdSoreMedicationIsRightForMeTest" name="cookieButton" time="1.716"/>
  <testcase classname="com.qa.abreva.test.AbrevaWhatAntiviralColdSoreMedicationIsRightForMeTest" name="verifyBannerLinkOne" time="0.169">
    <skipped/>
  </testcase> <!-- verifyBannerLinkOne -->
  <testcase classname="com.qa.abreva.test.AbrevaWhatAntiviralColdSoreMedicationIsRightForMeTest" name="verifyBannerLinkOne" time="0.127">
    <skipped/>
  </testcase> <!-- verifyBannerLinkOne -->
  <testcase classname="com.qa.abreva.test.AbrevaWhatAntiviralColdSoreMedicationIsRightForMeTest" name="verifyBannerLinkOne" time="0.116">
    <failure type="java.lang.AssertionError" message="expected [true] but found [false]">
      <![CDATA[java.lang.AssertionError: expected [true] but found [false]
at com.qa.abreva.pages.AbrevaWhatAntiviralColdSoreMedicationIsRightForMePage.clickBannerLinkOne(AbrevaWhatAntiviralColdSoreMedicationIsRightForMePage.java:119)
at com.qa.abreva.test.AbrevaWhatAntiviralColdSoreMedicationIsRightForMeTest.verifyBannerLinkOne(AbrevaWhatAntiviralColdSoreMedicationIsRightForMeTest.java:44)
at java.base/java.util.ArrayList.forEach(ArrayList.java:1511)
... Removed 29 stack frames]]>
    </failure>
  </testcase> <!-- verifyBannerLinkOne -->
  <testcase classname="com.qa.abreva.test.AbrevaDoColdSoresMeanYouHaveStdTest" name="cookieButton" time="1.821"/>
  <testcase classname="com.qa.abreva.test.AbrevaDoColdSoresMeanYouHaveStdTest" name="verifyBreadcrumbOne" time="6.117"/>
  <testcase classname="com.qa.abreva.test.AbrevaDoColdSoresMeanYouHaveStdTest" name="verifyHyperLinkHsvVirus" time="4.68">
    <skipped/>
  </testcase> <!-- verifyHyperLinkHsvVirus -->
  <testcase classname="com.qa.abreva.test.AbrevaDoColdSoresMeanYouHaveStdTest" name="verifyHyperLinkHsvVirus" time="3.412">
    <skipped/>
  </testcase> <!-- verifyHyperLinkHsvVirus -->
  <testcase classname="com.qa.abreva.test.AbrevaDoColdSoresMeanYouHaveStdTest" name="verifyHyperLinkHsvVirus" time="3.511">
    <failure type="java.lang.AssertionError" message="expected [amp/how-common-herpes-simplex-1.html] but found [https://www.abreva.com/amp/how-common-herpes-simplex-1.html]">
      <![CDATA[java.lang.AssertionError: expected [amp/how-common-herpes-simplex-1.html] but found [https://www.abreva.com/amp/how-common-herpes-simplex-1.html]
at com.qa.baseClass.BaseClass.compareTwoText(BaseClass.java:822)
at com.qa.abreva.test.AbrevaDoColdSoresMeanYouHaveStdTest.verifyHyperLinkHsvVirus(AbrevaDoColdSoresMeanYouHaveStdTest.java:63)
at java.base/java.util.ArrayList.forEach(ArrayList.java:1511)
... Removed 31 stack frames]]>
    </failure>
  </testcase> <!-- verifyHyperLinkHsvVirus -->
  <testcase classname="com.qa.abreva.test.AbrevaDoColdSoresMeanYouHaveStdTest" name="verifyHyperLinkFeverBlisters" time="6.209"/>
  <testcase classname="com.qa.abreva.test.AbrevaDoColdSoresMeanYouHaveStdTest" name="verifyHyperLinkManagingLipHealth" time="5.315"/>
  <testcase classname="com.qa.abreva.test.AbrevaDoColdSoresMeanYouHaveStdTest" name="verifyHyperLinkStressAndColdSores" time="4.268"/>
  <testcase classname="com.qa.abreva.test.AbrevaDoColdSoresMeanYouHaveStdTest" name="verifyHyperLinkAbrevaProducts" time="5.378"/>
  <testcase classname="com.qa.abreva.test.AbrevaDoColdSoresMeanYouHaveStdTest" name="verifyReadOurLipCareTips" time="3.558"/>
  <testcase classname="com.qa.abreva.test.AbrevaDoColdSoresMeanYouHaveStdTest" name="verifyBuyNow" time="3.377"/>
  <testcase classname="com.qa.abreva.test.AbrevaPregnancyAndPeriodsTest" name="cookieButton" time="1.661"/>
  <testcase classname="com.qa.abreva.test.AbrevaPregnancyAndPeriodsTest" name="verifyBreadcrumbOne" time="9.584"/>
  <testcase classname="com.qa.abreva.test.AbrevaPregnancyAndPeriodsTest" name="verifyHyperLinkBreathingExercise" time="9.042"/>
  <testcase classname="com.qa.abreva.test.AbrevaPregnancyAndPeriodsTest" name="verifyWholeCardSecOne" time="8.593"/>
  <testcase classname="com.qa.abreva.test.AbrevaPregnancyAndPeriodsTest" name="verifyWholeCardSecTwo" time="10.044"/>
  <testcase classname="com.qa.abreva.test.AbrevaPregnancyAndPeriodsTest" name="verifyWholeCardSecThree" time="10.897"/>
  <testcase classname="com.qa.abreva.test.AbrevaPregnancyAndPeriodsTest" name="verifyBuyNow" time="4.391"/>
  <testcase classname="com.qa.abreva.test.AbrevaExerciseTest" name="cookieButton" time="1.93"/>
  <testcase classname="com.qa.abreva.test.AbrevaExerciseTest" name="verifyBreadcrumbOne" time="6.572"/>
  <testcase classname="com.qa.abreva.test.AbrevaExerciseTest" name="verifyHyperLinkColdSoreTrigger" time="6.504"/>
  <testcase classname="com.qa.abreva.test.AbrevaExerciseTest" name="verifyHyperLinkStress" time="6.234"/>
  <testcase classname="com.qa.abreva.test.AbrevaExerciseTest" name="verifyWholeCardSecOne" time="9.297"/>
  <testcase classname="com.qa.abreva.test.AbrevaExerciseTest" name="verifyWholeCardSecTwo" time="9.761"/>
  <testcase classname="com.qa.abreva.test.AbrevaExerciseTest" name="verifyWholeCardSecThree" time="8.79"/>
  <testcase classname="com.qa.abreva.test.AbrevaExerciseTest" name="verifyBuyNow" time="2.522"/>
  <testcase classname="com.qa.abreva.test.AbrevaMoneyManagementTipsTest" name="cookieButton" time="1.686"/>
  <testcase classname="com.qa.abreva.test.AbrevaMoneyManagementTipsTest" name="verifyBreadcrumbOne" time="5.231"/>
  <testcase classname="com.qa.abreva.test.AbrevaMoneyManagementTipsTest" name="verifyHyperLinkTriggerForColdSoreOutbreaks" time="5.315"/>
  <testcase classname="com.qa.abreva.test.AbrevaMoneyManagementTipsTest" name="verifyHyperLinkColdSoreOutbreaks" time="7.36"/>
  <testcase classname="com.qa.abreva.test.AbrevaMoneyManagementTipsTest" name="verifyHyperLinkAbrevaCream" time="8.827"/>
  <testcase classname="com.qa.abreva.test.AbrevaMoneyManagementTipsTest" name="verifyWholeCardSecOne" time="8.695"/>
  <testcase classname="com.qa.abreva.test.AbrevaMoneyManagementTipsTest" name="verifyWholeCardSecTwo" time="7.159"/>
  <testcase classname="com.qa.abreva.test.AbrevaMoneyManagementTipsTest" name="verifyWholeCardSecThree" time="6.437"/>
  <testcase classname="com.qa.abreva.test.AbrevaMoneyManagementTipsTest" name="verifyBuyNow" time="3.608"/>
  <testcase classname="com.qa.abreva.test.AbrevaHowToUseAbrevaTest" name="cookieButton" time="1.544"/>
  <testcase classname="com.qa.abreva.test.AbrevaHowToUseAbrevaTest" name="verifyAccordionOne" time="15.344"/>
  <testcase classname="com.qa.abreva.test.AbrevaHowToUseAbrevaTest" name="verifyAccordionTwo" time="14.118"/>
  <testcase classname="com.qa.abreva.test.AbrevaHowToUseAbrevaTest" name="verifyAccordionThree" time="14.249"/>
  <testcase classname="com.qa.abreva.test.AbrevaHowToUseAbrevaTest" name="verifyAccordionFour" time="13.967"/>
  <testcase classname="com.qa.abreva.test.AbrevaHowToUseAbrevaTest" name="verifyAccordionFive" time="14.048"/>
  <testcase classname="com.qa.abreva.test.AbrevaHowToUseAbrevaTest" name="verifyAccordionSix" time="14.312"/>
  <testcase classname="com.qa.abreva.test.AbrevaHowToUseAbrevaTest" name="verifyAccordionSeven" time="14.8"/>
  <testcase classname="com.qa.abreva.test.AbrevaHowToUseAbrevaTest" name="verifyAccordionEight" time="14.688"/>
  <testcase classname="com.qa.abreva.test.AbrevaHowToUseAbrevaTest" name="verifyAccordionNine" time="14.622"/>
  <testcase classname="com.qa.abreva.test.AbrevaHowToUseAbrevaTest" name="verifyAccordionTen" time="14.48"/>
  <testcase classname="com.qa.abreva.test.AbrevaHowToUseAbrevaTest" name="verifyAccordionEleven" time="0.0">
    <skipped/>
  </testcase> <!-- verifyAccordionEleven -->
  <testcase classname="com.qa.abreva.test.AbrevaHowToUseAbrevaTest" name="verifyAccordionTweleve" time="0.0">
    <skipped/>
  </testcase> <!-- verifyAccordionTweleve -->
  <testcase classname="com.qa.abreva.test.AbrevaHowToUseAbrevaTest" name="verifyAccordionThirteen" time="0.0">
    <skipped/>
  </testcase> <!-- verifyAccordionThirteen -->
  <testcase classname="com.qa.abreva.test.AbrevaHowToUseAbrevaTest" name="verifyGetcoupon" time="0.0">
    <skipped/>
  </testcase> <!-- verifyGetcoupon -->
  <testcase classname="com.qa.abreva.test.AbrevaHowToUseAbrevaTest" name="verifyBuyNow" time="0.0">
    <skipped/>
  </testcase> <!-- verifyBuyNow -->
  <testcase classname="com.qa.abreva.test.AbrevaRelaxationTechniquesTest" name="cookieButton" time="1.643"/>
  <testcase classname="com.qa.abreva.test.AbrevaRelaxationTechniquesTest" name="verifyBreadcrumbOne" time="5.158"/>
  <testcase classname="com.qa.abreva.test.AbrevaRelaxationTechniquesTest" name="verifyWholeCardSecOne" time="6.428"/>
  <testcase classname="com.qa.abreva.test.AbrevaRelaxationTechniquesTest" name="verifyWholeCardSecTwo" time="9.094"/>
  <testcase classname="com.qa.abreva.test.AbrevaRelaxationTechniquesTest" name="verifyWholeCardSecThree" time="10.291"/>
  <testcase classname="com.qa.abreva.test.AbrevaRelaxationTechniquesTest" name="verifyBuyNow" time="2.913"/>
  <testcase classname="com.qa.abreva.test.AbrevaUsingMyFsaOrHsaToPurchaseTest" name="cookieButton" time="1.696"/>
  <testcase classname="com.qa.abreva.test.AbrevaUsingMyFsaOrHsaToPurchaseTest" name="verifyHyperLinkAbrevaProducts" time="11.965">
    <skipped/>
  </testcase> <!-- verifyHyperLinkAbrevaProducts -->
  <testcase classname="com.qa.abreva.test.AbrevaUsingMyFsaOrHsaToPurchaseTest" name="verifyHyperLinkAbrevaProducts" time="6.034">
    <skipped/>
  </testcase> <!-- verifyHyperLinkAbrevaProducts -->
  <testcase classname="com.qa.abreva.test.AbrevaUsingMyFsaOrHsaToPurchaseTest" name="verifyHyperLinkAbrevaProducts" time="6.466">
    <failure type="java.lang.AssertionError" message="expected [cold-sore-products/abreva-cream/] but found [https://www.abreva.com/cold-sore-products/abreva-cream/]">
      <![CDATA[java.lang.AssertionError: expected [cold-sore-products/abreva-cream/] but found [https://www.abreva.com/cold-sore-products/abreva-cream/]
at com.qa.baseClass.BaseClass.compareTwoText(BaseClass.java:822)
at com.qa.abreva.test.AbrevaUsingMyFsaOrHsaToPurchaseTest.verifyHyperLinkAbrevaProducts(AbrevaUsingMyFsaOrHsaToPurchaseTest.java:51)
at java.base/java.util.ArrayList.forEach(ArrayList.java:1511)
... Removed 31 stack frames]]>
    </failure>
  </testcase> <!-- verifyHyperLinkAbrevaProducts -->
  <testcase classname="com.qa.abreva.test.AbrevaUsingMyFsaOrHsaToPurchaseTest" name="verifyHyperLinkFaqPage" time="7.845">
    <skipped/>
  </testcase> <!-- verifyHyperLinkFaqPage -->
  <testcase classname="com.qa.abreva.test.AbrevaUsingMyFsaOrHsaToPurchaseTest" name="verifyHyperLinkFaqPage" time="9.453">
    <skipped/>
  </testcase> <!-- verifyHyperLinkFaqPage -->
  <testcase classname="com.qa.abreva.test.AbrevaUsingMyFsaOrHsaToPurchaseTest" name="verifyHyperLinkFaqPage" time="8.545">
    <failure type="java.lang.AssertionError" message="expected [faq/abreva-basics/] but found [https://www.abreva.com/faq/abreva-basics/]">
      <![CDATA[java.lang.AssertionError: expected [faq/abreva-basics/] but found [https://www.abreva.com/faq/abreva-basics/]
at com.qa.baseClass.BaseClass.compareTwoText(BaseClass.java:822)
at com.qa.abreva.test.AbrevaUsingMyFsaOrHsaToPurchaseTest.verifyHyperLinkFaqPage(AbrevaUsingMyFsaOrHsaToPurchaseTest.java:63)
at java.base/java.util.ArrayList.forEach(ArrayList.java:1511)
... Removed 31 stack frames]]>
    </failure>
  </testcase> <!-- verifyHyperLinkFaqPage -->
  <testcase classname="com.qa.abreva.test.AbrevaUsingMyFsaOrHsaToPurchaseTest" name="verifyGetcoupon" time="20.105">
    <skipped/>
  </testcase> <!-- verifyGetcoupon -->
  <testcase classname="com.qa.abreva.test.AbrevaUsingMyFsaOrHsaToPurchaseTest" name="verifyGetcoupon" time="20.123">
    <skipped/>
  </testcase> <!-- verifyGetcoupon -->
  <testcase classname="com.qa.abreva.test.AbrevaUsingMyFsaOrHsaToPurchaseTest" name="verifyGetcoupon" time="20.393">
    <failure type="java.lang.Exception" message="HyperLink Get coupon is not presented in the page">
      <![CDATA[java.lang.Exception: HyperLink Get coupon is not presented in the page
at com.qa.abreva.pages.AbrevaUsingMyFsaOrHsaToPurchasePage.clickGetcoupon(AbrevaUsingMyFsaOrHsaToPurchasePage.java:102)
at com.qa.abreva.test.AbrevaUsingMyFsaOrHsaToPurchaseTest.verifyGetcoupon(AbrevaUsingMyFsaOrHsaToPurchaseTest.java:70)
at java.base/java.util.ArrayList.forEach(ArrayList.java:1511)
... Removed 25 stack frames]]>
    </failure>
  </testcase> <!-- verifyGetcoupon -->
  <testcase classname="com.qa.abreva.test.AbrevaUsingMyFsaOrHsaToPurchaseTest" name="verifyBuyNow" time="3.408"/>
  <testcase classname="com.qa.abreva.test.AbrevaColdAndFluTest" name="cookieButton" time="1.538"/>
  <testcase classname="com.qa.abreva.test.AbrevaColdAndFluTest" name="verifyBreadcrumbOne" time="17.224"/>
  <testcase classname="com.qa.abreva.test.AbrevaColdAndFluTest" name="verifyHyperLinkHealthyDiet" time="6.204"/>
  <testcase classname="com.qa.abreva.test.AbrevaColdAndFluTest" name="verifyWholeCardSecOne" time="10.42"/>
  <testcase classname="com.qa.abreva.test.AbrevaColdAndFluTest" name="verifyWholeCardSecTwo" time="12.181"/>
  <testcase classname="com.qa.abreva.test.AbrevaColdAndFluTest" name="verifyWholeCardSecThree" time="9.76"/>
  <testcase classname="com.qa.abreva.test.AbrevaColdAndFluTest" name="verifyBuyNow" time="2.93"/>
  <testcase classname="com.qa.abreva.test.AbrevaHowToTreatAColdSoreTest" name="cookieButton" time="1.639"/>
  <testcase classname="com.qa.abreva.test.AbrevaHowToTreatAColdSoreTest" name="verifyBreadcrumbOne" time="5.933"/>
  <testcase classname="com.qa.abreva.test.AbrevaHowToTreatAColdSoreTest" name="verifyHyperLinkRegularlyExercising" time="6.202"/>
  <testcase classname="com.qa.abreva.test.AbrevaHowToTreatAColdSoreTest" name="verifyHyperLinkManagingYourTriggers" time="11.459"/>
  <testcase classname="com.qa.abreva.test.AbrevaHowToTreatAColdSoreTest" name="verifyGetcoupon" time="20.09">
    <skipped/>
  </testcase> <!-- verifyGetcoupon -->
  <testcase classname="com.qa.abreva.test.AbrevaHowToTreatAColdSoreTest" name="verifyGetcoupon" time="20.134">
    <skipped/>
  </testcase> <!-- verifyGetcoupon -->
  <testcase classname="com.qa.abreva.test.AbrevaHowToTreatAColdSoreTest" name="verifyGetcoupon" time="20.119">
    <failure type="java.lang.Exception" message="HyperLink Get coupon is not presented in the page">
      <![CDATA[java.lang.Exception: HyperLink Get coupon is not presented in the page
at com.qa.abreva.pages.AbrevaHowToTreatAColdSorePage.clickGetcoupon(AbrevaHowToTreatAColdSorePage.java:114)
at com.qa.abreva.test.AbrevaHowToTreatAColdSoreTest.verifyGetcoupon(AbrevaHowToTreatAColdSoreTest.java:81)
at java.base/java.util.ArrayList.forEach(ArrayList.java:1511)
... Removed 25 stack frames]]>
    </failure>
  </testcase> <!-- verifyGetcoupon -->
  <testcase classname="com.qa.abreva.test.AbrevaHowToTreatAColdSoreTest" name="verifyBuyNow" time="3.061"/>
  <testcase classname="com.qa.abreva.test.AbrevaCopingWithLossOrIllnessTest" name="cookieButton" time="1.584"/>
  <testcase classname="com.qa.abreva.test.AbrevaCopingWithLossOrIllnessTest" name="verifyBreadcrumbOne" time="34.386"/>
  <testcase classname="com.qa.abreva.test.AbrevaCopingWithLossOrIllnessTest" name="verifyWholeCardSecOne" time="10.624"/>
  <testcase classname="com.qa.abreva.test.AbrevaCopingWithLossOrIllnessTest" name="verifyWholeCardSecTwo" time="9.008"/>
  <testcase classname="com.qa.abreva.test.AbrevaCopingWithLossOrIllnessTest" name="verifyWholeCardSecThree" time="9.135"/>
  <testcase classname="com.qa.abreva.test.AbrevaCopingWithLossOrIllnessTest" name="verifyBuyNow" time="3.155"/>
  <testcase classname="com.qa.abreva.test.AbrevaLipFillersAndColdSoresTest" name="cookieButton" time="1.593"/>
  <testcase classname="com.qa.abreva.test.AbrevaLipFillersAndColdSoresTest" name="verifyBreadcrumbOne" time="6.33"/>
  <testcase classname="com.qa.abreva.test.AbrevaLipFillersAndColdSoresTest" name="verifyHyperLinkCommonColdSoreTriggers" time="6.399"/>
  <testcase classname="com.qa.abreva.test.AbrevaLipFillersAndColdSoresTest" name="verifyHyperLinkFatigue" time="9.146"/>
  <testcase classname="com.qa.abreva.test.AbrevaLipFillersAndColdSoresTest" name="verifyHyperLinkSun" time="6.097"/>
  <testcase classname="com.qa.abreva.test.AbrevaLipFillersAndColdSoresTest" name="verifyHyperLinkAbreva" time="7.001"/>
  <testcase classname="com.qa.abreva.test.AbrevaLipFillersAndColdSoresTest" name="verifyHyperLinkDealingWithColdSores" time="4.083"/>
  <testcase classname="com.qa.abreva.test.AbrevaLipFillersAndColdSoresTest" name="verifyReadOurLipCareTips" time="3.645"/>
  <testcase classname="com.qa.abreva.test.AbrevaLipFillersAndColdSoresTest" name="verifyBuyNow" time="2.917"/>
  <testcase classname="com.qa.abreva.test.AbrevaSleepTest" name="cookieButton" time="1.631"/>
  <testcase classname="com.qa.abreva.test.AbrevaSleepTest" name="verifyBreadcrumbOne" time="6.845"/>
  <testcase classname="com.qa.abreva.test.AbrevaSleepTest" name="verifyCarouselActionNext" time="7.015"/>
  <testcase classname="com.qa.abreva.test.AbrevaSleepTest" name="verifyCarouselActionPrevious" time="6.823"/>
  <testcase classname="com.qa.abreva.test.AbrevaSleepTest" name="verifyWholeCardSecOne" time="9.958"/>
  <testcase classname="com.qa.abreva.test.AbrevaSleepTest" name="verifyWholeCardSecTwo" time="10.659"/>
  <testcase classname="com.qa.abreva.test.AbrevaSleepTest" name="verifyWholeCardSecThree" time="9.931"/>
  <testcase classname="com.qa.abreva.test.AbrevaSleepTest" name="verifyBuyNow" time="3.215"/>
  <testcase classname="com.qa.abreva.test.AbrevaSleepTest" name="verifyHyperLinkCarouselMovingDuringOne" time="5.71"/>
  <testcase classname="com.qa.abreva.test.AbrevaStressTest" name="cookieButton" time="13.211"/>
  <testcase classname="com.qa.abreva.test.AbrevaStressTest" name="verifyBreadcrumbOne" time="35.793"/>
  <testcase classname="com.qa.abreva.test.AbrevaStressTest" name="verifyWholeCardSecOne" time="9.581"/>
  <testcase classname="com.qa.abreva.test.AbrevaStressTest" name="verifyWholeCardSecTwo" time="9.746"/>
  <testcase classname="com.qa.abreva.test.AbrevaStressTest" name="verifyWholeCardSecThree" time="10.495"/>
  <testcase classname="com.qa.abreva.test.AbrevaStressTest" name="verifyBuyNow" time="3.369"/>
  <testcase classname="com.qa.abreva.test.AbrevaAbrevaBasicsTest" name="cookieButton" time="1.672"/>
  <testcase classname="com.qa.abreva.test.AbrevaAbrevaBasicsTest" name="verifyAccordionOne" time="15.516"/>
  <testcase classname="com.qa.abreva.test.AbrevaAbrevaBasicsTest" name="verifyAccordionTwo" time="14.588"/>
  <testcase classname="com.qa.abreva.test.AbrevaAbrevaBasicsTest" name="verifyAccordionThree" time="14.982"/>
  <testcase classname="com.qa.abreva.test.AbrevaAbrevaBasicsTest" name="verifyAccordionFour" time="13.934"/>
  <testcase classname="com.qa.abreva.test.AbrevaAbrevaBasicsTest" name="verifyAccordionFive" time="14.535"/>
  <testcase classname="com.qa.abreva.test.AbrevaAbrevaBasicsTest" name="verifyAccordionSix" time="14.108"/>
  <testcase classname="com.qa.abreva.test.AbrevaAbrevaBasicsTest" name="verifyAccordionSeven" time="14.407"/>
  <testcase classname="com.qa.abreva.test.AbrevaAbrevaBasicsTest" name="verifyAccordionEight" time="0.978"/>
  <testcase classname="com.qa.abreva.test.AbrevaAbrevaBasicsTest" name="verifyAccordionNine" time="0.843"/>
  <testcase classname="com.qa.abreva.test.AbrevaAbrevaBasicsTest" name="verifyAccordionEightHyperLink" time="4.822"/>
  <testcase classname="com.qa.abreva.test.AbrevaAbrevaBasicsTest" name="verifyAccordionNineHyperLink" time="5.305"/>
  <testcase classname="com.qa.abreva.test.AbrevaAbrevaBasicsTest" name="verifyGetcoupon" time="20.099">
    <skipped/>
  </testcase> <!-- verifyGetcoupon -->
  <testcase classname="com.qa.abreva.test.AbrevaAbrevaBasicsTest" name="verifyGetcoupon" time="20.11">
    <skipped/>
  </testcase> <!-- verifyGetcoupon -->
  <testcase classname="com.qa.abreva.test.AbrevaAbrevaBasicsTest" name="verifyGetcoupon" time="20.082">
    <failure type="java.lang.Exception" message="HyperLink Get coupon is not presented in the page">
      <![CDATA[java.lang.Exception: HyperLink Get coupon is not presented in the page
at com.qa.abreva.pages.AbrevaAbrevaBasicsPage.clickGetcoupon(AbrevaAbrevaBasicsPage.java:506)
at com.qa.abreva.test.AbrevaAbrevaBasicsTest.verifyGetcoupon(AbrevaAbrevaBasicsTest.java:160)
at java.base/java.util.ArrayList.forEach(ArrayList.java:1511)
... Removed 25 stack frames]]>
    </failure>
  </testcase> <!-- verifyGetcoupon -->
  <testcase classname="com.qa.abreva.test.AbrevaAbrevaBasicsTest" name="verifyBuyNow" time="3.764"/>
  <testcase classname="com.qa.abreva.test.AbrevaHydrateChappedLipsTest" name="cookieButton" time="2.415"/>
  <testcase classname="com.qa.abreva.test.AbrevaHydrateChappedLipsTest" name="verifyBreadcrumbOne" time="7.574"/>
  <testcase classname="com.qa.abreva.test.AbrevaHydrateChappedLipsTest" name="verifyWholeCardSecOne" time="9.253"/>
  <testcase classname="com.qa.abreva.test.AbrevaHydrateChappedLipsTest" name="verifyWholeCardSecTwo" time="8.981"/>
  <testcase classname="com.qa.abreva.test.AbrevaHydrateChappedLipsTest" name="verifyWholeCardSecThree" time="9.539"/>
  <testcase classname="com.qa.abreva.test.AbrevaHydrateChappedLipsTest" name="verifyTakeAQuiz" time="20.096">
    <skipped/>
  </testcase> <!-- verifyTakeAQuiz -->
  <testcase classname="com.qa.abreva.test.AbrevaHydrateChappedLipsTest" name="verifyTakeAQuiz" time="20.094">
    <skipped/>
  </testcase> <!-- verifyTakeAQuiz -->
  <testcase classname="com.qa.abreva.test.AbrevaHydrateChappedLipsTest" name="verifyTakeAQuiz" time="20.328">
    <failure type="java.lang.Exception" message="Take A Quiz is not presented in the page">
      <![CDATA[java.lang.Exception: Take A Quiz is not presented in the page
at com.qa.abreva.pages.AbrevaHydrateChappedLipsPage.clickTakeAQuiz(AbrevaHydrateChappedLipsPage.java:141)
at com.qa.abreva.test.AbrevaHydrateChappedLipsTest.verifyTakeAQuiz(AbrevaHydrateChappedLipsTest.java:93)
at java.base/java.util.ArrayList.forEach(ArrayList.java:1511)
... Removed 25 stack frames]]>
    </failure>
  </testcase> <!-- verifyTakeAQuiz -->
  <testcase classname="com.qa.abreva.test.AbrevaHydrateChappedLipsTest" name="verifyBuyNow" time="4.16"/>
  <testcase classname="com.qa.abreva.test.AbrevaStressAtWorkTest" name="cookieButton" time="1.82"/>
  <testcase classname="com.qa.abreva.test.AbrevaStressAtWorkTest" name="verifyBreadcrumbOne" time="7.624"/>
  <testcase classname="com.qa.abreva.test.AbrevaStressAtWorkTest" name="verifyWholeCardSecOne" time="9.015"/>
  <testcase classname="com.qa.abreva.test.AbrevaStressAtWorkTest" name="verifyWholeCardSecTwo" time="10.951"/>
  <testcase classname="com.qa.abreva.test.AbrevaStressAtWorkTest" name="verifyWholeCardSecThree" time="10.024"/>
  <testcase classname="com.qa.abreva.test.AbrevaStressAtWorkTest" name="verifyBuyNow" time="5.605"/>
  <testcase classname="com.qa.abreva.test.AbrevaNoseColdSoresTest" name="cookieButton" time="2.313"/>
  <testcase classname="com.qa.abreva.test.AbrevaNoseColdSoresTest" name="verifyBreadcrumbOne" time="8.243"/>
  <testcase classname="com.qa.abreva.test.AbrevaNoseColdSoresTest" name="verifyHyperLinkAbrevaCream" time="9.457"/>
  <testcase classname="com.qa.abreva.test.AbrevaNoseColdSoresTest" name="verifyHyperLinkWhatColdSoresAre" time="8.155"/>
  <testcase classname="com.qa.abreva.test.AbrevaNoseColdSoresTest" name="verifyHyperLinkHowToKeepYourSelfHealthy" time="8.517"/>
  <testcase classname="com.qa.abreva.test.AbrevaNoseColdSoresTest" name="verifyHyperLinkHowToDealWithColdSores" time="5.027"/>
  <testcase classname="com.qa.abreva.test.AbrevaNoseColdSoresTest" name="verifyGetcoupon" time="20.09">
    <skipped/>
  </testcase> <!-- verifyGetcoupon -->
  <testcase classname="com.qa.abreva.test.AbrevaNoseColdSoresTest" name="verifyGetcoupon" time="20.145">
    <skipped/>
  </testcase> <!-- verifyGetcoupon -->
  <testcase classname="com.qa.abreva.test.AbrevaNoseColdSoresTest" name="verifyGetcoupon" time="20.149">
    <failure type="java.lang.Exception" message="HyperLink Get coupon is not presented in the page">
      <![CDATA[java.lang.Exception: HyperLink Get coupon is not presented in the page
at com.qa.abreva.pages.AbrevaNoseColdSoresPage.clickGetcoupon(AbrevaNoseColdSoresPage.java:149)
at com.qa.abreva.test.AbrevaNoseColdSoresTest.verifyGetcoupon(AbrevaNoseColdSoresTest.java:107)
at java.base/java.util.ArrayList.forEach(ArrayList.java:1511)
... Removed 25 stack frames]]>
    </failure>
  </testcase> <!-- verifyGetcoupon -->
  <testcase classname="com.qa.abreva.test.AbrevaNoseColdSoresTest" name="verifyBuyNow" time="3.715"/>
  <testcase classname="com.qa.abreva.test.AbrevaUnderstandingColdSoresTest" name="cookieButton" time="1.665"/>
  <testcase classname="com.qa.abreva.test.AbrevaUnderstandingColdSoresTest" name="verifyHyperLinkCausesOfColdSores" time="8.497"/>
  <testcase classname="com.qa.abreva.test.AbrevaUnderstandingColdSoresTest" name="verifyHyperLinkColdSoreTriggers" time="7.205"/>
  <testcase classname="com.qa.abreva.test.AbrevaUnderstandingColdSoresTest" name="verifyHyperLinkAbrevaCreamOne" time="8.899"/>
  <testcase classname="com.qa.abreva.test.AbrevaUnderstandingColdSoresTest" name="verifyHyperLinkTinglingItching" time="10.898"/>
  <testcase classname="com.qa.abreva.test.AbrevaUnderstandingColdSoresTest" name="verifyHyperLinkAbrevaCreamTwo" time="9.079"/>
  <testcase classname="com.qa.abreva.test.AbrevaUnderstandingColdSoresTest" name="verifyHyperLinkMostCommonTriggers" time="5.457"/>
  <testcase classname="com.qa.abreva.test.AbrevaUnderstandingColdSoresTest" name="verifyGetcoupon" time="20.128">
    <skipped/>
  </testcase> <!-- verifyGetcoupon -->
  <testcase classname="com.qa.abreva.test.AbrevaUnderstandingColdSoresTest" name="verifyGetcoupon" time="20.108">
    <skipped/>
  </testcase> <!-- verifyGetcoupon -->
  <testcase classname="com.qa.abreva.test.AbrevaUnderstandingColdSoresTest" name="verifyGetcoupon" time="20.128">
    <failure type="java.lang.Exception" message="HyperLink Get coupon is not presented in the page">
      <![CDATA[java.lang.Exception: HyperLink Get coupon is not presented in the page
at com.qa.abreva.pages.AbrevaUnderstandingColdSoresPage.clickGetcoupon(AbrevaUnderstandingColdSoresPage.java:167)
at com.qa.abreva.test.AbrevaUnderstandingColdSoresTest.verifyGetcoupon(AbrevaUnderstandingColdSoresTest.java:117)
at java.base/java.util.ArrayList.forEach(ArrayList.java:1511)
... Removed 25 stack frames]]>
    </failure>
  </testcase> <!-- verifyGetcoupon -->
  <testcase classname="com.qa.abreva.test.AbrevaUnderstandingColdSoresTest" name="verifyBuyNow" time="4.343"/>
  <testcase classname="com.qa.abreva.test.AbrevaColdSoresAndStressTest" name="cookieButton" time="1.712"/>
  <testcase classname="com.qa.abreva.test.AbrevaColdSoresAndStressTest" name="verifyHyperLinkManyThingsThatCanTriggerColdSores" time="7.301"/>
  <testcase classname="com.qa.abreva.test.AbrevaColdSoresAndStressTest" name="verifyHyperLinkColdWeather" time="5.539"/>
  <testcase classname="com.qa.abreva.test.AbrevaColdSoresAndStressTest" name="verifyHyperLinkColdSoreSymptoms" time="6.981"/>
  <testcase classname="com.qa.abreva.test.AbrevaColdSoresAndStressTest" name="verifyHyperLinkSleep" time="6.175"/>
  <testcase classname="com.qa.abreva.test.AbrevaColdSoresAndStressTest" name="verifyHyperLinkExercise" time="7.168"/>
  <testcase classname="com.qa.abreva.test.AbrevaColdSoresAndStressTest" name="verifyHyperLinkLipHealth" time="5.074"/>
  <testcase classname="com.qa.abreva.test.AbrevaColdSoresAndStressTest" name="verifyReadOurLipCareTips" time="5.886"/>
  <testcase classname="com.qa.abreva.test.AbrevaColdSoresAndStressTest" name="verifyBuyNow" time="5.326"/>
  <testcase classname="com.qa.abreva.test.AbrevaColdWeatherTest" name="cookieButton" time="1.547"/>
  <testcase classname="com.qa.abreva.test.AbrevaColdWeatherTest" name="verifyBreadcrumbOne" time="8.116"/>
  <testcase classname="com.qa.abreva.test.AbrevaColdWeatherTest" name="verifyHyperLinkColdOrTheFlu" time="10.469"/>
  <testcase classname="com.qa.abreva.test.AbrevaColdWeatherTest" name="verifyHyperLinkCatchUpOnSleep" time="7.047"/>
  <testcase classname="com.qa.abreva.test.AbrevaColdWeatherTest" name="verifyHyperLinkColdSoreFacts" time="5.416"/>
  <testcase classname="com.qa.abreva.test.AbrevaColdWeatherTest" name="verifyHyperLinkLipCareTips" time="6.4"/>
  <testcase classname="com.qa.abreva.test.AbrevaColdWeatherTest" name="verifyWholeCardSecOne" time="8.017"/>
  <testcase classname="com.qa.abreva.test.AbrevaColdWeatherTest" name="verifyWholeCardSecTwo" time="8.034"/>
  <testcase classname="com.qa.abreva.test.AbrevaColdWeatherTest" name="verifyWholeCardSecThree" time="7.902"/>
  <testcase classname="com.qa.abreva.test.AbrevaColdWeatherTest" name="verifyReadOurLipCareTips" time="4.488"/>
  <testcase classname="com.qa.abreva.test.AbrevaColdWeatherTest" name="verifyBuyNow" time="3.666"/>
  <testcase classname="com.qa.abreva.test.AbrevaHowToHealColdSoreScabTest" name="cookieButton" time="1.561"/>
  <testcase classname="com.qa.abreva.test.AbrevaHowToHealColdSoreScabTest" name="verifyBreadcrumbOne" time="7.601"/>
  <testcase classname="com.qa.abreva.test.AbrevaHowToHealColdSoreScabTest" name="verifyHyperLinkColdSoreOutbreak" time="7.274"/>
  <testcase classname="com.qa.abreva.test.AbrevaHowToHealColdSoreScabTest" name="verifyHyperLinkSpreadingTheColdSoreVirus" time="6.54"/>
  <testcase classname="com.qa.abreva.test.AbrevaHowToHealColdSoreScabTest" name="verifyHyperLinkDealingWithColdSores" time="6.123"/>
  <testcase classname="com.qa.abreva.test.AbrevaHowToHealColdSoreScabTest" name="verifyHyperLinkManagingYourLipHealth" time="6.461"/>
  <testcase classname="com.qa.abreva.test.AbrevaHowToHealColdSoreScabTest" name="verifyHyperLinkCommonColdSoreQuestions" time="8.965"/>
  <testcase classname="com.qa.abreva.test.AbrevaHowToHealColdSoreScabTest" name="verifyGetcoupon" time="20.096">
    <skipped/>
  </testcase> <!-- verifyGetcoupon -->
  <testcase classname="com.qa.abreva.test.AbrevaHowToHealColdSoreScabTest" name="verifyGetcoupon" time="20.155">
    <skipped/>
  </testcase> <!-- verifyGetcoupon -->
  <testcase classname="com.qa.abreva.test.AbrevaHowToHealColdSoreScabTest" name="verifyGetcoupon" time="20.133">
    <failure type="java.lang.Exception" message="HyperLink Get coupon is not presented in the page">
      <![CDATA[java.lang.Exception: HyperLink Get coupon is not presented in the page
at com.qa.abreva.pages.AbrevaHowToHealColdSoreScabPage.clickGetcoupon(AbrevaHowToHealColdSoreScabPage.java:163)
at com.qa.abreva.test.AbrevaHowToHealColdSoreScabTest.verifyGetcoupon(AbrevaHowToHealColdSoreScabTest.java:118)
at java.base/java.util.ArrayList.forEach(ArrayList.java:1511)
... Removed 25 stack frames]]>
    </failure>
  </testcase> <!-- verifyGetcoupon -->
  <testcase classname="com.qa.abreva.test.AbrevaHowToHealColdSoreScabTest" name="verifyBuyNow" time="1.898">
    <skipped/>
  </testcase> <!-- verifyBuyNow -->
  <testcase classname="com.qa.abreva.test.AbrevaHowToHealColdSoreScabTest" name="verifyBuyNow" time="2.149">
    <skipped/>
  </testcase> <!-- verifyBuyNow -->
  <testcase classname="com.qa.abreva.test.AbrevaHowToHealColdSoreScabTest" name="verifyBuyNow" time="1.814"/>
  <testcase classname="com.qa.abreva.test.AbrevaManagingTeenageStressTest" name="cookieButton" time="1.998"/>
  <testcase classname="com.qa.abreva.test.AbrevaManagingTeenageStressTest" name="verifyBreadcrumbOne" time="8.927"/>
  <testcase classname="com.qa.abreva.test.AbrevaManagingTeenageStressTest" name="verifyHyperLinkColdSores" time="6.933"/>
  <testcase classname="com.qa.abreva.test.AbrevaManagingTeenageStressTest" name="verifyHyperLinkWaysToRelax" time="7.503"/>
  <testcase classname="com.qa.abreva.test.AbrevaManagingTeenageStressTest" name="verifyHyperLinkRegularExercise" time="7.399"/>
  <testcase classname="com.qa.abreva.test.AbrevaManagingTeenageStressTest" name="verifyHyperLinkAbrevaColdSoreCream" time="6.399"/>
  <testcase classname="com.qa.abreva.test.AbrevaManagingTeenageStressTest" name="verifyHyperLinkSleep" time="4.131"/>
  <testcase classname="com.qa.abreva.test.AbrevaManagingTeenageStressTest" name="verifyReadOurLipCareTips" time="4.006"/>
  <testcase classname="com.qa.abreva.test.AbrevaManagingTeenageStressTest" name="verifyBuyNow" time="3.756"/>
  <testcase classname="com.qa.abreva.test.AbrevaDentistVisitTest" name="cookieButton" time="1.493"/>
  <testcase classname="com.qa.abreva.test.AbrevaDentistVisitTest" name="verifyBreadcrumbOne" time="5.715"/>
  <testcase classname="com.qa.abreva.test.AbrevaDentistVisitTest" name="verifyWholeCardSecOne" time="7.825"/>
  <testcase classname="com.qa.abreva.test.AbrevaDentistVisitTest" name="verifyWholeCardSecTwo" time="9.68"/>
  <testcase classname="com.qa.abreva.test.AbrevaDentistVisitTest" name="verifyWholeCardSecThree" time="9.549"/>
  <testcase classname="com.qa.abreva.test.AbrevaDentistVisitTest" name="verifyBuyNow" time="4.09"/>
  <testcase classname="com.qa.abreva.test.AbrevaCommonLipProblemsTest" name="cookieButton" time="1.799"/>
  <testcase classname="com.qa.abreva.test.AbrevaCommonLipProblemsTest" name="verifyBreadcrumbOne" time="8.065"/>
  <testcase classname="com.qa.abreva.test.AbrevaCommonLipProblemsTest" name="verifyHyperLinkColdSores" time="6.774"/>
  <testcase classname="com.qa.abreva.test.AbrevaCommonLipProblemsTest" name="verifyHyperLinkFeverBlisters" time="6.913"/>
  <testcase classname="com.qa.abreva.test.AbrevaCommonLipProblemsTest" name="verifyHyperLinkColdSoresCanSpread" time="12.981"/>
  <testcase classname="com.qa.abreva.test.AbrevaCommonLipProblemsTest" name="verifyHyperLinkPersonToPersonContactLikeKissing" time="8.148">
    <skipped/>
  </testcase> <!-- verifyHyperLinkPersonToPersonContactLikeKissing -->
  <testcase classname="com.qa.abreva.test.AbrevaCommonLipProblemsTest" name="verifyHyperLinkPersonToPersonContactLikeKissing" time="3.48">
    <skipped/>
  </testcase> <!-- verifyHyperLinkPersonToPersonContactLikeKissing -->
  <testcase classname="com.qa.abreva.test.AbrevaCommonLipProblemsTest" name="verifyHyperLinkPersonToPersonContactLikeKissing" time="3.541">
    <failure type="java.lang.AssertionError" message="expected [amp/what-causes-cold-sores-from-kissing.html] but found [https://www.abreva.com/amp/what-causes-cold-sores-from-kissing.html]">
      <![CDATA[java.lang.AssertionError: expected [amp/what-causes-cold-sores-from-kissing.html] but found [https://www.abreva.com/amp/what-causes-cold-sores-from-kissing.html]
at com.qa.baseClass.BaseClass.compareTwoText(BaseClass.java:822)
at com.qa.abreva.test.AbrevaCommonLipProblemsTest.verifyHyperLinkPersonToPersonContactLikeKissing(AbrevaCommonLipProblemsTest.java:99)
at java.base/java.util.ArrayList.forEach(ArrayList.java:1511)
... Removed 31 stack frames]]>
    </failure>
  </testcase> <!-- verifyHyperLinkPersonToPersonContactLikeKissing -->
  <testcase classname="com.qa.abreva.test.AbrevaCommonLipProblemsTest" name="verifyHyperLinkAbrevaColdSoreCream" time="4.861"/>
  <testcase classname="com.qa.abreva.test.AbrevaCommonLipProblemsTest" name="verifyHyperLinkDryLips" time="4.495"/>
  <testcase classname="com.qa.abreva.test.AbrevaCommonLipProblemsTest" name="verifyHyperLinkAvoidingExposingYourLipsToTheSun" time="3.53"/>
  <testcase classname="com.qa.abreva.test.AbrevaCommonLipProblemsTest" name="verifyHyperLinkWinterMonths" time="4.288"/>
  <testcase classname="com.qa.abreva.test.AbrevaCommonLipProblemsTest" name="verifyHyperLinkArticlesOnManagingLipHealthFromAbreva" time="6.127"/>
  <testcase classname="com.qa.abreva.test.AbrevaCommonLipProblemsTest" name="verifyReadOurLipCareTips" time="4.772"/>
  <testcase classname="com.qa.abreva.test.AbrevaCommonLipProblemsTest" name="verifyBuyNow" time="3.348"/>
  <testcase classname="com.qa.abreva.test.AbrevaCanYouPutAloeVeraOnColdSoresTest" name="cookieButton" time="1.695"/>
  <testcase classname="com.qa.abreva.test.AbrevaCanYouPutAloeVeraOnColdSoresTest" name="verifyHyperLinkHelpingHealColdSores" time="8.444"/>
  <testcase classname="com.qa.abreva.test.AbrevaCanYouPutAloeVeraOnColdSoresTest" name="verifyHyperLinkColdSores" time="5.633"/>
  <testcase classname="com.qa.abreva.test.AbrevaCanYouPutAloeVeraOnColdSoresTest" name="verifyHyperLinkAbrevaColdSoreCream" time="5.022"/>
  <testcase classname="com.qa.abreva.test.AbrevaCanYouPutAloeVeraOnColdSoresTest" name="verifyHyperLinkHowToStayTriggerFree" time="5.455"/>
  <testcase classname="com.qa.abreva.test.AbrevaCanYouPutAloeVeraOnColdSoresTest" name="verifyHyperLinkRelaxationTechniques" time="6.106"/>
  <testcase classname="com.qa.abreva.test.AbrevaCanYouPutAloeVeraOnColdSoresTest" name="verifyHyperLinkTheConnectionBetweenHormones" time="4.468"/>
  <testcase classname="com.qa.abreva.test.AbrevaCanYouPutAloeVeraOnColdSoresTest" name="verifyHyperLinkHowToNavigateACold" time="6.554"/>
  <testcase classname="com.qa.abreva.test.AbrevaCanYouPutAloeVeraOnColdSoresTest" name="verifyHyperLinkReadOurLipCareTips" time="3.445"/>
  <testcase classname="com.qa.abreva.test.AbrevaCanYouPutAloeVeraOnColdSoresTest" name="verifyBuyNow" time="3.933"/>
  <testcase classname="com.qa.abreva.test.AbrevaFeverBlisterVsColdSoreTest" name="cookieButton" time="1.687"/>
  <testcase classname="com.qa.abreva.test.AbrevaFeverBlisterVsColdSoreTest" name="verifyBreadcrumbOne" time="9.653"/>
  <testcase classname="com.qa.abreva.test.AbrevaFeverBlisterVsColdSoreTest" name="verifyHyperLinkColdSore" time="6.898"/>
  <testcase classname="com.qa.abreva.test.AbrevaFeverBlisterVsColdSoreTest" name="verifyHyperLinkLipCareTips" time="7.57"/>
  <testcase classname="com.qa.abreva.test.AbrevaFeverBlisterVsColdSoreTest" name="verifyHyperLinkFeverBlistersAreHighlyContagious" time="7.678"/>
  <testcase classname="com.qa.abreva.test.AbrevaFeverBlisterVsColdSoreTest" name="verifyHyperLinkFirstExperiencingTheTingling" time="9.573"/>
  <testcase classname="com.qa.abreva.test.AbrevaFeverBlisterVsColdSoreTest" name="verifyHyperLinkAbrevaCreamOne" time="7.634"/>
  <testcase classname="com.qa.abreva.test.AbrevaFeverBlisterVsColdSoreTest" name="verifyHyperLinkAbrevaCreamTwo" time="5.471"/>
  <testcase classname="com.qa.abreva.test.AbrevaFeverBlisterVsColdSoreTest" name="verifyHyperLinkTriggerSuchAsAColdOrFlu" time="3.8"/>
  <testcase classname="com.qa.abreva.test.AbrevaFeverBlisterVsColdSoreTest" name="verifyHyperLinkExcessiveSunshine" time="3.916"/>
  <testcase classname="com.qa.abreva.test.AbrevaFeverBlisterVsColdSoreTest" name="verifyHyperLinkColdWeather" time="5.149"/>
  <testcase classname="com.qa.abreva.test.AbrevaFeverBlisterVsColdSoreTest" name="verifyHyperLinkStress" time="3.566"/>
  <testcase classname="com.qa.abreva.test.AbrevaFeverBlisterVsColdSoreTest" name="verifyHyperLinkGettingPlentyOfRest" time="3.618"/>
  <testcase classname="com.qa.abreva.test.AbrevaFeverBlisterVsColdSoreTest" name="verifyHyperLinkManagingColdSoreTriggers" time="4.194"/>
  <testcase classname="com.qa.abreva.test.AbrevaFeverBlisterVsColdSoreTest" name="verifyHyperLinkTreatTheBlister" time="4.691"/>
  <testcase classname="com.qa.abreva.test.AbrevaFeverBlisterVsColdSoreTest" name="verifyHyperLinkAbrevaCreamThree" time="5.585"/>
  <testcase classname="com.qa.abreva.test.AbrevaFeverBlisterVsColdSoreTest" name="verifyWholeCardSecOne" time="9.006"/>
  <testcase classname="com.qa.abreva.test.AbrevaFeverBlisterVsColdSoreTest" name="verifyWholeCardSecTwo" time="7.298"/>
  <testcase classname="com.qa.abreva.test.AbrevaFeverBlisterVsColdSoreTest" name="verifyWholeCardSecThree" time="5.912"/>
  <testcase classname="com.qa.abreva.test.AbrevaFeverBlisterVsColdSoreTest" name="verifyGetcoupon" time="20.121">
    <skipped/>
  </testcase> <!-- verifyGetcoupon -->
  <testcase classname="com.qa.abreva.test.AbrevaFeverBlisterVsColdSoreTest" name="verifyGetcoupon" time="20.14">
    <skipped/>
  </testcase> <!-- verifyGetcoupon -->
  <testcase classname="com.qa.abreva.test.AbrevaFeverBlisterVsColdSoreTest" name="verifyGetcoupon" time="20.145">
    <failure type="java.lang.Exception" message="HyperLink Get coupon is not presented in the page">
      <![CDATA[java.lang.Exception: HyperLink Get coupon is not presented in the page
at com.qa.abreva.pages.AbrevaFeverBlisterVsColdSorePage.clickGetcoupon(AbrevaFeverBlisterVsColdSorePage.java:373)
at com.qa.abreva.test.AbrevaFeverBlisterVsColdSoreTest.verifyGetcoupon(AbrevaFeverBlisterVsColdSoreTest.java:262)
at java.base/java.util.ArrayList.forEach(ArrayList.java:1511)
... Removed 25 stack frames]]>
    </failure>
  </testcase> <!-- verifyGetcoupon -->
  <testcase classname="com.qa.abreva.test.AbrevaFeverBlisterVsColdSoreTest" name="verifyBuyNow" time="3.095"/>
  <testcase classname="com.qa.abreva.test.AbrevaWhenToUseAbrevaTest" name="cookieButton" time="1.521"/>
  <testcase classname="com.qa.abreva.test.AbrevaWhenToUseAbrevaTest" name="verifyAccordionOne" time="14.573"/>
  <testcase classname="com.qa.abreva.test.AbrevaWhenToUseAbrevaTest" name="verifyAccordionTwo" time="14.047"/>
  <testcase classname="com.qa.abreva.test.AbrevaWhenToUseAbrevaTest" name="verifyAccordionThree" time="14.464"/>
  <testcase classname="com.qa.abreva.test.AbrevaWhenToUseAbrevaTest" name="verifyAccordionFour" time="14.258"/>
  <testcase classname="com.qa.abreva.test.AbrevaWhenToUseAbrevaTest" name="verifyAccordionFive" time="14.636"/>
  <testcase classname="com.qa.abreva.test.AbrevaWhenToUseAbrevaTest" name="verifyGetcoupon" time="20.113">
    <skipped/>
  </testcase> <!-- verifyGetcoupon -->
  <testcase classname="com.qa.abreva.test.AbrevaWhenToUseAbrevaTest" name="verifyGetcoupon" time="20.098">
    <skipped/>
  </testcase> <!-- verifyGetcoupon -->
  <testcase classname="com.qa.abreva.test.AbrevaWhenToUseAbrevaTest" name="verifyGetcoupon" time="20.087">
    <failure type="java.lang.Exception" message="HyperLink Get coupon is not presented in the page">
      <![CDATA[java.lang.Exception: HyperLink Get coupon is not presented in the page
at com.qa.abreva.pages.AbrevaWhenToUseAbrevaPage.clickGetcoupon(AbrevaWhenToUseAbrevaPage.java:339)
at com.qa.abreva.test.AbrevaWhenToUseAbrevaTest.verifyGetcoupon(AbrevaWhenToUseAbrevaTest.java:95)
at java.base/java.util.ArrayList.forEach(ArrayList.java:1511)
... Removed 25 stack frames]]>
    </failure>
  </testcase> <!-- verifyGetcoupon -->
  <testcase classname="com.qa.abreva.test.AbrevaWhenToUseAbrevaTest" name="verifyBuyNow" time="2.534"/>
  <testcase classname="com.qa.abreva.test.AbrevaColdSoreConfidenceTest" name="cookieButton" time="1.71"/>
  <testcase classname="com.qa.abreva.test.AbrevaColdSoreConfidenceTest" name="verifyBreadcrumbOne" time="6.403"/>
  <testcase classname="com.qa.abreva.test.AbrevaColdSoreConfidenceTest" name="verifyHyperLinkHere" time="6.112"/>
  <testcase classname="com.qa.abreva.test.AbrevaColdSoreConfidenceTest" name="verifyHyperLinkReadMore" time="5.356"/>
  <testcase classname="com.qa.abreva.test.AbrevaColdSoreConfidenceTest" name="verifyWholeCardSecOne" time="8.966"/>
  <testcase classname="com.qa.abreva.test.AbrevaColdSoreConfidenceTest" name="verifyWholeCardSecTwo" time="10.393"/>
  <testcase classname="com.qa.abreva.test.AbrevaColdSoreConfidenceTest" name="verifyWholeCardSecThree" time="7.004"/>
  <testcase classname="com.qa.abreva.test.AbrevaColdSoreConfidenceTest" name="verifyGetcoupon" time="20.139">
    <skipped/>
  </testcase> <!-- verifyGetcoupon -->
  <testcase classname="com.qa.abreva.test.AbrevaColdSoreConfidenceTest" name="verifyGetcoupon" time="20.136">
    <skipped/>
  </testcase> <!-- verifyGetcoupon -->
  <testcase classname="com.qa.abreva.test.AbrevaColdSoreConfidenceTest" name="verifyGetcoupon" time="20.165">
    <failure type="java.lang.Exception" message="HyperLink Get coupon is not presented in the page">
      <![CDATA[java.lang.Exception: HyperLink Get coupon is not presented in the page
at com.qa.abreva.pages.AbrevaColdSoreConfidencePage.clickGetcoupon(AbrevaColdSoreConfidencePage.java:167)
at com.qa.abreva.test.AbrevaColdSoreConfidenceTest.verifyGetcoupon(AbrevaColdSoreConfidenceTest.java:118)
at java.base/java.util.ArrayList.forEach(ArrayList.java:1511)
... Removed 25 stack frames]]>
    </failure>
  </testcase> <!-- verifyGetcoupon -->
  <testcase classname="com.qa.abreva.test.AbrevaColdSoreConfidenceTest" name="verifyBuyNow" time="3.109"/>
  <testcase classname="com.qa.abreva.test.AbrevaLipCareVsLipHealthTest" name="cookieButton" time="1.582"/>
  <testcase classname="com.qa.abreva.test.AbrevaLipCareVsLipHealthTest" name="verifyBreadcrumbOne" time="6.93"/>
  <testcase classname="com.qa.abreva.test.AbrevaLipCareVsLipHealthTest" name="verifyReadMore" time="8.23"/>
  <testcase classname="com.qa.abreva.test.AbrevaLipCareVsLipHealthTest" name="verifyWholeCardSecOne" time="9.597"/>
  <testcase classname="com.qa.abreva.test.AbrevaLipCareVsLipHealthTest" name="verifyWholeCardSecTwo" time="11.632"/>
  <testcase classname="com.qa.abreva.test.AbrevaLipCareVsLipHealthTest" name="verifyWholeCardSecThree" time="9.265"/>
  <testcase classname="com.qa.abreva.test.AbrevaLipCareVsLipHealthTest" name="verifyTakeTheQuiz" time="3.904"/>
  <testcase classname="com.qa.abreva.test.AbrevaLipCareVsLipHealthTest" name="verifyBuyNow" time="4.144"/>
  <testcase classname="com.qa.abreva.test.AbrevaWhatAreColdSoresTest" name="cookieButton" time="1.733"/>
  <testcase classname="com.qa.abreva.test.AbrevaTriggerFreeSummerVacatioPlanningTest" name="cookieButton" time="1.679"/>
  <testcase classname="com.qa.abreva.test.AbrevaTriggerFreeSummerVacatioPlanningTest" name="verifyBreadcrumbOne" time="5.557"/>
  <testcase classname="com.qa.abreva.test.AbrevaTriggerFreeSummerVacatioPlanningTest" name="verifyHyperLinkSunExposure" time="6.292"/>
  <testcase classname="com.qa.abreva.test.AbrevaTriggerFreeSummerVacatioPlanningTest" name="verifyHyperLinkStressWearsDown" time="20.151">
    <skipped/>
  </testcase> <!-- verifyHyperLinkStressWearsDown -->
  <testcase classname="com.qa.abreva.test.AbrevaTriggerFreeSummerVacatioPlanningTest" name="verifyHyperLinkStressWearsDown" time="20.154">
    <skipped/>
  </testcase> <!-- verifyHyperLinkStressWearsDown -->
  <testcase classname="com.qa.abreva.test.AbrevaTriggerFreeSummerVacatioPlanningTest" name="verifyHyperLinkStressWearsDown" time="20.134">
    <failure type="java.lang.Exception" message="HyperLink Stress Wears Down is not presented in the page">
      <![CDATA[java.lang.Exception: HyperLink Stress Wears Down is not presented in the page
at com.qa.abreva.pages.AbrevaTriggerFreeSummerVacatioPlanningPage.clickHyperLinkStressWearsDown(AbrevaTriggerFreeSummerVacatioPlanningPage.java:117)
at com.qa.abreva.test.AbrevaTriggerFreeSummerVacatioPlanningTest.verifyHyperLinkStressWearsDown(AbrevaTriggerFreeSummerVacatioPlanningTest.java:69)
at java.base/java.util.ArrayList.forEach(ArrayList.java:1511)
... Removed 25 stack frames]]>
    </failure>
  </testcase> <!-- verifyHyperLinkStressWearsDown -->
  <testcase classname="com.qa.abreva.test.AbrevaTriggerFreeSummerVacatioPlanningTest" name="verifyHyperLinkActOnIt" time="7.832"/>
  <testcase classname="com.qa.abreva.test.AbrevaTriggerFreeSummerVacatioPlanningTest" name="verifyWholeCardSecOne" time="6.831"/>
  <testcase classname="com.qa.abreva.test.AbrevaTriggerFreeSummerVacatioPlanningTest" name="verifyWholeCardSecTwo" time="6.547"/>
  <testcase classname="com.qa.abreva.test.AbrevaTriggerFreeSummerVacatioPlanningTest" name="verifyWholeCardSecThree" time="20.095">
    <skipped/>
  </testcase> <!-- verifyWholeCardSecThree -->
  <testcase classname="com.qa.abreva.test.AbrevaTriggerFreeSummerVacatioPlanningTest" name="verifyWholeCardSecThree" time="20.151">
    <skipped/>
  </testcase> <!-- verifyWholeCardSecThree -->
  <testcase classname="com.qa.abreva.test.AbrevaTriggerFreeSummerVacatioPlanningTest" name="verifyWholeCardSecThree" time="20.124">
    <failure type="java.lang.Exception" message="HyperLink Whole Card Sec Three is not presented in the page">
      <![CDATA[java.lang.Exception: HyperLink Whole Card Sec Three is not presented in the page
at com.qa.abreva.pages.AbrevaTriggerFreeSummerVacatioPlanningPage.clickWholeCardSecThree(AbrevaTriggerFreeSummerVacatioPlanningPage.java:169)
at com.qa.abreva.test.AbrevaTriggerFreeSummerVacatioPlanningTest.verifyWholeCardSecThree(AbrevaTriggerFreeSummerVacatioPlanningTest.java:117)
at java.base/java.util.ArrayList.forEach(ArrayList.java:1511)
... Removed 25 stack frames]]>
    </failure>
  </testcase> <!-- verifyWholeCardSecThree -->
  <testcase classname="com.qa.abreva.test.AbrevaTriggerFreeSummerVacatioPlanningTest" name="verifyGetcoupon" time="20.162">
    <skipped/>
  </testcase> <!-- verifyGetcoupon -->
  <testcase classname="com.qa.abreva.test.AbrevaTriggerFreeSummerVacatioPlanningTest" name="verifyGetcoupon" time="20.201">
    <skipped/>
  </testcase> <!-- verifyGetcoupon -->
  <testcase classname="com.qa.abreva.test.AbrevaTriggerFreeSummerVacatioPlanningTest" name="verifyGetcoupon" time="20.171">
    <failure type="java.lang.Exception" message="HyperLink Get coupon is not presented in the page">
      <![CDATA[java.lang.Exception: HyperLink Get coupon is not presented in the page
at com.qa.abreva.pages.AbrevaTriggerFreeSummerVacatioPlanningPage.clickGetcoupon(AbrevaTriggerFreeSummerVacatioPlanningPage.java:182)
at com.qa.abreva.test.AbrevaTriggerFreeSummerVacatioPlanningTest.verifyGetcoupon(AbrevaTriggerFreeSummerVacatioPlanningTest.java:129)
at java.base/java.util.ArrayList.forEach(ArrayList.java:1511)
... Removed 25 stack frames]]>
    </failure>
  </testcase> <!-- verifyGetcoupon -->
  <testcase classname="com.qa.abreva.test.AbrevaTriggerFreeSummerVacatioPlanningTest" name="verifyBuyNow" time="2.994"/>
  <testcase classname="com.qa.abreva.test.AbrevaToothpasteOnColdSoresTest" name="cookieButton" time="1.593"/>
  <testcase classname="com.qa.abreva.test.AbrevaToothpasteOnColdSoresTest" name="verifyBreadcrumbOne" time="8.131"/>
  <testcase classname="com.qa.abreva.test.AbrevaToothpasteOnColdSoresTest" name="verifyHyperLinkTinglingOrBurningSensations" time="10.402">
    <skipped/>
  </testcase> <!-- verifyHyperLinkTinglingOrBurningSensations -->
  <testcase classname="com.qa.abreva.test.AbrevaToothpasteOnColdSoresTest" name="verifyHyperLinkTinglingOrBurningSensations" time="6.889">
    <skipped/>
  </testcase> <!-- verifyHyperLinkTinglingOrBurningSensations -->
  <testcase classname="com.qa.abreva.test.AbrevaToothpasteOnColdSoresTest" name="verifyHyperLinkTinglingOrBurningSensations" time="6.442">
    <failure type="java.lang.AssertionError" message="expected [cold-sore-first-signs/] but found [https://abreva-com.preprod-cf65.ch.adobecqms.net/cold-sore-first-signs/]">
      <![CDATA[java.lang.AssertionError: expected [cold-sore-first-signs/] but found [https://abreva-com.preprod-cf65.ch.adobecqms.net/cold-sore-first-signs/]
at com.qa.baseClass.BaseClass.compareTwoText(BaseClass.java:822)
at com.qa.abreva.test.AbrevaToothpasteOnColdSoresTest.verifyHyperLinkTinglingOrBurningSensations(AbrevaToothpasteOnColdSoresTest.java:63)
at java.base/java.util.ArrayList.forEach(ArrayList.java:1511)
... Removed 31 stack frames]]>
    </failure>
  </testcase> <!-- verifyHyperLinkTinglingOrBurningSensations -->
  <testcase classname="com.qa.abreva.test.AbrevaToothpasteOnColdSoresTest" name="verifyHyperLinkAbrevaCream" time="6.989"/>
  <testcase classname="com.qa.abreva.test.AbrevaToothpasteOnColdSoresTest" name="verifyHyperLinkAbrevaSite" time="9.301"/>
  <testcase classname="com.qa.abreva.test.AbrevaToothpasteOnColdSoresTest" name="verifyGetcoupon" time="20.094">
    <skipped/>
  </testcase> <!-- verifyGetcoupon -->
  <testcase classname="com.qa.abreva.test.AbrevaToothpasteOnColdSoresTest" name="verifyGetcoupon" time="20.141">
    <skipped/>
  </testcase> <!-- verifyGetcoupon -->
  <testcase classname="com.qa.abreva.test.AbrevaToothpasteOnColdSoresTest" name="verifyGetcoupon" time="20.121">
    <failure type="java.lang.Exception" message="HyperLink Get coupon is not presented in the page">
      <![CDATA[java.lang.Exception: HyperLink Get coupon is not presented in the page
at com.qa.abreva.pages.AbrevaToothpasteOnColdSoresPage.clickGetcoupon(AbrevaToothpasteOnColdSoresPage.java:140)
at com.qa.abreva.test.AbrevaToothpasteOnColdSoresTest.verifyGetcoupon(AbrevaToothpasteOnColdSoresTest.java:94)
at java.base/java.util.ArrayList.forEach(ArrayList.java:1511)
... Removed 25 stack frames]]>
    </failure>
  </testcase> <!-- verifyGetcoupon -->
  <testcase classname="com.qa.abreva.test.AbrevaToothpasteOnColdSoresTest" name="verifyBuyNow" time="3.142"/>
  <testcase classname="com.qa.abreva.test.AbrevaColdSoreConfessionsTest" name="cookieButton" time="1.599"/>
  <testcase classname="com.qa.abreva.test.AbrevaColdSoreConfessionsTest" name="verifyBreadcrumbOne" time="9.168"/>
  <testcase classname="com.qa.abreva.test.AbrevaColdSoreConfessionsTest" name="verifyYoutubeVideo" time="12.15"/>
  <testcase classname="com.qa.abreva.test.AbrevaColdSoreConfessionsTest" name="verifyWholeCardSecOne" time="10.991"/>
  <testcase classname="com.qa.abreva.test.AbrevaColdSoreConfessionsTest" name="verifyWholeCardSecTwo" time="9.648"/>
  <testcase classname="com.qa.abreva.test.AbrevaColdSoreConfessionsTest" name="verifyWholeCardSecThree" time="3.383"/>
  <testcase classname="com.qa.abreva.test.AbrevaColdSoreConfessionsTest" name="verifyGetcoupon" time="20.144">
    <skipped/>
  </testcase> <!-- verifyGetcoupon -->
  <testcase classname="com.qa.abreva.test.AbrevaColdSoreConfessionsTest" name="verifyGetcoupon" time="20.186">
    <skipped/>
  </testcase> <!-- verifyGetcoupon -->
  <testcase classname="com.qa.abreva.test.AbrevaColdSoreConfessionsTest" name="verifyGetcoupon" time="20.162">
    <failure type="java.lang.Exception" message="HyperLink Get coupon is not presented in the page">
      <![CDATA[java.lang.Exception: HyperLink Get coupon is not presented in the page
at com.qa.abreva.pages.AbrevaColdSoreConfessionsPage.clickGetcoupon(AbrevaColdSoreConfessionsPage.java:173)
at com.qa.abreva.test.AbrevaColdSoreConfessionsTest.verifyGetcoupon(AbrevaColdSoreConfessionsTest.java:103)
at java.base/java.util.ArrayList.forEach(ArrayList.java:1511)
... Removed 25 stack frames]]>
    </failure>
  </testcase> <!-- verifyGetcoupon -->
  <testcase classname="com.qa.abreva.test.AbrevaColdSoreConfessionsTest" name="verifyBuyNow" time="2.674"/>
  <testcase classname="com.qa.abreva.test.AbrevaPlanForImportantDaysTest" name="cookieButton" time="1.886"/>
  <testcase classname="com.qa.abreva.test.AbrevaPlanForImportantDaysTest" name="verifyBreadcrumbOne" time="8.536"/>
  <testcase classname="com.qa.abreva.test.AbrevaPlanForImportantDaysTest" name="verifyCarouselActionNext" time="5.652"/>
  <testcase classname="com.qa.abreva.test.AbrevaPlanForImportantDaysTest" name="verifyCarouselActionPrevious" time="5.47"/>
  <testcase classname="com.qa.abreva.test.AbrevaPlanForImportantDaysTest" name="verifyWholeCardSecOne" time="9.328"/>
  <testcase classname="com.qa.abreva.test.AbrevaPlanForImportantDaysTest" name="verifyWholeCardSecTwo" time="11.102"/>
  <testcase classname="com.qa.abreva.test.AbrevaPlanForImportantDaysTest" name="verifyWholeCardSecThree" time="10.915"/>
  <testcase classname="com.qa.abreva.test.AbrevaPlanForImportantDaysTest" name="verifyBuyNow" time="3.742">
    <skipped/>
  </testcase> <!-- verifyBuyNow -->
  <testcase classname="com.qa.abreva.test.AbrevaPlanForImportantDaysTest" name="verifyBuyNow" time="2.561"/>
  <testcase classname="com.qa.abreva.test.AbrevaPlanForImportantDaysTest" name="verifyHyperLinkCarouselRestUpOne" time="4.314"/>
  <testcase classname="com.qa.abreva.test.AbrevaWhyDoIKeepGettingColdSoresTest" name="cookieButton" time="1.674"/>
  <testcase classname="com.qa.abreva.test.AbrevaWhyDoIKeepGettingColdSoresTest" name="verifyHyperLinkAvoidSpreadingTheVirus" time="6.705"/>
  <testcase classname="com.qa.abreva.test.AbrevaWhyDoIKeepGettingColdSoresTest" name="verifyHyperLinkTheCOldSoreVirus" time="7.439">
    <skipped/>
  </testcase> <!-- verifyHyperLinkTheCOldSoreVirus -->
  <testcase classname="com.qa.abreva.test.AbrevaWhyDoIKeepGettingColdSoresTest" name="verifyHyperLinkTheCOldSoreVirus" time="3.515">
    <skipped/>
  </testcase> <!-- verifyHyperLinkTheCOldSoreVirus -->
  <testcase classname="com.qa.abreva.test.AbrevaWhyDoIKeepGettingColdSoresTest" name="verifyHyperLinkTheCOldSoreVirus" time="3.547">
    <failure type="java.lang.AssertionError" message="expected [amp/how-common-herpes-simplex-1.html] but found [https://www.abreva.com/amp/how-common-herpes-simplex-1.html]">
      <![CDATA[java.lang.AssertionError: expected [amp/how-common-herpes-simplex-1.html] but found [https://www.abreva.com/amp/how-common-herpes-simplex-1.html]
at com.qa.baseClass.BaseClass.compareTwoText(BaseClass.java:822)
at com.qa.abreva.test.AbrevaWhyDoIKeepGettingColdSoresTest.verifyHyperLinkTheCOldSoreVirus(AbrevaWhyDoIKeepGettingColdSoresTest.java:61)
at java.base/java.util.ArrayList.forEach(ArrayList.java:1511)
... Removed 31 stack frames]]>
    </failure>
  </testcase> <!-- verifyHyperLinkTheCOldSoreVirus -->
  <testcase classname="com.qa.abreva.test.AbrevaWhyDoIKeepGettingColdSoresTest" name="verifyHyperLinkANumberOfTriggers" time="6.259"/>
  <testcase classname="com.qa.abreva.test.AbrevaWhyDoIKeepGettingColdSoresTest" name="verifyHyperLinkStress" time="5.561"/>
  <testcase classname="com.qa.abreva.test.AbrevaWhyDoIKeepGettingColdSoresTest" name="verifyHyperLinkAvoidOralContactLikeKissing" time="6.958">
    <skipped/>
  </testcase> <!-- verifyHyperLinkAvoidOralContactLikeKissing -->
  <testcase classname="com.qa.abreva.test.AbrevaWhyDoIKeepGettingColdSoresTest" name="verifyHyperLinkAvoidOralContactLikeKissing" time="3.522">
    <skipped/>
  </testcase> <!-- verifyHyperLinkAvoidOralContactLikeKissing -->
  <testcase classname="com.qa.abreva.test.AbrevaWhyDoIKeepGettingColdSoresTest" name="verifyHyperLinkAvoidOralContactLikeKissing" time="3.504">
    <failure type="java.lang.AssertionError" message="expected [amp/what-causes-cold-sores-from-kissing.html] but found [https://www.abreva.com/amp/what-causes-cold-sores-from-kissing.html]">
      <![CDATA[java.lang.AssertionError: expected [amp/what-causes-cold-sores-from-kissing.html] but found [https://www.abreva.com/amp/what-causes-cold-sores-from-kissing.html]
at com.qa.baseClass.BaseClass.compareTwoText(BaseClass.java:822)
at com.qa.abreva.test.AbrevaWhyDoIKeepGettingColdSoresTest.verifyHyperLinkAvoidOralContactLikeKissing(AbrevaWhyDoIKeepGettingColdSoresTest.java:97)
at java.base/java.util.ArrayList.forEach(ArrayList.java:1511)
... Removed 31 stack frames]]>
    </failure>
  </testcase> <!-- verifyHyperLinkAvoidOralContactLikeKissing -->
  <testcase classname="com.qa.abreva.test.AbrevaWhyDoIKeepGettingColdSoresTest" name="verifyHyperLinkColdSoreBlisters" time="5.83"/>
  <testcase classname="com.qa.abreva.test.AbrevaWhyDoIKeepGettingColdSoresTest" name="verifyHyperLinkSunAndColdSores" time="4.16"/>
  <testcase classname="com.qa.abreva.test.AbrevaWhyDoIKeepGettingColdSoresTest" name="verifyHyperLinkRelaxationTechniquesForManaging" time="4.138"/>
  <testcase classname="com.qa.abreva.test.AbrevaWhyDoIKeepGettingColdSoresTest" name="verifyHyperLinkSurvivingADentistVisit" time="3.56"/>
  <testcase classname="com.qa.abreva.test.AbrevaWhyDoIKeepGettingColdSoresTest" name="verifyHyperLinkTheFascinatingConnection" time="4.375"/>
  <testcase classname="com.qa.abreva.test.AbrevaWhyDoIKeepGettingColdSoresTest" name="verifyHyperLinkReadOurLipCareTips" time="5.347"/>
  <testcase classname="com.qa.abreva.test.AbrevaWhyDoIKeepGettingColdSoresTest" name="verifyBuyNow" time="3.658"/>
  <testcase classname="com.qa.baseClass.BaseClass" name="@AfterSuite endReport" time="0.0">
    <ignored/>
  </testcase> <!-- @AfterSuite endReport -->
  <testcase classname="com.qa.baseClass.BaseClass" name="@AfterSuite endReport" time="0.0">
    <ignored/>
  </testcase> <!-- @AfterSuite endReport -->
  <testcase classname="com.qa.baseClass.BaseClass" name="@AfterSuite endReport" time="0.0">
    <ignored/>
  </testcase> <!-- @AfterSuite endReport -->
  <testcase classname="com.qa.baseClass.BaseClass" name="@AfterSuite endReport" time="0.0">
    <ignored/>
  </testcase> <!-- @AfterSuite endReport -->
  <testcase classname="com.qa.baseClass.BaseClass" name="@AfterSuite endReport" time="0.0">
    <ignored/>
  </testcase> <!-- @AfterSuite endReport -->
  <testcase classname="com.qa.baseClass.BaseClass" name="@AfterSuite endReport" time="0.0">
    <ignored/>
  </testcase> <!-- @AfterSuite endReport -->
  <testcase classname="com.qa.baseClass.BaseClass" name="@AfterSuite endReport" time="0.0">
    <ignored/>
  </testcase> <!-- @AfterSuite endReport -->
  <testcase classname="com.qa.baseClass.BaseClass" name="@AfterSuite endReport" time="0.0">
    <ignored/>
  </testcase> <!-- @AfterSuite endReport -->
  <testcase classname="com.qa.baseClass.BaseClass" name="@AfterSuite endReport" time="0.0">
    <ignored/>
  </testcase> <!-- @AfterSuite endReport -->
  <testcase classname="com.qa.baseClass.BaseClass" name="@AfterSuite endReport" time="0.0">
    <ignored/>
  </testcase> <!-- @AfterSuite endReport -->
  <testcase classname="com.qa.baseClass.BaseClass" name="@AfterSuite endReport" time="0.0">
    <ignored/>
  </testcase> <!-- @AfterSuite endReport -->
  <testcase classname="com.qa.baseClass.BaseClass" name="@AfterSuite endReport" time="0.0">
    <ignored/>
  </testcase> <!-- @AfterSuite endReport -->
  <testcase classname="com.qa.baseClass.BaseClass" name="@AfterSuite endReport" time="0.0">
    <ignored/>
  </testcase> <!-- @AfterSuite endReport -->
  <testcase classname="com.qa.baseClass.BaseClass" name="@AfterSuite endReport" time="0.0">
    <ignored/>
  </testcase> <!-- @AfterSuite endReport -->
  <testcase classname="com.qa.baseClass.BaseClass" name="@AfterSuite endReport" time="0.0">
    <ignored/>
  </testcase> <!-- @AfterSuite endReport -->
  <testcase classname="com.qa.baseClass.BaseClass" name="@AfterSuite endReport" time="0.0">
    <ignored/>
  </testcase> <!-- @AfterSuite endReport -->
  <testcase classname="com.qa.baseClass.BaseClass" name="@AfterSuite endReport" time="0.0">
    <ignored/>
  </testcase> <!-- @AfterSuite endReport -->
  <testcase classname="com.qa.baseClass.BaseClass" name="@AfterSuite endReport" time="0.0">
    <ignored/>
  </testcase> <!-- @AfterSuite endReport -->
  <testcase classname="com.qa.baseClass.BaseClass" name="@AfterSuite endReport" time="0.0">
    <ignored/>
  </testcase> <!-- @AfterSuite endReport -->
  <testcase classname="com.qa.baseClass.BaseClass" name="@AfterSuite endReport" time="0.0">
    <ignored/>
  </testcase> <!-- @AfterSuite endReport -->
  <testcase classname="com.qa.baseClass.BaseClass" name="@AfterSuite endReport" time="0.0">
    <ignored/>
  </testcase> <!-- @AfterSuite endReport -->
  <testcase classname="com.qa.baseClass.BaseClass" name="@AfterSuite endReport" time="0.0">
    <ignored/>
  </testcase> <!-- @AfterSuite endReport -->
  <testcase classname="com.qa.baseClass.BaseClass" name="@AfterSuite endReport" time="0.0">
    <ignored/>
  </testcase> <!-- @AfterSuite endReport -->
  <testcase classname="com.qa.baseClass.BaseClass" name="@AfterSuite endReport" time="0.0">
    <ignored/>
  </testcase> <!-- @AfterSuite endReport -->
  <testcase classname="com.qa.baseClass.BaseClass" name="@AfterSuite endReport" time="0.0">
    <ignored/>
  </testcase> <!-- @AfterSuite endReport -->
  <testcase classname="com.qa.baseClass.BaseClass" name="@AfterSuite endReport" time="0.0">
    <ignored/>
  </testcase> <!-- @AfterSuite endReport -->
  <testcase classname="com.qa.baseClass.BaseClass" name="@AfterSuite endReport" time="0.0">
    <ignored/>
  </testcase> <!-- @AfterSuite endReport -->
  <testcase classname="com.qa.baseClass.BaseClass" name="@AfterSuite endReport" time="0.0">
    <ignored/>
  </testcase> <!-- @AfterSuite endReport -->
  <testcase classname="com.qa.baseClass.BaseClass" name="@AfterSuite endReport" time="0.0">
    <ignored/>
  </testcase> <!-- @AfterSuite endReport -->
  <testcase classname="com.qa.baseClass.BaseClass" name="@AfterSuite endReport" time="0.0">
    <ignored/>
  </testcase> <!-- @AfterSuite endReport -->
  <testcase classname="com.qa.baseClass.BaseClass" name="@AfterSuite endReport" time="0.0">
    <ignored/>
  </testcase> <!-- @AfterSuite endReport -->
  <testcase classname="com.qa.baseClass.BaseClass" name="@AfterSuite endReport" time="0.0">
    <ignored/>
  </testcase> <!-- @AfterSuite endReport -->
  <testcase classname="com.qa.baseClass.BaseClass" name="@AfterSuite endReport" time="0.0">
    <ignored/>
  </testcase> <!-- @AfterSuite endReport -->
  <testcase classname="com.qa.baseClass.BaseClass" name="@AfterSuite endReport" time="0.0">
    <ignored/>
  </testcase> <!-- @AfterSuite endReport -->
  <testcase classname="com.qa.baseClass.BaseClass" name="@AfterSuite endReport" time="0.0">
    <ignored/>
  </testcase> <!-- @AfterSuite endReport -->
  <testcase classname="com.qa.baseClass.BaseClass" name="@AfterSuite endReport" time="0.0">
    <ignored/>
  </testcase> <!-- @AfterSuite endReport -->
  <testcase classname="com.qa.baseClass.BaseClass" name="@BeforeSuite startReport" time="0.0">
    <ignored/>
  </testcase> <!-- @BeforeSuite startReport -->
  <testcase classname="com.qa.baseClass.BaseClass" name="@BeforeSuite startReport" time="0.0">
    <ignored/>
  </testcase> <!-- @BeforeSuite startReport -->
  <testcase classname="com.qa.baseClass.BaseClass" name="@BeforeSuite startReport" time="0.0">
    <ignored/>
  </testcase> <!-- @BeforeSuite startReport -->
  <testcase classname="com.qa.baseClass.BaseClass" name="@BeforeSuite startReport" time="0.0">
    <ignored/>
  </testcase> <!-- @BeforeSuite startReport -->
  <testcase classname="com.qa.baseClass.BaseClass" name="@BeforeSuite startReport" time="0.0">
    <ignored/>
  </testcase> <!-- @BeforeSuite startReport -->
  <testcase classname="com.qa.baseClass.BaseClass" name="@BeforeSuite startReport" time="0.0">
    <ignored/>
  </testcase> <!-- @BeforeSuite startReport -->
  <testcase classname="com.qa.baseClass.BaseClass" name="@BeforeSuite startReport" time="0.0">
    <ignored/>
  </testcase> <!-- @BeforeSuite startReport -->
  <testcase classname="com.qa.baseClass.BaseClass" name="@BeforeSuite startReport" time="0.0">
    <ignored/>
  </testcase> <!-- @BeforeSuite startReport -->
  <testcase classname="com.qa.baseClass.BaseClass" name="@BeforeSuite startReport" time="0.0">
    <ignored/>
  </testcase> <!-- @BeforeSuite startReport -->
  <testcase classname="com.qa.baseClass.BaseClass" name="@BeforeSuite startReport" time="0.0">
    <ignored/>
  </testcase> <!-- @BeforeSuite startReport -->
  <testcase classname="com.qa.baseClass.BaseClass" name="@BeforeSuite startReport" time="0.0">
    <ignored/>
  </testcase> <!-- @BeforeSuite startReport -->
  <testcase classname="com.qa.baseClass.BaseClass" name="@BeforeSuite startReport" time="0.0">
    <ignored/>
  </testcase> <!-- @BeforeSuite startReport -->
  <testcase classname="com.qa.baseClass.BaseClass" name="@BeforeSuite startReport" time="0.0">
    <ignored/>
  </testcase> <!-- @BeforeSuite startReport -->
  <testcase classname="com.qa.baseClass.BaseClass" name="@BeforeSuite startReport" time="0.0">
    <ignored/>
  </testcase> <!-- @BeforeSuite startReport -->
  <testcase classname="com.qa.baseClass.BaseClass" name="@BeforeSuite startReport" time="0.0">
    <ignored/>
  </testcase> <!-- @BeforeSuite startReport -->
  <testcase classname="com.qa.baseClass.BaseClass" name="@BeforeSuite startReport" time="0.0">
    <ignored/>
  </testcase> <!-- @BeforeSuite startReport -->
  <testcase classname="com.qa.baseClass.BaseClass" name="@BeforeSuite startReport" time="0.0">
    <ignored/>
  </testcase> <!-- @BeforeSuite startReport -->
  <testcase classname="com.qa.baseClass.BaseClass" name="@BeforeSuite startReport" time="0.0">
    <ignored/>
  </testcase> <!-- @BeforeSuite startReport -->
  <testcase classname="com.qa.baseClass.BaseClass" name="@BeforeSuite startReport" time="0.0">
    <ignored/>
  </testcase> <!-- @BeforeSuite startReport -->
  <testcase classname="com.qa.baseClass.BaseClass" name="@BeforeSuite startReport" time="0.0">
    <ignored/>
  </testcase> <!-- @BeforeSuite startReport -->
  <testcase classname="com.qa.baseClass.BaseClass" name="@BeforeSuite startReport" time="0.0">
    <ignored/>
  </testcase> <!-- @BeforeSuite startReport -->
  <testcase classname="com.qa.baseClass.BaseClass" name="@BeforeSuite startReport" time="0.0">
    <ignored/>
  </testcase> <!-- @BeforeSuite startReport -->
  <testcase classname="com.qa.baseClass.BaseClass" name="@BeforeSuite startReport" time="0.0">
    <ignored/>
  </testcase> <!-- @BeforeSuite startReport -->
  <testcase classname="com.qa.baseClass.BaseClass" name="@BeforeSuite startReport" time="0.0">
    <ignored/>
  </testcase> <!-- @BeforeSuite startReport -->
  <testcase classname="com.qa.baseClass.BaseClass" name="@BeforeSuite startReport" time="0.0">
    <ignored/>
  </testcase> <!-- @BeforeSuite startReport -->
  <testcase classname="com.qa.baseClass.BaseClass" name="@BeforeSuite startReport" time="0.0">
    <ignored/>
  </testcase> <!-- @BeforeSuite startReport -->
  <testcase classname="com.qa.baseClass.BaseClass" name="@BeforeSuite startReport" time="0.0">
    <ignored/>
  </testcase> <!-- @BeforeSuite startReport -->
  <testcase classname="com.qa.baseClass.BaseClass" name="@BeforeSuite startReport" time="0.0">
    <ignored/>
  </testcase> <!-- @BeforeSuite startReport -->
  <testcase classname="com.qa.baseClass.BaseClass" name="@BeforeSuite startReport" time="0.0">
    <ignored/>
  </testcase> <!-- @BeforeSuite startReport -->
  <testcase classname="com.qa.baseClass.BaseClass" name="@BeforeSuite startReport" time="0.0">
    <ignored/>
  </testcase> <!-- @BeforeSuite startReport -->
  <testcase classname="com.qa.baseClass.BaseClass" name="@BeforeSuite startReport" time="0.0">
    <ignored/>
  </testcase> <!-- @BeforeSuite startReport -->
  <testcase classname="com.qa.baseClass.BaseClass" name="@BeforeSuite startReport" time="0.0">
    <ignored/>
  </testcase> <!-- @BeforeSuite startReport -->
  <testcase classname="com.qa.baseClass.BaseClass" name="@BeforeSuite startReport" time="0.0">
    <ignored/>
  </testcase> <!-- @BeforeSuite startReport -->
  <testcase classname="com.qa.baseClass.BaseClass" name="@BeforeSuite startReport" time="0.0">
    <ignored/>
  </testcase> <!-- @BeforeSuite startReport -->
  <testcase classname="com.qa.baseClass.BaseClass" name="@BeforeSuite startReport" time="0.0">
    <ignored/>
  </testcase> <!-- @BeforeSuite startReport -->
  <testcase classname="com.qa.baseClass.BaseClass" name="@BeforeSuite startReport" time="0.0">
    <ignored/>
  </testcase> <!-- @BeforeSuite startReport -->
</testsuite> <!-- Abreva Automation Test -->
