<?xml version="1.0" encoding="UTF-8"?>
<!-- Generated by org.testng.reporters.JUnitXMLReporter -->
<testsuite ignored="2" hostname="WKWZTPqvmdckJHX" failures="2" tests="5" name="Centrum Automation test" time="125.483" errors="0" timestamp="2022-11-10T16:26:42 IST">
  <testcase classname="com.qa.centrum.eng.test.CentrumSampleFooterPage" name="@BeforeMethod launchingTheUrl" time="2.356">
    <failure type="java.lang.Exception" message="Unable to switch the Tab to the respective window">
      <![CDATA[java.lang.Exception: Unable to switch the Tab to the respective window
at com.qa.baseClass.BaseClass.switchingTab(BaseClass.java:897)
at com.qa.centrum.eng.test.CentrumSampleFooterPage.launchingTheUrl(CentrumSampleFooterPage.java:24)
at java.base/java.util.ArrayList.forEach(ArrayList.java:1511)
... Removed 29 stack frames]]>
    </failure>
  </testcase> <!-- @BeforeMethod launchingTheUrl -->
  <testcase classname="com.qa.centrum.eng.test.CentrumSampleFooterPage" name="cookieButton" time="22.428">
    <skipped/>
  </testcase> <!-- cookieButton -->
  <testcase classname="com.qa.centrum.eng.test.CentrumSampleFooterPage" name="cookieButton" time="40.269">
    <skipped/>
  </testcase> <!-- cookieButton -->
  <testcase classname="com.qa.centrum.eng.test.CentrumSampleFooterPage" name="cookieButton" time="29.956">
    <skipped/>
  </testcase> <!-- cookieButton -->
  <testcase classname="com.qa.centrum.eng.test.CentrumSampleFooterPage" name="cookieButton" time="0.262">
    <failure type="java.lang.Exception" message="Unable to switch the Tab to the respective window">
      <![CDATA[java.lang.Exception: Unable to switch the Tab to the respective window
at com.qa.baseClass.BaseClass.switchingTab(BaseClass.java:897)
at com.qa.centrum.eng.test.CentrumSampleFooterPage.cookieButton(CentrumSampleFooterPage.java:34)
at java.base/java.util.ArrayList.forEach(ArrayList.java:1511)
... Removed 25 stack frames]]>
    </failure>
  </testcase> <!-- cookieButton -->
  <testcase classname="com.qa.centrum.eng.test.CentrumSampleFooterPage" name="cookieButton" time="119.161">
    <failure type="org.openqa.selenium.NoSuchWindowException" message="no such window: target window already closed
from unknown error: web view not found
  (Session info: chrome=106.0.5249.119)
Build info: version: &amp;apos;3.141.59&amp;apos;, revision: &amp;apos;e82be7d358&amp;apos;, time: &amp;apos;2018-11-14T08:17:03&amp;apos;
System info: host: &amp;apos;WKWZTPQVMDCKJHX&amp;apos;, ip: &amp;apos;192.168.64.222&amp;apos;, os.name: &amp;apos;Windows 11&amp;apos;, os.arch: &amp;apos;amd64&amp;apos;, os.version: &amp;apos;10.0&amp;apos;, java.version: &amp;apos;18.0.1&amp;apos;
Driver info: org.openqa.selenium.chrome.ChromeDriver
Capabilities {acceptInsecureCerts: false, browserName: chrome, browserVersion: 106.0.5249.119, chrome: {chromedriverVersion: 105.0.5195.52 (412c95e51883..., userDataDir: C:\Users\sujsekar\AppData\L...}, goog:chromeOptions: {debuggerAddress: localhost:49273}, javascriptEnabled: true, networkConnectionEnabled: false, pageLoadStrategy: normal, platform: WINDOWS, platformName: WINDOWS, proxy: Proxy(), setWindowRect: true, strictFileInteractability: false, timeouts: {implicit: 0, pageLoad: 300000, script: 30000}, unhandledPromptBehavior: dismiss and notify, webauthn:extension:credBlob: true, webauthn:extension:largeBlob: true, webauthn:virtualAuthenticators: true}
Session ID: 499d08ddd010360b9b46d7bb7e89cae0">
      <![CDATA[org.openqa.selenium.NoSuchWindowException: no such window: target window already closed
from unknown error: web view not found
  (Session info: chrome=106.0.5249.119)
Build info: version: '3.141.59', revision: 'e82be7d358', time: '2018-11-14T08:17:03'
System info: host: 'WKWZTPQVMDCKJHX', ip: '192.168.64.222', os.name: 'Windows 11', os.arch: 'amd64', os.version: '10.0', java.version: '18.0.1'
Driver info: org.openqa.selenium.chrome.ChromeDriver
Capabilities {acceptInsecureCerts: false, browserName: chrome, browserVersion: 106.0.5249.119, chrome: {chromedriverVersion: 105.0.5195.52 (412c95e51883..., userDataDir: C:\Users\sujsekar\AppData\L...}, goog:chromeOptions: {debuggerAddress: localhost:49273}, javascriptEnabled: true, networkConnectionEnabled: false, pageLoadStrategy: normal, platform: WINDOWS, platformName: WINDOWS, proxy: Proxy(), setWindowRect: true, strictFileInteractability: false, timeouts: {implicit: 0, pageLoad: 300000, script: 30000}, unhandledPromptBehavior: dismiss and notify, webauthn:extension:credBlob: true, webauthn:extension:largeBlob: true, webauthn:virtualAuthenticators: true}
Session ID: 499d08ddd010360b9b46d7bb7e89cae0
at org.openqa.selenium.remote.http.W3CHttpResponseCodec.createException(W3CHttpResponseCodec.java:187)
at org.openqa.selenium.remote.http.W3CHttpResponseCodec.decode(W3CHttpResponseCodec.java:122)
at org.openqa.selenium.remote.http.W3CHttpResponseCodec.decode(W3CHttpResponseCodec.java:49)
at org.openqa.selenium.remote.HttpCommandExecutor.execute(HttpCommandExecutor.java:158)
at org.openqa.selenium.remote.service.DriverCommandExecutor.execute(DriverCommandExecutor.java:83)
at org.openqa.selenium.remote.RemoteWebDriver.execute(RemoteWebDriver.java:552)
at org.openqa.selenium.remote.RemoteWebDriver.execute(RemoteWebDriver.java:609)
at org.openqa.selenium.remote.RemoteWebDriver.getScreenshotAs(RemoteWebDriver.java:295)
at com.qa.baseClass.BaseClass.takeScreenshot(BaseClass.java:711)
at com.qa.tums.eng.util.ListenerClass.onTestFailure(ListenerClass.java:44)
at java.base/java.util.ArrayList.forEach(ArrayList.java:1511)
... Removed 27 stack frames]]>
    </failure>
  </testcase> <!-- cookieButton -->
  <testcase classname="com.qa.baseClass.BaseClass" name="@AfterSuite endReport" time="0.0">
    <ignored/>
  </testcase> <!-- @AfterSuite endReport -->
  <testcase classname="com.qa.baseClass.BaseClass" name="@BeforeSuite startReport" time="0.0">
    <ignored/>
  </testcase> <!-- @BeforeSuite startReport -->
</testsuite> <!-- Centrum Automation test -->
